[1.685s] Invoking command in '/home/duck/Downloads/robo/build/navigation_tb3': CMAKE_PREFIX_PATH=${CMAKE_PREFIX_PATH}:/home/duck/Downloads/robo/install/robot_math:/home/duck/Downloads/robo/install/pc:/home/duck/Downloads/robo/install/my_robot_controller:/opt/ros/humble /usr/bin/cmake --build /home/duck/Downloads/robo/build/navigation_tb3 -- -j4 -l4
[2.068s] [  0%] Built target ament_cmake_python_copy_navigation_tb3
[2.136s] [100%] Built target pub_occupancy_grid
[2.933s] running egg_info
[2.934s] writing navigation_tb3.egg-info/PKG-INFO
[2.934s] writing dependency_links to navigation_tb3.egg-info/dependency_links.txt
[2.934s] writing top-level names to navigation_tb3.egg-info/top_level.txt
[2.934s] reading manifest file 'navigation_tb3.egg-info/SOURCES.txt'
[2.999s] writing manifest file 'navigation_tb3.egg-info/SOURCES.txt'
[3.165s] [100%] Built target ament_cmake_python_build_navigation_tb3_egg
[3.504s] Invoked command in '/home/duck/Downloads/robo/build/navigation_tb3' returned '0': CMAKE_PREFIX_PATH=${CMAKE_PREFIX_PATH}:/home/duck/Downloads/robo/install/robot_math:/home/duck/Downloads/robo/install/pc:/home/duck/Downloads/robo/install/my_robot_controller:/opt/ros/humble /usr/bin/cmake --build /home/duck/Downloads/robo/build/navigation_tb3 -- -j4 -l4
[3.523s] Invoking command in '/home/duck/Downloads/robo/build/navigation_tb3': CMAKE_PREFIX_PATH=${CMAKE_PREFIX_PATH}:/home/duck/Downloads/robo/install/robot_math:/home/duck/Downloads/robo/install/pc:/home/duck/Downloads/robo/install/my_robot_controller:/opt/ros/humble /usr/bin/cmake --install /home/duck/Downloads/robo/build/navigation_tb3
[3.594s] -- Install configuration: ""
[3.599s] -- Up-to-date: /home/duck/Downloads/robo/install/navigation_tb3/lib/navigation_tb3/pub_occupancy_grid
[3.602s] -- Up-to-date: /home/duck/Downloads/robo/install/navigation_tb3/share/navigation_tb3/launch
[3.606s] -- Up-to-date: /home/duck/Downloads/robo/install/navigation_tb3/share/navigation_tb3/launch/mapping.launch.py
[3.608s] -- Up-to-date: /home/duck/Downloads/robo/install/navigation_tb3/share/navigation_tb3/launch/navigation.launch.py
[3.608s] -- Up-to-date: /home/duck/Downloads/robo/install/navigation_tb3/share/navigation_tb3/config
[3.614s] -- Up-to-date: /home/duck/Downloads/robo/install/navigation_tb3/share/navigation_tb3/config/mapping.rviz
[3.615s] -- Up-to-date: /home/duck/Downloads/robo/install/navigation_tb3/share/navigation_tb3/config/tb3_map.pgm
[3.615s] -- Up-to-date: /home/duck/Downloads/robo/install/navigation_tb3/share/navigation_tb3/config/tb3_map.yaml
[3.615s] -- Up-to-date: /home/duck/Downloads/robo/install/navigation_tb3/share/navigation_tb3/config/tb3_nav2_params.yaml
[3.615s] -- Up-to-date: /home/duck/Downloads/robo/install/navigation_tb3/share/navigation_tb3/config/turtlebot3_lds_2d.lua
[3.615s] -- Up-to-date: /home/duck/Downloads/robo/install/navigation_tb3/share/navigation_tb3/config/navigation.rviz
[3.616s] -- Up-to-date: /home/duck/Downloads/robo/install/navigation_tb3/share/navigation_tb3/environment/pythonpath.sh
[3.616s] -- Up-to-date: /home/duck/Downloads/robo/install/navigation_tb3/share/navigation_tb3/environment/pythonpath.dsv
[3.616s] -- Up-to-date: /home/duck/Downloads/robo/install/navigation_tb3/local/lib/python3.10/dist-packages/navigation_tb3-0.0.0-py3.10.egg-info
[3.616s] -- Installing: /home/duck/Downloads/robo/install/navigation_tb3/local/lib/python3.10/dist-packages/navigation_tb3-0.0.0-py3.10.egg-info/top_level.txt
[3.617s] -- Installing: /home/duck/Downloads/robo/install/navigation_tb3/local/lib/python3.10/dist-packages/navigation_tb3-0.0.0-py3.10.egg-info/dependency_links.txt
[3.636s] -- Installing: /home/duck/Downloads/robo/install/navigation_tb3/local/lib/python3.10/dist-packages/navigation_tb3-0.0.0-py3.10.egg-info/PKG-INFO
[3.636s] -- Installing: /home/duck/Downloads/robo/install/navigation_tb3/local/lib/python3.10/dist-packages/navigation_tb3-0.0.0-py3.10.egg-info/SOURCES.txt
[3.636s] -- Up-to-date: /home/duck/Downloads/robo/install/navigation_tb3/local/lib/python3.10/dist-packages/navigation_tb3
[3.637s] -- Up-to-date: /home/duck/Downloads/robo/install/navigation_tb3/local/lib/python3.10/dist-packages/navigation_tb3/__init__.py
[4.189s] Listing '/home/duck/Downloads/robo/install/navigation_tb3/local/lib/python3.10/dist-packages/navigation_tb3'...
[4.225s] -- Up-to-date: /home/duck/Downloads/robo/install/navigation_tb3/lib/navigation_tb3/single_goal_nav.py
[4.249s] -- Up-to-date: /home/duck/Downloads/robo/install/navigation_tb3/lib/navigation_tb3/multi_waypoints.py
[4.249s] -- Up-to-date: /home/duck/Downloads/robo/install/navigation_tb3/share/ament_index/resource_index/package_run_dependencies/navigation_tb3
[4.249s] -- Up-to-date: /home/duck/Downloads/robo/install/navigation_tb3/share/ament_index/resource_index/parent_prefix_path/navigation_tb3
[4.249s] -- Up-to-date: /home/duck/Downloads/robo/install/navigation_tb3/share/navigation_tb3/environment/ament_prefix_path.sh
[4.251s] -- Up-to-date: /home/duck/Downloads/robo/install/navigation_tb3/share/navigation_tb3/environment/ament_prefix_path.dsv
[4.251s] -- Up-to-date: /home/duck/Downloads/robo/install/navigation_tb3/share/navigation_tb3/environment/path.sh
[4.257s] -- Up-to-date: /home/duck/Downloads/robo/install/navigation_tb3/share/navigation_tb3/environment/path.dsv
[4.261s] -- Up-to-date: /home/duck/Downloads/robo/install/navigation_tb3/share/navigation_tb3/local_setup.bash
[4.261s] -- Up-to-date: /home/duck/Downloads/robo/install/navigation_tb3/share/navigation_tb3/local_setup.sh
[4.262s] -- Up-to-date: /home/duck/Downloads/robo/install/navigation_tb3/share/navigation_tb3/local_setup.zsh
[4.262s] -- Up-to-date: /home/duck/Downloads/robo/install/navigation_tb3/share/navigation_tb3/local_setup.dsv
[4.262s] -- Installing: /home/duck/Downloads/robo/install/navigation_tb3/share/navigation_tb3/package.dsv
[4.336s] -- Up-to-date: /home/duck/Downloads/robo/install/navigation_tb3/share/ament_index/resource_index/packages/navigation_tb3
[4.336s] -- Up-to-date: /home/duck/Downloads/robo/install/navigation_tb3/share/navigation_tb3/cmake/navigation_tb3Config.cmake
[4.337s] -- Up-to-date: /home/duck/Downloads/robo/install/navigation_tb3/share/navigation_tb3/cmake/navigation_tb3Config-version.cmake
[4.345s] -- Up-to-date: /home/duck/Downloads/robo/install/navigation_tb3/share/navigation_tb3/package.xml
[4.442s] Invoked command in '/home/duck/Downloads/robo/build/navigation_tb3' returned '0': CMAKE_PREFIX_PATH=${CMAKE_PREFIX_PATH}:/home/duck/Downloads/robo/install/robot_math:/home/duck/Downloads/robo/install/pc:/home/duck/Downloads/robo/install/my_robot_controller:/opt/ros/humble /usr/bin/cmake --install /home/duck/Downloads/robo/build/navigation_tb3
