/home/duck/Downloads/robo/install/my_robot_controller/lib/python3.10/site-packages/my_robot_controller/keras_ddpg.py
/home/duck/Downloads/robo/install/my_robot_controller/lib/python3.10/site-packages/my_robot_controller/q_learning.py
/home/duck/Downloads/robo/install/my_robot_controller/lib/python3.10/site-packages/my_robot_controller/GazeboEnv (copy).py
/home/duck/Downloads/robo/install/my_robot_controller/lib/python3.10/site-packages/my_robot_controller/DDPG.py
/home/duck/Downloads/robo/install/my_robot_controller/lib/python3.10/site-packages/my_robot_controller/simplified_q.py
/home/duck/Downloads/robo/install/my_robot_controller/lib/python3.10/site-packages/my_robot_controller/GazeboEnv.py
/home/duck/Downloads/robo/install/my_robot_controller/lib/python3.10/site-packages/my_robot_controller/Utils.py
/home/duck/Downloads/robo/install/my_robot_controller/lib/python3.10/site-packages/my_robot_controller/ddpg.py
/home/duck/Downloads/robo/install/my_robot_controller/lib/python3.10/site-packages/my_robot_controller/updated_keras_ddpg.py
/home/duck/Downloads/robo/install/my_robot_controller/lib/python3.10/site-packages/my_robot_controller/__init__.py
/home/duck/Downloads/robo/install/my_robot_controller/lib/python3.10/site-packages/my_robot_controller/_Utils.py
/home/duck/Downloads/robo/install/my_robot_controller/lib/python3.10/site-packages/my_robot_controller/common_definitions.py
/home/duck/Downloads/robo/install/my_robot_controller/lib/python3.10/site-packages/my_robot_controller/__pycache__/keras_ddpg.cpython-310.pyc
/home/duck/Downloads/robo/install/my_robot_controller/lib/python3.10/site-packages/my_robot_controller/__pycache__/q_learning.cpython-310.pyc
/home/duck/Downloads/robo/install/my_robot_controller/lib/python3.10/site-packages/my_robot_controller/__pycache__/GazeboEnv (copy).cpython-310.pyc
/home/duck/Downloads/robo/install/my_robot_controller/lib/python3.10/site-packages/my_robot_controller/__pycache__/DDPG.cpython-310.pyc
/home/duck/Downloads/robo/install/my_robot_controller/lib/python3.10/site-packages/my_robot_controller/__pycache__/simplified_q.cpython-310.pyc
/home/duck/Downloads/robo/install/my_robot_controller/lib/python3.10/site-packages/my_robot_controller/__pycache__/GazeboEnv.cpython-310.pyc
/home/duck/Downloads/robo/install/my_robot_controller/lib/python3.10/site-packages/my_robot_controller/__pycache__/Utils.cpython-310.pyc
/home/duck/Downloads/robo/install/my_robot_controller/lib/python3.10/site-packages/my_robot_controller/__pycache__/ddpg.cpython-310.pyc
/home/duck/Downloads/robo/install/my_robot_controller/lib/python3.10/site-packages/my_robot_controller/__pycache__/updated_keras_ddpg.cpython-310.pyc
/home/duck/Downloads/robo/install/my_robot_controller/lib/python3.10/site-packages/my_robot_controller/__pycache__/__init__.cpython-310.pyc
/home/duck/Downloads/robo/install/my_robot_controller/lib/python3.10/site-packages/my_robot_controller/__pycache__/_Utils.cpython-310.pyc
/home/duck/Downloads/robo/install/my_robot_controller/lib/python3.10/site-packages/my_robot_controller/__pycache__/common_definitions.cpython-310.pyc
/home/duck/Downloads/robo/install/my_robot_controller/share/ament_index/resource_index/packages/my_robot_controller
/home/duck/Downloads/robo/install/my_robot_controller/share/my_robot_controller/package.xml
/home/duck/Downloads/robo/install/my_robot_controller/lib/python3.10/site-packages/my_robot_controller-0.0.0-py3.10.egg-info/entry_points.txt
/home/duck/Downloads/robo/install/my_robot_controller/lib/python3.10/site-packages/my_robot_controller-0.0.0-py3.10.egg-info/top_level.txt
/home/duck/Downloads/robo/install/my_robot_controller/lib/python3.10/site-packages/my_robot_controller-0.0.0-py3.10.egg-info/zip-safe
/home/duck/Downloads/robo/install/my_robot_controller/lib/python3.10/site-packages/my_robot_controller-0.0.0-py3.10.egg-info/dependency_links.txt
/home/duck/Downloads/robo/install/my_robot_controller/lib/python3.10/site-packages/my_robot_controller-0.0.0-py3.10.egg-info/requires.txt
/home/duck/Downloads/robo/install/my_robot_controller/lib/python3.10/site-packages/my_robot_controller-0.0.0-py3.10.egg-info/PKG-INFO
/home/duck/Downloads/robo/install/my_robot_controller/lib/python3.10/site-packages/my_robot_controller-0.0.0-py3.10.egg-info/SOURCES.txt
/home/duck/Downloads/robo/install/my_robot_controller/lib/my_robot_controller/DDPG
/home/duck/Downloads/robo/install/my_robot_controller/lib/my_robot_controller/common_def
/home/duck/Downloads/robo/install/my_robot_controller/lib/my_robot_controller/ddpg
/home/duck/Downloads/robo/install/my_robot_controller/lib/my_robot_controller/draw_circle
/home/duck/Downloads/robo/install/my_robot_controller/lib/my_robot_controller/number_count
/home/duck/Downloads/robo/install/my_robot_controller/lib/my_robot_controller/number_publish
/home/duck/Downloads/robo/install/my_robot_controller/lib/my_robot_controller/pose_publish
/home/duck/Downloads/robo/install/my_robot_controller/lib/my_robot_controller/pose_subscribe
/home/duck/Downloads/robo/install/my_robot_controller/lib/my_robot_controller/q_learning
/home/duck/Downloads/robo/install/my_robot_controller/lib/my_robot_controller/reset_count
/home/duck/Downloads/robo/install/my_robot_controller/lib/my_robot_controller/test_node
/home/duck/Downloads/robo/install/my_robot_controller/lib/my_robot_controller/updated_keras_ddpg
