[5.495s] Invoking command in '/home/duck/Downloads/robo/src/ros2_learners/pc': PYTHONPATH=/home/duck/Downloads/robo/build/pc/prefix_override:/usr/lib/python3/dist-packages/colcon_core/task/python/colcon_distutils_commands:/home/duck/Downloads/robo/install/pc/lib/python3.10/site-packages:${PYTHONPATH} /usr/bin/python3 -W ignore:setup.py install is deprecated -W ignore:easy_install command is deprecated setup.py egg_info --egg-base ../../../build/pc build --build-base /home/duck/Downloads/robo/build/pc/build install --record /home/duck/Downloads/robo/build/pc/install.log --single-version-externally-managed install_data
[6.309s] running egg_info
[6.315s] writing ../../../build/pc/pc.egg-info/PKG-INFO
[6.333s] writing dependency_links to ../../../build/pc/pc.egg-info/dependency_links.txt
[6.333s] writing entry points to ../../../build/pc/pc.egg-info/entry_points.txt
[6.333s] writing requirements to ../../../build/pc/pc.egg-info/requires.txt
[6.333s] writing top-level names to ../../../build/pc/pc.egg-info/top_level.txt
[6.334s] reading manifest file '../../../build/pc/pc.egg-info/SOURCES.txt'
[6.368s] writing manifest file '../../../build/pc/pc.egg-info/SOURCES.txt'
[6.371s] running build
[6.371s] running build_py
[6.388s] running install
[6.389s] running install_lib
[6.400s] running install_data
[6.403s] running install_egg_info
[6.411s] removing '/home/duck/Downloads/robo/install/pc/lib/python3.10/site-packages/pc-0.0.0-py3.10.egg-info' (and everything under it)
[6.416s] Copying ../../../build/pc/pc.egg-info to /home/duck/Downloads/robo/install/pc/lib/python3.10/site-packages/pc-0.0.0-py3.10.egg-info
[6.449s] running install_scripts
[6.589s] Installing map_launch script to /home/duck/Downloads/robo/install/pc/lib/pc
[6.714s] writing list of installed files to '/home/duck/Downloads/robo/build/pc/install.log'
[8.035s] Invoked command in '/home/duck/Downloads/robo/src/ros2_learners/pc' returned '0': PYTHONPATH=/home/duck/Downloads/robo/build/pc/prefix_override:/usr/lib/python3/dist-packages/colcon_core/task/python/colcon_distutils_commands:/home/duck/Downloads/robo/install/pc/lib/python3.10/site-packages:${PYTHONPATH} /usr/bin/python3 -W ignore:setup.py install is deprecated -W ignore:easy_install command is deprecated setup.py egg_info --egg-base ../../../build/pc build --build-base /home/duck/Downloads/robo/build/pc/build install --record /home/duck/Downloads/robo/build/pc/install.log --single-version-externally-managed install_data
