[0.300s] Invoking command in '/home/duck/Downloads/robo/build/turtlebot3_gazebo': CMAKE_PREFIX_PATH=/opt/ros/humble /usr/bin/cmake --build /home/duck/Downloads/robo/build/turtlebot3_gazebo -- -j4 -l4
[1.015s] [ 25%] Built target turtlebot3_drive
[1.698s] [ 50%] Built target obstacles
[1.880s] [ 75%] Built target obstacle2
[2.032s] [100%] Built target obstacle1
[2.063s] Invoked command in '/home/duck/Downloads/robo/build/turtlebot3_gazebo' returned '0': CMAKE_PREFIX_PATH=/opt/ros/humble /usr/bin/cmake --build /home/duck/Downloads/robo/build/turtlebot3_gazebo -- -j4 -l4
[2.073s] Invoking command in '/home/duck/Downloads/robo/build/turtlebot3_gazebo': CMAKE_PREFIX_PATH=/opt/ros/humble /usr/bin/cmake --install /home/duck/Downloads/robo/build/turtlebot3_gazebo
[2.108s] -- Install configuration: ""
[2.116s] -- Up-to-date: /home/duck/Downloads/robo/install/turtlebot3_gazebo/lib/turtlebot3_gazebo/turtlebot3_drive
[2.119s] -- Up-to-date: /home/duck/Downloads/robo/install/turtlebot3_gazebo/share/turtlebot3_gazebo//launch
[2.121s] -- Up-to-date: /home/duck/Downloads/robo/install/turtlebot3_gazebo/share/turtlebot3_gazebo//launch/robot_state_publisher.launch.py
[2.122s] -- Up-to-date: /home/duck/Downloads/robo/install/turtlebot3_gazebo/share/turtlebot3_gazebo//launch/turtlebot3_dqn_stage4.launch.py
[2.122s] -- Up-to-date: /home/duck/Downloads/robo/install/turtlebot3_gazebo/share/turtlebot3_gazebo//launch/turtlebot3_dqn_stage2.launch.py
[2.122s] -- Up-to-date: /home/duck/Downloads/robo/install/turtlebot3_gazebo/share/turtlebot3_gazebo//launch/turtlebot3_dqn_stage1.launch.py
[2.123s] -- Up-to-date: /home/duck/Downloads/robo/install/turtlebot3_gazebo/share/turtlebot3_gazebo//launch/spawn_turtlebot3.launch.py
[2.124s] -- Up-to-date: /home/duck/Downloads/robo/install/turtlebot3_gazebo/share/turtlebot3_gazebo//launch/turtlebot3_world.launch.py
[2.125s] -- Up-to-date: /home/duck/Downloads/robo/install/turtlebot3_gazebo/share/turtlebot3_gazebo//launch/turtlebot3_dqn_stage3.launch.py
[2.125s] -- Up-to-date: /home/duck/Downloads/robo/install/turtlebot3_gazebo/share/turtlebot3_gazebo//launch/turtlebot3_house.launch.py
[2.126s] -- Up-to-date: /home/duck/Downloads/robo/install/turtlebot3_gazebo/share/turtlebot3_gazebo//launch/empty_world.launch.py
[2.127s] -- Up-to-date: /home/duck/Downloads/robo/install/turtlebot3_gazebo/share/turtlebot3_gazebo//models
[2.127s] -- Up-to-date: /home/duck/Downloads/robo/install/turtlebot3_gazebo/share/turtlebot3_gazebo//models/aws_robomaker_warehouse_ShelfE_01
[2.127s] -- Up-to-date: /home/duck/Downloads/robo/install/turtlebot3_gazebo/share/turtlebot3_gazebo//models/aws_robomaker_warehouse_ShelfE_01/materials
[2.129s] -- Up-to-date: /home/duck/Downloads/robo/install/turtlebot3_gazebo/share/turtlebot3_gazebo//models/aws_robomaker_warehouse_ShelfE_01/materials/textures
[2.130s] -- Up-to-date: /home/duck/Downloads/robo/install/turtlebot3_gazebo/share/turtlebot3_gazebo//models/aws_robomaker_warehouse_ShelfE_01/materials/textures/aws_robomaker_warehouse_ShelfE_01.png
[2.131s] -- Up-to-date: /home/duck/Downloads/robo/install/turtlebot3_gazebo/share/turtlebot3_gazebo//models/aws_robomaker_warehouse_ShelfE_01/materials/textures/aws_robomaker_warehouse_ShelfE_02.png
[2.133s] -- Up-to-date: /home/duck/Downloads/robo/install/turtlebot3_gazebo/share/turtlebot3_gazebo//models/aws_robomaker_warehouse_ShelfE_01/materials/textures/aws_robomaker_warehouse_ShelfE_03.png
[2.134s] -- Up-to-date: /home/duck/Downloads/robo/install/turtlebot3_gazebo/share/turtlebot3_gazebo//models/aws_robomaker_warehouse_ShelfE_01/materials/textures/aws_robomaker_warehouse_ShelfE_04.png
[2.135s] -- Up-to-date: /home/duck/Downloads/robo/install/turtlebot3_gazebo/share/turtlebot3_gazebo//models/aws_robomaker_warehouse_ShelfE_01/model.sdf
[2.136s] -- Up-to-date: /home/duck/Downloads/robo/install/turtlebot3_gazebo/share/turtlebot3_gazebo//models/aws_robomaker_warehouse_ShelfE_01/meshes
[2.137s] -- Up-to-date: /home/duck/Downloads/robo/install/turtlebot3_gazebo/share/turtlebot3_gazebo//models/aws_robomaker_warehouse_ShelfE_01/meshes/aws_robomaker_warehouse_ShelfE_01_visual.DAE
[2.137s] -- Up-to-date: /home/duck/Downloads/robo/install/turtlebot3_gazebo/share/turtlebot3_gazebo//models/aws_robomaker_warehouse_ShelfE_01/meshes/aws_robomaker_warehouse_ShelfE_01_collision.DAE
[2.138s] -- Up-to-date: /home/duck/Downloads/robo/install/turtlebot3_gazebo/share/turtlebot3_gazebo//models/aws_robomaker_warehouse_ShelfE_01/model.config
[2.139s] -- Up-to-date: /home/duck/Downloads/robo/install/turtlebot3_gazebo/share/turtlebot3_gazebo//models/aws_robomaker_warehouse_DeskC_01
[2.140s] -- Up-to-date: /home/duck/Downloads/robo/install/turtlebot3_gazebo/share/turtlebot3_gazebo//models/aws_robomaker_warehouse_DeskC_01/materials
[2.141s] -- Up-to-date: /home/duck/Downloads/robo/install/turtlebot3_gazebo/share/turtlebot3_gazebo//models/aws_robomaker_warehouse_DeskC_01/materials/textures
[2.142s] -- Up-to-date: /home/duck/Downloads/robo/install/turtlebot3_gazebo/share/turtlebot3_gazebo//models/aws_robomaker_warehouse_DeskC_01/materials/textures/aws_robomaker_warehouse_DeskC_03.psd
[2.143s] -- Up-to-date: /home/duck/Downloads/robo/install/turtlebot3_gazebo/share/turtlebot3_gazebo//models/aws_robomaker_warehouse_DeskC_01/materials/textures/aws_robomaker_warehouse_DeskC_01.png
[2.144s] -- Up-to-date: /home/duck/Downloads/robo/install/turtlebot3_gazebo/share/turtlebot3_gazebo//models/aws_robomaker_warehouse_DeskC_01/materials/textures/aws_robomaker_warehouse_DeskC_04.png
[2.144s] -- Up-to-date: /home/duck/Downloads/robo/install/turtlebot3_gazebo/share/turtlebot3_gazebo//models/aws_robomaker_warehouse_DeskC_01/materials/textures/aws_robomaker_warehouse_DeskC_03.png
[2.145s] -- Up-to-date: /home/duck/Downloads/robo/install/turtlebot3_gazebo/share/turtlebot3_gazebo//models/aws_robomaker_warehouse_DeskC_01/materials/textures/aws_robomaker_warehouse_DeskC_02.png
[2.146s] -- Up-to-date: /home/duck/Downloads/robo/install/turtlebot3_gazebo/share/turtlebot3_gazebo//models/aws_robomaker_warehouse_DeskC_01/model.sdf
[2.146s] -- Up-to-date: /home/duck/Downloads/robo/install/turtlebot3_gazebo/share/turtlebot3_gazebo//models/aws_robomaker_warehouse_DeskC_01/meshes
[2.146s] -- Up-to-date: /home/duck/Downloads/robo/install/turtlebot3_gazebo/share/turtlebot3_gazebo//models/aws_robomaker_warehouse_DeskC_01/meshes/aws_robomaker_warehouse_DeskC_01_visual.DAE
[2.146s] -- Up-to-date: /home/duck/Downloads/robo/install/turtlebot3_gazebo/share/turtlebot3_gazebo//models/aws_robomaker_warehouse_DeskC_01/meshes/aws_robomaker_warehouse_DeskC_01_collision.DAE
[2.146s] -- Up-to-date: /home/duck/Downloads/robo/install/turtlebot3_gazebo/share/turtlebot3_gazebo//models/aws_robomaker_warehouse_DeskC_01/model.config
[2.146s] -- Up-to-date: /home/duck/Downloads/robo/install/turtlebot3_gazebo/share/turtlebot3_gazebo//models/turtlebot3_dqn_world
[2.147s] -- Up-to-date: /home/duck/Downloads/robo/install/turtlebot3_gazebo/share/turtlebot3_gazebo//models/turtlebot3_dqn_world/obstacle2
[2.147s] -- Up-to-date: /home/duck/Downloads/robo/install/turtlebot3_gazebo/share/turtlebot3_gazebo//models/turtlebot3_dqn_world/obstacle2/model.sdf
[2.148s] -- Up-to-date: /home/duck/Downloads/robo/install/turtlebot3_gazebo/share/turtlebot3_gazebo//models/turtlebot3_dqn_world/obstacle2/model.config
[2.148s] -- Up-to-date: /home/duck/Downloads/robo/install/turtlebot3_gazebo/share/turtlebot3_gazebo//models/turtlebot3_dqn_world/obstacle1
[2.148s] -- Up-to-date: /home/duck/Downloads/robo/install/turtlebot3_gazebo/share/turtlebot3_gazebo//models/turtlebot3_dqn_world/obstacle1/model.sdf
[2.148s] -- Up-to-date: /home/duck/Downloads/robo/install/turtlebot3_gazebo/share/turtlebot3_gazebo//models/turtlebot3_dqn_world/obstacle1/model.config
[2.149s] -- Up-to-date: /home/duck/Downloads/robo/install/turtlebot3_gazebo/share/turtlebot3_gazebo//models/turtlebot3_dqn_world/obstacle_plugin
[2.149s] -- Up-to-date: /home/duck/Downloads/robo/install/turtlebot3_gazebo/share/turtlebot3_gazebo//models/turtlebot3_dqn_world/obstacle_plugin/obstacles.cc
[2.150s] -- Up-to-date: /home/duck/Downloads/robo/install/turtlebot3_gazebo/share/turtlebot3_gazebo//models/turtlebot3_dqn_world/obstacle_plugin/CMakeLists.txt
[2.150s] -- Up-to-date: /home/duck/Downloads/robo/install/turtlebot3_gazebo/share/turtlebot3_gazebo//models/turtlebot3_dqn_world/obstacle_plugin/obstacle1.cc
[2.150s] -- Up-to-date: /home/duck/Downloads/robo/install/turtlebot3_gazebo/share/turtlebot3_gazebo//models/turtlebot3_dqn_world/obstacle_plugin/obstacle2.cc
[2.151s] -- Up-to-date: /home/duck/Downloads/robo/install/turtlebot3_gazebo/share/turtlebot3_gazebo//models/turtlebot3_dqn_world/goal_box
[2.151s] -- Up-to-date: /home/duck/Downloads/robo/install/turtlebot3_gazebo/share/turtlebot3_gazebo//models/turtlebot3_dqn_world/goal_box/model.sdf
[2.151s] -- Up-to-date: /home/duck/Downloads/robo/install/turtlebot3_gazebo/share/turtlebot3_gazebo//models/turtlebot3_dqn_world/goal_box/model.config
[2.151s] -- Up-to-date: /home/duck/Downloads/robo/install/turtlebot3_gazebo/share/turtlebot3_gazebo//models/turtlebot3_dqn_world/model.sdf
[2.151s] -- Up-to-date: /home/duck/Downloads/robo/install/turtlebot3_gazebo/share/turtlebot3_gazebo//models/turtlebot3_dqn_world/model.config
[2.152s] -- Up-to-date: /home/duck/Downloads/robo/install/turtlebot3_gazebo/share/turtlebot3_gazebo//models/turtlebot3_dqn_world/obstacles
[2.153s] -- Up-to-date: /home/duck/Downloads/robo/install/turtlebot3_gazebo/share/turtlebot3_gazebo//models/turtlebot3_dqn_world/obstacles/model.sdf
[2.153s] -- Up-to-date: /home/duck/Downloads/robo/install/turtlebot3_gazebo/share/turtlebot3_gazebo//models/turtlebot3_dqn_world/obstacles/model.config
[2.154s] -- Up-to-date: /home/duck/Downloads/robo/install/turtlebot3_gazebo/share/turtlebot3_gazebo//models/turtlebot3_dqn_world/inner_walls
[2.155s] -- Up-to-date: /home/duck/Downloads/robo/install/turtlebot3_gazebo/share/turtlebot3_gazebo//models/turtlebot3_dqn_world/inner_walls/model.sdf
[2.156s] -- Up-to-date: /home/duck/Downloads/robo/install/turtlebot3_gazebo/share/turtlebot3_gazebo//models/turtlebot3_dqn_world/inner_walls/model.config
[2.157s] -- Up-to-date: /home/duck/Downloads/robo/install/turtlebot3_gazebo/share/turtlebot3_gazebo//models/aws_robomaker_warehouse_Lamp_01
[2.157s] -- Up-to-date: /home/duck/Downloads/robo/install/turtlebot3_gazebo/share/turtlebot3_gazebo//models/aws_robomaker_warehouse_Lamp_01/materials
[2.159s] -- Up-to-date: /home/duck/Downloads/robo/install/turtlebot3_gazebo/share/turtlebot3_gazebo//models/aws_robomaker_warehouse_Lamp_01/materials/textures
[2.160s] -- Up-to-date: /home/duck/Downloads/robo/install/turtlebot3_gazebo/share/turtlebot3_gazebo//models/aws_robomaker_warehouse_Lamp_01/materials/textures/aws_robomaker_warehouse_Lamp_01.png
[2.161s] -- Up-to-date: /home/duck/Downloads/robo/install/turtlebot3_gazebo/share/turtlebot3_gazebo//models/aws_robomaker_warehouse_Lamp_01/model.sdf
[2.161s] -- Up-to-date: /home/duck/Downloads/robo/install/turtlebot3_gazebo/share/turtlebot3_gazebo//models/aws_robomaker_warehouse_Lamp_01/meshes
[2.162s] -- Up-to-date: /home/duck/Downloads/robo/install/turtlebot3_gazebo/share/turtlebot3_gazebo//models/aws_robomaker_warehouse_Lamp_01/meshes/aws_robomaker_warehouse_Lamp_01_collision.DAE
[2.163s] -- Up-to-date: /home/duck/Downloads/robo/install/turtlebot3_gazebo/share/turtlebot3_gazebo//models/aws_robomaker_warehouse_Lamp_01/meshes/aws_robomaker_warehouse_Lamp_01_visual.DAE
[2.164s] -- Up-to-date: /home/duck/Downloads/robo/install/turtlebot3_gazebo/share/turtlebot3_gazebo//models/aws_robomaker_warehouse_Lamp_01/model.config
[2.164s] -- Up-to-date: /home/duck/Downloads/robo/install/turtlebot3_gazebo/share/turtlebot3_gazebo//models/aws_robomaker_warehouse_TrashCanC_01
[2.164s] -- Up-to-date: /home/duck/Downloads/robo/install/turtlebot3_gazebo/share/turtlebot3_gazebo//models/aws_robomaker_warehouse_TrashCanC_01/materials
[2.164s] -- Up-to-date: /home/duck/Downloads/robo/install/turtlebot3_gazebo/share/turtlebot3_gazebo//models/aws_robomaker_warehouse_TrashCanC_01/materials/textures
[2.165s] -- Up-to-date: /home/duck/Downloads/robo/install/turtlebot3_gazebo/share/turtlebot3_gazebo//models/aws_robomaker_warehouse_TrashCanC_01/materials/textures/aws_robomaker_warehouse_TrashCanC_01.png
[2.166s] -- Up-to-date: /home/duck/Downloads/robo/install/turtlebot3_gazebo/share/turtlebot3_gazebo//models/aws_robomaker_warehouse_TrashCanC_01/model.sdf
[2.166s] -- Up-to-date: /home/duck/Downloads/robo/install/turtlebot3_gazebo/share/turtlebot3_gazebo//models/aws_robomaker_warehouse_TrashCanC_01/meshes
[2.166s] -- Up-to-date: /home/duck/Downloads/robo/install/turtlebot3_gazebo/share/turtlebot3_gazebo//models/aws_robomaker_warehouse_TrashCanC_01/meshes/aws_robomaker_warehouse_TrashCanC_01_visual.DAE
[2.167s] -- Up-to-date: /home/duck/Downloads/robo/install/turtlebot3_gazebo/share/turtlebot3_gazebo//models/aws_robomaker_warehouse_TrashCanC_01/meshes/aws_robomaker_warehouse_TrashCanC_01_collision.DAE
[2.168s] -- Up-to-date: /home/duck/Downloads/robo/install/turtlebot3_gazebo/share/turtlebot3_gazebo//models/aws_robomaker_warehouse_TrashCanC_01/model.config
[2.168s] -- Up-to-date: /home/duck/Downloads/robo/install/turtlebot3_gazebo/share/turtlebot3_gazebo//models/turtlebot3_common
[2.169s] -- Up-to-date: /home/duck/Downloads/robo/install/turtlebot3_gazebo/share/turtlebot3_gazebo//models/turtlebot3_common/meshes
[2.170s] -- Up-to-date: /home/duck/Downloads/robo/install/turtlebot3_gazebo/share/turtlebot3_gazebo//models/turtlebot3_common/meshes/r200.dae
[2.170s] -- Up-to-date: /home/duck/Downloads/robo/install/turtlebot3_gazebo/share/turtlebot3_gazebo//models/turtlebot3_common/meshes/tire.dae
[2.170s] -- Up-to-date: /home/duck/Downloads/robo/install/turtlebot3_gazebo/share/turtlebot3_gazebo//models/turtlebot3_common/meshes/lds.dae
[2.170s] -- Up-to-date: /home/duck/Downloads/robo/install/turtlebot3_gazebo/share/turtlebot3_gazebo//models/turtlebot3_common/meshes/waffle_pi_base.dae
[2.170s] -- Up-to-date: /home/duck/Downloads/robo/install/turtlebot3_gazebo/share/turtlebot3_gazebo//models/turtlebot3_common/meshes/waffle_base.dae
[2.171s] -- Up-to-date: /home/duck/Downloads/robo/install/turtlebot3_gazebo/share/turtlebot3_gazebo//models/turtlebot3_common/meshes/burger_base.dae
[2.172s] -- Up-to-date: /home/duck/Downloads/robo/install/turtlebot3_gazebo/share/turtlebot3_gazebo//models/turtlebot3_common/model.config
[2.172s] -- Up-to-date: /home/duck/Downloads/robo/install/turtlebot3_gazebo/share/turtlebot3_gazebo//models/aws_robomaker_warehouse_WallB_01
[2.173s] -- Up-to-date: /home/duck/Downloads/robo/install/turtlebot3_gazebo/share/turtlebot3_gazebo//models/aws_robomaker_warehouse_WallB_01/materials
[2.174s] -- Up-to-date: /home/duck/Downloads/robo/install/turtlebot3_gazebo/share/turtlebot3_gazebo//models/aws_robomaker_warehouse_WallB_01/materials/textures
[2.176s] -- Up-to-date: /home/duck/Downloads/robo/install/turtlebot3_gazebo/share/turtlebot3_gazebo//models/aws_robomaker_warehouse_WallB_01/materials/textures/aws_robomaker_warehouse_WallB_01.png
[2.176s] -- Up-to-date: /home/duck/Downloads/robo/install/turtlebot3_gazebo/share/turtlebot3_gazebo//models/aws_robomaker_warehouse_WallB_01/model.sdf
[2.177s] -- Up-to-date: /home/duck/Downloads/robo/install/turtlebot3_gazebo/share/turtlebot3_gazebo//models/aws_robomaker_warehouse_WallB_01/meshes
[2.178s] -- Up-to-date: /home/duck/Downloads/robo/install/turtlebot3_gazebo/share/turtlebot3_gazebo//models/aws_robomaker_warehouse_WallB_01/meshes/aws_robomaker_warehouse_WallB_01_collision.DAE
[2.178s] -- Up-to-date: /home/duck/Downloads/robo/install/turtlebot3_gazebo/share/turtlebot3_gazebo//models/aws_robomaker_warehouse_WallB_01/meshes/aws_robomaker_warehouse_WallB_01_visual.DAE
[2.179s] -- Up-to-date: /home/duck/Downloads/robo/install/turtlebot3_gazebo/share/turtlebot3_gazebo//models/aws_robomaker_warehouse_WallB_01/model.config
[2.179s] -- Up-to-date: /home/duck/Downloads/robo/install/turtlebot3_gazebo/share/turtlebot3_gazebo//models/turtlebot3_waffle
[2.180s] -- Up-to-date: /home/duck/Downloads/robo/install/turtlebot3_gazebo/share/turtlebot3_gazebo//models/turtlebot3_waffle/model-1_4.sdf
[2.180s] -- Up-to-date: /home/duck/Downloads/robo/install/turtlebot3_gazebo/share/turtlebot3_gazebo//models/turtlebot3_waffle/model.sdf
[2.180s] -- Up-to-date: /home/duck/Downloads/robo/install/turtlebot3_gazebo/share/turtlebot3_gazebo//models/turtlebot3_waffle/model.config
[2.181s] -- Up-to-date: /home/duck/Downloads/robo/install/turtlebot3_gazebo/share/turtlebot3_gazebo//models/aws_robomaker_warehouse_ClutteringC_01
[2.182s] -- Up-to-date: /home/duck/Downloads/robo/install/turtlebot3_gazebo/share/turtlebot3_gazebo//models/aws_robomaker_warehouse_ClutteringC_01/materials
[2.183s] -- Up-to-date: /home/duck/Downloads/robo/install/turtlebot3_gazebo/share/turtlebot3_gazebo//models/aws_robomaker_warehouse_ClutteringC_01/materials/textures
[2.185s] -- Up-to-date: /home/duck/Downloads/robo/install/turtlebot3_gazebo/share/turtlebot3_gazebo//models/aws_robomaker_warehouse_ClutteringC_01/materials/textures/aws_robomaker_warehouse_ClutteringC_02.png
[2.185s] -- Up-to-date: /home/duck/Downloads/robo/install/turtlebot3_gazebo/share/turtlebot3_gazebo//models/aws_robomaker_warehouse_ClutteringC_01/materials/textures/aws_robomaker_warehouse_ClutteringC_01.png
[2.186s] -- Up-to-date: /home/duck/Downloads/robo/install/turtlebot3_gazebo/share/turtlebot3_gazebo//models/aws_robomaker_warehouse_ClutteringC_01/model.sdf
[2.187s] -- Up-to-date: /home/duck/Downloads/robo/install/turtlebot3_gazebo/share/turtlebot3_gazebo//models/aws_robomaker_warehouse_ClutteringC_01/meshes
[2.187s] -- Up-to-date: /home/duck/Downloads/robo/install/turtlebot3_gazebo/share/turtlebot3_gazebo//models/aws_robomaker_warehouse_ClutteringC_01/meshes/aws_robomaker_warehouse_ClutteringC_01_visual.DAE
[2.187s] -- Up-to-date: /home/duck/Downloads/robo/install/turtlebot3_gazebo/share/turtlebot3_gazebo//models/aws_robomaker_warehouse_ClutteringC_01/meshes/aws_robomaker_warehouse_ClutteringC_01_collision.DAE
[2.188s] -- Up-to-date: /home/duck/Downloads/robo/install/turtlebot3_gazebo/share/turtlebot3_gazebo//models/aws_robomaker_warehouse_ClutteringC_01/model.config
[2.188s] -- Up-to-date: /home/duck/Downloads/robo/install/turtlebot3_gazebo/share/turtlebot3_gazebo//models/aws_robomaker_warehouse_GroundB_01
[2.189s] -- Up-to-date: /home/duck/Downloads/robo/install/turtlebot3_gazebo/share/turtlebot3_gazebo//models/aws_robomaker_warehouse_GroundB_01/materials
[2.190s] -- Up-to-date: /home/duck/Downloads/robo/install/turtlebot3_gazebo/share/turtlebot3_gazebo//models/aws_robomaker_warehouse_GroundB_01/materials/textures
[2.192s] -- Up-to-date: /home/duck/Downloads/robo/install/turtlebot3_gazebo/share/turtlebot3_gazebo//models/aws_robomaker_warehouse_GroundB_01/materials/textures/aws_robomaker_warehouse_GroundB_01.png
[2.192s] -- Up-to-date: /home/duck/Downloads/robo/install/turtlebot3_gazebo/share/turtlebot3_gazebo//models/aws_robomaker_warehouse_GroundB_01/materials/textures/aws_robomaker_warehouse_GroundB_02.png
[2.193s] -- Up-to-date: /home/duck/Downloads/robo/install/turtlebot3_gazebo/share/turtlebot3_gazebo//models/aws_robomaker_warehouse_GroundB_01/model.sdf
[2.194s] -- Up-to-date: /home/duck/Downloads/robo/install/turtlebot3_gazebo/share/turtlebot3_gazebo//models/aws_robomaker_warehouse_GroundB_01/meshes
[2.194s] -- Up-to-date: /home/duck/Downloads/robo/install/turtlebot3_gazebo/share/turtlebot3_gazebo//models/aws_robomaker_warehouse_GroundB_01/meshes/aws_robomaker_warehouse_GroundB_01_collision.DAE
[2.195s] -- Up-to-date: /home/duck/Downloads/robo/install/turtlebot3_gazebo/share/turtlebot3_gazebo//models/aws_robomaker_warehouse_GroundB_01/meshes/aws_robomaker_warehouse_GroundB_01_visual.DAE
[2.195s] -- Up-to-date: /home/duck/Downloads/robo/install/turtlebot3_gazebo/share/turtlebot3_gazebo//models/aws_robomaker_warehouse_GroundB_01/model.config
[2.196s] -- Up-to-date: /home/duck/Downloads/robo/install/turtlebot3_gazebo/share/turtlebot3_gazebo//models/aws_robomaker_warehouse_ClutteringA_01
[2.198s] -- Up-to-date: /home/duck/Downloads/robo/install/turtlebot3_gazebo/share/turtlebot3_gazebo//models/aws_robomaker_warehouse_ClutteringA_01/materials
[2.200s] -- Up-to-date: /home/duck/Downloads/robo/install/turtlebot3_gazebo/share/turtlebot3_gazebo//models/aws_robomaker_warehouse_ClutteringA_01/materials/textures
[2.220s] -- Up-to-date: /home/duck/Downloads/robo/install/turtlebot3_gazebo/share/turtlebot3_gazebo//models/aws_robomaker_warehouse_ClutteringA_01/materials/textures/aws_robomaker_warehouse_ClutteringA_01.png
[2.223s] -- Up-to-date: /home/duck/Downloads/robo/install/turtlebot3_gazebo/share/turtlebot3_gazebo//models/aws_robomaker_warehouse_ClutteringA_01/materials/textures/aws_robomaker_warehouse_ClutteringA_02.png
[2.224s] -- Up-to-date: /home/duck/Downloads/robo/install/turtlebot3_gazebo/share/turtlebot3_gazebo//models/aws_robomaker_warehouse_ClutteringA_01/materials/textures/aws_robomaker_warehouse_ClutteringA_03.png
[2.233s] -- Up-to-date: /home/duck/Downloads/robo/install/turtlebot3_gazebo/share/turtlebot3_gazebo//models/aws_robomaker_warehouse_ClutteringA_01/model.sdf
[2.235s] -- Up-to-date: /home/duck/Downloads/robo/install/turtlebot3_gazebo/share/turtlebot3_gazebo//models/aws_robomaker_warehouse_ClutteringA_01/meshes
[2.303s] -- Up-to-date: /home/duck/Downloads/robo/install/turtlebot3_gazebo/share/turtlebot3_gazebo//models/aws_robomaker_warehouse_ClutteringA_01/meshes/aws_robomaker_warehouse_ClutteringA_01_collision.DAE
[2.303s] -- Up-to-date: /home/duck/Downloads/robo/install/turtlebot3_gazebo/share/turtlebot3_gazebo//models/aws_robomaker_warehouse_ClutteringA_01/meshes/aws_robomaker_warehouse_ClutteringA_01_visual.DAE
[2.303s] -- Up-to-date: /home/duck/Downloads/robo/install/turtlebot3_gazebo/share/turtlebot3_gazebo//models/aws_robomaker_warehouse_ClutteringA_01/model.config
[2.303s] -- Up-to-date: /home/duck/Downloads/robo/install/turtlebot3_gazebo/share/turtlebot3_gazebo//models/aws_robomaker_warehouse_ShelfF_01
[2.303s] -- Up-to-date: /home/duck/Downloads/robo/install/turtlebot3_gazebo/share/turtlebot3_gazebo//models/aws_robomaker_warehouse_ShelfF_01/materials
[2.304s] -- Up-to-date: /home/duck/Downloads/robo/install/turtlebot3_gazebo/share/turtlebot3_gazebo//models/aws_robomaker_warehouse_ShelfF_01/materials/textures
[2.304s] -- Up-to-date: /home/duck/Downloads/robo/install/turtlebot3_gazebo/share/turtlebot3_gazebo//models/aws_robomaker_warehouse_ShelfF_01/materials/textures/aws_robomaker_warehouse_ShelfF_01.png
[2.304s] -- Up-to-date: /home/duck/Downloads/robo/install/turtlebot3_gazebo/share/turtlebot3_gazebo//models/aws_robomaker_warehouse_ShelfF_01/materials/textures/aws_robomaker_warehouse_ShelfF_03.png
[2.304s] -- Up-to-date: /home/duck/Downloads/robo/install/turtlebot3_gazebo/share/turtlebot3_gazebo//models/aws_robomaker_warehouse_ShelfF_01/materials/textures/aws_robomaker_warehouse_ShelfF_02.png
[2.304s] -- Up-to-date: /home/duck/Downloads/robo/install/turtlebot3_gazebo/share/turtlebot3_gazebo//models/aws_robomaker_warehouse_ShelfF_01/model.sdf
[2.304s] -- Up-to-date: /home/duck/Downloads/robo/install/turtlebot3_gazebo/share/turtlebot3_gazebo//models/aws_robomaker_warehouse_ShelfF_01/meshes
[2.304s] -- Up-to-date: /home/duck/Downloads/robo/install/turtlebot3_gazebo/share/turtlebot3_gazebo//models/aws_robomaker_warehouse_ShelfF_01/meshes/aws_robomaker_warehouse_ShelfF_01_visual.DAE
[2.304s] -- Up-to-date: /home/duck/Downloads/robo/install/turtlebot3_gazebo/share/turtlebot3_gazebo//models/aws_robomaker_warehouse_ShelfF_01/meshes/aws_robomaker_warehouse_ShelfF_01_collision.DAE
[2.305s] -- Up-to-date: /home/duck/Downloads/robo/install/turtlebot3_gazebo/share/turtlebot3_gazebo//models/aws_robomaker_warehouse_ShelfF_01/model.config
[2.305s] -- Up-to-date: /home/duck/Downloads/robo/install/turtlebot3_gazebo/share/turtlebot3_gazebo//models/aws_robomaker_warehouse_ClutteringD_01
[2.305s] -- Up-to-date: /home/duck/Downloads/robo/install/turtlebot3_gazebo/share/turtlebot3_gazebo//models/aws_robomaker_warehouse_ClutteringD_01/materials
[2.305s] -- Up-to-date: /home/duck/Downloads/robo/install/turtlebot3_gazebo/share/turtlebot3_gazebo//models/aws_robomaker_warehouse_ClutteringD_01/materials/textures
[2.305s] -- Up-to-date: /home/duck/Downloads/robo/install/turtlebot3_gazebo/share/turtlebot3_gazebo//models/aws_robomaker_warehouse_ClutteringD_01/materials/textures/aws_robomaker_warehouse_ClutteringD_01.png
[2.306s] -- Up-to-date: /home/duck/Downloads/robo/install/turtlebot3_gazebo/share/turtlebot3_gazebo//models/aws_robomaker_warehouse_ClutteringD_01/materials/textures/aws_robomaker_warehouse_ClutteringD_02.png
[2.306s] -- Up-to-date: /home/duck/Downloads/robo/install/turtlebot3_gazebo/share/turtlebot3_gazebo//models/aws_robomaker_warehouse_ClutteringD_01/model.sdf
[2.306s] -- Up-to-date: /home/duck/Downloads/robo/install/turtlebot3_gazebo/share/turtlebot3_gazebo//models/aws_robomaker_warehouse_ClutteringD_01/meshes
[2.306s] -- Up-to-date: /home/duck/Downloads/robo/install/turtlebot3_gazebo/share/turtlebot3_gazebo//models/aws_robomaker_warehouse_ClutteringD_01/meshes/aws_robomaker_warehouse_ClutteringD_01_visual.DAE
[2.306s] -- Up-to-date: /home/duck/Downloads/robo/install/turtlebot3_gazebo/share/turtlebot3_gazebo//models/aws_robomaker_warehouse_ClutteringD_01/meshes/aws_robomaker_warehouse_ClutteringD_01_collision.DAE
[2.306s] -- Up-to-date: /home/duck/Downloads/robo/install/turtlebot3_gazebo/share/turtlebot3_gazebo//models/aws_robomaker_warehouse_ClutteringD_01/model.config
[2.306s] -- Up-to-date: /home/duck/Downloads/robo/install/turtlebot3_gazebo/share/turtlebot3_gazebo//models/aws_robomaker_warehouse_ShelfD_01
[2.306s] -- Up-to-date: /home/duck/Downloads/robo/install/turtlebot3_gazebo/share/turtlebot3_gazebo//models/aws_robomaker_warehouse_ShelfD_01/materials
[2.321s] -- Up-to-date: /home/duck/Downloads/robo/install/turtlebot3_gazebo/share/turtlebot3_gazebo//models/aws_robomaker_warehouse_ShelfD_01/materials/textures
[2.324s] -- Up-to-date: /home/duck/Downloads/robo/install/turtlebot3_gazebo/share/turtlebot3_gazebo//models/aws_robomaker_warehouse_ShelfD_01/materials/textures/aws_robomaker_warehouse_ShelfD_04.png
[2.325s] -- Up-to-date: /home/duck/Downloads/robo/install/turtlebot3_gazebo/share/turtlebot3_gazebo//models/aws_robomaker_warehouse_ShelfD_01/materials/textures/aws_robomaker_warehouse_ShelfD_01.png
[2.325s] -- Up-to-date: /home/duck/Downloads/robo/install/turtlebot3_gazebo/share/turtlebot3_gazebo//models/aws_robomaker_warehouse_ShelfD_01/materials/textures/aws_robomaker_warehouse_ShelfD_02.png
[2.325s] -- Up-to-date: /home/duck/Downloads/robo/install/turtlebot3_gazebo/share/turtlebot3_gazebo//models/aws_robomaker_warehouse_ShelfD_01/materials/textures/aws_robomaker_warehouse_ShelfD_03.png
[2.326s] -- Up-to-date: /home/duck/Downloads/robo/install/turtlebot3_gazebo/share/turtlebot3_gazebo//models/aws_robomaker_warehouse_ShelfD_01/model.sdf
[2.327s] -- Up-to-date: /home/duck/Downloads/robo/install/turtlebot3_gazebo/share/turtlebot3_gazebo//models/aws_robomaker_warehouse_ShelfD_01/model.config
[2.328s] -- Up-to-date: /home/duck/Downloads/robo/install/turtlebot3_gazebo/share/turtlebot3_gazebo//models/turtlebot3_world
[2.328s] -- Up-to-date: /home/duck/Downloads/robo/install/turtlebot3_gazebo/share/turtlebot3_gazebo//models/turtlebot3_world/model-1_4.sdf
[2.329s] -- Up-to-date: /home/duck/Downloads/robo/install/turtlebot3_gazebo/share/turtlebot3_gazebo//models/turtlebot3_world/model.sdf
[2.329s] -- Up-to-date: /home/duck/Downloads/robo/install/turtlebot3_gazebo/share/turtlebot3_gazebo//models/turtlebot3_world/meshes
[2.330s] -- Up-to-date: /home/duck/Downloads/robo/install/turtlebot3_gazebo/share/turtlebot3_gazebo//models/turtlebot3_world/meshes/wall.dae
[2.330s] -- Up-to-date: /home/duck/Downloads/robo/install/turtlebot3_gazebo/share/turtlebot3_gazebo//models/turtlebot3_world/meshes/hexagon.dae
[2.330s] -- Up-to-date: /home/duck/Downloads/robo/install/turtlebot3_gazebo/share/turtlebot3_gazebo//models/turtlebot3_world/model.config
[2.330s] -- Up-to-date: /home/duck/Downloads/robo/install/turtlebot3_gazebo/share/turtlebot3_gazebo//models/aws_robomaker_warehouse_PalletJackB_01
[2.331s] -- Up-to-date: /home/duck/Downloads/robo/install/turtlebot3_gazebo/share/turtlebot3_gazebo//models/aws_robomaker_warehouse_PalletJackB_01/materials
[2.331s] -- Up-to-date: /home/duck/Downloads/robo/install/turtlebot3_gazebo/share/turtlebot3_gazebo//models/aws_robomaker_warehouse_PalletJackB_01/materials/textures
[2.331s] -- Up-to-date: /home/duck/Downloads/robo/install/turtlebot3_gazebo/share/turtlebot3_gazebo//models/aws_robomaker_warehouse_PalletJackB_01/materials/textures/aws_robomaker_warehouse_PalletJackB_01.png
[2.331s] -- Up-to-date: /home/duck/Downloads/robo/install/turtlebot3_gazebo/share/turtlebot3_gazebo//models/aws_robomaker_warehouse_PalletJackB_01/materials/textures/aws_robomaker_warehouse_PalletJackB_02.png
[2.331s] -- Up-to-date: /home/duck/Downloads/robo/install/turtlebot3_gazebo/share/turtlebot3_gazebo//models/aws_robomaker_warehouse_PalletJackB_01/model.sdf
[2.331s] -- Up-to-date: /home/duck/Downloads/robo/install/turtlebot3_gazebo/share/turtlebot3_gazebo//models/aws_robomaker_warehouse_PalletJackB_01/meshes
[2.331s] -- Up-to-date: /home/duck/Downloads/robo/install/turtlebot3_gazebo/share/turtlebot3_gazebo//models/aws_robomaker_warehouse_PalletJackB_01/meshes/aws_robomaker_warehouse_PalletJackB_01_visual.DAE
[2.331s] -- Up-to-date: /home/duck/Downloads/robo/install/turtlebot3_gazebo/share/turtlebot3_gazebo//models/aws_robomaker_warehouse_PalletJackB_01/meshes/aws_robomaker_warehouse_PalletJackB_01_collision.DAE
[2.331s] -- Up-to-date: /home/duck/Downloads/robo/install/turtlebot3_gazebo/share/turtlebot3_gazebo//models/aws_robomaker_warehouse_PalletJackB_01/model.config
[2.331s] -- Up-to-date: /home/duck/Downloads/robo/install/turtlebot3_gazebo/share/turtlebot3_gazebo//models/turtlebot3_house
[2.332s] -- Up-to-date: /home/duck/Downloads/robo/install/turtlebot3_gazebo/share/turtlebot3_gazebo//models/turtlebot3_house/model.sdf
[2.332s] -- Up-to-date: /home/duck/Downloads/robo/install/turtlebot3_gazebo/share/turtlebot3_gazebo//models/turtlebot3_house/model.config
[2.332s] -- Up-to-date: /home/duck/Downloads/robo/install/turtlebot3_gazebo/share/turtlebot3_gazebo//models/aws_robomaker_warehouse_RoofB_01
[2.332s] -- Up-to-date: /home/duck/Downloads/robo/install/turtlebot3_gazebo/share/turtlebot3_gazebo//models/aws_robomaker_warehouse_RoofB_01/materials
[2.332s] -- Up-to-date: /home/duck/Downloads/robo/install/turtlebot3_gazebo/share/turtlebot3_gazebo//models/aws_robomaker_warehouse_RoofB_01/materials/textures
[2.343s] -- Up-to-date: /home/duck/Downloads/robo/install/turtlebot3_gazebo/share/turtlebot3_gazebo//models/aws_robomaker_warehouse_RoofB_01/materials/textures/aws_robomaker_warehouse_RoofB_01.png
[2.343s] -- Up-to-date: /home/duck/Downloads/robo/install/turtlebot3_gazebo/share/turtlebot3_gazebo//models/aws_robomaker_warehouse_RoofB_01/model.sdf
[2.343s] -- Up-to-date: /home/duck/Downloads/robo/install/turtlebot3_gazebo/share/turtlebot3_gazebo//models/aws_robomaker_warehouse_RoofB_01/meshes
[2.343s] -- Up-to-date: /home/duck/Downloads/robo/install/turtlebot3_gazebo/share/turtlebot3_gazebo//models/aws_robomaker_warehouse_RoofB_01/meshes/aws_robomaker_warehouse_RoofB_01_visual.DAE
[2.344s] -- Up-to-date: /home/duck/Downloads/robo/install/turtlebot3_gazebo/share/turtlebot3_gazebo//models/aws_robomaker_warehouse_RoofB_01/meshes/aws_robomaker_warehouse_RoofB_01_collision.DAE
[2.344s] -- Up-to-date: /home/duck/Downloads/robo/install/turtlebot3_gazebo/share/turtlebot3_gazebo//models/aws_robomaker_warehouse_RoofB_01/model.config
[2.344s] -- Up-to-date: /home/duck/Downloads/robo/install/turtlebot3_gazebo/share/turtlebot3_gazebo//rviz
[2.344s] -- Up-to-date: /home/duck/Downloads/robo/install/turtlebot3_gazebo/share/turtlebot3_gazebo//rviz/tb3_gazebo.rviz
[2.344s] -- Up-to-date: /home/duck/Downloads/robo/install/turtlebot3_gazebo/share/turtlebot3_gazebo//urdf
[2.344s] -- Up-to-date: /home/duck/Downloads/robo/install/turtlebot3_gazebo/share/turtlebot3_gazebo//urdf/turtlebot3_waffle_pi.urdf
[2.344s] -- Up-to-date: /home/duck/Downloads/robo/install/turtlebot3_gazebo/share/turtlebot3_gazebo//urdf/common_properties.urdf
[2.344s] -- Up-to-date: /home/duck/Downloads/robo/install/turtlebot3_gazebo/share/turtlebot3_gazebo//urdf/turtlebot3_waffle.urdf
[2.344s] -- Up-to-date: /home/duck/Downloads/robo/install/turtlebot3_gazebo/share/turtlebot3_gazebo//urdf/turtlebot3_burger.urdf
[2.345s] -- Up-to-date: /home/duck/Downloads/robo/install/turtlebot3_gazebo/share/turtlebot3_gazebo//worlds
[2.345s] -- Up-to-date: /home/duck/Downloads/robo/install/turtlebot3_gazebo/share/turtlebot3_gazebo//worlds/warehouse_willow.world
[2.345s] -- Up-to-date: /home/duck/Downloads/robo/install/turtlebot3_gazebo/share/turtlebot3_gazebo//worlds/damn.world
[2.345s] -- Up-to-date: /home/duck/Downloads/robo/install/turtlebot3_gazebo/share/turtlebot3_gazebo//worlds/turtlebot3_dqn_stage2.world
[2.345s] -- Up-to-date: /home/duck/Downloads/robo/install/turtlebot3_gazebo/share/turtlebot3_gazebo//worlds/turtlebot3_dqn_stage4.world
[2.345s] -- Up-to-date: /home/duck/Downloads/robo/install/turtlebot3_gazebo/share/turtlebot3_gazebo//worlds/turtlebot3_world.world
[2.345s] -- Up-to-date: /home/duck/Downloads/robo/install/turtlebot3_gazebo/share/turtlebot3_gazebo//worlds/turtlebot3_house.world
[2.345s] -- Up-to-date: /home/duck/Downloads/robo/install/turtlebot3_gazebo/share/turtlebot3_gazebo//worlds/warehouse_old.world
[2.345s] -- Up-to-date: /home/duck/Downloads/robo/install/turtlebot3_gazebo/share/turtlebot3_gazebo//worlds/turtlebot3_dqn_stage3.world
[2.345s] -- Up-to-date: /home/duck/Downloads/robo/install/turtlebot3_gazebo/share/turtlebot3_gazebo//worlds/test.world
[2.345s] -- Up-to-date: /home/duck/Downloads/robo/install/turtlebot3_gazebo/share/turtlebot3_gazebo//worlds/turtlebot3_dqn_stage1.world
[2.346s] -- Up-to-date: /home/duck/Downloads/robo/install/turtlebot3_gazebo/share/turtlebot3_gazebo//worlds/empty_world.world
[2.346s] -- Up-to-date: /home/duck/Downloads/robo/install/turtlebot3_gazebo/share/turtlebot3_gazebo//worlds/warehouse.world
[2.346s] -- Installing: /home/duck/Downloads/robo/install/turtlebot3_gazebo/share/turtlebot3_gazebo//worlds/final_new.world
[2.346s] -- Up-to-date: /home/duck/Downloads/robo/install/turtlebot3_gazebo/share/turtlebot3_gazebo//worlds/RL (copy).world
[2.346s] -- Up-to-date: /home/duck/Downloads/robo/install/turtlebot3_gazebo/share/turtlebot3_gazebo//worlds/final.world
[2.346s] -- Up-to-date: /home/duck/Downloads/robo/install/turtlebot3_gazebo/share/turtlebot3_gazebo//worlds/RL.world
[2.346s] -- Up-to-date: /home/duck/Downloads/robo/install/turtlebot3_gazebo/include/
[2.346s] -- Up-to-date: /home/duck/Downloads/robo/install/turtlebot3_gazebo/include//turtlebot3_gazebo
[2.347s] -- Up-to-date: /home/duck/Downloads/robo/install/turtlebot3_gazebo/include//turtlebot3_gazebo/turtlebot3_drive.hpp
[2.348s] -- Up-to-date: /home/duck/Downloads/robo/install/turtlebot3_gazebo/share/ament_index/resource_index/package_run_dependencies/turtlebot3_gazebo
[2.357s] -- Up-to-date: /home/duck/Downloads/robo/install/turtlebot3_gazebo/share/ament_index/resource_index/parent_prefix_path/turtlebot3_gazebo
[2.365s] -- Up-to-date: /home/duck/Downloads/robo/install/turtlebot3_gazebo/share/turtlebot3_gazebo/environment/ament_prefix_path.sh
[2.369s] -- Up-to-date: /home/duck/Downloads/robo/install/turtlebot3_gazebo/share/turtlebot3_gazebo/environment/ament_prefix_path.dsv
[2.376s] -- Up-to-date: /home/duck/Downloads/robo/install/turtlebot3_gazebo/share/turtlebot3_gazebo/environment/path.sh
[2.380s] -- Up-to-date: /home/duck/Downloads/robo/install/turtlebot3_gazebo/share/turtlebot3_gazebo/environment/path.dsv
[2.381s] -- Up-to-date: /home/duck/Downloads/robo/install/turtlebot3_gazebo/share/turtlebot3_gazebo/local_setup.bash
[2.382s] -- Up-to-date: /home/duck/Downloads/robo/install/turtlebot3_gazebo/share/turtlebot3_gazebo/local_setup.sh
[2.383s] -- Up-to-date: /home/duck/Downloads/robo/install/turtlebot3_gazebo/share/turtlebot3_gazebo/local_setup.zsh
[2.385s] -- Up-to-date: /home/duck/Downloads/robo/install/turtlebot3_gazebo/share/turtlebot3_gazebo/local_setup.dsv
[2.386s] -- Installing: /home/duck/Downloads/robo/install/turtlebot3_gazebo/share/turtlebot3_gazebo/package.dsv
[2.395s] -- Up-to-date: /home/duck/Downloads/robo/install/turtlebot3_gazebo/share/ament_index/resource_index/packages/turtlebot3_gazebo
[2.396s] -- Up-to-date: /home/duck/Downloads/robo/install/turtlebot3_gazebo/share/turtlebot3_gazebo/cmake/ament_cmake_export_include_directories-extras.cmake
[2.396s] -- Up-to-date: /home/duck/Downloads/robo/install/turtlebot3_gazebo/share/turtlebot3_gazebo/cmake/ament_cmake_export_dependencies-extras.cmake
[2.401s] -- Up-to-date: /home/duck/Downloads/robo/install/turtlebot3_gazebo/share/turtlebot3_gazebo/cmake/turtlebot3_gazeboConfig.cmake
[2.402s] -- Up-to-date: /home/duck/Downloads/robo/install/turtlebot3_gazebo/share/turtlebot3_gazebo/cmake/turtlebot3_gazeboConfig-version.cmake
[2.405s] -- Up-to-date: /home/duck/Downloads/robo/install/turtlebot3_gazebo/share/turtlebot3_gazebo/package.xml
[2.416s] Invoked command in '/home/duck/Downloads/robo/build/turtlebot3_gazebo' returned '0': CMAKE_PREFIX_PATH=/opt/ros/humble /usr/bin/cmake --install /home/duck/Downloads/robo/build/turtlebot3_gazebo
