[6.119s] Invoking command in '/home/duck/Downloads/robo/build/navigation_tb3': CMAKE_PREFIX_PATH=${CMAKE_PREFIX_PATH}:/home/duck/Downloads/robo/install/robot_math:/home/duck/Downloads/robo/install/pc:/home/duck/Downloads/robo/install/my_robot_controller:/opt/ros/humble /usr/bin/cmake --build /home/duck/Downloads/robo/build/navigation_tb3 -- -j4 -l4
[11.136s] [100%] Built target pub_occupancy_grid
[11.940s] [100%] Built target ament_cmake_python_copy_navigation_tb3
[14.818s] running egg_info
[14.825s] writing navigation_tb3.egg-info/PKG-INFO
[14.831s] writing dependency_links to navigation_tb3.egg-info/dependency_links.txt
[14.831s] writing top-level names to navigation_tb3.egg-info/top_level.txt
[14.835s] reading manifest file 'navigation_tb3.egg-info/SOURCES.txt'
[14.842s] writing manifest file 'navigation_tb3.egg-info/SOURCES.txt'
[15.219s] [100%] Built target ament_cmake_python_build_navigation_tb3_egg
[15.393s] Invoked command in '/home/duck/Downloads/robo/build/navigation_tb3' returned '0': CMAKE_PREFIX_PATH=${CMAKE_PREFIX_PATH}:/home/duck/Downloads/robo/install/robot_math:/home/duck/Downloads/robo/install/pc:/home/duck/Downloads/robo/install/my_robot_controller:/opt/ros/humble /usr/bin/cmake --build /home/duck/Downloads/robo/build/navigation_tb3 -- -j4 -l4
[15.515s] Invoking command in '/home/duck/Downloads/robo/build/navigation_tb3': CMAKE_PREFIX_PATH=${CMAKE_PREFIX_PATH}:/home/duck/Downloads/robo/install/robot_math:/home/duck/Downloads/robo/install/pc:/home/duck/Downloads/robo/install/my_robot_controller:/opt/ros/humble /usr/bin/cmake --install /home/duck/Downloads/robo/build/navigation_tb3
[15.578s] -- Install configuration: ""
[15.631s] -- Up-to-date: /home/duck/Downloads/robo/install/navigation_tb3/lib/navigation_tb3/pub_occupancy_grid
[15.631s] -- Up-to-date: /home/duck/Downloads/robo/install/navigation_tb3/share/navigation_tb3/launch
[15.631s] -- Up-to-date: /home/duck/Downloads/robo/install/navigation_tb3/share/navigation_tb3/launch/mapping.launch.py
[15.632s] -- Up-to-date: /home/duck/Downloads/robo/install/navigation_tb3/share/navigation_tb3/launch/navigation.launch.py
[15.632s] -- Up-to-date: /home/duck/Downloads/robo/install/navigation_tb3/share/navigation_tb3/config
[15.632s] -- Up-to-date: /home/duck/Downloads/robo/install/navigation_tb3/share/navigation_tb3/config/mapping.rviz
[15.632s] -- Up-to-date: /home/duck/Downloads/robo/install/navigation_tb3/share/navigation_tb3/config/tb3_map.pgm
[15.633s] -- Up-to-date: /home/duck/Downloads/robo/install/navigation_tb3/share/navigation_tb3/config/tb3_map.yaml
[15.646s] -- Up-to-date: /home/duck/Downloads/robo/install/navigation_tb3/share/navigation_tb3/config/tb3_nav2_params.yaml
[15.646s] -- Up-to-date: /home/duck/Downloads/robo/install/navigation_tb3/share/navigation_tb3/config/turtlebot3_lds_2d.lua
[15.646s] -- Up-to-date: /home/duck/Downloads/robo/install/navigation_tb3/share/navigation_tb3/config/navigation.rviz
[15.646s] -- Up-to-date: /home/duck/Downloads/robo/install/navigation_tb3/share/navigation_tb3/environment/pythonpath.sh
[15.650s] -- Up-to-date: /home/duck/Downloads/robo/install/navigation_tb3/share/navigation_tb3/environment/pythonpath.dsv
[15.650s] -- Up-to-date: /home/duck/Downloads/robo/install/navigation_tb3/local/lib/python3.10/dist-packages/navigation_tb3-0.0.0-py3.10.egg-info
[15.650s] -- Installing: /home/duck/Downloads/robo/install/navigation_tb3/local/lib/python3.10/dist-packages/navigation_tb3-0.0.0-py3.10.egg-info/top_level.txt
[15.651s] -- Installing: /home/duck/Downloads/robo/install/navigation_tb3/local/lib/python3.10/dist-packages/navigation_tb3-0.0.0-py3.10.egg-info/dependency_links.txt
[15.652s] -- Installing: /home/duck/Downloads/robo/install/navigation_tb3/local/lib/python3.10/dist-packages/navigation_tb3-0.0.0-py3.10.egg-info/PKG-INFO
[15.652s] -- Installing: /home/duck/Downloads/robo/install/navigation_tb3/local/lib/python3.10/dist-packages/navigation_tb3-0.0.0-py3.10.egg-info/SOURCES.txt
[15.652s] -- Up-to-date: /home/duck/Downloads/robo/install/navigation_tb3/local/lib/python3.10/dist-packages/navigation_tb3
[15.653s] -- Up-to-date: /home/duck/Downloads/robo/install/navigation_tb3/local/lib/python3.10/dist-packages/navigation_tb3/__init__.py
[16.110s] Listing '/home/duck/Downloads/robo/install/navigation_tb3/local/lib/python3.10/dist-packages/navigation_tb3'...
[16.111s] -- Up-to-date: /home/duck/Downloads/robo/install/navigation_tb3/lib/navigation_tb3/single_goal_nav.py
[16.112s] -- Up-to-date: /home/duck/Downloads/robo/install/navigation_tb3/lib/navigation_tb3/multi_waypoints.py
[16.112s] -- Up-to-date: /home/duck/Downloads/robo/install/navigation_tb3/share/ament_index/resource_index/package_run_dependencies/navigation_tb3
[16.113s] -- Up-to-date: /home/duck/Downloads/robo/install/navigation_tb3/share/ament_index/resource_index/parent_prefix_path/navigation_tb3
[16.113s] -- Up-to-date: /home/duck/Downloads/robo/install/navigation_tb3/share/navigation_tb3/environment/ament_prefix_path.sh
[16.113s] -- Up-to-date: /home/duck/Downloads/robo/install/navigation_tb3/share/navigation_tb3/environment/ament_prefix_path.dsv
[16.113s] -- Up-to-date: /home/duck/Downloads/robo/install/navigation_tb3/share/navigation_tb3/environment/path.sh
[16.113s] -- Up-to-date: /home/duck/Downloads/robo/install/navigation_tb3/share/navigation_tb3/environment/path.dsv
[16.114s] -- Up-to-date: /home/duck/Downloads/robo/install/navigation_tb3/share/navigation_tb3/local_setup.bash
[16.114s] -- Up-to-date: /home/duck/Downloads/robo/install/navigation_tb3/share/navigation_tb3/local_setup.sh
[16.115s] -- Up-to-date: /home/duck/Downloads/robo/install/navigation_tb3/share/navigation_tb3/local_setup.zsh
[16.115s] -- Up-to-date: /home/duck/Downloads/robo/install/navigation_tb3/share/navigation_tb3/local_setup.dsv
[16.115s] -- Installing: /home/duck/Downloads/robo/install/navigation_tb3/share/navigation_tb3/package.dsv
[16.138s] -- Up-to-date: /home/duck/Downloads/robo/install/navigation_tb3/share/ament_index/resource_index/packages/navigation_tb3
[16.138s] -- Up-to-date: /home/duck/Downloads/robo/install/navigation_tb3/share/navigation_tb3/cmake/navigation_tb3Config.cmake
[16.138s] -- Up-to-date: /home/duck/Downloads/robo/install/navigation_tb3/share/navigation_tb3/cmake/navigation_tb3Config-version.cmake
[16.139s] -- Up-to-date: /home/duck/Downloads/robo/install/navigation_tb3/share/navigation_tb3/package.xml
[16.139s] Invoked command in '/home/duck/Downloads/robo/build/navigation_tb3' returned '0': CMAKE_PREFIX_PATH=${CMAKE_PREFIX_PATH}:/home/duck/Downloads/robo/install/robot_math:/home/duck/Downloads/robo/install/pc:/home/duck/Downloads/robo/install/my_robot_controller:/opt/ros/humble /usr/bin/cmake --install /home/duck/Downloads/robo/build/navigation_tb3
