[4.373s] Invoking command in '/home/duck/Downloads/robo/src/ros2_learners/my_robot_controller': PYTHONPATH=/home/duck/Downloads/robo/build/my_robot_controller/prefix_override:/usr/lib/python3/dist-packages/colcon_core/task/python/colcon_distutils_commands:/home/duck/Downloads/robo/install/my_robot_controller/lib/python3.10/site-packages:${PYTHONPATH} /usr/bin/python3 -W ignore:setup.py install is deprecated -W ignore:easy_install command is deprecated setup.py egg_info --egg-base ../../../build/my_robot_controller build --build-base /home/duck/Downloads/robo/build/my_robot_controller/build install --record /home/duck/Downloads/robo/build/my_robot_controller/install.log --single-version-externally-managed install_data
[4.897s] running egg_info
[4.898s] writing ../../../build/my_robot_controller/my_robot_controller.egg-info/PKG-INFO
[4.909s] writing dependency_links to ../../../build/my_robot_controller/my_robot_controller.egg-info/dependency_links.txt
[4.912s] writing entry points to ../../../build/my_robot_controller/my_robot_controller.egg-info/entry_points.txt
[4.915s] writing requirements to ../../../build/my_robot_controller/my_robot_controller.egg-info/requires.txt
[4.915s] writing top-level names to ../../../build/my_robot_controller/my_robot_controller.egg-info/top_level.txt
[4.920s] reading manifest file '../../../build/my_robot_controller/my_robot_controller.egg-info/SOURCES.txt'
[4.927s] adding license file 'LICENSE'
[4.930s] writing manifest file '../../../build/my_robot_controller/my_robot_controller.egg-info/SOURCES.txt'
[4.930s] running build
[4.930s] running build_py
[4.947s] running install
[4.947s] running install_lib
[4.977s] running install_data
[4.977s] running install_egg_info
[4.983s] removing '/home/duck/Downloads/robo/install/my_robot_controller/lib/python3.10/site-packages/my_robot_controller-0.0.0-py3.10.egg-info' (and everything under it)
[4.983s] Copying ../../../build/my_robot_controller/my_robot_controller.egg-info to /home/duck/Downloads/robo/install/my_robot_controller/lib/python3.10/site-packages/my_robot_controller-0.0.0-py3.10.egg-info
[4.988s] running install_scripts
[5.031s] Installing DDPG script to /home/duck/Downloads/robo/install/my_robot_controller/lib/my_robot_controller
[5.037s] Installing common_def script to /home/duck/Downloads/robo/install/my_robot_controller/lib/my_robot_controller
[5.039s] Installing ddpg script to /home/duck/Downloads/robo/install/my_robot_controller/lib/my_robot_controller
[5.039s] Installing draw_circle script to /home/duck/Downloads/robo/install/my_robot_controller/lib/my_robot_controller
[5.047s] Installing number_count script to /home/duck/Downloads/robo/install/my_robot_controller/lib/my_robot_controller
[5.048s] Installing number_publish script to /home/duck/Downloads/robo/install/my_robot_controller/lib/my_robot_controller
[5.048s] Installing pose_publish script to /home/duck/Downloads/robo/install/my_robot_controller/lib/my_robot_controller
[5.048s] Installing pose_subscribe script to /home/duck/Downloads/robo/install/my_robot_controller/lib/my_robot_controller
[5.048s] Installing q_learning script to /home/duck/Downloads/robo/install/my_robot_controller/lib/my_robot_controller
[5.049s] Installing reset_count script to /home/duck/Downloads/robo/install/my_robot_controller/lib/my_robot_controller
[5.049s] Installing test_node script to /home/duck/Downloads/robo/install/my_robot_controller/lib/my_robot_controller
[5.049s] Installing updated_keras_ddpg script to /home/duck/Downloads/robo/install/my_robot_controller/lib/my_robot_controller
[5.050s] writing list of installed files to '/home/duck/Downloads/robo/build/my_robot_controller/install.log'
[5.326s] Invoked command in '/home/duck/Downloads/robo/src/ros2_learners/my_robot_controller' returned '0': PYTHONPATH=/home/duck/Downloads/robo/build/my_robot_controller/prefix_override:/usr/lib/python3/dist-packages/colcon_core/task/python/colcon_distutils_commands:/home/duck/Downloads/robo/install/my_robot_controller/lib/python3.10/site-packages:${PYTHONPATH} /usr/bin/python3 -W ignore:setup.py install is deprecated -W ignore:easy_install command is deprecated setup.py egg_info --egg-base ../../../build/my_robot_controller build --build-base /home/duck/Downloads/robo/build/my_robot_controller/build install --record /home/duck/Downloads/robo/build/my_robot_controller/install.log --single-version-externally-managed install_data
