[2.150s] Invoking command in '/home/duck/Downloads/robo/src/ros2_learners/robot_math': PYTHONPATH=/home/duck/Downloads/robo/build/robot_math/prefix_override:/usr/lib/python3/dist-packages/colcon_core/task/python/colcon_distutils_commands:/home/duck/Downloads/robo/install/robot_math/lib/python3.10/site-packages:${PYTHONPATH} /usr/bin/python3 -W ignore:setup.py install is deprecated -W ignore:easy_install command is deprecated setup.py egg_info --egg-base ../../../build/robot_math build --build-base /home/duck/Downloads/robo/build/robot_math/build install --record /home/duck/Downloads/robo/build/robot_math/install.log --single-version-externally-managed install_data
[3.234s] running egg_info
[3.239s] writing ../../../build/robot_math/robot_math.egg-info/PKG-INFO
[3.243s] writing dependency_links to ../../../build/robot_math/robot_math.egg-info/dependency_links.txt
[3.247s] writing entry points to ../../../build/robot_math/robot_math.egg-info/entry_points.txt
[3.303s] writing requirements to ../../../build/robot_math/robot_math.egg-info/requires.txt
[3.303s] writing top-level names to ../../../build/robot_math/robot_math.egg-info/top_level.txt
[3.305s] reading manifest file '../../../build/robot_math/robot_math.egg-info/SOURCES.txt'
[3.311s] writing manifest file '../../../build/robot_math/robot_math.egg-info/SOURCES.txt'
[3.316s] running build
[3.316s] running build_py
[3.321s] running install
[3.322s] running install_lib
[3.351s] running install_data
[3.354s] running install_egg_info
[3.375s] removing '/home/duck/Downloads/robo/install/robot_math/lib/python3.10/site-packages/robot_math-0.0.0-py3.10.egg-info' (and everything under it)
[3.380s] Copying ../../../build/robot_math/robot_math.egg-info to /home/duck/Downloads/robo/install/robot_math/lib/python3.10/site-packages/robot_math-0.0.0-py3.10.egg-info
[3.386s] running install_scripts
[3.473s] Installing circle_motion_node script to /home/duck/Downloads/robo/install/robot_math/lib/robot_math
[3.475s] Installing go_To_Goal_node script to /home/duck/Downloads/robo/install/robot_math/lib/robot_math
[3.475s] writing list of installed files to '/home/duck/Downloads/robo/build/robot_math/install.log'
[3.602s] Invoked command in '/home/duck/Downloads/robo/src/ros2_learners/robot_math' returned '0': PYTHONPATH=/home/duck/Downloads/robo/build/robot_math/prefix_override:/usr/lib/python3/dist-packages/colcon_core/task/python/colcon_distutils_commands:/home/duck/Downloads/robo/install/robot_math/lib/python3.10/site-packages:${PYTHONPATH} /usr/bin/python3 -W ignore:setup.py install is deprecated -W ignore:easy_install command is deprecated setup.py egg_info --egg-base ../../../build/robot_math build --build-base /home/duck/Downloads/robo/build/robot_math/build install --record /home/duck/Downloads/robo/build/robot_math/install.log --single-version-externally-managed install_data
