[0.903s] Invoking command in '/home/duck/Downloads/robo/build/navigation_tb3': CMAKE_PREFIX_PATH=${CMAKE_PREFIX_PATH}:/home/duck/Downloads/robo/install/robot_math:/home/duck/Downloads/robo/install/pc:/home/duck/Downloads/robo/install/my_robot_controller:/opt/ros/humble /usr/bin/cmake --build /home/duck/Downloads/robo/build/navigation_tb3 -- -j4 -l4
[1.961s] [  0%] Built target ament_cmake_python_copy_navigation_tb3
[2.448s] [100%] Built target pub_occupancy_grid
[2.743s] running egg_info
[2.745s] writing navigation_tb3.egg-info/PKG-INFO
[2.750s] writing dependency_links to navigation_tb3.egg-info/dependency_links.txt
[2.750s] writing top-level names to navigation_tb3.egg-info/top_level.txt
[2.792s] reading manifest file 'navigation_tb3.egg-info/SOURCES.txt'
[2.803s] writing manifest file 'navigation_tb3.egg-info/SOURCES.txt'
[2.983s] [100%] Built target ament_cmake_python_build_navigation_tb3_egg
[3.027s] Invoked command in '/home/duck/Downloads/robo/build/navigation_tb3' returned '0': CMAKE_PREFIX_PATH=${CMAKE_PREFIX_PATH}:/home/duck/Downloads/robo/install/robot_math:/home/duck/Downloads/robo/install/pc:/home/duck/Downloads/robo/install/my_robot_controller:/opt/ros/humble /usr/bin/cmake --build /home/duck/Downloads/robo/build/navigation_tb3 -- -j4 -l4
[3.064s] Invoking command in '/home/duck/Downloads/robo/build/navigation_tb3': CMAKE_PREFIX_PATH=${CMAKE_PREFIX_PATH}:/home/duck/Downloads/robo/install/robot_math:/home/duck/Downloads/robo/install/pc:/home/duck/Downloads/robo/install/my_robot_controller:/opt/ros/humble /usr/bin/cmake --install /home/duck/Downloads/robo/build/navigation_tb3
[3.167s] -- Install configuration: ""
[3.176s] -- Up-to-date: /home/duck/Downloads/robo/install/navigation_tb3/lib/navigation_tb3/pub_occupancy_grid
[3.177s] -- Up-to-date: /home/duck/Downloads/robo/install/navigation_tb3/share/navigation_tb3/launch
[3.183s] -- Up-to-date: /home/duck/Downloads/robo/install/navigation_tb3/share/navigation_tb3/launch/mapping.launch.py
[3.184s] -- Up-to-date: /home/duck/Downloads/robo/install/navigation_tb3/share/navigation_tb3/launch/navigation.launch.py
[3.184s] -- Up-to-date: /home/duck/Downloads/robo/install/navigation_tb3/share/navigation_tb3/config
[3.189s] -- Up-to-date: /home/duck/Downloads/robo/install/navigation_tb3/share/navigation_tb3/config/mapping.rviz
[3.190s] -- Up-to-date: /home/duck/Downloads/robo/install/navigation_tb3/share/navigation_tb3/config/tb3_map.pgm
[3.190s] -- Up-to-date: /home/duck/Downloads/robo/install/navigation_tb3/share/navigation_tb3/config/tb3_map.yaml
[3.190s] -- Up-to-date: /home/duck/Downloads/robo/install/navigation_tb3/share/navigation_tb3/config/tb3_nav2_params.yaml
[3.190s] -- Up-to-date: /home/duck/Downloads/robo/install/navigation_tb3/share/navigation_tb3/config/turtlebot3_lds_2d.lua
[3.192s] -- Up-to-date: /home/duck/Downloads/robo/install/navigation_tb3/share/navigation_tb3/config/navigation.rviz
[3.195s] -- Up-to-date: /home/duck/Downloads/robo/install/navigation_tb3/share/navigation_tb3/environment/pythonpath.sh
[3.205s] -- Up-to-date: /home/duck/Downloads/robo/install/navigation_tb3/share/navigation_tb3/environment/pythonpath.dsv
[3.215s] -- Up-to-date: /home/duck/Downloads/robo/install/navigation_tb3/local/lib/python3.10/dist-packages/navigation_tb3-0.0.0-py3.10.egg-info
[3.217s] -- Installing: /home/duck/Downloads/robo/install/navigation_tb3/local/lib/python3.10/dist-packages/navigation_tb3-0.0.0-py3.10.egg-info/top_level.txt
[3.217s] -- Installing: /home/duck/Downloads/robo/install/navigation_tb3/local/lib/python3.10/dist-packages/navigation_tb3-0.0.0-py3.10.egg-info/dependency_links.txt
[3.232s] -- Installing: /home/duck/Downloads/robo/install/navigation_tb3/local/lib/python3.10/dist-packages/navigation_tb3-0.0.0-py3.10.egg-info/PKG-INFO
[3.244s] -- Installing: /home/duck/Downloads/robo/install/navigation_tb3/local/lib/python3.10/dist-packages/navigation_tb3-0.0.0-py3.10.egg-info/SOURCES.txt
[3.245s] -- Up-to-date: /home/duck/Downloads/robo/install/navigation_tb3/local/lib/python3.10/dist-packages/navigation_tb3
[3.246s] -- Up-to-date: /home/duck/Downloads/robo/install/navigation_tb3/local/lib/python3.10/dist-packages/navigation_tb3/__init__.py
[3.390s] Listing '/home/duck/Downloads/robo/install/navigation_tb3/local/lib/python3.10/dist-packages/navigation_tb3'...
[3.394s] -- Up-to-date: /home/duck/Downloads/robo/install/navigation_tb3/lib/navigation_tb3/single_goal_nav.py
[3.394s] -- Up-to-date: /home/duck/Downloads/robo/install/navigation_tb3/lib/navigation_tb3/multi_waypoints.py
[3.401s] -- Up-to-date: /home/duck/Downloads/robo/install/navigation_tb3/share/ament_index/resource_index/package_run_dependencies/navigation_tb3
[3.417s] -- Up-to-date: /home/duck/Downloads/robo/install/navigation_tb3/share/ament_index/resource_index/parent_prefix_path/navigation_tb3
[3.423s] -- Up-to-date: /home/duck/Downloads/robo/install/navigation_tb3/share/navigation_tb3/environment/ament_prefix_path.sh
[3.424s] -- Up-to-date: /home/duck/Downloads/robo/install/navigation_tb3/share/navigation_tb3/environment/ament_prefix_path.dsv
[3.426s] -- Up-to-date: /home/duck/Downloads/robo/install/navigation_tb3/share/navigation_tb3/environment/path.sh
[3.426s] -- Up-to-date: /home/duck/Downloads/robo/install/navigation_tb3/share/navigation_tb3/environment/path.dsv
[3.426s] -- Up-to-date: /home/duck/Downloads/robo/install/navigation_tb3/share/navigation_tb3/local_setup.bash
[3.426s] -- Up-to-date: /home/duck/Downloads/robo/install/navigation_tb3/share/navigation_tb3/local_setup.sh
[3.426s] -- Up-to-date: /home/duck/Downloads/robo/install/navigation_tb3/share/navigation_tb3/local_setup.zsh
[3.430s] -- Up-to-date: /home/duck/Downloads/robo/install/navigation_tb3/share/navigation_tb3/local_setup.dsv
[3.430s] -- Installing: /home/duck/Downloads/robo/install/navigation_tb3/share/navigation_tb3/package.dsv
[3.432s] -- Up-to-date: /home/duck/Downloads/robo/install/navigation_tb3/share/ament_index/resource_index/packages/navigation_tb3
[3.433s] -- Up-to-date: /home/duck/Downloads/robo/install/navigation_tb3/share/navigation_tb3/cmake/navigation_tb3Config.cmake
[3.451s] -- Up-to-date: /home/duck/Downloads/robo/install/navigation_tb3/share/navigation_tb3/cmake/navigation_tb3Config-version.cmake
[3.460s] -- Up-to-date: /home/duck/Downloads/robo/install/navigation_tb3/share/navigation_tb3/package.xml
[3.474s] Invoked command in '/home/duck/Downloads/robo/build/navigation_tb3' returned '0': CMAKE_PREFIX_PATH=${CMAKE_PREFIX_PATH}:/home/duck/Downloads/robo/install/robot_math:/home/duck/Downloads/robo/install/pc:/home/duck/Downloads/robo/install/my_robot_controller:/opt/ros/humble /usr/bin/cmake --install /home/duck/Downloads/robo/build/navigation_tb3
