[0.169s] Invoking command in '/home/duck/Downloads/robo/build/turtlebot3_gazebo': CMAKE_PREFIX_PATH=${CMAKE_PREFIX_PATH}:/home/duck/Downloads/robo/install/robot_math:/home/duck/Downloads/robo/install/pc:/home/duck/Downloads/robo/install/my_robot_controller:/opt/ros/humble /usr/bin/cmake --build /home/duck/Downloads/robo/build/turtlebot3_gazebo -- -j4 -l4
[0.712s] [ 25%] Built target turtlebot3_drive
[1.539s] [ 50%] Built target obstacles
[1.824s] [ 75%] Built target obstacle2
[2.076s] [100%] Built target obstacle1
[2.121s] Invoked command in '/home/duck/Downloads/robo/build/turtlebot3_gazebo' returned '0': CMAKE_PREFIX_PATH=${CMAKE_PREFIX_PATH}:/home/duck/Downloads/robo/install/robot_math:/home/duck/Downloads/robo/install/pc:/home/duck/Downloads/robo/install/my_robot_controller:/opt/ros/humble /usr/bin/cmake --build /home/duck/Downloads/robo/build/turtlebot3_gazebo -- -j4 -l4
[2.135s] Invoking command in '/home/duck/Downloads/robo/build/turtlebot3_gazebo': CMAKE_PREFIX_PATH=${CMAKE_PREFIX_PATH}:/home/duck/Downloads/robo/install/robot_math:/home/duck/Downloads/robo/install/pc:/home/duck/Downloads/robo/install/my_robot_controller:/opt/ros/humble /usr/bin/cmake --install /home/duck/Downloads/robo/build/turtlebot3_gazebo
[2.172s] -- Install configuration: ""
[2.179s] -- Up-to-date: /home/duck/Downloads/robo/install/turtlebot3_gazebo/lib/turtlebot3_gazebo/turtlebot3_drive
[2.183s] -- Up-to-date: /home/duck/Downloads/robo/install/turtlebot3_gazebo/share/turtlebot3_gazebo//launch
[2.185s] -- Up-to-date: /home/duck/Downloads/robo/install/turtlebot3_gazebo/share/turtlebot3_gazebo//launch/robot_state_publisher.launch.py
[2.185s] -- Up-to-date: /home/duck/Downloads/robo/install/turtlebot3_gazebo/share/turtlebot3_gazebo//launch/turtlebot3_dqn_stage4.launch.py
[2.185s] -- Up-to-date: /home/duck/Downloads/robo/install/turtlebot3_gazebo/share/turtlebot3_gazebo//launch/turtlebot3_dqn_stage2.launch.py
[2.186s] -- Up-to-date: /home/duck/Downloads/robo/install/turtlebot3_gazebo/share/turtlebot3_gazebo//launch/turtlebot3_dqn_stage1.launch.py
[2.186s] -- Up-to-date: /home/duck/Downloads/robo/install/turtlebot3_gazebo/share/turtlebot3_gazebo//launch/spawn_turtlebot3.launch.py
[2.186s] -- Installing: /home/duck/Downloads/robo/install/turtlebot3_gazebo/share/turtlebot3_gazebo//launch/turtlebot3_world.launch.py
[2.189s] -- Up-to-date: /home/duck/Downloads/robo/install/turtlebot3_gazebo/share/turtlebot3_gazebo//launch/turtlebot3_dqn_stage3.launch.py
[2.190s] -- Up-to-date: /home/duck/Downloads/robo/install/turtlebot3_gazebo/share/turtlebot3_gazebo//launch/turtlebot3_house.launch.py
[2.191s] -- Up-to-date: /home/duck/Downloads/robo/install/turtlebot3_gazebo/share/turtlebot3_gazebo//launch/empty_world.launch.py
[2.193s] -- Up-to-date: /home/duck/Downloads/robo/install/turtlebot3_gazebo/share/turtlebot3_gazebo//models
[2.193s] -- Up-to-date: /home/duck/Downloads/robo/install/turtlebot3_gazebo/share/turtlebot3_gazebo//models/aws_robomaker_warehouse_ShelfE_01
[2.193s] -- Up-to-date: /home/duck/Downloads/robo/install/turtlebot3_gazebo/share/turtlebot3_gazebo//models/aws_robomaker_warehouse_ShelfE_01/materials
[2.193s] -- Up-to-date: /home/duck/Downloads/robo/install/turtlebot3_gazebo/share/turtlebot3_gazebo//models/aws_robomaker_warehouse_ShelfE_01/materials/textures
[2.196s] -- Up-to-date: /home/duck/Downloads/robo/install/turtlebot3_gazebo/share/turtlebot3_gazebo//models/aws_robomaker_warehouse_ShelfE_01/materials/textures/aws_robomaker_warehouse_ShelfE_01.png
[2.197s] -- Up-to-date: /home/duck/Downloads/robo/install/turtlebot3_gazebo/share/turtlebot3_gazebo//models/aws_robomaker_warehouse_ShelfE_01/materials/textures/aws_robomaker_warehouse_ShelfE_02.png
[2.197s] -- Up-to-date: /home/duck/Downloads/robo/install/turtlebot3_gazebo/share/turtlebot3_gazebo//models/aws_robomaker_warehouse_ShelfE_01/materials/textures/aws_robomaker_warehouse_ShelfE_03.png
[2.197s] -- Up-to-date: /home/duck/Downloads/robo/install/turtlebot3_gazebo/share/turtlebot3_gazebo//models/aws_robomaker_warehouse_ShelfE_01/materials/textures/aws_robomaker_warehouse_ShelfE_04.png
[2.197s] -- Up-to-date: /home/duck/Downloads/robo/install/turtlebot3_gazebo/share/turtlebot3_gazebo//models/aws_robomaker_warehouse_ShelfE_01/model.sdf
[2.198s] -- Up-to-date: /home/duck/Downloads/robo/install/turtlebot3_gazebo/share/turtlebot3_gazebo//models/aws_robomaker_warehouse_ShelfE_01/meshes
[2.200s] -- Up-to-date: /home/duck/Downloads/robo/install/turtlebot3_gazebo/share/turtlebot3_gazebo//models/aws_robomaker_warehouse_ShelfE_01/meshes/aws_robomaker_warehouse_ShelfE_01_visual.DAE
[2.202s] -- Up-to-date: /home/duck/Downloads/robo/install/turtlebot3_gazebo/share/turtlebot3_gazebo//models/aws_robomaker_warehouse_ShelfE_01/meshes/aws_robomaker_warehouse_ShelfE_01_collision.DAE
[2.204s] -- Up-to-date: /home/duck/Downloads/robo/install/turtlebot3_gazebo/share/turtlebot3_gazebo//models/aws_robomaker_warehouse_ShelfE_01/model.config
[2.204s] -- Up-to-date: /home/duck/Downloads/robo/install/turtlebot3_gazebo/share/turtlebot3_gazebo//models/aws_robomaker_warehouse_DeskC_01
[2.206s] -- Up-to-date: /home/duck/Downloads/robo/install/turtlebot3_gazebo/share/turtlebot3_gazebo//models/aws_robomaker_warehouse_DeskC_01/materials
[2.210s] -- Up-to-date: /home/duck/Downloads/robo/install/turtlebot3_gazebo/share/turtlebot3_gazebo//models/aws_robomaker_warehouse_DeskC_01/materials/textures
[2.214s] -- Up-to-date: /home/duck/Downloads/robo/install/turtlebot3_gazebo/share/turtlebot3_gazebo//models/aws_robomaker_warehouse_DeskC_01/materials/textures/aws_robomaker_warehouse_DeskC_03.psd
[2.214s] -- Up-to-date: /home/duck/Downloads/robo/install/turtlebot3_gazebo/share/turtlebot3_gazebo//models/aws_robomaker_warehouse_DeskC_01/materials/textures/aws_robomaker_warehouse_DeskC_01.png
[2.214s] -- Up-to-date: /home/duck/Downloads/robo/install/turtlebot3_gazebo/share/turtlebot3_gazebo//models/aws_robomaker_warehouse_DeskC_01/materials/textures/aws_robomaker_warehouse_DeskC_04.png
[2.214s] -- Up-to-date: /home/duck/Downloads/robo/install/turtlebot3_gazebo/share/turtlebot3_gazebo//models/aws_robomaker_warehouse_DeskC_01/materials/textures/aws_robomaker_warehouse_DeskC_03.png
[2.215s] -- Up-to-date: /home/duck/Downloads/robo/install/turtlebot3_gazebo/share/turtlebot3_gazebo//models/aws_robomaker_warehouse_DeskC_01/materials/textures/aws_robomaker_warehouse_DeskC_02.png
[2.215s] -- Up-to-date: /home/duck/Downloads/robo/install/turtlebot3_gazebo/share/turtlebot3_gazebo//models/aws_robomaker_warehouse_DeskC_01/model.sdf
[2.215s] -- Up-to-date: /home/duck/Downloads/robo/install/turtlebot3_gazebo/share/turtlebot3_gazebo//models/aws_robomaker_warehouse_DeskC_01/meshes
[2.216s] -- Up-to-date: /home/duck/Downloads/robo/install/turtlebot3_gazebo/share/turtlebot3_gazebo//models/aws_robomaker_warehouse_DeskC_01/meshes/aws_robomaker_warehouse_DeskC_01_visual.DAE
[2.216s] -- Up-to-date: /home/duck/Downloads/robo/install/turtlebot3_gazebo/share/turtlebot3_gazebo//models/aws_robomaker_warehouse_DeskC_01/meshes/aws_robomaker_warehouse_DeskC_01_collision.DAE
[2.216s] -- Up-to-date: /home/duck/Downloads/robo/install/turtlebot3_gazebo/share/turtlebot3_gazebo//models/aws_robomaker_warehouse_DeskC_01/model.config
[2.216s] -- Up-to-date: /home/duck/Downloads/robo/install/turtlebot3_gazebo/share/turtlebot3_gazebo//models/turtlebot3_dqn_world
[2.217s] -- Up-to-date: /home/duck/Downloads/robo/install/turtlebot3_gazebo/share/turtlebot3_gazebo//models/turtlebot3_dqn_world/obstacle2
[2.222s] -- Up-to-date: /home/duck/Downloads/robo/install/turtlebot3_gazebo/share/turtlebot3_gazebo//models/turtlebot3_dqn_world/obstacle2/model.sdf
[2.222s] -- Up-to-date: /home/duck/Downloads/robo/install/turtlebot3_gazebo/share/turtlebot3_gazebo//models/turtlebot3_dqn_world/obstacle2/model.config
[2.222s] -- Up-to-date: /home/duck/Downloads/robo/install/turtlebot3_gazebo/share/turtlebot3_gazebo//models/turtlebot3_dqn_world/obstacle1
[2.225s] -- Up-to-date: /home/duck/Downloads/robo/install/turtlebot3_gazebo/share/turtlebot3_gazebo//models/turtlebot3_dqn_world/obstacle1/model.sdf
[2.225s] -- Up-to-date: /home/duck/Downloads/robo/install/turtlebot3_gazebo/share/turtlebot3_gazebo//models/turtlebot3_dqn_world/obstacle1/model.config
[2.225s] -- Up-to-date: /home/duck/Downloads/robo/install/turtlebot3_gazebo/share/turtlebot3_gazebo//models/turtlebot3_dqn_world/obstacle_plugin
[2.226s] -- Up-to-date: /home/duck/Downloads/robo/install/turtlebot3_gazebo/share/turtlebot3_gazebo//models/turtlebot3_dqn_world/obstacle_plugin/obstacles.cc
[2.226s] -- Up-to-date: /home/duck/Downloads/robo/install/turtlebot3_gazebo/share/turtlebot3_gazebo//models/turtlebot3_dqn_world/obstacle_plugin/CMakeLists.txt
[2.227s] -- Up-to-date: /home/duck/Downloads/robo/install/turtlebot3_gazebo/share/turtlebot3_gazebo//models/turtlebot3_dqn_world/obstacle_plugin/obstacle1.cc
[2.227s] -- Up-to-date: /home/duck/Downloads/robo/install/turtlebot3_gazebo/share/turtlebot3_gazebo//models/turtlebot3_dqn_world/obstacle_plugin/obstacle2.cc
[2.227s] -- Up-to-date: /home/duck/Downloads/robo/install/turtlebot3_gazebo/share/turtlebot3_gazebo//models/turtlebot3_dqn_world/goal_box
[2.229s] -- Up-to-date: /home/duck/Downloads/robo/install/turtlebot3_gazebo/share/turtlebot3_gazebo//models/turtlebot3_dqn_world/goal_box/model.sdf
[2.229s] -- Up-to-date: /home/duck/Downloads/robo/install/turtlebot3_gazebo/share/turtlebot3_gazebo//models/turtlebot3_dqn_world/goal_box/model.config
[2.232s] -- Up-to-date: /home/duck/Downloads/robo/install/turtlebot3_gazebo/share/turtlebot3_gazebo//models/turtlebot3_dqn_world/model.sdf
[2.232s] -- Up-to-date: /home/duck/Downloads/robo/install/turtlebot3_gazebo/share/turtlebot3_gazebo//models/turtlebot3_dqn_world/model.config
[2.234s] -- Up-to-date: /home/duck/Downloads/robo/install/turtlebot3_gazebo/share/turtlebot3_gazebo//models/turtlebot3_dqn_world/obstacles
[2.238s] -- Up-to-date: /home/duck/Downloads/robo/install/turtlebot3_gazebo/share/turtlebot3_gazebo//models/turtlebot3_dqn_world/obstacles/model.sdf
[2.238s] -- Up-to-date: /home/duck/Downloads/robo/install/turtlebot3_gazebo/share/turtlebot3_gazebo//models/turtlebot3_dqn_world/obstacles/model.config
[2.238s] -- Up-to-date: /home/duck/Downloads/robo/install/turtlebot3_gazebo/share/turtlebot3_gazebo//models/turtlebot3_dqn_world/inner_walls
[2.265s] -- Up-to-date: /home/duck/Downloads/robo/install/turtlebot3_gazebo/share/turtlebot3_gazebo//models/turtlebot3_dqn_world/inner_walls/model.sdf
[2.265s] -- Up-to-date: /home/duck/Downloads/robo/install/turtlebot3_gazebo/share/turtlebot3_gazebo//models/turtlebot3_dqn_world/inner_walls/model.config
[2.265s] -- Up-to-date: /home/duck/Downloads/robo/install/turtlebot3_gazebo/share/turtlebot3_gazebo//models/aws_robomaker_warehouse_Lamp_01
[2.265s] -- Up-to-date: /home/duck/Downloads/robo/install/turtlebot3_gazebo/share/turtlebot3_gazebo//models/aws_robomaker_warehouse_Lamp_01/materials
[2.269s] -- Up-to-date: /home/duck/Downloads/robo/install/turtlebot3_gazebo/share/turtlebot3_gazebo//models/aws_robomaker_warehouse_Lamp_01/materials/textures
[2.272s] -- Up-to-date: /home/duck/Downloads/robo/install/turtlebot3_gazebo/share/turtlebot3_gazebo//models/aws_robomaker_warehouse_Lamp_01/materials/textures/aws_robomaker_warehouse_Lamp_01.png
[2.272s] -- Up-to-date: /home/duck/Downloads/robo/install/turtlebot3_gazebo/share/turtlebot3_gazebo//models/aws_robomaker_warehouse_Lamp_01/model.sdf
[2.273s] -- Up-to-date: /home/duck/Downloads/robo/install/turtlebot3_gazebo/share/turtlebot3_gazebo//models/aws_robomaker_warehouse_Lamp_01/meshes
[2.274s] -- Up-to-date: /home/duck/Downloads/robo/install/turtlebot3_gazebo/share/turtlebot3_gazebo//models/aws_robomaker_warehouse_Lamp_01/meshes/aws_robomaker_warehouse_Lamp_01_collision.DAE
[2.278s] -- Up-to-date: /home/duck/Downloads/robo/install/turtlebot3_gazebo/share/turtlebot3_gazebo//models/aws_robomaker_warehouse_Lamp_01/meshes/aws_robomaker_warehouse_Lamp_01_visual.DAE
[2.278s] -- Up-to-date: /home/duck/Downloads/robo/install/turtlebot3_gazebo/share/turtlebot3_gazebo//models/aws_robomaker_warehouse_Lamp_01/model.config
[2.278s] -- Up-to-date: /home/duck/Downloads/robo/install/turtlebot3_gazebo/share/turtlebot3_gazebo//models/aws_robomaker_warehouse_TrashCanC_01
[2.282s] -- Up-to-date: /home/duck/Downloads/robo/install/turtlebot3_gazebo/share/turtlebot3_gazebo//models/aws_robomaker_warehouse_TrashCanC_01/materials
[2.283s] -- Up-to-date: /home/duck/Downloads/robo/install/turtlebot3_gazebo/share/turtlebot3_gazebo//models/aws_robomaker_warehouse_TrashCanC_01/materials/textures
[2.285s] -- Up-to-date: /home/duck/Downloads/robo/install/turtlebot3_gazebo/share/turtlebot3_gazebo//models/aws_robomaker_warehouse_TrashCanC_01/materials/textures/aws_robomaker_warehouse_TrashCanC_01.png
[2.286s] -- Up-to-date: /home/duck/Downloads/robo/install/turtlebot3_gazebo/share/turtlebot3_gazebo//models/aws_robomaker_warehouse_TrashCanC_01/model.sdf
[2.288s] -- Up-to-date: /home/duck/Downloads/robo/install/turtlebot3_gazebo/share/turtlebot3_gazebo//models/aws_robomaker_warehouse_TrashCanC_01/meshes
[2.290s] -- Up-to-date: /home/duck/Downloads/robo/install/turtlebot3_gazebo/share/turtlebot3_gazebo//models/aws_robomaker_warehouse_TrashCanC_01/meshes/aws_robomaker_warehouse_TrashCanC_01_visual.DAE
[2.290s] -- Up-to-date: /home/duck/Downloads/robo/install/turtlebot3_gazebo/share/turtlebot3_gazebo//models/aws_robomaker_warehouse_TrashCanC_01/meshes/aws_robomaker_warehouse_TrashCanC_01_collision.DAE
[2.291s] -- Up-to-date: /home/duck/Downloads/robo/install/turtlebot3_gazebo/share/turtlebot3_gazebo//models/aws_robomaker_warehouse_TrashCanC_01/model.config
[2.291s] -- Up-to-date: /home/duck/Downloads/robo/install/turtlebot3_gazebo/share/turtlebot3_gazebo//models/turtlebot3_common
[2.292s] -- Up-to-date: /home/duck/Downloads/robo/install/turtlebot3_gazebo/share/turtlebot3_gazebo//models/turtlebot3_common/meshes
[2.294s] -- Up-to-date: /home/duck/Downloads/robo/install/turtlebot3_gazebo/share/turtlebot3_gazebo//models/turtlebot3_common/meshes/r200.dae
[2.295s] -- Up-to-date: /home/duck/Downloads/robo/install/turtlebot3_gazebo/share/turtlebot3_gazebo//models/turtlebot3_common/meshes/tire.dae
[2.295s] -- Up-to-date: /home/duck/Downloads/robo/install/turtlebot3_gazebo/share/turtlebot3_gazebo//models/turtlebot3_common/meshes/lds.dae
[2.296s] -- Up-to-date: /home/duck/Downloads/robo/install/turtlebot3_gazebo/share/turtlebot3_gazebo//models/turtlebot3_common/meshes/waffle_pi_base.dae
[2.296s] -- Up-to-date: /home/duck/Downloads/robo/install/turtlebot3_gazebo/share/turtlebot3_gazebo//models/turtlebot3_common/meshes/waffle_base.dae
[2.297s] -- Up-to-date: /home/duck/Downloads/robo/install/turtlebot3_gazebo/share/turtlebot3_gazebo//models/turtlebot3_common/meshes/burger_base.dae
[2.297s] -- Up-to-date: /home/duck/Downloads/robo/install/turtlebot3_gazebo/share/turtlebot3_gazebo//models/turtlebot3_common/model.config
[2.297s] -- Up-to-date: /home/duck/Downloads/robo/install/turtlebot3_gazebo/share/turtlebot3_gazebo//models/aws_robomaker_warehouse_WallB_01
[2.297s] -- Up-to-date: /home/duck/Downloads/robo/install/turtlebot3_gazebo/share/turtlebot3_gazebo//models/aws_robomaker_warehouse_WallB_01/materials
[2.298s] -- Up-to-date: /home/duck/Downloads/robo/install/turtlebot3_gazebo/share/turtlebot3_gazebo//models/aws_robomaker_warehouse_WallB_01/materials/textures
[2.301s] -- Up-to-date: /home/duck/Downloads/robo/install/turtlebot3_gazebo/share/turtlebot3_gazebo//models/aws_robomaker_warehouse_WallB_01/materials/textures/aws_robomaker_warehouse_WallB_01.png
[2.306s] -- Up-to-date: /home/duck/Downloads/robo/install/turtlebot3_gazebo/share/turtlebot3_gazebo//models/aws_robomaker_warehouse_WallB_01/model.sdf
[2.307s] -- Up-to-date: /home/duck/Downloads/robo/install/turtlebot3_gazebo/share/turtlebot3_gazebo//models/aws_robomaker_warehouse_WallB_01/meshes
[2.310s] -- Up-to-date: /home/duck/Downloads/robo/install/turtlebot3_gazebo/share/turtlebot3_gazebo//models/aws_robomaker_warehouse_WallB_01/meshes/aws_robomaker_warehouse_WallB_01_collision.DAE
[2.311s] -- Up-to-date: /home/duck/Downloads/robo/install/turtlebot3_gazebo/share/turtlebot3_gazebo//models/aws_robomaker_warehouse_WallB_01/meshes/aws_robomaker_warehouse_WallB_01_visual.DAE
[2.311s] -- Up-to-date: /home/duck/Downloads/robo/install/turtlebot3_gazebo/share/turtlebot3_gazebo//models/aws_robomaker_warehouse_WallB_01/model.config
[2.311s] -- Up-to-date: /home/duck/Downloads/robo/install/turtlebot3_gazebo/share/turtlebot3_gazebo//models/turtlebot3_waffle
[2.312s] -- Up-to-date: /home/duck/Downloads/robo/install/turtlebot3_gazebo/share/turtlebot3_gazebo//models/turtlebot3_waffle/model-1_4.sdf
[2.312s] -- Up-to-date: /home/duck/Downloads/robo/install/turtlebot3_gazebo/share/turtlebot3_gazebo//models/turtlebot3_waffle/model.sdf
[2.313s] -- Up-to-date: /home/duck/Downloads/robo/install/turtlebot3_gazebo/share/turtlebot3_gazebo//models/turtlebot3_waffle/model.config
[2.314s] -- Up-to-date: /home/duck/Downloads/robo/install/turtlebot3_gazebo/share/turtlebot3_gazebo//models/aws_robomaker_warehouse_ClutteringC_01
[2.316s] -- Up-to-date: /home/duck/Downloads/robo/install/turtlebot3_gazebo/share/turtlebot3_gazebo//models/aws_robomaker_warehouse_ClutteringC_01/materials
[2.317s] -- Up-to-date: /home/duck/Downloads/robo/install/turtlebot3_gazebo/share/turtlebot3_gazebo//models/aws_robomaker_warehouse_ClutteringC_01/materials/textures
[2.319s] -- Up-to-date: /home/duck/Downloads/robo/install/turtlebot3_gazebo/share/turtlebot3_gazebo//models/aws_robomaker_warehouse_ClutteringC_01/materials/textures/aws_robomaker_warehouse_ClutteringC_02.png
[2.319s] -- Up-to-date: /home/duck/Downloads/robo/install/turtlebot3_gazebo/share/turtlebot3_gazebo//models/aws_robomaker_warehouse_ClutteringC_01/materials/textures/aws_robomaker_warehouse_ClutteringC_01.png
[2.319s] -- Up-to-date: /home/duck/Downloads/robo/install/turtlebot3_gazebo/share/turtlebot3_gazebo//models/aws_robomaker_warehouse_ClutteringC_01/model.sdf
[2.320s] -- Up-to-date: /home/duck/Downloads/robo/install/turtlebot3_gazebo/share/turtlebot3_gazebo//models/aws_robomaker_warehouse_ClutteringC_01/meshes
[2.320s] -- Up-to-date: /home/duck/Downloads/robo/install/turtlebot3_gazebo/share/turtlebot3_gazebo//models/aws_robomaker_warehouse_ClutteringC_01/meshes/aws_robomaker_warehouse_ClutteringC_01_visual.DAE
[2.321s] -- Up-to-date: /home/duck/Downloads/robo/install/turtlebot3_gazebo/share/turtlebot3_gazebo//models/aws_robomaker_warehouse_ClutteringC_01/meshes/aws_robomaker_warehouse_ClutteringC_01_collision.DAE
[2.321s] -- Up-to-date: /home/duck/Downloads/robo/install/turtlebot3_gazebo/share/turtlebot3_gazebo//models/aws_robomaker_warehouse_ClutteringC_01/model.config
[2.323s] -- Up-to-date: /home/duck/Downloads/robo/install/turtlebot3_gazebo/share/turtlebot3_gazebo//models/aws_robomaker_warehouse_GroundB_01
[2.325s] -- Up-to-date: /home/duck/Downloads/robo/install/turtlebot3_gazebo/share/turtlebot3_gazebo//models/aws_robomaker_warehouse_GroundB_01/materials
[2.327s] -- Up-to-date: /home/duck/Downloads/robo/install/turtlebot3_gazebo/share/turtlebot3_gazebo//models/aws_robomaker_warehouse_GroundB_01/materials/textures
[2.330s] -- Up-to-date: /home/duck/Downloads/robo/install/turtlebot3_gazebo/share/turtlebot3_gazebo//models/aws_robomaker_warehouse_GroundB_01/materials/textures/aws_robomaker_warehouse_GroundB_01.png
[2.330s] -- Up-to-date: /home/duck/Downloads/robo/install/turtlebot3_gazebo/share/turtlebot3_gazebo//models/aws_robomaker_warehouse_GroundB_01/materials/textures/aws_robomaker_warehouse_GroundB_02.png
[2.333s] -- Up-to-date: /home/duck/Downloads/robo/install/turtlebot3_gazebo/share/turtlebot3_gazebo//models/aws_robomaker_warehouse_GroundB_01/model.sdf
[2.333s] -- Up-to-date: /home/duck/Downloads/robo/install/turtlebot3_gazebo/share/turtlebot3_gazebo//models/aws_robomaker_warehouse_GroundB_01/meshes
[2.333s] -- Up-to-date: /home/duck/Downloads/robo/install/turtlebot3_gazebo/share/turtlebot3_gazebo//models/aws_robomaker_warehouse_GroundB_01/meshes/aws_robomaker_warehouse_GroundB_01_collision.DAE
[2.333s] -- Up-to-date: /home/duck/Downloads/robo/install/turtlebot3_gazebo/share/turtlebot3_gazebo//models/aws_robomaker_warehouse_GroundB_01/meshes/aws_robomaker_warehouse_GroundB_01_visual.DAE
[2.334s] -- Up-to-date: /home/duck/Downloads/robo/install/turtlebot3_gazebo/share/turtlebot3_gazebo//models/aws_robomaker_warehouse_GroundB_01/model.config
[2.335s] -- Up-to-date: /home/duck/Downloads/robo/install/turtlebot3_gazebo/share/turtlebot3_gazebo//models/aws_robomaker_warehouse_ClutteringA_01
[2.335s] -- Up-to-date: /home/duck/Downloads/robo/install/turtlebot3_gazebo/share/turtlebot3_gazebo//models/aws_robomaker_warehouse_ClutteringA_01/materials
[2.336s] -- Up-to-date: /home/duck/Downloads/robo/install/turtlebot3_gazebo/share/turtlebot3_gazebo//models/aws_robomaker_warehouse_ClutteringA_01/materials/textures
[2.338s] -- Up-to-date: /home/duck/Downloads/robo/install/turtlebot3_gazebo/share/turtlebot3_gazebo//models/aws_robomaker_warehouse_ClutteringA_01/materials/textures/aws_robomaker_warehouse_ClutteringA_01.png
[2.338s] -- Up-to-date: /home/duck/Downloads/robo/install/turtlebot3_gazebo/share/turtlebot3_gazebo//models/aws_robomaker_warehouse_ClutteringA_01/materials/textures/aws_robomaker_warehouse_ClutteringA_02.png
[2.338s] -- Up-to-date: /home/duck/Downloads/robo/install/turtlebot3_gazebo/share/turtlebot3_gazebo//models/aws_robomaker_warehouse_ClutteringA_01/materials/textures/aws_robomaker_warehouse_ClutteringA_03.png
[2.338s] -- Up-to-date: /home/duck/Downloads/robo/install/turtlebot3_gazebo/share/turtlebot3_gazebo//models/aws_robomaker_warehouse_ClutteringA_01/model.sdf
[2.340s] -- Up-to-date: /home/duck/Downloads/robo/install/turtlebot3_gazebo/share/turtlebot3_gazebo//models/aws_robomaker_warehouse_ClutteringA_01/meshes
[2.345s] -- Up-to-date: /home/duck/Downloads/robo/install/turtlebot3_gazebo/share/turtlebot3_gazebo//models/aws_robomaker_warehouse_ClutteringA_01/meshes/aws_robomaker_warehouse_ClutteringA_01_collision.DAE
[2.345s] -- Up-to-date: /home/duck/Downloads/robo/install/turtlebot3_gazebo/share/turtlebot3_gazebo//models/aws_robomaker_warehouse_ClutteringA_01/meshes/aws_robomaker_warehouse_ClutteringA_01_visual.DAE
[2.345s] -- Up-to-date: /home/duck/Downloads/robo/install/turtlebot3_gazebo/share/turtlebot3_gazebo//models/aws_robomaker_warehouse_ClutteringA_01/model.config
[2.345s] -- Up-to-date: /home/duck/Downloads/robo/install/turtlebot3_gazebo/share/turtlebot3_gazebo//models/aws_robomaker_warehouse_ShelfF_01
[2.345s] -- Up-to-date: /home/duck/Downloads/robo/install/turtlebot3_gazebo/share/turtlebot3_gazebo//models/aws_robomaker_warehouse_ShelfF_01/materials
[2.345s] -- Up-to-date: /home/duck/Downloads/robo/install/turtlebot3_gazebo/share/turtlebot3_gazebo//models/aws_robomaker_warehouse_ShelfF_01/materials/textures
[2.361s] -- Up-to-date: /home/duck/Downloads/robo/install/turtlebot3_gazebo/share/turtlebot3_gazebo//models/aws_robomaker_warehouse_ShelfF_01/materials/textures/aws_robomaker_warehouse_ShelfF_01.png
[2.365s] -- Up-to-date: /home/duck/Downloads/robo/install/turtlebot3_gazebo/share/turtlebot3_gazebo//models/aws_robomaker_warehouse_ShelfF_01/materials/textures/aws_robomaker_warehouse_ShelfF_03.png
[2.365s] -- Up-to-date: /home/duck/Downloads/robo/install/turtlebot3_gazebo/share/turtlebot3_gazebo//models/aws_robomaker_warehouse_ShelfF_01/materials/textures/aws_robomaker_warehouse_ShelfF_02.png
[2.365s] -- Up-to-date: /home/duck/Downloads/robo/install/turtlebot3_gazebo/share/turtlebot3_gazebo//models/aws_robomaker_warehouse_ShelfF_01/model.sdf
[2.368s] -- Up-to-date: /home/duck/Downloads/robo/install/turtlebot3_gazebo/share/turtlebot3_gazebo//models/aws_robomaker_warehouse_ShelfF_01/meshes
[2.372s] -- Up-to-date: /home/duck/Downloads/robo/install/turtlebot3_gazebo/share/turtlebot3_gazebo//models/aws_robomaker_warehouse_ShelfF_01/meshes/aws_robomaker_warehouse_ShelfF_01_visual.DAE
[2.372s] -- Up-to-date: /home/duck/Downloads/robo/install/turtlebot3_gazebo/share/turtlebot3_gazebo//models/aws_robomaker_warehouse_ShelfF_01/meshes/aws_robomaker_warehouse_ShelfF_01_collision.DAE
[2.372s] -- Up-to-date: /home/duck/Downloads/robo/install/turtlebot3_gazebo/share/turtlebot3_gazebo//models/aws_robomaker_warehouse_ShelfF_01/model.config
[2.372s] -- Up-to-date: /home/duck/Downloads/robo/install/turtlebot3_gazebo/share/turtlebot3_gazebo//models/aws_robomaker_warehouse_ClutteringD_01
[2.374s] -- Up-to-date: /home/duck/Downloads/robo/install/turtlebot3_gazebo/share/turtlebot3_gazebo//models/aws_robomaker_warehouse_ClutteringD_01/materials
[2.376s] -- Up-to-date: /home/duck/Downloads/robo/install/turtlebot3_gazebo/share/turtlebot3_gazebo//models/aws_robomaker_warehouse_ClutteringD_01/materials/textures
[2.378s] -- Up-to-date: /home/duck/Downloads/robo/install/turtlebot3_gazebo/share/turtlebot3_gazebo//models/aws_robomaker_warehouse_ClutteringD_01/materials/textures/aws_robomaker_warehouse_ClutteringD_01.png
[2.378s] -- Up-to-date: /home/duck/Downloads/robo/install/turtlebot3_gazebo/share/turtlebot3_gazebo//models/aws_robomaker_warehouse_ClutteringD_01/materials/textures/aws_robomaker_warehouse_ClutteringD_02.png
[2.385s] -- Up-to-date: /home/duck/Downloads/robo/install/turtlebot3_gazebo/share/turtlebot3_gazebo//models/aws_robomaker_warehouse_ClutteringD_01/model.sdf
[2.386s] -- Up-to-date: /home/duck/Downloads/robo/install/turtlebot3_gazebo/share/turtlebot3_gazebo//models/aws_robomaker_warehouse_ClutteringD_01/meshes
[2.386s] -- Up-to-date: /home/duck/Downloads/robo/install/turtlebot3_gazebo/share/turtlebot3_gazebo//models/aws_robomaker_warehouse_ClutteringD_01/meshes/aws_robomaker_warehouse_ClutteringD_01_visual.DAE
[2.386s] -- Up-to-date: /home/duck/Downloads/robo/install/turtlebot3_gazebo/share/turtlebot3_gazebo//models/aws_robomaker_warehouse_ClutteringD_01/meshes/aws_robomaker_warehouse_ClutteringD_01_collision.DAE
[2.387s] -- Up-to-date: /home/duck/Downloads/robo/install/turtlebot3_gazebo/share/turtlebot3_gazebo//models/aws_robomaker_warehouse_ClutteringD_01/model.config
[2.387s] -- Up-to-date: /home/duck/Downloads/robo/install/turtlebot3_gazebo/share/turtlebot3_gazebo//models/aws_robomaker_warehouse_ShelfD_01
[2.387s] -- Up-to-date: /home/duck/Downloads/robo/install/turtlebot3_gazebo/share/turtlebot3_gazebo//models/aws_robomaker_warehouse_ShelfD_01/materials
[2.391s] -- Up-to-date: /home/duck/Downloads/robo/install/turtlebot3_gazebo/share/turtlebot3_gazebo//models/aws_robomaker_warehouse_ShelfD_01/materials/textures
[2.396s] -- Up-to-date: /home/duck/Downloads/robo/install/turtlebot3_gazebo/share/turtlebot3_gazebo//models/aws_robomaker_warehouse_ShelfD_01/materials/textures/aws_robomaker_warehouse_ShelfD_04.png
[2.396s] -- Up-to-date: /home/duck/Downloads/robo/install/turtlebot3_gazebo/share/turtlebot3_gazebo//models/aws_robomaker_warehouse_ShelfD_01/materials/textures/aws_robomaker_warehouse_ShelfD_01.png
[2.396s] -- Up-to-date: /home/duck/Downloads/robo/install/turtlebot3_gazebo/share/turtlebot3_gazebo//models/aws_robomaker_warehouse_ShelfD_01/materials/textures/aws_robomaker_warehouse_ShelfD_02.png
[2.396s] -- Up-to-date: /home/duck/Downloads/robo/install/turtlebot3_gazebo/share/turtlebot3_gazebo//models/aws_robomaker_warehouse_ShelfD_01/materials/textures/aws_robomaker_warehouse_ShelfD_03.png
[2.396s] -- Up-to-date: /home/duck/Downloads/robo/install/turtlebot3_gazebo/share/turtlebot3_gazebo//models/aws_robomaker_warehouse_ShelfD_01/model.sdf
[2.396s] -- Up-to-date: /home/duck/Downloads/robo/install/turtlebot3_gazebo/share/turtlebot3_gazebo//models/aws_robomaker_warehouse_ShelfD_01/model.config
[2.397s] -- Up-to-date: /home/duck/Downloads/robo/install/turtlebot3_gazebo/share/turtlebot3_gazebo//models/turtlebot3_world
[2.398s] -- Up-to-date: /home/duck/Downloads/robo/install/turtlebot3_gazebo/share/turtlebot3_gazebo//models/turtlebot3_world/model-1_4.sdf
[2.398s] -- Up-to-date: /home/duck/Downloads/robo/install/turtlebot3_gazebo/share/turtlebot3_gazebo//models/turtlebot3_world/model.sdf
[2.398s] -- Up-to-date: /home/duck/Downloads/robo/install/turtlebot3_gazebo/share/turtlebot3_gazebo//models/turtlebot3_world/meshes
[2.403s] -- Up-to-date: /home/duck/Downloads/robo/install/turtlebot3_gazebo/share/turtlebot3_gazebo//models/turtlebot3_world/meshes/wall.dae
[2.404s] -- Up-to-date: /home/duck/Downloads/robo/install/turtlebot3_gazebo/share/turtlebot3_gazebo//models/turtlebot3_world/meshes/hexagon.dae
[2.404s] -- Up-to-date: /home/duck/Downloads/robo/install/turtlebot3_gazebo/share/turtlebot3_gazebo//models/turtlebot3_world/model.config
[2.404s] -- Up-to-date: /home/duck/Downloads/robo/install/turtlebot3_gazebo/share/turtlebot3_gazebo//models/aws_robomaker_warehouse_PalletJackB_01
[2.404s] -- Up-to-date: /home/duck/Downloads/robo/install/turtlebot3_gazebo/share/turtlebot3_gazebo//models/aws_robomaker_warehouse_PalletJackB_01/materials
[2.406s] -- Up-to-date: /home/duck/Downloads/robo/install/turtlebot3_gazebo/share/turtlebot3_gazebo//models/aws_robomaker_warehouse_PalletJackB_01/materials/textures
[2.408s] -- Up-to-date: /home/duck/Downloads/robo/install/turtlebot3_gazebo/share/turtlebot3_gazebo//models/aws_robomaker_warehouse_PalletJackB_01/materials/textures/aws_robomaker_warehouse_PalletJackB_01.png
[2.409s] -- Up-to-date: /home/duck/Downloads/robo/install/turtlebot3_gazebo/share/turtlebot3_gazebo//models/aws_robomaker_warehouse_PalletJackB_01/materials/textures/aws_robomaker_warehouse_PalletJackB_02.png
[2.410s] -- Up-to-date: /home/duck/Downloads/robo/install/turtlebot3_gazebo/share/turtlebot3_gazebo//models/aws_robomaker_warehouse_PalletJackB_01/model.sdf
[2.410s] -- Up-to-date: /home/duck/Downloads/robo/install/turtlebot3_gazebo/share/turtlebot3_gazebo//models/aws_robomaker_warehouse_PalletJackB_01/meshes
[2.411s] -- Up-to-date: /home/duck/Downloads/robo/install/turtlebot3_gazebo/share/turtlebot3_gazebo//models/aws_robomaker_warehouse_PalletJackB_01/meshes/aws_robomaker_warehouse_PalletJackB_01_visual.DAE
[2.411s] -- Up-to-date: /home/duck/Downloads/robo/install/turtlebot3_gazebo/share/turtlebot3_gazebo//models/aws_robomaker_warehouse_PalletJackB_01/meshes/aws_robomaker_warehouse_PalletJackB_01_collision.DAE
[2.411s] -- Up-to-date: /home/duck/Downloads/robo/install/turtlebot3_gazebo/share/turtlebot3_gazebo//models/aws_robomaker_warehouse_PalletJackB_01/model.config
[2.411s] -- Up-to-date: /home/duck/Downloads/robo/install/turtlebot3_gazebo/share/turtlebot3_gazebo//models/turtlebot3_house
[2.415s] -- Up-to-date: /home/duck/Downloads/robo/install/turtlebot3_gazebo/share/turtlebot3_gazebo//models/turtlebot3_house/model.sdf
[2.415s] -- Up-to-date: /home/duck/Downloads/robo/install/turtlebot3_gazebo/share/turtlebot3_gazebo//models/turtlebot3_house/model.config
[2.416s] -- Up-to-date: /home/duck/Downloads/robo/install/turtlebot3_gazebo/share/turtlebot3_gazebo//models/aws_robomaker_warehouse_RoofB_01
[2.419s] -- Up-to-date: /home/duck/Downloads/robo/install/turtlebot3_gazebo/share/turtlebot3_gazebo//models/aws_robomaker_warehouse_RoofB_01/materials
[2.423s] -- Up-to-date: /home/duck/Downloads/robo/install/turtlebot3_gazebo/share/turtlebot3_gazebo//models/aws_robomaker_warehouse_RoofB_01/materials/textures
[2.426s] -- Up-to-date: /home/duck/Downloads/robo/install/turtlebot3_gazebo/share/turtlebot3_gazebo//models/aws_robomaker_warehouse_RoofB_01/materials/textures/aws_robomaker_warehouse_RoofB_01.png
[2.426s] -- Up-to-date: /home/duck/Downloads/robo/install/turtlebot3_gazebo/share/turtlebot3_gazebo//models/aws_robomaker_warehouse_RoofB_01/model.sdf
[2.426s] -- Up-to-date: /home/duck/Downloads/robo/install/turtlebot3_gazebo/share/turtlebot3_gazebo//models/aws_robomaker_warehouse_RoofB_01/meshes
[2.429s] -- Up-to-date: /home/duck/Downloads/robo/install/turtlebot3_gazebo/share/turtlebot3_gazebo//models/aws_robomaker_warehouse_RoofB_01/meshes/aws_robomaker_warehouse_RoofB_01_visual.DAE
[2.429s] -- Up-to-date: /home/duck/Downloads/robo/install/turtlebot3_gazebo/share/turtlebot3_gazebo//models/aws_robomaker_warehouse_RoofB_01/meshes/aws_robomaker_warehouse_RoofB_01_collision.DAE
[2.429s] -- Up-to-date: /home/duck/Downloads/robo/install/turtlebot3_gazebo/share/turtlebot3_gazebo//models/aws_robomaker_warehouse_RoofB_01/model.config
[2.429s] -- Up-to-date: /home/duck/Downloads/robo/install/turtlebot3_gazebo/share/turtlebot3_gazebo//rviz
[2.431s] -- Up-to-date: /home/duck/Downloads/robo/install/turtlebot3_gazebo/share/turtlebot3_gazebo//rviz/tb3_gazebo.rviz
[2.431s] -- Up-to-date: /home/duck/Downloads/robo/install/turtlebot3_gazebo/share/turtlebot3_gazebo//urdf
[2.434s] -- Up-to-date: /home/duck/Downloads/robo/install/turtlebot3_gazebo/share/turtlebot3_gazebo//urdf/turtlebot3_waffle_pi.urdf
[2.434s] -- Up-to-date: /home/duck/Downloads/robo/install/turtlebot3_gazebo/share/turtlebot3_gazebo//urdf/common_properties.urdf
[2.434s] -- Up-to-date: /home/duck/Downloads/robo/install/turtlebot3_gazebo/share/turtlebot3_gazebo//urdf/turtlebot3_waffle.urdf
[2.436s] -- Up-to-date: /home/duck/Downloads/robo/install/turtlebot3_gazebo/share/turtlebot3_gazebo//urdf/turtlebot3_burger.urdf
[2.436s] -- Up-to-date: /home/duck/Downloads/robo/install/turtlebot3_gazebo/share/turtlebot3_gazebo//worlds
[2.444s] -- Up-to-date: /home/duck/Downloads/robo/install/turtlebot3_gazebo/share/turtlebot3_gazebo//worlds/warehouse_willow.world
[2.444s] -- Up-to-date: /home/duck/Downloads/robo/install/turtlebot3_gazebo/share/turtlebot3_gazebo//worlds/damn.world
[2.444s] -- Up-to-date: /home/duck/Downloads/robo/install/turtlebot3_gazebo/share/turtlebot3_gazebo//worlds/turtlebot3_dqn_stage2.world
[2.444s] -- Up-to-date: /home/duck/Downloads/robo/install/turtlebot3_gazebo/share/turtlebot3_gazebo//worlds/turtlebot3_dqn_stage4.world
[2.444s] -- Up-to-date: /home/duck/Downloads/robo/install/turtlebot3_gazebo/share/turtlebot3_gazebo//worlds/turtlebot3_world.world
[2.445s] -- Up-to-date: /home/duck/Downloads/robo/install/turtlebot3_gazebo/share/turtlebot3_gazebo//worlds/turtlebot3_house.world
[2.445s] -- Up-to-date: /home/duck/Downloads/robo/install/turtlebot3_gazebo/share/turtlebot3_gazebo//worlds/warehouse_old.world
[2.445s] -- Up-to-date: /home/duck/Downloads/robo/install/turtlebot3_gazebo/share/turtlebot3_gazebo//worlds/turtlebot3_dqn_stage3.world
[2.445s] -- Up-to-date: /home/duck/Downloads/robo/install/turtlebot3_gazebo/share/turtlebot3_gazebo//worlds/turtlebot3_dqn_stage1.world
[2.445s] -- Up-to-date: /home/duck/Downloads/robo/install/turtlebot3_gazebo/share/turtlebot3_gazebo//worlds/empty_world.world
[2.445s] -- Up-to-date: /home/duck/Downloads/robo/install/turtlebot3_gazebo/share/turtlebot3_gazebo//worlds/warehouse.world
[2.445s] -- Up-to-date: /home/duck/Downloads/robo/install/turtlebot3_gazebo/share/turtlebot3_gazebo//worlds/final_new.world
[2.449s] -- Up-to-date: /home/duck/Downloads/robo/install/turtlebot3_gazebo/share/turtlebot3_gazebo//worlds/RL (copy).world
[2.449s] -- Up-to-date: /home/duck/Downloads/robo/install/turtlebot3_gazebo/share/turtlebot3_gazebo//worlds/final.world
[2.449s] -- Up-to-date: /home/duck/Downloads/robo/install/turtlebot3_gazebo/share/turtlebot3_gazebo//worlds/RL.world
[2.449s] -- Up-to-date: /home/duck/Downloads/robo/install/turtlebot3_gazebo/include/
[2.452s] -- Up-to-date: /home/duck/Downloads/robo/install/turtlebot3_gazebo/include//turtlebot3_gazebo
[2.455s] -- Up-to-date: /home/duck/Downloads/robo/install/turtlebot3_gazebo/include//turtlebot3_gazebo/turtlebot3_drive.hpp
[2.455s] -- Up-to-date: /home/duck/Downloads/robo/install/turtlebot3_gazebo/share/ament_index/resource_index/package_run_dependencies/turtlebot3_gazebo
[2.465s] -- Up-to-date: /home/duck/Downloads/robo/install/turtlebot3_gazebo/share/ament_index/resource_index/parent_prefix_path/turtlebot3_gazebo
[2.472s] -- Up-to-date: /home/duck/Downloads/robo/install/turtlebot3_gazebo/share/turtlebot3_gazebo/environment/ament_prefix_path.sh
[2.473s] -- Up-to-date: /home/duck/Downloads/robo/install/turtlebot3_gazebo/share/turtlebot3_gazebo/environment/ament_prefix_path.dsv
[2.473s] -- Up-to-date: /home/duck/Downloads/robo/install/turtlebot3_gazebo/share/turtlebot3_gazebo/environment/path.sh
[2.474s] -- Up-to-date: /home/duck/Downloads/robo/install/turtlebot3_gazebo/share/turtlebot3_gazebo/environment/path.dsv
[2.476s] -- Up-to-date: /home/duck/Downloads/robo/install/turtlebot3_gazebo/share/turtlebot3_gazebo/local_setup.bash
[2.478s] -- Up-to-date: /home/duck/Downloads/robo/install/turtlebot3_gazebo/share/turtlebot3_gazebo/local_setup.sh
[2.479s] -- Up-to-date: /home/duck/Downloads/robo/install/turtlebot3_gazebo/share/turtlebot3_gazebo/local_setup.zsh
[2.479s] -- Up-to-date: /home/duck/Downloads/robo/install/turtlebot3_gazebo/share/turtlebot3_gazebo/local_setup.dsv
[2.479s] -- Installing: /home/duck/Downloads/robo/install/turtlebot3_gazebo/share/turtlebot3_gazebo/package.dsv
[2.481s] -- Up-to-date: /home/duck/Downloads/robo/install/turtlebot3_gazebo/share/ament_index/resource_index/packages/turtlebot3_gazebo
[2.482s] -- Up-to-date: /home/duck/Downloads/robo/install/turtlebot3_gazebo/share/turtlebot3_gazebo/cmake/ament_cmake_export_include_directories-extras.cmake
[2.484s] -- Up-to-date: /home/duck/Downloads/robo/install/turtlebot3_gazebo/share/turtlebot3_gazebo/cmake/ament_cmake_export_dependencies-extras.cmake
[2.484s] -- Up-to-date: /home/duck/Downloads/robo/install/turtlebot3_gazebo/share/turtlebot3_gazebo/cmake/turtlebot3_gazeboConfig.cmake
[2.487s] -- Up-to-date: /home/duck/Downloads/robo/install/turtlebot3_gazebo/share/turtlebot3_gazebo/cmake/turtlebot3_gazeboConfig-version.cmake
[2.488s] -- Up-to-date: /home/duck/Downloads/robo/install/turtlebot3_gazebo/share/turtlebot3_gazebo/package.xml
[2.496s] Invoked command in '/home/duck/Downloads/robo/build/turtlebot3_gazebo' returned '0': CMAKE_PREFIX_PATH=${CMAKE_PREFIX_PATH}:/home/duck/Downloads/robo/install/robot_math:/home/duck/Downloads/robo/install/pc:/home/duck/Downloads/robo/install/my_robot_controller:/opt/ros/humble /usr/bin/cmake --install /home/duck/Downloads/robo/build/turtlebot3_gazebo
