[0.020s] Invoking command in '/home/duck/Downloads/robo/build/point_cloud_perception': CMAKE_PREFIX_PATH=${CMAKE_PREFIX_PATH}:/home/duck/Downloads/robo/install/robot_math:/home/duck/Downloads/robo/install/pc:/home/duck/Downloads/robo/install/my_robot_controller:/opt/ros/humble /usr/bin/cmake --build /home/duck/Downloads/robo/build/point_cloud_perception -- -j4 -l4
[0.801s] [ 33%] Built target voxeling
[1.045s] [ 66%] Built target clustering
[1.180s] [100%] Built target planner_seg
[2.067s] Invoked command in '/home/duck/Downloads/robo/build/point_cloud_perception' returned '0': CMAKE_PREFIX_PATH=${CMAKE_PREFIX_PATH}:/home/duck/Downloads/robo/install/robot_math:/home/duck/Downloads/robo/install/pc:/home/duck/Downloads/robo/install/my_robot_controller:/opt/ros/humble /usr/bin/cmake --build /home/duck/Downloads/robo/build/point_cloud_perception -- -j4 -l4
[2.079s] Invoking command in '/home/duck/Downloads/robo/build/point_cloud_perception': CMAKE_PREFIX_PATH=${CMAKE_PREFIX_PATH}:/home/duck/Downloads/robo/install/robot_math:/home/duck/Downloads/robo/install/pc:/home/duck/Downloads/robo/install/my_robot_controller:/opt/ros/humble /usr/bin/cmake --install /home/duck/Downloads/robo/build/point_cloud_perception
[2.141s] -- Install configuration: ""
[2.198s] -- Up-to-date: /home/duck/Downloads/robo/install/point_cloud_perception/lib/point_cloud_perception/voxeling
[2.204s] -- Up-to-date: /home/duck/Downloads/robo/install/point_cloud_perception/lib/point_cloud_perception/planner_seg
[2.207s] -- Up-to-date: /home/duck/Downloads/robo/install/point_cloud_perception/lib/point_cloud_perception/clustering
[2.209s] -- Up-to-date: /home/duck/Downloads/robo/install/point_cloud_perception/share/point_cloud_perception//launch
[2.214s] -- Up-to-date: /home/duck/Downloads/robo/install/point_cloud_perception/share/point_cloud_perception//launch/3d_depth_mapping_rtab6.launch.py
[2.214s] -- Up-to-date: /home/duck/Downloads/robo/install/point_cloud_perception/share/point_cloud_perception//launch/3d_depth_mapping_rtab3.launch.py
[2.214s] -- Up-to-date: /home/duck/Downloads/robo/install/point_cloud_perception/share/point_cloud_perception//launch/rtab_mapping.launch.py
[2.214s] -- Up-to-date: /home/duck/Downloads/robo/install/point_cloud_perception/share/point_cloud_perception//launch/3d_depth_mapping_rtab5.launch.py
[2.214s] -- Up-to-date: /home/duck/Downloads/robo/install/point_cloud_perception/share/point_cloud_perception//launch/3d_depth_mapping_rtab9.launch.py
[2.214s] -- Up-to-date: /home/duck/Downloads/robo/install/point_cloud_perception/share/point_cloud_perception//launch/3d_depth_mapping_rtab14.launch.py
[2.215s] -- Up-to-date: /home/duck/Downloads/robo/install/point_cloud_perception/share/point_cloud_perception//launch/3d_depth_mapping_rtab15.launch.py
[2.215s] -- Up-to-date: /home/duck/Downloads/robo/install/point_cloud_perception/share/point_cloud_perception//launch/3d_depth_mapping_rtab7.launch.py
[2.215s] -- Up-to-date: /home/duck/Downloads/robo/install/point_cloud_perception/share/point_cloud_perception//launch/3d_depth_mapping_rtab.launch.py
[2.218s] -- Up-to-date: /home/duck/Downloads/robo/install/point_cloud_perception/share/point_cloud_perception//launch/3d_depth_mapping_rtab1.launch.py
[2.218s] -- Up-to-date: /home/duck/Downloads/robo/install/point_cloud_perception/share/point_cloud_perception//launch/3d_depth_mapping_rtab10.launch.py
[2.219s] -- Up-to-date: /home/duck/Downloads/robo/install/point_cloud_perception/share/point_cloud_perception//launch/3d_depth_mapping_rtab12.launch.py
[2.219s] -- Up-to-date: /home/duck/Downloads/robo/install/point_cloud_perception/share/point_cloud_perception//launch/3d_depth_mapping_rtab13.launch.py
[2.222s] -- Up-to-date: /home/duck/Downloads/robo/install/point_cloud_perception/share/point_cloud_perception//launch/3d_depth_mapping_rtab8.launch.py
[2.226s] -- Up-to-date: /home/duck/Downloads/robo/install/point_cloud_perception/share/point_cloud_perception//launch/3d_depth_mapping_rtab11.launch.py
[2.228s] -- Up-to-date: /home/duck/Downloads/robo/install/point_cloud_perception/share/point_cloud_perception//launch/3d_depth_mapping_rtab2.launch.py
[2.230s] -- Up-to-date: /home/duck/Downloads/robo/install/point_cloud_perception/share/point_cloud_perception//launch/3d_depth_mapping_rtab4.launch.py
[2.230s] -- Up-to-date: /home/duck/Downloads/robo/install/point_cloud_perception/share/ament_index/resource_index/package_run_dependencies/point_cloud_perception
[2.231s] -- Up-to-date: /home/duck/Downloads/robo/install/point_cloud_perception/share/ament_index/resource_index/parent_prefix_path/point_cloud_perception
[2.231s] -- Up-to-date: /home/duck/Downloads/robo/install/point_cloud_perception/share/point_cloud_perception/environment/ament_prefix_path.sh
[2.231s] -- Up-to-date: /home/duck/Downloads/robo/install/point_cloud_perception/share/point_cloud_perception/environment/ament_prefix_path.dsv
[2.231s] -- Up-to-date: /home/duck/Downloads/robo/install/point_cloud_perception/share/point_cloud_perception/environment/path.sh
[2.231s] -- Up-to-date: /home/duck/Downloads/robo/install/point_cloud_perception/share/point_cloud_perception/environment/path.dsv
[2.232s] -- Up-to-date: /home/duck/Downloads/robo/install/point_cloud_perception/share/point_cloud_perception/local_setup.bash
[2.232s] -- Up-to-date: /home/duck/Downloads/robo/install/point_cloud_perception/share/point_cloud_perception/local_setup.sh
[2.232s] -- Up-to-date: /home/duck/Downloads/robo/install/point_cloud_perception/share/point_cloud_perception/local_setup.zsh
[2.232s] -- Up-to-date: /home/duck/Downloads/robo/install/point_cloud_perception/share/point_cloud_perception/local_setup.dsv
[2.232s] -- Installing: /home/duck/Downloads/robo/install/point_cloud_perception/share/point_cloud_perception/package.dsv
[2.252s] -- Up-to-date: /home/duck/Downloads/robo/install/point_cloud_perception/share/ament_index/resource_index/packages/point_cloud_perception
[2.253s] -- Up-to-date: /home/duck/Downloads/robo/install/point_cloud_perception/share/point_cloud_perception/cmake/point_cloud_perceptionConfig.cmake
[2.253s] -- Up-to-date: /home/duck/Downloads/robo/install/point_cloud_perception/share/point_cloud_perception/cmake/point_cloud_perceptionConfig-version.cmake
[2.262s] -- Up-to-date: /home/duck/Downloads/robo/install/point_cloud_perception/share/point_cloud_perception/package.xml
[2.352s] Invoked command in '/home/duck/Downloads/robo/build/point_cloud_perception' returned '0': CMAKE_PREFIX_PATH=${CMAKE_PREFIX_PATH}:/home/duck/Downloads/robo/install/robot_math:/home/duck/Downloads/robo/install/pc:/home/duck/Downloads/robo/install/my_robot_controller:/opt/ros/humble /usr/bin/cmake --install /home/duck/Downloads/robo/build/point_cloud_perception
