[3.787s] Invoking command in '/home/duck/Downloads/robo/src/ros2_learners/robot_math': PYTHONPATH=/home/duck/Downloads/robo/build/robot_math/prefix_override:/usr/lib/python3/dist-packages/colcon_core/task/python/colcon_distutils_commands:/home/duck/Downloads/robo/install/robot_math/lib/python3.10/site-packages:${PYTHONPATH} /usr/bin/python3 -W ignore:setup.py install is deprecated -W ignore:easy_install command is deprecated setup.py egg_info --egg-base ../../../build/robot_math build --build-base /home/duck/Downloads/robo/build/robot_math/build install --record /home/duck/Downloads/robo/build/robot_math/install.log --single-version-externally-managed install_data
[4.961s] running egg_info
[5.017s] writing ../../../build/robot_math/robot_math.egg-info/PKG-INFO
[5.017s] writing dependency_links to ../../../build/robot_math/robot_math.egg-info/dependency_links.txt
[5.030s] writing entry points to ../../../build/robot_math/robot_math.egg-info/entry_points.txt
[5.033s] writing requirements to ../../../build/robot_math/robot_math.egg-info/requires.txt
[5.036s] writing top-level names to ../../../build/robot_math/robot_math.egg-info/top_level.txt
[5.047s] reading manifest file '../../../build/robot_math/robot_math.egg-info/SOURCES.txt'
[5.055s] writing manifest file '../../../build/robot_math/robot_math.egg-info/SOURCES.txt'
[5.055s] running build
[5.056s] running build_py
[5.067s] running install
[5.067s] running install_lib
[5.107s] running install_data
[5.116s] running install_egg_info
[5.126s] removing '/home/duck/Downloads/robo/install/robot_math/lib/python3.10/site-packages/robot_math-0.0.0-py3.10.egg-info' (and everything under it)
[5.129s] Copying ../../../build/robot_math/robot_math.egg-info to /home/duck/Downloads/robo/install/robot_math/lib/python3.10/site-packages/robot_math-0.0.0-py3.10.egg-info
[5.161s] running install_scripts
[5.330s] Installing circle_motion_node script to /home/duck/Downloads/robo/install/robot_math/lib/robot_math
[5.335s] Installing go_To_Goal_node script to /home/duck/Downloads/robo/install/robot_math/lib/robot_math
[5.336s] writing list of installed files to '/home/duck/Downloads/robo/build/robot_math/install.log'
[5.573s] Invoked command in '/home/duck/Downloads/robo/src/ros2_learners/robot_math' returned '0': PYTHONPATH=/home/duck/Downloads/robo/build/robot_math/prefix_override:/usr/lib/python3/dist-packages/colcon_core/task/python/colcon_distutils_commands:/home/duck/Downloads/robo/install/robot_math/lib/python3.10/site-packages:${PYTHONPATH} /usr/bin/python3 -W ignore:setup.py install is deprecated -W ignore:easy_install command is deprecated setup.py egg_info --egg-base ../../../build/robot_math build --build-base /home/duck/Downloads/robo/build/robot_math/build install --record /home/duck/Downloads/robo/build/robot_math/install.log --single-version-externally-managed install_data
