[0.078s] Invoking command in '/home/duck/Downloads/robo/build/turtlebot3_gazebo': CMAKE_PREFIX_PATH=${CMAKE_PREFIX_PATH}:/home/duck/Downloads/robo/install/robot_math:/home/duck/Downloads/robo/install/pc:/home/duck/Downloads/robo/install/my_robot_controller:/opt/ros/humble /usr/bin/cmake --build /home/duck/Downloads/robo/build/turtlebot3_gazebo -- -j4 -l4
[0.456s] [ 25%] Built target turtlebot3_drive
[0.665s] [ 50%] Built target obstacles
[0.805s] [ 75%] Built target obstacle2
[0.927s] [100%] Built target obstacle1
[1.182s] Invoked command in '/home/duck/Downloads/robo/build/turtlebot3_gazebo' returned '0': CMAKE_PREFIX_PATH=${CMAKE_PREFIX_PATH}:/home/duck/Downloads/robo/install/robot_math:/home/duck/Downloads/robo/install/pc:/home/duck/Downloads/robo/install/my_robot_controller:/opt/ros/humble /usr/bin/cmake --build /home/duck/Downloads/robo/build/turtlebot3_gazebo -- -j4 -l4
[1.185s] Invoking command in '/home/duck/Downloads/robo/build/turtlebot3_gazebo': CMAKE_PREFIX_PATH=${CMAKE_PREFIX_PATH}:/home/duck/Downloads/robo/install/robot_math:/home/duck/Downloads/robo/install/pc:/home/duck/Downloads/robo/install/my_robot_controller:/opt/ros/humble /usr/bin/cmake --install /home/duck/Downloads/robo/build/turtlebot3_gazebo
[1.283s] -- Install configuration: ""
[1.284s] -- Up-to-date: /home/duck/Downloads/robo/install/turtlebot3_gazebo/lib/turtlebot3_gazebo/turtlebot3_drive
[1.285s] -- Up-to-date: /home/duck/Downloads/robo/install/turtlebot3_gazebo/share/turtlebot3_gazebo//launch
[1.295s] -- Up-to-date: /home/duck/Downloads/robo/install/turtlebot3_gazebo/share/turtlebot3_gazebo//launch/robot_state_publisher.launch.py
[1.296s] -- Up-to-date: /home/duck/Downloads/robo/install/turtlebot3_gazebo/share/turtlebot3_gazebo//launch/turtlebot3_dqn_stage4.launch.py
[1.296s] -- Up-to-date: /home/duck/Downloads/robo/install/turtlebot3_gazebo/share/turtlebot3_gazebo//launch/turtlebot3_dqn_stage2.launch.py
[1.297s] -- Up-to-date: /home/duck/Downloads/robo/install/turtlebot3_gazebo/share/turtlebot3_gazebo//launch/turtlebot3_dqn_stage1.launch.py
[1.297s] -- Up-to-date: /home/duck/Downloads/robo/install/turtlebot3_gazebo/share/turtlebot3_gazebo//launch/spawn_turtlebot3.launch.py
[1.297s] -- Up-to-date: /home/duck/Downloads/robo/install/turtlebot3_gazebo/share/turtlebot3_gazebo//launch/turtlebot3_world.launch.py
[1.298s] -- Up-to-date: /home/duck/Downloads/robo/install/turtlebot3_gazebo/share/turtlebot3_gazebo//launch/turtlebot3_dqn_stage3.launch.py
[1.298s] -- Up-to-date: /home/duck/Downloads/robo/install/turtlebot3_gazebo/share/turtlebot3_gazebo//launch/turtlebot3_house.launch.py
[1.301s] -- Up-to-date: /home/duck/Downloads/robo/install/turtlebot3_gazebo/share/turtlebot3_gazebo//launch/empty_world.launch.py
[1.310s] -- Up-to-date: /home/duck/Downloads/robo/install/turtlebot3_gazebo/share/turtlebot3_gazebo//models
[1.311s] -- Up-to-date: /home/duck/Downloads/robo/install/turtlebot3_gazebo/share/turtlebot3_gazebo//models/aws_robomaker_warehouse_ShelfE_01
[1.311s] -- Up-to-date: /home/duck/Downloads/robo/install/turtlebot3_gazebo/share/turtlebot3_gazebo//models/aws_robomaker_warehouse_ShelfE_01/materials
[1.311s] -- Up-to-date: /home/duck/Downloads/robo/install/turtlebot3_gazebo/share/turtlebot3_gazebo//models/aws_robomaker_warehouse_ShelfE_01/materials/textures
[1.311s] -- Up-to-date: /home/duck/Downloads/robo/install/turtlebot3_gazebo/share/turtlebot3_gazebo//models/aws_robomaker_warehouse_ShelfE_01/materials/textures/aws_robomaker_warehouse_ShelfE_01.png
[1.312s] -- Up-to-date: /home/duck/Downloads/robo/install/turtlebot3_gazebo/share/turtlebot3_gazebo//models/aws_robomaker_warehouse_ShelfE_01/materials/textures/aws_robomaker_warehouse_ShelfE_02.png
[1.312s] -- Up-to-date: /home/duck/Downloads/robo/install/turtlebot3_gazebo/share/turtlebot3_gazebo//models/aws_robomaker_warehouse_ShelfE_01/materials/textures/aws_robomaker_warehouse_ShelfE_03.png
[1.312s] -- Up-to-date: /home/duck/Downloads/robo/install/turtlebot3_gazebo/share/turtlebot3_gazebo//models/aws_robomaker_warehouse_ShelfE_01/materials/textures/aws_robomaker_warehouse_ShelfE_04.png
[1.312s] -- Up-to-date: /home/duck/Downloads/robo/install/turtlebot3_gazebo/share/turtlebot3_gazebo//models/aws_robomaker_warehouse_ShelfE_01/model.sdf
[1.313s] -- Up-to-date: /home/duck/Downloads/robo/install/turtlebot3_gazebo/share/turtlebot3_gazebo//models/aws_robomaker_warehouse_ShelfE_01/meshes
[1.313s] -- Up-to-date: /home/duck/Downloads/robo/install/turtlebot3_gazebo/share/turtlebot3_gazebo//models/aws_robomaker_warehouse_ShelfE_01/meshes/aws_robomaker_warehouse_ShelfE_01_visual.DAE
[1.313s] -- Up-to-date: /home/duck/Downloads/robo/install/turtlebot3_gazebo/share/turtlebot3_gazebo//models/aws_robomaker_warehouse_ShelfE_01/meshes/aws_robomaker_warehouse_ShelfE_01_collision.DAE
[1.313s] -- Up-to-date: /home/duck/Downloads/robo/install/turtlebot3_gazebo/share/turtlebot3_gazebo//models/aws_robomaker_warehouse_ShelfE_01/model.config
[1.314s] -- Up-to-date: /home/duck/Downloads/robo/install/turtlebot3_gazebo/share/turtlebot3_gazebo//models/aws_robomaker_warehouse_DeskC_01
[1.314s] -- Up-to-date: /home/duck/Downloads/robo/install/turtlebot3_gazebo/share/turtlebot3_gazebo//models/aws_robomaker_warehouse_DeskC_01/materials
[1.314s] -- Up-to-date: /home/duck/Downloads/robo/install/turtlebot3_gazebo/share/turtlebot3_gazebo//models/aws_robomaker_warehouse_DeskC_01/materials/textures
[1.314s] -- Up-to-date: /home/duck/Downloads/robo/install/turtlebot3_gazebo/share/turtlebot3_gazebo//models/aws_robomaker_warehouse_DeskC_01/materials/textures/aws_robomaker_warehouse_DeskC_03.psd
[1.315s] -- Up-to-date: /home/duck/Downloads/robo/install/turtlebot3_gazebo/share/turtlebot3_gazebo//models/aws_robomaker_warehouse_DeskC_01/materials/textures/aws_robomaker_warehouse_DeskC_01.png
[1.315s] -- Up-to-date: /home/duck/Downloads/robo/install/turtlebot3_gazebo/share/turtlebot3_gazebo//models/aws_robomaker_warehouse_DeskC_01/materials/textures/aws_robomaker_warehouse_DeskC_04.png
[1.341s] -- Up-to-date: /home/duck/Downloads/robo/install/turtlebot3_gazebo/share/turtlebot3_gazebo//models/aws_robomaker_warehouse_DeskC_01/materials/textures/aws_robomaker_warehouse_DeskC_03.png
[1.341s] -- Up-to-date: /home/duck/Downloads/robo/install/turtlebot3_gazebo/share/turtlebot3_gazebo//models/aws_robomaker_warehouse_DeskC_01/materials/textures/aws_robomaker_warehouse_DeskC_02.png
[1.342s] -- Up-to-date: /home/duck/Downloads/robo/install/turtlebot3_gazebo/share/turtlebot3_gazebo//models/aws_robomaker_warehouse_DeskC_01/model.sdf
[1.342s] -- Up-to-date: /home/duck/Downloads/robo/install/turtlebot3_gazebo/share/turtlebot3_gazebo//models/aws_robomaker_warehouse_DeskC_01/meshes
[1.342s] -- Up-to-date: /home/duck/Downloads/robo/install/turtlebot3_gazebo/share/turtlebot3_gazebo//models/aws_robomaker_warehouse_DeskC_01/meshes/aws_robomaker_warehouse_DeskC_01_visual.DAE
[1.342s] -- Up-to-date: /home/duck/Downloads/robo/install/turtlebot3_gazebo/share/turtlebot3_gazebo//models/aws_robomaker_warehouse_DeskC_01/meshes/aws_robomaker_warehouse_DeskC_01_collision.DAE
[1.342s] -- Up-to-date: /home/duck/Downloads/robo/install/turtlebot3_gazebo/share/turtlebot3_gazebo//models/aws_robomaker_warehouse_DeskC_01/model.config
[1.342s] -- Up-to-date: /home/duck/Downloads/robo/install/turtlebot3_gazebo/share/turtlebot3_gazebo//models/turtlebot3_dqn_world
[1.342s] -- Up-to-date: /home/duck/Downloads/robo/install/turtlebot3_gazebo/share/turtlebot3_gazebo//models/turtlebot3_dqn_world/obstacle2
[1.342s] -- Up-to-date: /home/duck/Downloads/robo/install/turtlebot3_gazebo/share/turtlebot3_gazebo//models/turtlebot3_dqn_world/obstacle2/model.sdf
[1.343s] -- Up-to-date: /home/duck/Downloads/robo/install/turtlebot3_gazebo/share/turtlebot3_gazebo//models/turtlebot3_dqn_world/obstacle2/model.config
[1.343s] -- Up-to-date: /home/duck/Downloads/robo/install/turtlebot3_gazebo/share/turtlebot3_gazebo//models/turtlebot3_dqn_world/obstacle1
[1.343s] -- Up-to-date: /home/duck/Downloads/robo/install/turtlebot3_gazebo/share/turtlebot3_gazebo//models/turtlebot3_dqn_world/obstacle1/model.sdf
[1.346s] -- Up-to-date: /home/duck/Downloads/robo/install/turtlebot3_gazebo/share/turtlebot3_gazebo//models/turtlebot3_dqn_world/obstacle1/model.config
[1.347s] -- Up-to-date: /home/duck/Downloads/robo/install/turtlebot3_gazebo/share/turtlebot3_gazebo//models/turtlebot3_dqn_world/obstacle_plugin
[1.355s] -- Up-to-date: /home/duck/Downloads/robo/install/turtlebot3_gazebo/share/turtlebot3_gazebo//models/turtlebot3_dqn_world/obstacle_plugin/obstacles.cc
[1.357s] -- Up-to-date: /home/duck/Downloads/robo/install/turtlebot3_gazebo/share/turtlebot3_gazebo//models/turtlebot3_dqn_world/obstacle_plugin/CMakeLists.txt
[1.358s] -- Up-to-date: /home/duck/Downloads/robo/install/turtlebot3_gazebo/share/turtlebot3_gazebo//models/turtlebot3_dqn_world/obstacle_plugin/obstacle1.cc
[1.358s] -- Up-to-date: /home/duck/Downloads/robo/install/turtlebot3_gazebo/share/turtlebot3_gazebo//models/turtlebot3_dqn_world/obstacle_plugin/obstacle2.cc
[1.359s] -- Up-to-date: /home/duck/Downloads/robo/install/turtlebot3_gazebo/share/turtlebot3_gazebo//models/turtlebot3_dqn_world/goal_box
[1.359s] -- Up-to-date: /home/duck/Downloads/robo/install/turtlebot3_gazebo/share/turtlebot3_gazebo//models/turtlebot3_dqn_world/goal_box/model.sdf
[1.360s] -- Up-to-date: /home/duck/Downloads/robo/install/turtlebot3_gazebo/share/turtlebot3_gazebo//models/turtlebot3_dqn_world/goal_box/model.config
[1.361s] -- Up-to-date: /home/duck/Downloads/robo/install/turtlebot3_gazebo/share/turtlebot3_gazebo//models/turtlebot3_dqn_world/model.sdf
[1.363s] -- Up-to-date: /home/duck/Downloads/robo/install/turtlebot3_gazebo/share/turtlebot3_gazebo//models/turtlebot3_dqn_world/model.config
[1.367s] -- Up-to-date: /home/duck/Downloads/robo/install/turtlebot3_gazebo/share/turtlebot3_gazebo//models/turtlebot3_dqn_world/obstacles
[1.370s] -- Up-to-date: /home/duck/Downloads/robo/install/turtlebot3_gazebo/share/turtlebot3_gazebo//models/turtlebot3_dqn_world/obstacles/model.sdf
[1.372s] -- Up-to-date: /home/duck/Downloads/robo/install/turtlebot3_gazebo/share/turtlebot3_gazebo//models/turtlebot3_dqn_world/obstacles/model.config
[1.375s] -- Up-to-date: /home/duck/Downloads/robo/install/turtlebot3_gazebo/share/turtlebot3_gazebo//models/turtlebot3_dqn_world/inner_walls
[1.377s] -- Up-to-date: /home/duck/Downloads/robo/install/turtlebot3_gazebo/share/turtlebot3_gazebo//models/turtlebot3_dqn_world/inner_walls/model.sdf
[1.377s] -- Up-to-date: /home/duck/Downloads/robo/install/turtlebot3_gazebo/share/turtlebot3_gazebo//models/turtlebot3_dqn_world/inner_walls/model.config
[1.377s] -- Up-to-date: /home/duck/Downloads/robo/install/turtlebot3_gazebo/share/turtlebot3_gazebo//models/aws_robomaker_warehouse_Lamp_01
[1.377s] -- Up-to-date: /home/duck/Downloads/robo/install/turtlebot3_gazebo/share/turtlebot3_gazebo//models/aws_robomaker_warehouse_Lamp_01/materials
[1.377s] -- Up-to-date: /home/duck/Downloads/robo/install/turtlebot3_gazebo/share/turtlebot3_gazebo//models/aws_robomaker_warehouse_Lamp_01/materials/textures
[1.377s] -- Up-to-date: /home/duck/Downloads/robo/install/turtlebot3_gazebo/share/turtlebot3_gazebo//models/aws_robomaker_warehouse_Lamp_01/materials/textures/aws_robomaker_warehouse_Lamp_01.png
[1.377s] -- Up-to-date: /home/duck/Downloads/robo/install/turtlebot3_gazebo/share/turtlebot3_gazebo//models/aws_robomaker_warehouse_Lamp_01/model.sdf
[1.377s] -- Up-to-date: /home/duck/Downloads/robo/install/turtlebot3_gazebo/share/turtlebot3_gazebo//models/aws_robomaker_warehouse_Lamp_01/meshes
[1.378s] -- Up-to-date: /home/duck/Downloads/robo/install/turtlebot3_gazebo/share/turtlebot3_gazebo//models/aws_robomaker_warehouse_Lamp_01/meshes/aws_robomaker_warehouse_Lamp_01_collision.DAE
[1.378s] -- Up-to-date: /home/duck/Downloads/robo/install/turtlebot3_gazebo/share/turtlebot3_gazebo//models/aws_robomaker_warehouse_Lamp_01/meshes/aws_robomaker_warehouse_Lamp_01_visual.DAE
[1.379s] -- Up-to-date: /home/duck/Downloads/robo/install/turtlebot3_gazebo/share/turtlebot3_gazebo//models/aws_robomaker_warehouse_Lamp_01/model.config
[1.379s] -- Up-to-date: /home/duck/Downloads/robo/install/turtlebot3_gazebo/share/turtlebot3_gazebo//models/aws_robomaker_warehouse_TrashCanC_01
[1.379s] -- Up-to-date: /home/duck/Downloads/robo/install/turtlebot3_gazebo/share/turtlebot3_gazebo//models/aws_robomaker_warehouse_TrashCanC_01/materials
[1.379s] -- Up-to-date: /home/duck/Downloads/robo/install/turtlebot3_gazebo/share/turtlebot3_gazebo//models/aws_robomaker_warehouse_TrashCanC_01/materials/textures
[1.379s] -- Up-to-date: /home/duck/Downloads/robo/install/turtlebot3_gazebo/share/turtlebot3_gazebo//models/aws_robomaker_warehouse_TrashCanC_01/materials/textures/aws_robomaker_warehouse_TrashCanC_01.png
[1.380s] -- Up-to-date: /home/duck/Downloads/robo/install/turtlebot3_gazebo/share/turtlebot3_gazebo//models/aws_robomaker_warehouse_TrashCanC_01/model.sdf
[1.381s] -- Up-to-date: /home/duck/Downloads/robo/install/turtlebot3_gazebo/share/turtlebot3_gazebo//models/aws_robomaker_warehouse_TrashCanC_01/meshes
[1.381s] -- Up-to-date: /home/duck/Downloads/robo/install/turtlebot3_gazebo/share/turtlebot3_gazebo//models/aws_robomaker_warehouse_TrashCanC_01/meshes/aws_robomaker_warehouse_TrashCanC_01_visual.DAE
[1.381s] -- Up-to-date: /home/duck/Downloads/robo/install/turtlebot3_gazebo/share/turtlebot3_gazebo//models/aws_robomaker_warehouse_TrashCanC_01/meshes/aws_robomaker_warehouse_TrashCanC_01_collision.DAE
[1.382s] -- Up-to-date: /home/duck/Downloads/robo/install/turtlebot3_gazebo/share/turtlebot3_gazebo//models/aws_robomaker_warehouse_TrashCanC_01/model.config
[1.382s] -- Up-to-date: /home/duck/Downloads/robo/install/turtlebot3_gazebo/share/turtlebot3_gazebo//models/turtlebot3_common
[1.394s] -- Up-to-date: /home/duck/Downloads/robo/install/turtlebot3_gazebo/share/turtlebot3_gazebo//models/turtlebot3_common/meshes
[1.395s] -- Up-to-date: /home/duck/Downloads/robo/install/turtlebot3_gazebo/share/turtlebot3_gazebo//models/turtlebot3_common/meshes/r200.dae
[1.399s] -- Up-to-date: /home/duck/Downloads/robo/install/turtlebot3_gazebo/share/turtlebot3_gazebo//models/turtlebot3_common/meshes/tire.dae
[1.400s] -- Up-to-date: /home/duck/Downloads/robo/install/turtlebot3_gazebo/share/turtlebot3_gazebo//models/turtlebot3_common/meshes/lds.dae
[1.400s] -- Up-to-date: /home/duck/Downloads/robo/install/turtlebot3_gazebo/share/turtlebot3_gazebo//models/turtlebot3_common/meshes/waffle_pi_base.dae
[1.400s] -- Up-to-date: /home/duck/Downloads/robo/install/turtlebot3_gazebo/share/turtlebot3_gazebo//models/turtlebot3_common/meshes/waffle_base.dae
[1.400s] -- Up-to-date: /home/duck/Downloads/robo/install/turtlebot3_gazebo/share/turtlebot3_gazebo//models/turtlebot3_common/meshes/burger_base.dae
[1.401s] -- Up-to-date: /home/duck/Downloads/robo/install/turtlebot3_gazebo/share/turtlebot3_gazebo//models/turtlebot3_common/model.config
[1.402s] -- Up-to-date: /home/duck/Downloads/robo/install/turtlebot3_gazebo/share/turtlebot3_gazebo//models/aws_robomaker_warehouse_WallB_01
[1.402s] -- Up-to-date: /home/duck/Downloads/robo/install/turtlebot3_gazebo/share/turtlebot3_gazebo//models/aws_robomaker_warehouse_WallB_01/materials
[1.402s] -- Up-to-date: /home/duck/Downloads/robo/install/turtlebot3_gazebo/share/turtlebot3_gazebo//models/aws_robomaker_warehouse_WallB_01/materials/textures
[1.402s] -- Up-to-date: /home/duck/Downloads/robo/install/turtlebot3_gazebo/share/turtlebot3_gazebo//models/aws_robomaker_warehouse_WallB_01/materials/textures/aws_robomaker_warehouse_WallB_01.png
[1.404s] -- Up-to-date: /home/duck/Downloads/robo/install/turtlebot3_gazebo/share/turtlebot3_gazebo//models/aws_robomaker_warehouse_WallB_01/model.sdf
[1.415s] -- Up-to-date: /home/duck/Downloads/robo/install/turtlebot3_gazebo/share/turtlebot3_gazebo//models/aws_robomaker_warehouse_WallB_01/meshes
[1.416s] -- Up-to-date: /home/duck/Downloads/robo/install/turtlebot3_gazebo/share/turtlebot3_gazebo//models/aws_robomaker_warehouse_WallB_01/meshes/aws_robomaker_warehouse_WallB_01_collision.DAE
[1.416s] -- Up-to-date: /home/duck/Downloads/robo/install/turtlebot3_gazebo/share/turtlebot3_gazebo//models/aws_robomaker_warehouse_WallB_01/meshes/aws_robomaker_warehouse_WallB_01_visual.DAE
[1.416s] -- Up-to-date: /home/duck/Downloads/robo/install/turtlebot3_gazebo/share/turtlebot3_gazebo//models/aws_robomaker_warehouse_WallB_01/model.config
[1.416s] -- Up-to-date: /home/duck/Downloads/robo/install/turtlebot3_gazebo/share/turtlebot3_gazebo//models/turtlebot3_waffle
[1.417s] -- Up-to-date: /home/duck/Downloads/robo/install/turtlebot3_gazebo/share/turtlebot3_gazebo//models/turtlebot3_waffle/model-1_4.sdf
[1.417s] -- Up-to-date: /home/duck/Downloads/robo/install/turtlebot3_gazebo/share/turtlebot3_gazebo//models/turtlebot3_waffle/model.sdf
[1.417s] -- Up-to-date: /home/duck/Downloads/robo/install/turtlebot3_gazebo/share/turtlebot3_gazebo//models/turtlebot3_waffle/model.config
[1.417s] -- Up-to-date: /home/duck/Downloads/robo/install/turtlebot3_gazebo/share/turtlebot3_gazebo//models/aws_robomaker_warehouse_ClutteringC_01
[1.417s] -- Up-to-date: /home/duck/Downloads/robo/install/turtlebot3_gazebo/share/turtlebot3_gazebo//models/aws_robomaker_warehouse_ClutteringC_01/materials
[1.417s] -- Up-to-date: /home/duck/Downloads/robo/install/turtlebot3_gazebo/share/turtlebot3_gazebo//models/aws_robomaker_warehouse_ClutteringC_01/materials/textures
[1.417s] -- Up-to-date: /home/duck/Downloads/robo/install/turtlebot3_gazebo/share/turtlebot3_gazebo//models/aws_robomaker_warehouse_ClutteringC_01/materials/textures/aws_robomaker_warehouse_ClutteringC_02.png
[1.418s] -- Up-to-date: /home/duck/Downloads/robo/install/turtlebot3_gazebo/share/turtlebot3_gazebo//models/aws_robomaker_warehouse_ClutteringC_01/materials/textures/aws_robomaker_warehouse_ClutteringC_01.png
[1.418s] -- Up-to-date: /home/duck/Downloads/robo/install/turtlebot3_gazebo/share/turtlebot3_gazebo//models/aws_robomaker_warehouse_ClutteringC_01/model.sdf
[1.418s] -- Up-to-date: /home/duck/Downloads/robo/install/turtlebot3_gazebo/share/turtlebot3_gazebo//models/aws_robomaker_warehouse_ClutteringC_01/meshes
[1.418s] -- Up-to-date: /home/duck/Downloads/robo/install/turtlebot3_gazebo/share/turtlebot3_gazebo//models/aws_robomaker_warehouse_ClutteringC_01/meshes/aws_robomaker_warehouse_ClutteringC_01_visual.DAE
[1.418s] -- Up-to-date: /home/duck/Downloads/robo/install/turtlebot3_gazebo/share/turtlebot3_gazebo//models/aws_robomaker_warehouse_ClutteringC_01/meshes/aws_robomaker_warehouse_ClutteringC_01_collision.DAE
[1.419s] -- Up-to-date: /home/duck/Downloads/robo/install/turtlebot3_gazebo/share/turtlebot3_gazebo//models/aws_robomaker_warehouse_ClutteringC_01/model.config
[1.419s] -- Up-to-date: /home/duck/Downloads/robo/install/turtlebot3_gazebo/share/turtlebot3_gazebo//models/aws_robomaker_warehouse_GroundB_01
[1.419s] -- Up-to-date: /home/duck/Downloads/robo/install/turtlebot3_gazebo/share/turtlebot3_gazebo//models/aws_robomaker_warehouse_GroundB_01/materials
[1.419s] -- Up-to-date: /home/duck/Downloads/robo/install/turtlebot3_gazebo/share/turtlebot3_gazebo//models/aws_robomaker_warehouse_GroundB_01/materials/textures
[1.419s] -- Up-to-date: /home/duck/Downloads/robo/install/turtlebot3_gazebo/share/turtlebot3_gazebo//models/aws_robomaker_warehouse_GroundB_01/materials/textures/aws_robomaker_warehouse_GroundB_01.png
[1.419s] -- Up-to-date: /home/duck/Downloads/robo/install/turtlebot3_gazebo/share/turtlebot3_gazebo//models/aws_robomaker_warehouse_GroundB_01/materials/textures/aws_robomaker_warehouse_GroundB_02.png
[1.419s] -- Up-to-date: /home/duck/Downloads/robo/install/turtlebot3_gazebo/share/turtlebot3_gazebo//models/aws_robomaker_warehouse_GroundB_01/model.sdf
[1.420s] -- Up-to-date: /home/duck/Downloads/robo/install/turtlebot3_gazebo/share/turtlebot3_gazebo//models/aws_robomaker_warehouse_GroundB_01/meshes
[1.420s] -- Up-to-date: /home/duck/Downloads/robo/install/turtlebot3_gazebo/share/turtlebot3_gazebo//models/aws_robomaker_warehouse_GroundB_01/meshes/aws_robomaker_warehouse_GroundB_01_collision.DAE
[1.420s] -- Up-to-date: /home/duck/Downloads/robo/install/turtlebot3_gazebo/share/turtlebot3_gazebo//models/aws_robomaker_warehouse_GroundB_01/meshes/aws_robomaker_warehouse_GroundB_01_visual.DAE
[1.420s] -- Up-to-date: /home/duck/Downloads/robo/install/turtlebot3_gazebo/share/turtlebot3_gazebo//models/aws_robomaker_warehouse_GroundB_01/model.config
[1.420s] -- Up-to-date: /home/duck/Downloads/robo/install/turtlebot3_gazebo/share/turtlebot3_gazebo//models/aws_robomaker_warehouse_ClutteringA_01
[1.420s] -- Up-to-date: /home/duck/Downloads/robo/install/turtlebot3_gazebo/share/turtlebot3_gazebo//models/aws_robomaker_warehouse_ClutteringA_01/materials
[1.420s] -- Up-to-date: /home/duck/Downloads/robo/install/turtlebot3_gazebo/share/turtlebot3_gazebo//models/aws_robomaker_warehouse_ClutteringA_01/materials/textures
[1.421s] -- Up-to-date: /home/duck/Downloads/robo/install/turtlebot3_gazebo/share/turtlebot3_gazebo//models/aws_robomaker_warehouse_ClutteringA_01/materials/textures/aws_robomaker_warehouse_ClutteringA_01.png
[1.421s] -- Up-to-date: /home/duck/Downloads/robo/install/turtlebot3_gazebo/share/turtlebot3_gazebo//models/aws_robomaker_warehouse_ClutteringA_01/materials/textures/aws_robomaker_warehouse_ClutteringA_02.png
[1.421s] -- Up-to-date: /home/duck/Downloads/robo/install/turtlebot3_gazebo/share/turtlebot3_gazebo//models/aws_robomaker_warehouse_ClutteringA_01/materials/textures/aws_robomaker_warehouse_ClutteringA_03.png
[1.421s] -- Up-to-date: /home/duck/Downloads/robo/install/turtlebot3_gazebo/share/turtlebot3_gazebo//models/aws_robomaker_warehouse_ClutteringA_01/model.sdf
[1.421s] -- Up-to-date: /home/duck/Downloads/robo/install/turtlebot3_gazebo/share/turtlebot3_gazebo//models/aws_robomaker_warehouse_ClutteringA_01/meshes
[1.422s] -- Up-to-date: /home/duck/Downloads/robo/install/turtlebot3_gazebo/share/turtlebot3_gazebo//models/aws_robomaker_warehouse_ClutteringA_01/meshes/aws_robomaker_warehouse_ClutteringA_01_collision.DAE
[1.422s] -- Up-to-date: /home/duck/Downloads/robo/install/turtlebot3_gazebo/share/turtlebot3_gazebo//models/aws_robomaker_warehouse_ClutteringA_01/meshes/aws_robomaker_warehouse_ClutteringA_01_visual.DAE
[1.422s] -- Up-to-date: /home/duck/Downloads/robo/install/turtlebot3_gazebo/share/turtlebot3_gazebo//models/aws_robomaker_warehouse_ClutteringA_01/model.config
[1.422s] -- Up-to-date: /home/duck/Downloads/robo/install/turtlebot3_gazebo/share/turtlebot3_gazebo//models/aws_robomaker_warehouse_ShelfF_01
[1.422s] -- Up-to-date: /home/duck/Downloads/robo/install/turtlebot3_gazebo/share/turtlebot3_gazebo//models/aws_robomaker_warehouse_ShelfF_01/materials
[1.422s] -- Up-to-date: /home/duck/Downloads/robo/install/turtlebot3_gazebo/share/turtlebot3_gazebo//models/aws_robomaker_warehouse_ShelfF_01/materials/textures
[1.422s] -- Up-to-date: /home/duck/Downloads/robo/install/turtlebot3_gazebo/share/turtlebot3_gazebo//models/aws_robomaker_warehouse_ShelfF_01/materials/textures/aws_robomaker_warehouse_ShelfF_01.png
[1.423s] -- Up-to-date: /home/duck/Downloads/robo/install/turtlebot3_gazebo/share/turtlebot3_gazebo//models/aws_robomaker_warehouse_ShelfF_01/materials/textures/aws_robomaker_warehouse_ShelfF_03.png
[1.423s] -- Up-to-date: /home/duck/Downloads/robo/install/turtlebot3_gazebo/share/turtlebot3_gazebo//models/aws_robomaker_warehouse_ShelfF_01/materials/textures/aws_robomaker_warehouse_ShelfF_02.png
[1.423s] -- Up-to-date: /home/duck/Downloads/robo/install/turtlebot3_gazebo/share/turtlebot3_gazebo//models/aws_robomaker_warehouse_ShelfF_01/model.sdf
[1.423s] -- Up-to-date: /home/duck/Downloads/robo/install/turtlebot3_gazebo/share/turtlebot3_gazebo//models/aws_robomaker_warehouse_ShelfF_01/meshes
[1.423s] -- Up-to-date: /home/duck/Downloads/robo/install/turtlebot3_gazebo/share/turtlebot3_gazebo//models/aws_robomaker_warehouse_ShelfF_01/meshes/aws_robomaker_warehouse_ShelfF_01_visual.DAE
[1.423s] -- Up-to-date: /home/duck/Downloads/robo/install/turtlebot3_gazebo/share/turtlebot3_gazebo//models/aws_robomaker_warehouse_ShelfF_01/meshes/aws_robomaker_warehouse_ShelfF_01_collision.DAE
[1.423s] -- Up-to-date: /home/duck/Downloads/robo/install/turtlebot3_gazebo/share/turtlebot3_gazebo//models/aws_robomaker_warehouse_ShelfF_01/model.config
[1.424s] -- Up-to-date: /home/duck/Downloads/robo/install/turtlebot3_gazebo/share/turtlebot3_gazebo//models/aws_robomaker_warehouse_ClutteringD_01
[1.424s] -- Up-to-date: /home/duck/Downloads/robo/install/turtlebot3_gazebo/share/turtlebot3_gazebo//models/aws_robomaker_warehouse_ClutteringD_01/materials
[1.424s] -- Up-to-date: /home/duck/Downloads/robo/install/turtlebot3_gazebo/share/turtlebot3_gazebo//models/aws_robomaker_warehouse_ClutteringD_01/materials/textures
[1.424s] -- Up-to-date: /home/duck/Downloads/robo/install/turtlebot3_gazebo/share/turtlebot3_gazebo//models/aws_robomaker_warehouse_ClutteringD_01/materials/textures/aws_robomaker_warehouse_ClutteringD_01.png
[1.424s] -- Up-to-date: /home/duck/Downloads/robo/install/turtlebot3_gazebo/share/turtlebot3_gazebo//models/aws_robomaker_warehouse_ClutteringD_01/materials/textures/aws_robomaker_warehouse_ClutteringD_02.png
[1.424s] -- Up-to-date: /home/duck/Downloads/robo/install/turtlebot3_gazebo/share/turtlebot3_gazebo//models/aws_robomaker_warehouse_ClutteringD_01/model.sdf
[1.424s] -- Up-to-date: /home/duck/Downloads/robo/install/turtlebot3_gazebo/share/turtlebot3_gazebo//models/aws_robomaker_warehouse_ClutteringD_01/meshes
[1.424s] -- Up-to-date: /home/duck/Downloads/robo/install/turtlebot3_gazebo/share/turtlebot3_gazebo//models/aws_robomaker_warehouse_ClutteringD_01/meshes/aws_robomaker_warehouse_ClutteringD_01_visual.DAE
[1.425s] -- Up-to-date: /home/duck/Downloads/robo/install/turtlebot3_gazebo/share/turtlebot3_gazebo//models/aws_robomaker_warehouse_ClutteringD_01/meshes/aws_robomaker_warehouse_ClutteringD_01_collision.DAE
[1.425s] -- Up-to-date: /home/duck/Downloads/robo/install/turtlebot3_gazebo/share/turtlebot3_gazebo//models/aws_robomaker_warehouse_ClutteringD_01/model.config
[1.425s] -- Up-to-date: /home/duck/Downloads/robo/install/turtlebot3_gazebo/share/turtlebot3_gazebo//models/aws_robomaker_warehouse_ShelfD_01
[1.425s] -- Up-to-date: /home/duck/Downloads/robo/install/turtlebot3_gazebo/share/turtlebot3_gazebo//models/aws_robomaker_warehouse_ShelfD_01/materials
[1.425s] -- Up-to-date: /home/duck/Downloads/robo/install/turtlebot3_gazebo/share/turtlebot3_gazebo//models/aws_robomaker_warehouse_ShelfD_01/materials/textures
[1.425s] -- Up-to-date: /home/duck/Downloads/robo/install/turtlebot3_gazebo/share/turtlebot3_gazebo//models/aws_robomaker_warehouse_ShelfD_01/materials/textures/aws_robomaker_warehouse_ShelfD_04.png
[1.425s] -- Up-to-date: /home/duck/Downloads/robo/install/turtlebot3_gazebo/share/turtlebot3_gazebo//models/aws_robomaker_warehouse_ShelfD_01/materials/textures/aws_robomaker_warehouse_ShelfD_01.png
[1.426s] -- Up-to-date: /home/duck/Downloads/robo/install/turtlebot3_gazebo/share/turtlebot3_gazebo//models/aws_robomaker_warehouse_ShelfD_01/materials/textures/aws_robomaker_warehouse_ShelfD_02.png
[1.426s] -- Up-to-date: /home/duck/Downloads/robo/install/turtlebot3_gazebo/share/turtlebot3_gazebo//models/aws_robomaker_warehouse_ShelfD_01/materials/textures/aws_robomaker_warehouse_ShelfD_03.png
[1.426s] -- Up-to-date: /home/duck/Downloads/robo/install/turtlebot3_gazebo/share/turtlebot3_gazebo//models/aws_robomaker_warehouse_ShelfD_01/model.sdf
[1.426s] -- Up-to-date: /home/duck/Downloads/robo/install/turtlebot3_gazebo/share/turtlebot3_gazebo//models/aws_robomaker_warehouse_ShelfD_01/model.config
[1.426s] -- Up-to-date: /home/duck/Downloads/robo/install/turtlebot3_gazebo/share/turtlebot3_gazebo//models/turtlebot3_world
[1.426s] -- Up-to-date: /home/duck/Downloads/robo/install/turtlebot3_gazebo/share/turtlebot3_gazebo//models/turtlebot3_world/model-1_4.sdf
[1.426s] -- Up-to-date: /home/duck/Downloads/robo/install/turtlebot3_gazebo/share/turtlebot3_gazebo//models/turtlebot3_world/model.sdf
[1.426s] -- Up-to-date: /home/duck/Downloads/robo/install/turtlebot3_gazebo/share/turtlebot3_gazebo//models/turtlebot3_world/meshes
[1.427s] -- Up-to-date: /home/duck/Downloads/robo/install/turtlebot3_gazebo/share/turtlebot3_gazebo//models/turtlebot3_world/meshes/wall.dae
[1.427s] -- Up-to-date: /home/duck/Downloads/robo/install/turtlebot3_gazebo/share/turtlebot3_gazebo//models/turtlebot3_world/meshes/hexagon.dae
[1.427s] -- Up-to-date: /home/duck/Downloads/robo/install/turtlebot3_gazebo/share/turtlebot3_gazebo//models/turtlebot3_world/model.config
[1.427s] -- Up-to-date: /home/duck/Downloads/robo/install/turtlebot3_gazebo/share/turtlebot3_gazebo//models/aws_robomaker_warehouse_PalletJackB_01
[1.427s] -- Up-to-date: /home/duck/Downloads/robo/install/turtlebot3_gazebo/share/turtlebot3_gazebo//models/aws_robomaker_warehouse_PalletJackB_01/materials
[1.427s] -- Up-to-date: /home/duck/Downloads/robo/install/turtlebot3_gazebo/share/turtlebot3_gazebo//models/aws_robomaker_warehouse_PalletJackB_01/materials/textures
[1.427s] -- Up-to-date: /home/duck/Downloads/robo/install/turtlebot3_gazebo/share/turtlebot3_gazebo//models/aws_robomaker_warehouse_PalletJackB_01/materials/textures/aws_robomaker_warehouse_PalletJackB_01.png
[1.428s] -- Up-to-date: /home/duck/Downloads/robo/install/turtlebot3_gazebo/share/turtlebot3_gazebo//models/aws_robomaker_warehouse_PalletJackB_01/materials/textures/aws_robomaker_warehouse_PalletJackB_02.png
[1.428s] -- Up-to-date: /home/duck/Downloads/robo/install/turtlebot3_gazebo/share/turtlebot3_gazebo//models/aws_robomaker_warehouse_PalletJackB_01/model.sdf
[1.428s] -- Up-to-date: /home/duck/Downloads/robo/install/turtlebot3_gazebo/share/turtlebot3_gazebo//models/aws_robomaker_warehouse_PalletJackB_01/meshes
[1.428s] -- Up-to-date: /home/duck/Downloads/robo/install/turtlebot3_gazebo/share/turtlebot3_gazebo//models/aws_robomaker_warehouse_PalletJackB_01/meshes/aws_robomaker_warehouse_PalletJackB_01_visual.DAE
[1.428s] -- Up-to-date: /home/duck/Downloads/robo/install/turtlebot3_gazebo/share/turtlebot3_gazebo//models/aws_robomaker_warehouse_PalletJackB_01/meshes/aws_robomaker_warehouse_PalletJackB_01_collision.DAE
[1.428s] -- Up-to-date: /home/duck/Downloads/robo/install/turtlebot3_gazebo/share/turtlebot3_gazebo//models/aws_robomaker_warehouse_PalletJackB_01/model.config
[1.428s] -- Up-to-date: /home/duck/Downloads/robo/install/turtlebot3_gazebo/share/turtlebot3_gazebo//models/turtlebot3_house
[1.428s] -- Up-to-date: /home/duck/Downloads/robo/install/turtlebot3_gazebo/share/turtlebot3_gazebo//models/turtlebot3_house/model.sdf
[1.429s] -- Up-to-date: /home/duck/Downloads/robo/install/turtlebot3_gazebo/share/turtlebot3_gazebo//models/turtlebot3_house/model.config
[1.429s] -- Up-to-date: /home/duck/Downloads/robo/install/turtlebot3_gazebo/share/turtlebot3_gazebo//models/aws_robomaker_warehouse_RoofB_01
[1.429s] -- Up-to-date: /home/duck/Downloads/robo/install/turtlebot3_gazebo/share/turtlebot3_gazebo//models/aws_robomaker_warehouse_RoofB_01/materials
[1.429s] -- Up-to-date: /home/duck/Downloads/robo/install/turtlebot3_gazebo/share/turtlebot3_gazebo//models/aws_robomaker_warehouse_RoofB_01/materials/textures
[1.429s] -- Up-to-date: /home/duck/Downloads/robo/install/turtlebot3_gazebo/share/turtlebot3_gazebo//models/aws_robomaker_warehouse_RoofB_01/materials/textures/aws_robomaker_warehouse_RoofB_01.png
[1.429s] -- Up-to-date: /home/duck/Downloads/robo/install/turtlebot3_gazebo/share/turtlebot3_gazebo//models/aws_robomaker_warehouse_RoofB_01/model.sdf
[1.429s] -- Up-to-date: /home/duck/Downloads/robo/install/turtlebot3_gazebo/share/turtlebot3_gazebo//models/aws_robomaker_warehouse_RoofB_01/meshes
[1.429s] -- Up-to-date: /home/duck/Downloads/robo/install/turtlebot3_gazebo/share/turtlebot3_gazebo//models/aws_robomaker_warehouse_RoofB_01/meshes/aws_robomaker_warehouse_RoofB_01_visual.DAE
[1.430s] -- Up-to-date: /home/duck/Downloads/robo/install/turtlebot3_gazebo/share/turtlebot3_gazebo//models/aws_robomaker_warehouse_RoofB_01/meshes/aws_robomaker_warehouse_RoofB_01_collision.DAE
[1.430s] -- Up-to-date: /home/duck/Downloads/robo/install/turtlebot3_gazebo/share/turtlebot3_gazebo//models/aws_robomaker_warehouse_RoofB_01/model.config
[1.430s] -- Up-to-date: /home/duck/Downloads/robo/install/turtlebot3_gazebo/share/turtlebot3_gazebo//rviz
[1.430s] -- Up-to-date: /home/duck/Downloads/robo/install/turtlebot3_gazebo/share/turtlebot3_gazebo//rviz/tb3_gazebo.rviz
[1.430s] -- Up-to-date: /home/duck/Downloads/robo/install/turtlebot3_gazebo/share/turtlebot3_gazebo//urdf
[1.430s] -- Up-to-date: /home/duck/Downloads/robo/install/turtlebot3_gazebo/share/turtlebot3_gazebo//urdf/turtlebot3_waffle_pi.urdf
[1.430s] -- Up-to-date: /home/duck/Downloads/robo/install/turtlebot3_gazebo/share/turtlebot3_gazebo//urdf/common_properties.urdf
[1.431s] -- Up-to-date: /home/duck/Downloads/robo/install/turtlebot3_gazebo/share/turtlebot3_gazebo//urdf/turtlebot3_waffle.urdf
[1.431s] -- Up-to-date: /home/duck/Downloads/robo/install/turtlebot3_gazebo/share/turtlebot3_gazebo//urdf/turtlebot3_burger.urdf
[1.431s] -- Up-to-date: /home/duck/Downloads/robo/install/turtlebot3_gazebo/share/turtlebot3_gazebo//worlds
[1.431s] -- Up-to-date: /home/duck/Downloads/robo/install/turtlebot3_gazebo/share/turtlebot3_gazebo//worlds/warehouse_willow.world
[1.431s] -- Up-to-date: /home/duck/Downloads/robo/install/turtlebot3_gazebo/share/turtlebot3_gazebo//worlds/damn.world
[1.431s] -- Up-to-date: /home/duck/Downloads/robo/install/turtlebot3_gazebo/share/turtlebot3_gazebo//worlds/turtlebot3_dqn_stage2.world
[1.431s] -- Up-to-date: /home/duck/Downloads/robo/install/turtlebot3_gazebo/share/turtlebot3_gazebo//worlds/turtlebot3_dqn_stage4.world
[1.431s] -- Up-to-date: /home/duck/Downloads/robo/install/turtlebot3_gazebo/share/turtlebot3_gazebo//worlds/turtlebot3_world.world
[1.432s] -- Up-to-date: /home/duck/Downloads/robo/install/turtlebot3_gazebo/share/turtlebot3_gazebo//worlds/turtlebot3_house.world
[1.432s] -- Up-to-date: /home/duck/Downloads/robo/install/turtlebot3_gazebo/share/turtlebot3_gazebo//worlds/warehouse_old.world
[1.432s] -- Up-to-date: /home/duck/Downloads/robo/install/turtlebot3_gazebo/share/turtlebot3_gazebo//worlds/turtlebot3_dqn_stage3.world
[1.432s] -- Up-to-date: /home/duck/Downloads/robo/install/turtlebot3_gazebo/share/turtlebot3_gazebo//worlds/test.world
[1.432s] -- Up-to-date: /home/duck/Downloads/robo/install/turtlebot3_gazebo/share/turtlebot3_gazebo//worlds/turtlebot3_dqn_stage1.world
[1.432s] -- Up-to-date: /home/duck/Downloads/robo/install/turtlebot3_gazebo/share/turtlebot3_gazebo//worlds/empty_world.world
[1.432s] -- Up-to-date: /home/duck/Downloads/robo/install/turtlebot3_gazebo/share/turtlebot3_gazebo//worlds/warehouse.world
[1.433s] -- Up-to-date: /home/duck/Downloads/robo/install/turtlebot3_gazebo/share/turtlebot3_gazebo//worlds/final_new.world
[1.433s] -- Up-to-date: /home/duck/Downloads/robo/install/turtlebot3_gazebo/share/turtlebot3_gazebo//worlds/RL (copy).world
[1.433s] -- Up-to-date: /home/duck/Downloads/robo/install/turtlebot3_gazebo/share/turtlebot3_gazebo//worlds/final.world
[1.433s] -- Up-to-date: /home/duck/Downloads/robo/install/turtlebot3_gazebo/share/turtlebot3_gazebo//worlds/RL.world
[1.433s] -- Up-to-date: /home/duck/Downloads/robo/install/turtlebot3_gazebo/include/
[1.433s] -- Up-to-date: /home/duck/Downloads/robo/install/turtlebot3_gazebo/include//turtlebot3_gazebo
[1.433s] -- Up-to-date: /home/duck/Downloads/robo/install/turtlebot3_gazebo/include//turtlebot3_gazebo/turtlebot3_drive.hpp
[1.434s] -- Up-to-date: /home/duck/Downloads/robo/install/turtlebot3_gazebo/share/ament_index/resource_index/package_run_dependencies/turtlebot3_gazebo
[1.434s] -- Up-to-date: /home/duck/Downloads/robo/install/turtlebot3_gazebo/share/ament_index/resource_index/parent_prefix_path/turtlebot3_gazebo
[1.434s] -- Up-to-date: /home/duck/Downloads/robo/install/turtlebot3_gazebo/share/turtlebot3_gazebo/environment/ament_prefix_path.sh
[1.434s] -- Up-to-date: /home/duck/Downloads/robo/install/turtlebot3_gazebo/share/turtlebot3_gazebo/environment/ament_prefix_path.dsv
[1.434s] -- Up-to-date: /home/duck/Downloads/robo/install/turtlebot3_gazebo/share/turtlebot3_gazebo/environment/path.sh
[1.434s] -- Up-to-date: /home/duck/Downloads/robo/install/turtlebot3_gazebo/share/turtlebot3_gazebo/environment/path.dsv
[1.434s] -- Up-to-date: /home/duck/Downloads/robo/install/turtlebot3_gazebo/share/turtlebot3_gazebo/local_setup.bash
[1.435s] -- Up-to-date: /home/duck/Downloads/robo/install/turtlebot3_gazebo/share/turtlebot3_gazebo/local_setup.sh
[1.435s] -- Up-to-date: /home/duck/Downloads/robo/install/turtlebot3_gazebo/share/turtlebot3_gazebo/local_setup.zsh
[1.435s] -- Up-to-date: /home/duck/Downloads/robo/install/turtlebot3_gazebo/share/turtlebot3_gazebo/local_setup.dsv
[1.435s] -- Installing: /home/duck/Downloads/robo/install/turtlebot3_gazebo/share/turtlebot3_gazebo/package.dsv
[1.435s] -- Up-to-date: /home/duck/Downloads/robo/install/turtlebot3_gazebo/share/ament_index/resource_index/packages/turtlebot3_gazebo
[1.435s] -- Up-to-date: /home/duck/Downloads/robo/install/turtlebot3_gazebo/share/turtlebot3_gazebo/cmake/ament_cmake_export_include_directories-extras.cmake
[1.435s] -- Up-to-date: /home/duck/Downloads/robo/install/turtlebot3_gazebo/share/turtlebot3_gazebo/cmake/ament_cmake_export_dependencies-extras.cmake
[1.436s] -- Up-to-date: /home/duck/Downloads/robo/install/turtlebot3_gazebo/share/turtlebot3_gazebo/cmake/turtlebot3_gazeboConfig.cmake
[1.436s] -- Up-to-date: /home/duck/Downloads/robo/install/turtlebot3_gazebo/share/turtlebot3_gazebo/cmake/turtlebot3_gazeboConfig-version.cmake
[1.436s] -- Up-to-date: /home/duck/Downloads/robo/install/turtlebot3_gazebo/share/turtlebot3_gazebo/package.xml
[1.436s] Invoked command in '/home/duck/Downloads/robo/build/turtlebot3_gazebo' returned '0': CMAKE_PREFIX_PATH=${CMAKE_PREFIX_PATH}:/home/duck/Downloads/robo/install/robot_math:/home/duck/Downloads/robo/install/pc:/home/duck/Downloads/robo/install/my_robot_controller:/opt/ros/humble /usr/bin/cmake --install /home/duck/Downloads/robo/build/turtlebot3_gazebo
