[1.992s] Invoking command in '/home/duck/Downloads/robo/src/ros2_learners/robot_math': PYTHONPATH=/home/duck/Downloads/robo/build/robot_math/prefix_override:/usr/lib/python3/dist-packages/colcon_core/task/python/colcon_distutils_commands:/home/duck/Downloads/robo/install/robot_math/lib/python3.10/site-packages:${PYTHONPATH} /usr/bin/python3 -W ignore:setup.py install is deprecated -W ignore:easy_install command is deprecated setup.py egg_info --egg-base ../../../build/robot_math build --build-base /home/duck/Downloads/robo/build/robot_math/build install --record /home/duck/Downloads/robo/build/robot_math/install.log --single-version-externally-managed install_data
[2.523s] running egg_info
[2.525s] writing ../../../build/robot_math/robot_math.egg-info/PKG-INFO
[2.532s] writing dependency_links to ../../../build/robot_math/robot_math.egg-info/dependency_links.txt
[2.532s] writing entry points to ../../../build/robot_math/robot_math.egg-info/entry_points.txt
[2.535s] writing requirements to ../../../build/robot_math/robot_math.egg-info/requires.txt
[2.535s] writing top-level names to ../../../build/robot_math/robot_math.egg-info/top_level.txt
[2.556s] reading manifest file '../../../build/robot_math/robot_math.egg-info/SOURCES.txt'
[2.557s] writing manifest file '../../../build/robot_math/robot_math.egg-info/SOURCES.txt'
[2.560s] running build
[2.560s] running build_py
[2.566s] running install
[2.571s] running install_lib
[2.576s] running install_data
[2.609s] running install_egg_info
[2.615s] removing '/home/duck/Downloads/robo/install/robot_math/lib/python3.10/site-packages/robot_math-0.0.0-py3.10.egg-info' (and everything under it)
[2.616s] Copying ../../../build/robot_math/robot_math.egg-info to /home/duck/Downloads/robo/install/robot_math/lib/python3.10/site-packages/robot_math-0.0.0-py3.10.egg-info
[2.620s] running install_scripts
[2.698s] Installing circle_motion_node script to /home/duck/Downloads/robo/install/robot_math/lib/robot_math
[2.715s] Installing go_To_Goal_node script to /home/duck/Downloads/robo/install/robot_math/lib/robot_math
[2.715s] writing list of installed files to '/home/duck/Downloads/robo/build/robot_math/install.log'
[2.850s] Invoked command in '/home/duck/Downloads/robo/src/ros2_learners/robot_math' returned '0': PYTHONPATH=/home/duck/Downloads/robo/build/robot_math/prefix_override:/usr/lib/python3/dist-packages/colcon_core/task/python/colcon_distutils_commands:/home/duck/Downloads/robo/install/robot_math/lib/python3.10/site-packages:${PYTHONPATH} /usr/bin/python3 -W ignore:setup.py install is deprecated -W ignore:easy_install command is deprecated setup.py egg_info --egg-base ../../../build/robot_math build --build-base /home/duck/Downloads/robo/build/robot_math/build install --record /home/duck/Downloads/robo/build/robot_math/install.log --single-version-externally-managed install_data
