[5.305s] Invoking command in '/home/duck/Downloads/robo/src/ros2_learners/pc': PYTHONPATH=/home/duck/Downloads/robo/build/pc/prefix_override:/usr/lib/python3/dist-packages/colcon_core/task/python/colcon_distutils_commands:/home/duck/Downloads/robo/install/pc/lib/python3.10/site-packages:${PYTHONPATH} /usr/bin/python3 -W ignore:setup.py install is deprecated -W ignore:easy_install command is deprecated setup.py egg_info --egg-base ../../../build/pc build --build-base /home/duck/Downloads/robo/build/pc/build install --record /home/duck/Downloads/robo/build/pc/install.log --single-version-externally-managed install_data
[6.639s] running egg_info
[6.640s] writing ../../../build/pc/pc.egg-info/PKG-INFO
[6.646s] writing dependency_links to ../../../build/pc/pc.egg-info/dependency_links.txt
[6.651s] writing entry points to ../../../build/pc/pc.egg-info/entry_points.txt
[6.652s] writing requirements to ../../../build/pc/pc.egg-info/requires.txt
[6.652s] writing top-level names to ../../../build/pc/pc.egg-info/top_level.txt
[6.659s] reading manifest file '../../../build/pc/pc.egg-info/SOURCES.txt'
[6.661s] writing manifest file '../../../build/pc/pc.egg-info/SOURCES.txt'
[6.662s] running build
[6.662s] running build_py
[6.666s] running install
[6.667s] running install_lib
[6.675s] running install_data
[6.678s] running install_egg_info
[6.684s] removing '/home/duck/Downloads/robo/install/pc/lib/python3.10/site-packages/pc-0.0.0-py3.10.egg-info' (and everything under it)
[6.809s] Copying ../../../build/pc/pc.egg-info to /home/duck/Downloads/robo/install/pc/lib/python3.10/site-packages/pc-0.0.0-py3.10.egg-info
[6.809s] running install_scripts
[6.810s] Installing map_launch script to /home/duck/Downloads/robo/install/pc/lib/pc
[6.810s] writing list of installed files to '/home/duck/Downloads/robo/build/pc/install.log'
[7.057s] Invoked command in '/home/duck/Downloads/robo/src/ros2_learners/pc' returned '0': PYTHONPATH=/home/duck/Downloads/robo/build/pc/prefix_override:/usr/lib/python3/dist-packages/colcon_core/task/python/colcon_distutils_commands:/home/duck/Downloads/robo/install/pc/lib/python3.10/site-packages:${PYTHONPATH} /usr/bin/python3 -W ignore:setup.py install is deprecated -W ignore:easy_install command is deprecated setup.py egg_info --egg-base ../../../build/pc build --build-base /home/duck/Downloads/robo/build/pc/build install --record /home/duck/Downloads/robo/build/pc/install.log --single-version-externally-managed install_data
