[3.854s] Invoking command in '/home/duck/Downloads/robo/src/ros2_learners/my_robot_controller': PYTHONPATH=/home/duck/Downloads/robo/build/my_robot_controller/prefix_override:/usr/lib/python3/dist-packages/colcon_core/task/python/colcon_distutils_commands:/home/duck/Downloads/robo/install/my_robot_controller/lib/python3.10/site-packages:${PYTHONPATH} /usr/bin/python3 -W ignore:setup.py install is deprecated -W ignore:easy_install command is deprecated setup.py egg_info --egg-base ../../../build/my_robot_controller build --build-base /home/duck/Downloads/robo/build/my_robot_controller/build install --record /home/duck/Downloads/robo/build/my_robot_controller/install.log --single-version-externally-managed install_data
[4.745s] running egg_info
[4.749s] writing ../../../build/my_robot_controller/my_robot_controller.egg-info/PKG-INFO
[4.769s] writing dependency_links to ../../../build/my_robot_controller/my_robot_controller.egg-info/dependency_links.txt
[4.771s] writing entry points to ../../../build/my_robot_controller/my_robot_controller.egg-info/entry_points.txt
[4.771s] writing requirements to ../../../build/my_robot_controller/my_robot_controller.egg-info/requires.txt
[4.771s] writing top-level names to ../../../build/my_robot_controller/my_robot_controller.egg-info/top_level.txt
[4.771s] reading manifest file '../../../build/my_robot_controller/my_robot_controller.egg-info/SOURCES.txt'
[4.777s] adding license file 'LICENSE'
[4.780s] writing manifest file '../../../build/my_robot_controller/my_robot_controller.egg-info/SOURCES.txt'
[4.784s] running build
[4.785s] running build_py
[4.819s] running install
[4.822s] running install_lib
[4.828s] running install_data
[4.843s] running install_egg_info
[4.844s] removing '/home/duck/Downloads/robo/install/my_robot_controller/lib/python3.10/site-packages/my_robot_controller-0.0.0-py3.10.egg-info' (and everything under it)
[4.856s] Copying ../../../build/my_robot_controller/my_robot_controller.egg-info to /home/duck/Downloads/robo/install/my_robot_controller/lib/python3.10/site-packages/my_robot_controller-0.0.0-py3.10.egg-info
[4.856s] running install_scripts
[4.925s] Installing DDPG script to /home/duck/Downloads/robo/install/my_robot_controller/lib/my_robot_controller
[4.928s] Installing common_def script to /home/duck/Downloads/robo/install/my_robot_controller/lib/my_robot_controller
[4.929s] Installing ddpg script to /home/duck/Downloads/robo/install/my_robot_controller/lib/my_robot_controller
[4.932s] Installing draw_circle script to /home/duck/Downloads/robo/install/my_robot_controller/lib/my_robot_controller
[4.934s] Installing number_count script to /home/duck/Downloads/robo/install/my_robot_controller/lib/my_robot_controller
[4.937s] Installing number_publish script to /home/duck/Downloads/robo/install/my_robot_controller/lib/my_robot_controller
[4.939s] Installing pose_publish script to /home/duck/Downloads/robo/install/my_robot_controller/lib/my_robot_controller
[4.943s] Installing pose_subscribe script to /home/duck/Downloads/robo/install/my_robot_controller/lib/my_robot_controller
[4.950s] Installing q_learning script to /home/duck/Downloads/robo/install/my_robot_controller/lib/my_robot_controller
[4.959s] Installing reset_count script to /home/duck/Downloads/robo/install/my_robot_controller/lib/my_robot_controller
[4.960s] Installing test_node script to /home/duck/Downloads/robo/install/my_robot_controller/lib/my_robot_controller
[4.964s] Installing updated_keras_ddpg script to /home/duck/Downloads/robo/install/my_robot_controller/lib/my_robot_controller
[4.965s] writing list of installed files to '/home/duck/Downloads/robo/build/my_robot_controller/install.log'
[5.393s] Invoked command in '/home/duck/Downloads/robo/src/ros2_learners/my_robot_controller' returned '0': PYTHONPATH=/home/duck/Downloads/robo/build/my_robot_controller/prefix_override:/usr/lib/python3/dist-packages/colcon_core/task/python/colcon_distutils_commands:/home/duck/Downloads/robo/install/my_robot_controller/lib/python3.10/site-packages:${PYTHONPATH} /usr/bin/python3 -W ignore:setup.py install is deprecated -W ignore:easy_install command is deprecated setup.py egg_info --egg-base ../../../build/my_robot_controller build --build-base /home/duck/Downloads/robo/build/my_robot_controller/build install --record /home/duck/Downloads/robo/build/my_robot_controller/install.log --single-version-externally-managed install_data
