[1.306s] Invoking command in '/home/duck/Downloads/robo/build/navigation_tb3': CMAKE_PREFIX_PATH=${CMAKE_PREFIX_PATH}:/home/duck/Downloads/robo/install/robot_math:/home/duck/Downloads/robo/install/pc:/home/duck/Downloads/robo/install/my_robot_controller:/opt/ros/humble /usr/bin/cmake --build /home/duck/Downloads/robo/build/navigation_tb3 -- -j4 -l4
[3.402s] [100%] Built target pub_occupancy_grid
[3.632s] [100%] Built target ament_cmake_python_copy_navigation_tb3
[4.788s] running egg_info
[4.794s] writing navigation_tb3.egg-info/PKG-INFO
[4.795s] writing dependency_links to navigation_tb3.egg-info/dependency_links.txt
[4.795s] writing top-level names to navigation_tb3.egg-info/top_level.txt
[4.804s] reading manifest file 'navigation_tb3.egg-info/SOURCES.txt'
[4.824s] writing manifest file 'navigation_tb3.egg-info/SOURCES.txt'
[5.115s] [100%] Built target ament_cmake_python_build_navigation_tb3_egg
[5.180s] Invoked command in '/home/duck/Downloads/robo/build/navigation_tb3' returned '0': CMAKE_PREFIX_PATH=${CMAKE_PREFIX_PATH}:/home/duck/Downloads/robo/install/robot_math:/home/duck/Downloads/robo/install/pc:/home/duck/Downloads/robo/install/my_robot_controller:/opt/ros/humble /usr/bin/cmake --build /home/duck/Downloads/robo/build/navigation_tb3 -- -j4 -l4
[5.262s] Invoking command in '/home/duck/Downloads/robo/build/navigation_tb3': CMAKE_PREFIX_PATH=${CMAKE_PREFIX_PATH}:/home/duck/Downloads/robo/install/robot_math:/home/duck/Downloads/robo/install/pc:/home/duck/Downloads/robo/install/my_robot_controller:/opt/ros/humble /usr/bin/cmake --install /home/duck/Downloads/robo/build/navigation_tb3
[5.360s] -- Install configuration: ""
[5.381s] -- Up-to-date: /home/duck/Downloads/robo/install/navigation_tb3/lib/navigation_tb3/pub_occupancy_grid
[5.384s] -- Up-to-date: /home/duck/Downloads/robo/install/navigation_tb3/share/navigation_tb3/launch
[5.392s] -- Up-to-date: /home/duck/Downloads/robo/install/navigation_tb3/share/navigation_tb3/launch/mapping.launch.py
[5.392s] -- Up-to-date: /home/duck/Downloads/robo/install/navigation_tb3/share/navigation_tb3/launch/navigation.launch.py
[5.393s] -- Up-to-date: /home/duck/Downloads/robo/install/navigation_tb3/share/navigation_tb3/config
[5.397s] -- Up-to-date: /home/duck/Downloads/robo/install/navigation_tb3/share/navigation_tb3/config/mapping.rviz
[5.397s] -- Up-to-date: /home/duck/Downloads/robo/install/navigation_tb3/share/navigation_tb3/config/tb3_map.pgm
[5.398s] -- Up-to-date: /home/duck/Downloads/robo/install/navigation_tb3/share/navigation_tb3/config/tb3_map.yaml
[5.402s] -- Up-to-date: /home/duck/Downloads/robo/install/navigation_tb3/share/navigation_tb3/config/tb3_nav2_params.yaml
[5.403s] -- Up-to-date: /home/duck/Downloads/robo/install/navigation_tb3/share/navigation_tb3/config/turtlebot3_lds_2d.lua
[5.404s] -- Up-to-date: /home/duck/Downloads/robo/install/navigation_tb3/share/navigation_tb3/config/navigation.rviz
[5.410s] -- Up-to-date: /home/duck/Downloads/robo/install/navigation_tb3/share/navigation_tb3/environment/pythonpath.sh
[5.412s] -- Up-to-date: /home/duck/Downloads/robo/install/navigation_tb3/share/navigation_tb3/environment/pythonpath.dsv
[5.413s] -- Up-to-date: /home/duck/Downloads/robo/install/navigation_tb3/local/lib/python3.10/dist-packages/navigation_tb3-0.0.0-py3.10.egg-info
[5.413s] -- Installing: /home/duck/Downloads/robo/install/navigation_tb3/local/lib/python3.10/dist-packages/navigation_tb3-0.0.0-py3.10.egg-info/top_level.txt
[5.439s] -- Installing: /home/duck/Downloads/robo/install/navigation_tb3/local/lib/python3.10/dist-packages/navigation_tb3-0.0.0-py3.10.egg-info/dependency_links.txt
[5.443s] -- Installing: /home/duck/Downloads/robo/install/navigation_tb3/local/lib/python3.10/dist-packages/navigation_tb3-0.0.0-py3.10.egg-info/PKG-INFO
[5.447s] -- Installing: /home/duck/Downloads/robo/install/navigation_tb3/local/lib/python3.10/dist-packages/navigation_tb3-0.0.0-py3.10.egg-info/SOURCES.txt
[5.452s] -- Up-to-date: /home/duck/Downloads/robo/install/navigation_tb3/local/lib/python3.10/dist-packages/navigation_tb3
[5.457s] -- Up-to-date: /home/duck/Downloads/robo/install/navigation_tb3/local/lib/python3.10/dist-packages/navigation_tb3/__init__.py
[5.527s] Listing '/home/duck/Downloads/robo/install/navigation_tb3/local/lib/python3.10/dist-packages/navigation_tb3'...
[5.565s] -- Up-to-date: /home/duck/Downloads/robo/install/navigation_tb3/lib/navigation_tb3/single_goal_nav.py
[5.566s] -- Up-to-date: /home/duck/Downloads/robo/install/navigation_tb3/lib/navigation_tb3/multi_waypoints.py
[5.566s] -- Up-to-date: /home/duck/Downloads/robo/install/navigation_tb3/share/ament_index/resource_index/package_run_dependencies/navigation_tb3
[5.566s] -- Up-to-date: /home/duck/Downloads/robo/install/navigation_tb3/share/ament_index/resource_index/parent_prefix_path/navigation_tb3
[5.567s] -- Up-to-date: /home/duck/Downloads/robo/install/navigation_tb3/share/navigation_tb3/environment/ament_prefix_path.sh
[5.567s] -- Up-to-date: /home/duck/Downloads/robo/install/navigation_tb3/share/navigation_tb3/environment/ament_prefix_path.dsv
[5.567s] -- Up-to-date: /home/duck/Downloads/robo/install/navigation_tb3/share/navigation_tb3/environment/path.sh
[5.567s] -- Up-to-date: /home/duck/Downloads/robo/install/navigation_tb3/share/navigation_tb3/environment/path.dsv
[5.575s] -- Up-to-date: /home/duck/Downloads/robo/install/navigation_tb3/share/navigation_tb3/local_setup.bash
[5.575s] -- Up-to-date: /home/duck/Downloads/robo/install/navigation_tb3/share/navigation_tb3/local_setup.sh
[5.575s] -- Up-to-date: /home/duck/Downloads/robo/install/navigation_tb3/share/navigation_tb3/local_setup.zsh
[5.575s] -- Up-to-date: /home/duck/Downloads/robo/install/navigation_tb3/share/navigation_tb3/local_setup.dsv
[5.576s] -- Installing: /home/duck/Downloads/robo/install/navigation_tb3/share/navigation_tb3/package.dsv
[5.576s] -- Up-to-date: /home/duck/Downloads/robo/install/navigation_tb3/share/ament_index/resource_index/packages/navigation_tb3
[5.607s] -- Up-to-date: /home/duck/Downloads/robo/install/navigation_tb3/share/navigation_tb3/cmake/navigation_tb3Config.cmake
[5.607s] -- Up-to-date: /home/duck/Downloads/robo/install/navigation_tb3/share/navigation_tb3/cmake/navigation_tb3Config-version.cmake
[5.607s] -- Up-to-date: /home/duck/Downloads/robo/install/navigation_tb3/share/navigation_tb3/package.xml
[5.700s] Invoked command in '/home/duck/Downloads/robo/build/navigation_tb3' returned '0': CMAKE_PREFIX_PATH=${CMAKE_PREFIX_PATH}:/home/duck/Downloads/robo/install/robot_math:/home/duck/Downloads/robo/install/pc:/home/duck/Downloads/robo/install/my_robot_controller:/opt/ros/humble /usr/bin/cmake --install /home/duck/Downloads/robo/build/navigation_tb3
