[1.726s] Invoking command in '/home/duck/Downloads/robo/build/navigation_tb3': CMAKE_PREFIX_PATH=${CMAKE_PREFIX_PATH}:/home/duck/Downloads/robo/install/robot_math:/home/duck/Downloads/robo/install/pc:/home/duck/Downloads/robo/install/my_robot_controller:/opt/ros/humble /usr/bin/cmake --build /home/duck/Downloads/robo/build/navigation_tb3 -- -j4 -l4
[2.044s] [100%] Built target pub_occupancy_grid
[2.378s] [100%] Built target ament_cmake_python_copy_navigation_tb3
[3.515s] running egg_info
[3.515s] writing navigation_tb3.egg-info/PKG-INFO
[3.516s] writing dependency_links to navigation_tb3.egg-info/dependency_links.txt
[3.516s] writing top-level names to navigation_tb3.egg-info/top_level.txt
[3.516s] reading manifest file 'navigation_tb3.egg-info/SOURCES.txt'
[3.516s] writing manifest file 'navigation_tb3.egg-info/SOURCES.txt'
[3.678s] [100%] Built target ament_cmake_python_build_navigation_tb3_egg
[3.806s] Invoked command in '/home/duck/Downloads/robo/build/navigation_tb3' returned '0': CMAKE_PREFIX_PATH=${CMAKE_PREFIX_PATH}:/home/duck/Downloads/robo/install/robot_math:/home/duck/Downloads/robo/install/pc:/home/duck/Downloads/robo/install/my_robot_controller:/opt/ros/humble /usr/bin/cmake --build /home/duck/Downloads/robo/build/navigation_tb3 -- -j4 -l4
[3.821s] Invoking command in '/home/duck/Downloads/robo/build/navigation_tb3': CMAKE_PREFIX_PATH=${CMAKE_PREFIX_PATH}:/home/duck/Downloads/robo/install/robot_math:/home/duck/Downloads/robo/install/pc:/home/duck/Downloads/robo/install/my_robot_controller:/opt/ros/humble /usr/bin/cmake --install /home/duck/Downloads/robo/build/navigation_tb3
[3.843s] -- Install configuration: ""
[3.850s] -- Up-to-date: /home/duck/Downloads/robo/install/navigation_tb3/lib/navigation_tb3/pub_occupancy_grid
[3.863s] -- Up-to-date: /home/duck/Downloads/robo/install/navigation_tb3/share/navigation_tb3/launch
[3.865s] -- Up-to-date: /home/duck/Downloads/robo/install/navigation_tb3/share/navigation_tb3/launch/mapping.launch.py
[3.865s] -- Up-to-date: /home/duck/Downloads/robo/install/navigation_tb3/share/navigation_tb3/launch/navigation.launch.py
[3.865s] -- Up-to-date: /home/duck/Downloads/robo/install/navigation_tb3/share/navigation_tb3/config
[3.865s] -- Up-to-date: /home/duck/Downloads/robo/install/navigation_tb3/share/navigation_tb3/config/mapping.rviz
[3.865s] -- Up-to-date: /home/duck/Downloads/robo/install/navigation_tb3/share/navigation_tb3/config/tb3_map.pgm
[3.865s] -- Up-to-date: /home/duck/Downloads/robo/install/navigation_tb3/share/navigation_tb3/config/tb3_map.yaml
[3.865s] -- Up-to-date: /home/duck/Downloads/robo/install/navigation_tb3/share/navigation_tb3/config/tb3_nav2_params.yaml
[3.865s] -- Up-to-date: /home/duck/Downloads/robo/install/navigation_tb3/share/navigation_tb3/config/turtlebot3_lds_2d.lua
[3.865s] -- Up-to-date: /home/duck/Downloads/robo/install/navigation_tb3/share/navigation_tb3/config/navigation.rviz
[3.866s] -- Up-to-date: /home/duck/Downloads/robo/install/navigation_tb3/share/navigation_tb3/environment/pythonpath.sh
[3.866s] -- Up-to-date: /home/duck/Downloads/robo/install/navigation_tb3/share/navigation_tb3/environment/pythonpath.dsv
[3.866s] -- Up-to-date: /home/duck/Downloads/robo/install/navigation_tb3/local/lib/python3.10/dist-packages/navigation_tb3-0.0.0-py3.10.egg-info
[3.866s] -- Installing: /home/duck/Downloads/robo/install/navigation_tb3/local/lib/python3.10/dist-packages/navigation_tb3-0.0.0-py3.10.egg-info/top_level.txt
[3.866s] -- Installing: /home/duck/Downloads/robo/install/navigation_tb3/local/lib/python3.10/dist-packages/navigation_tb3-0.0.0-py3.10.egg-info/dependency_links.txt
[3.867s] -- Installing: /home/duck/Downloads/robo/install/navigation_tb3/local/lib/python3.10/dist-packages/navigation_tb3-0.0.0-py3.10.egg-info/PKG-INFO
[3.867s] -- Installing: /home/duck/Downloads/robo/install/navigation_tb3/local/lib/python3.10/dist-packages/navigation_tb3-0.0.0-py3.10.egg-info/SOURCES.txt
[3.867s] -- Up-to-date: /home/duck/Downloads/robo/install/navigation_tb3/local/lib/python3.10/dist-packages/navigation_tb3
[3.867s] -- Up-to-date: /home/duck/Downloads/robo/install/navigation_tb3/local/lib/python3.10/dist-packages/navigation_tb3/__init__.py
[3.972s] Listing '/home/duck/Downloads/robo/install/navigation_tb3/local/lib/python3.10/dist-packages/navigation_tb3'...
[3.980s] -- Up-to-date: /home/duck/Downloads/robo/install/navigation_tb3/lib/navigation_tb3/single_goal_nav.py
[3.981s] -- Up-to-date: /home/duck/Downloads/robo/install/navigation_tb3/lib/navigation_tb3/multi_waypoints.py
[3.982s] -- Up-to-date: /home/duck/Downloads/robo/install/navigation_tb3/share/ament_index/resource_index/package_run_dependencies/navigation_tb3
[3.983s] -- Up-to-date: /home/duck/Downloads/robo/install/navigation_tb3/share/ament_index/resource_index/parent_prefix_path/navigation_tb3
[3.983s] -- Up-to-date: /home/duck/Downloads/robo/install/navigation_tb3/share/navigation_tb3/environment/ament_prefix_path.sh
[3.984s] -- Up-to-date: /home/duck/Downloads/robo/install/navigation_tb3/share/navigation_tb3/environment/ament_prefix_path.dsv
[3.985s] -- Up-to-date: /home/duck/Downloads/robo/install/navigation_tb3/share/navigation_tb3/environment/path.sh
[3.986s] -- Up-to-date: /home/duck/Downloads/robo/install/navigation_tb3/share/navigation_tb3/environment/path.dsv
[3.987s] -- Up-to-date: /home/duck/Downloads/robo/install/navigation_tb3/share/navigation_tb3/local_setup.bash
[3.987s] -- Up-to-date: /home/duck/Downloads/robo/install/navigation_tb3/share/navigation_tb3/local_setup.sh
[3.989s] -- Up-to-date: /home/duck/Downloads/robo/install/navigation_tb3/share/navigation_tb3/local_setup.zsh
[3.989s] -- Up-to-date: /home/duck/Downloads/robo/install/navigation_tb3/share/navigation_tb3/local_setup.dsv
[3.992s] -- Installing: /home/duck/Downloads/robo/install/navigation_tb3/share/navigation_tb3/package.dsv
[3.993s] -- Up-to-date: /home/duck/Downloads/robo/install/navigation_tb3/share/ament_index/resource_index/packages/navigation_tb3
[3.995s] -- Up-to-date: /home/duck/Downloads/robo/install/navigation_tb3/share/navigation_tb3/cmake/navigation_tb3Config.cmake
[3.995s] -- Up-to-date: /home/duck/Downloads/robo/install/navigation_tb3/share/navigation_tb3/cmake/navigation_tb3Config-version.cmake
[3.996s] -- Up-to-date: /home/duck/Downloads/robo/install/navigation_tb3/share/navigation_tb3/package.xml
[4.006s] Invoked command in '/home/duck/Downloads/robo/build/navigation_tb3' returned '0': CMAKE_PREFIX_PATH=${CMAKE_PREFIX_PATH}:/home/duck/Downloads/robo/install/robot_math:/home/duck/Downloads/robo/install/pc:/home/duck/Downloads/robo/install/my_robot_controller:/opt/ros/humble /usr/bin/cmake --install /home/duck/Downloads/robo/build/navigation_tb3
