[6.289s] Invoking command in '/home/duck/Downloads/robo/build/nodes': CMAKE_PREFIX_PATH=${CMAKE_PREFIX_PATH}:/home/duck/Downloads/robo/install/robot_math:/home/duck/Downloads/robo/install/pc:/home/duck/Downloads/robo/install/my_robot_controller:/opt/ros/humble /usr/bin/cmake --build /home/duck/Downloads/robo/build/nodes -- -j4 -l4
[10.879s] [ 33%] Built target pub_node
[11.313s] [ 66%] Built target laser_pub
[11.755s] [100%] Built target sub_node
[12.034s] Invoked command in '/home/duck/Downloads/robo/build/nodes' returned '0': CMAKE_PREFIX_PATH=${CMAKE_PREFIX_PATH}:/home/duck/Downloads/robo/install/robot_math:/home/duck/Downloads/robo/install/pc:/home/duck/Downloads/robo/install/my_robot_controller:/opt/ros/humble /usr/bin/cmake --build /home/duck/Downloads/robo/build/nodes -- -j4 -l4
[12.249s] Invoking command in '/home/duck/Downloads/robo/build/nodes': CMAKE_PREFIX_PATH=${CMAKE_PREFIX_PATH}:/home/duck/Downloads/robo/install/robot_math:/home/duck/Downloads/robo/install/pc:/home/duck/Downloads/robo/install/my_robot_controller:/opt/ros/humble /usr/bin/cmake --install /home/duck/Downloads/robo/build/nodes
[12.337s] -- Install configuration: ""
[12.424s] -- Up-to-date: /home/duck/Downloads/robo/install/nodes/lib/nodes/pub_node
[12.703s] -- Up-to-date: /home/duck/Downloads/robo/install/nodes/lib/nodes/sub_node
[12.777s] -- Up-to-date: /home/duck/Downloads/robo/install/nodes/lib/nodes/laser_pub
[12.778s] -- Up-to-date: /home/duck/Downloads/robo/install/nodes/share/ament_index/resource_index/package_run_dependencies/nodes
[12.782s] -- Up-to-date: /home/duck/Downloads/robo/install/nodes/share/ament_index/resource_index/parent_prefix_path/nodes
[12.783s] -- Up-to-date: /home/duck/Downloads/robo/install/nodes/share/nodes/environment/ament_prefix_path.sh
[12.783s] -- Up-to-date: /home/duck/Downloads/robo/install/nodes/share/nodes/environment/ament_prefix_path.dsv
[12.783s] -- Up-to-date: /home/duck/Downloads/robo/install/nodes/share/nodes/environment/path.sh
[12.783s] -- Up-to-date: /home/duck/Downloads/robo/install/nodes/share/nodes/environment/path.dsv
[12.783s] -- Up-to-date: /home/duck/Downloads/robo/install/nodes/share/nodes/local_setup.bash
[12.784s] -- Up-to-date: /home/duck/Downloads/robo/install/nodes/share/nodes/local_setup.sh
[12.784s] -- Up-to-date: /home/duck/Downloads/robo/install/nodes/share/nodes/local_setup.zsh
[12.784s] -- Up-to-date: /home/duck/Downloads/robo/install/nodes/share/nodes/local_setup.dsv
[12.789s] -- Installing: /home/duck/Downloads/robo/install/nodes/share/nodes/package.dsv
[12.800s] -- Up-to-date: /home/duck/Downloads/robo/install/nodes/share/ament_index/resource_index/packages/nodes
[12.842s] -- Up-to-date: /home/duck/Downloads/robo/install/nodes/share/nodes/cmake/nodesConfig.cmake
[12.861s] -- Up-to-date: /home/duck/Downloads/robo/install/nodes/share/nodes/cmake/nodesConfig-version.cmake
[12.862s] -- Up-to-date: /home/duck/Downloads/robo/install/nodes/share/nodes/package.xml
[12.926s] Invoked command in '/home/duck/Downloads/robo/build/nodes' returned '0': CMAKE_PREFIX_PATH=${CMAKE_PREFIX_PATH}:/home/duck/Downloads/robo/install/robot_math:/home/duck/Downloads/robo/install/pc:/home/duck/Downloads/robo/install/my_robot_controller:/opt/ros/humble /usr/bin/cmake --install /home/duck/Downloads/robo/build/nodes
