[0.188s] Invoking command in '/home/duck/Downloads/robo/build/transforms': CMAKE_PREFIX_PATH=${CMAKE_PREFIX_PATH}:/home/duck/Downloads/robo/install/robot_math:/home/duck/Downloads/robo/install/pc:/home/duck/Downloads/robo/install/my_robot_controller:/opt/ros/humble /usr/bin/cmake --build /home/duck/Downloads/robo/build/transforms -- -j4 -l4
[0.616s] [ 20%] Built target transform_order
[0.625s] [ 40%] Built target translation_frame
[0.681s] [ 60%] Built target frame_chains
[0.745s] [ 90%] Built target static_dynamic_frame
[0.782s] [100%] Built target rotation_frame
[1.115s] Invoked command in '/home/duck/Downloads/robo/build/transforms' returned '0': CMAKE_PREFIX_PATH=${CMAKE_PREFIX_PATH}:/home/duck/Downloads/robo/install/robot_math:/home/duck/Downloads/robo/install/pc:/home/duck/Downloads/robo/install/my_robot_controller:/opt/ros/humble /usr/bin/cmake --build /home/duck/Downloads/robo/build/transforms -- -j4 -l4
[1.123s] Invoking command in '/home/duck/Downloads/robo/build/transforms': CMAKE_PREFIX_PATH=${CMAKE_PREFIX_PATH}:/home/duck/Downloads/robo/install/robot_math:/home/duck/Downloads/robo/install/pc:/home/duck/Downloads/robo/install/my_robot_controller:/opt/ros/humble /usr/bin/cmake --install /home/duck/Downloads/robo/build/transforms
[1.207s] -- Install configuration: ""
[1.207s] -- Up-to-date: /home/duck/Downloads/robo/install/transforms/lib/transforms/translation_frame
[1.207s] -- Up-to-date: /home/duck/Downloads/robo/install/transforms/lib/transforms/rotation_frame
[1.207s] -- Up-to-date: /home/duck/Downloads/robo/install/transforms/lib/transforms/transform_order
[1.208s] -- Up-to-date: /home/duck/Downloads/robo/install/transforms/lib/transforms/frame_chains
[1.208s] -- Up-to-date: /home/duck/Downloads/robo/install/transforms/lib/transforms/static_dynamic_frame
[1.208s] -- Up-to-date: /home/duck/Downloads/robo/install/transforms/share/transforms/launch
[1.208s] -- Up-to-date: /home/duck/Downloads/robo/install/transforms/share/transforms/launch/rviz.launch.py
[1.208s] -- Up-to-date: /home/duck/Downloads/robo/install/transforms/share/transforms/launch/gazebo.launch.py
[1.208s] -- Up-to-date: /home/duck/Downloads/robo/install/transforms/share/transforms/urdf
[1.208s] -- Up-to-date: /home/duck/Downloads/robo/install/transforms/share/transforms/urdf/diff_drive.urdf
[1.208s] -- Up-to-date: /home/duck/Downloads/robo/install/transforms/share/transforms/config
[1.208s] -- Up-to-date: /home/duck/Downloads/robo/install/transforms/share/transforms/config/urdf_view.rviz
[1.209s] -- Up-to-date: /home/duck/Downloads/robo/install/transforms/share/ament_index/resource_index/package_run_dependencies/transforms
[1.209s] -- Up-to-date: /home/duck/Downloads/robo/install/transforms/share/ament_index/resource_index/parent_prefix_path/transforms
[1.209s] -- Up-to-date: /home/duck/Downloads/robo/install/transforms/share/transforms/environment/ament_prefix_path.sh
[1.209s] -- Up-to-date: /home/duck/Downloads/robo/install/transforms/share/transforms/environment/ament_prefix_path.dsv
[1.209s] -- Up-to-date: /home/duck/Downloads/robo/install/transforms/share/transforms/environment/path.sh
[1.209s] -- Up-to-date: /home/duck/Downloads/robo/install/transforms/share/transforms/environment/path.dsv
[1.209s] -- Up-to-date: /home/duck/Downloads/robo/install/transforms/share/transforms/local_setup.bash
[1.209s] -- Up-to-date: /home/duck/Downloads/robo/install/transforms/share/transforms/local_setup.sh
[1.209s] -- Up-to-date: /home/duck/Downloads/robo/install/transforms/share/transforms/local_setup.zsh
[1.209s] -- Up-to-date: /home/duck/Downloads/robo/install/transforms/share/transforms/local_setup.dsv
[1.210s] -- Installing: /home/duck/Downloads/robo/install/transforms/share/transforms/package.dsv
[1.210s] -- Up-to-date: /home/duck/Downloads/robo/install/transforms/share/ament_index/resource_index/packages/transforms
[1.210s] -- Up-to-date: /home/duck/Downloads/robo/install/transforms/share/transforms/cmake/transformsConfig.cmake
[1.210s] -- Up-to-date: /home/duck/Downloads/robo/install/transforms/share/transforms/cmake/transformsConfig-version.cmake
[1.210s] -- Up-to-date: /home/duck/Downloads/robo/install/transforms/share/transforms/package.xml
[1.286s] Invoked command in '/home/duck/Downloads/robo/build/transforms' returned '0': CMAKE_PREFIX_PATH=${CMAKE_PREFIX_PATH}:/home/duck/Downloads/robo/install/robot_math:/home/duck/Downloads/robo/install/pc:/home/duck/Downloads/robo/install/my_robot_controller:/opt/ros/humble /usr/bin/cmake --install /home/duck/Downloads/robo/build/transforms
