[0.720s] Invoking command in '/home/duck/Downloads/robo/build/nodes': CMAKE_PREFIX_PATH=${CMAKE_PREFIX_PATH}:/home/duck/Downloads/robo/install/robot_math:/home/duck/Downloads/robo/install/pc:/home/duck/Downloads/robo/install/my_robot_controller:/opt/ros/humble /usr/bin/cmake --build /home/duck/Downloads/robo/build/nodes -- -j4 -l4
[1.027s] [ 33%] Built target pub_node
[1.028s] [ 66%] Built target laser_pub
[1.065s] [100%] Built target sub_node
[1.483s] Invoked command in '/home/duck/Downloads/robo/build/nodes' returned '0': CMAKE_PREFIX_PATH=${CMAKE_PREFIX_PATH}:/home/duck/Downloads/robo/install/robot_math:/home/duck/Downloads/robo/install/pc:/home/duck/Downloads/robo/install/my_robot_controller:/opt/ros/humble /usr/bin/cmake --build /home/duck/Downloads/robo/build/nodes -- -j4 -l4
[1.552s] Invoking command in '/home/duck/Downloads/robo/build/nodes': CMAKE_PREFIX_PATH=${CMAKE_PREFIX_PATH}:/home/duck/Downloads/robo/install/robot_math:/home/duck/Downloads/robo/install/pc:/home/duck/Downloads/robo/install/my_robot_controller:/opt/ros/humble /usr/bin/cmake --install /home/duck/Downloads/robo/build/nodes
[1.569s] -- Install configuration: ""
[1.569s] -- Up-to-date: /home/duck/Downloads/robo/install/nodes/lib/nodes/pub_node
[1.570s] -- Up-to-date: /home/duck/Downloads/robo/install/nodes/lib/nodes/sub_node
[1.571s] -- Up-to-date: /home/duck/Downloads/robo/install/nodes/lib/nodes/laser_pub
[1.572s] -- Up-to-date: /home/duck/Downloads/robo/install/nodes/share/ament_index/resource_index/package_run_dependencies/nodes
[1.572s] -- Up-to-date: /home/duck/Downloads/robo/install/nodes/share/ament_index/resource_index/parent_prefix_path/nodes
[1.573s] -- Up-to-date: /home/duck/Downloads/robo/install/nodes/share/nodes/environment/ament_prefix_path.sh
[1.573s] -- Up-to-date: /home/duck/Downloads/robo/install/nodes/share/nodes/environment/ament_prefix_path.dsv
[1.574s] -- Up-to-date: /home/duck/Downloads/robo/install/nodes/share/nodes/environment/path.sh
[1.574s] -- Up-to-date: /home/duck/Downloads/robo/install/nodes/share/nodes/environment/path.dsv
[1.575s] -- Up-to-date: /home/duck/Downloads/robo/install/nodes/share/nodes/local_setup.bash
[1.576s] -- Up-to-date: /home/duck/Downloads/robo/install/nodes/share/nodes/local_setup.sh
[1.577s] -- Up-to-date: /home/duck/Downloads/robo/install/nodes/share/nodes/local_setup.zsh
[1.577s] -- Up-to-date: /home/duck/Downloads/robo/install/nodes/share/nodes/local_setup.dsv
[1.578s] -- Installing: /home/duck/Downloads/robo/install/nodes/share/nodes/package.dsv
[1.579s] -- Up-to-date: /home/duck/Downloads/robo/install/nodes/share/ament_index/resource_index/packages/nodes
[1.579s] -- Up-to-date: /home/duck/Downloads/robo/install/nodes/share/nodes/cmake/nodesConfig.cmake
[1.580s] -- Up-to-date: /home/duck/Downloads/robo/install/nodes/share/nodes/cmake/nodesConfig-version.cmake
[1.581s] -- Up-to-date: /home/duck/Downloads/robo/install/nodes/share/nodes/package.xml
[1.632s] Invoked command in '/home/duck/Downloads/robo/build/nodes' returned '0': CMAKE_PREFIX_PATH=${CMAKE_PREFIX_PATH}:/home/duck/Downloads/robo/install/robot_math:/home/duck/Downloads/robo/install/pc:/home/duck/Downloads/robo/install/my_robot_controller:/opt/ros/humble /usr/bin/cmake --install /home/duck/Downloads/robo/build/nodes
