[0.116s] Invoking command in '/home/duck/Downloads/robo/build/turtlebot3_gazebo': CMAKE_PREFIX_PATH=${CMAKE_PREFIX_PATH}:/home/duck/Downloads/robo/install/robot_math:/home/duck/Downloads/robo/install/pc:/home/duck/Downloads/robo/install/my_robot_controller:/opt/ros/humble /usr/bin/cmake --build /home/duck/Downloads/robo/build/turtlebot3_gazebo -- -j4 -l4
[0.580s] [ 25%] Built target turtlebot3_drive
[0.603s] [ 50%] Built target obstacle2
[0.630s] [ 75%] Built target obstacle1
[0.689s] [100%] Built target obstacles
[0.759s] Invoked command in '/home/duck/Downloads/robo/build/turtlebot3_gazebo' returned '0': CMAKE_PREFIX_PATH=${CMAKE_PREFIX_PATH}:/home/duck/Downloads/robo/install/robot_math:/home/duck/Downloads/robo/install/pc:/home/duck/Downloads/robo/install/my_robot_controller:/opt/ros/humble /usr/bin/cmake --build /home/duck/Downloads/robo/build/turtlebot3_gazebo -- -j4 -l4
[0.764s] Invoking command in '/home/duck/Downloads/robo/build/turtlebot3_gazebo': CMAKE_PREFIX_PATH=${CMAKE_PREFIX_PATH}:/home/duck/Downloads/robo/install/robot_math:/home/duck/Downloads/robo/install/pc:/home/duck/Downloads/robo/install/my_robot_controller:/opt/ros/humble /usr/bin/cmake --install /home/duck/Downloads/robo/build/turtlebot3_gazebo
[0.785s] -- Install configuration: ""
[0.785s] -- Up-to-date: /home/duck/Downloads/robo/install/turtlebot3_gazebo/lib/turtlebot3_gazebo/turtlebot3_drive
[0.786s] -- Up-to-date: /home/duck/Downloads/robo/install/turtlebot3_gazebo/share/turtlebot3_gazebo//launch
[0.787s] -- Up-to-date: /home/duck/Downloads/robo/install/turtlebot3_gazebo/share/turtlebot3_gazebo//launch/robot_state_publisher.launch.py
[0.787s] -- Up-to-date: /home/duck/Downloads/robo/install/turtlebot3_gazebo/share/turtlebot3_gazebo//launch/turtlebot3_dqn_stage4.launch.py
[0.787s] -- Up-to-date: /home/duck/Downloads/robo/install/turtlebot3_gazebo/share/turtlebot3_gazebo//launch/turtlebot3_dqn_stage2.launch.py
[0.787s] -- Up-to-date: /home/duck/Downloads/robo/install/turtlebot3_gazebo/share/turtlebot3_gazebo//launch/turtlebot3_dqn_stage1.launch.py
[0.787s] -- Up-to-date: /home/duck/Downloads/robo/install/turtlebot3_gazebo/share/turtlebot3_gazebo//launch/spawn_turtlebot3.launch.py
[0.787s] -- Up-to-date: /home/duck/Downloads/robo/install/turtlebot3_gazebo/share/turtlebot3_gazebo//launch/turtlebot3_world.launch.py
[0.788s] -- Up-to-date: /home/duck/Downloads/robo/install/turtlebot3_gazebo/share/turtlebot3_gazebo//launch/turtlebot3_dqn_stage3.launch.py
[0.789s] -- Up-to-date: /home/duck/Downloads/robo/install/turtlebot3_gazebo/share/turtlebot3_gazebo//launch/turtlebot3_house.launch.py
[0.789s] -- Up-to-date: /home/duck/Downloads/robo/install/turtlebot3_gazebo/share/turtlebot3_gazebo//launch/empty_world.launch.py
[0.790s] -- Up-to-date: /home/duck/Downloads/robo/install/turtlebot3_gazebo/share/turtlebot3_gazebo//models
[0.790s] -- Up-to-date: /home/duck/Downloads/robo/install/turtlebot3_gazebo/share/turtlebot3_gazebo//models/aws_robomaker_warehouse_ShelfE_01
[0.790s] -- Up-to-date: /home/duck/Downloads/robo/install/turtlebot3_gazebo/share/turtlebot3_gazebo//models/aws_robomaker_warehouse_ShelfE_01/materials
[0.790s] -- Up-to-date: /home/duck/Downloads/robo/install/turtlebot3_gazebo/share/turtlebot3_gazebo//models/aws_robomaker_warehouse_ShelfE_01/materials/textures
[0.790s] -- Up-to-date: /home/duck/Downloads/robo/install/turtlebot3_gazebo/share/turtlebot3_gazebo//models/aws_robomaker_warehouse_ShelfE_01/materials/textures/aws_robomaker_warehouse_ShelfE_01.png
[0.790s] -- Up-to-date: /home/duck/Downloads/robo/install/turtlebot3_gazebo/share/turtlebot3_gazebo//models/aws_robomaker_warehouse_ShelfE_01/materials/textures/aws_robomaker_warehouse_ShelfE_02.png
[0.790s] -- Up-to-date: /home/duck/Downloads/robo/install/turtlebot3_gazebo/share/turtlebot3_gazebo//models/aws_robomaker_warehouse_ShelfE_01/materials/textures/aws_robomaker_warehouse_ShelfE_03.png
[0.791s] -- Up-to-date: /home/duck/Downloads/robo/install/turtlebot3_gazebo/share/turtlebot3_gazebo//models/aws_robomaker_warehouse_ShelfE_01/materials/textures/aws_robomaker_warehouse_ShelfE_04.png
[0.791s] -- Up-to-date: /home/duck/Downloads/robo/install/turtlebot3_gazebo/share/turtlebot3_gazebo//models/aws_robomaker_warehouse_ShelfE_01/model.sdf
[0.791s] -- Up-to-date: /home/duck/Downloads/robo/install/turtlebot3_gazebo/share/turtlebot3_gazebo//models/aws_robomaker_warehouse_ShelfE_01/meshes
[0.792s] -- Up-to-date: /home/duck/Downloads/robo/install/turtlebot3_gazebo/share/turtlebot3_gazebo//models/aws_robomaker_warehouse_ShelfE_01/meshes/aws_robomaker_warehouse_ShelfE_01_visual.DAE
[0.792s] -- Up-to-date: /home/duck/Downloads/robo/install/turtlebot3_gazebo/share/turtlebot3_gazebo//models/aws_robomaker_warehouse_ShelfE_01/meshes/aws_robomaker_warehouse_ShelfE_01_collision.DAE
[0.792s] -- Up-to-date: /home/duck/Downloads/robo/install/turtlebot3_gazebo/share/turtlebot3_gazebo//models/aws_robomaker_warehouse_ShelfE_01/model.config
[0.792s] -- Up-to-date: /home/duck/Downloads/robo/install/turtlebot3_gazebo/share/turtlebot3_gazebo//models/aws_robomaker_warehouse_DeskC_01
[0.792s] -- Up-to-date: /home/duck/Downloads/robo/install/turtlebot3_gazebo/share/turtlebot3_gazebo//models/aws_robomaker_warehouse_DeskC_01/materials
[0.792s] -- Up-to-date: /home/duck/Downloads/robo/install/turtlebot3_gazebo/share/turtlebot3_gazebo//models/aws_robomaker_warehouse_DeskC_01/materials/textures
[0.793s] -- Up-to-date: /home/duck/Downloads/robo/install/turtlebot3_gazebo/share/turtlebot3_gazebo//models/aws_robomaker_warehouse_DeskC_01/materials/textures/aws_robomaker_warehouse_DeskC_03.psd
[0.793s] -- Up-to-date: /home/duck/Downloads/robo/install/turtlebot3_gazebo/share/turtlebot3_gazebo//models/aws_robomaker_warehouse_DeskC_01/materials/textures/aws_robomaker_warehouse_DeskC_01.png
[0.793s] -- Up-to-date: /home/duck/Downloads/robo/install/turtlebot3_gazebo/share/turtlebot3_gazebo//models/aws_robomaker_warehouse_DeskC_01/materials/textures/aws_robomaker_warehouse_DeskC_04.png
[0.793s] -- Up-to-date: /home/duck/Downloads/robo/install/turtlebot3_gazebo/share/turtlebot3_gazebo//models/aws_robomaker_warehouse_DeskC_01/materials/textures/aws_robomaker_warehouse_DeskC_03.png
[0.793s] -- Up-to-date: /home/duck/Downloads/robo/install/turtlebot3_gazebo/share/turtlebot3_gazebo//models/aws_robomaker_warehouse_DeskC_01/materials/textures/aws_robomaker_warehouse_DeskC_02.png
[0.793s] -- Up-to-date: /home/duck/Downloads/robo/install/turtlebot3_gazebo/share/turtlebot3_gazebo//models/aws_robomaker_warehouse_DeskC_01/model.sdf
[0.793s] -- Up-to-date: /home/duck/Downloads/robo/install/turtlebot3_gazebo/share/turtlebot3_gazebo//models/aws_robomaker_warehouse_DeskC_01/meshes
[0.794s] -- Up-to-date: /home/duck/Downloads/robo/install/turtlebot3_gazebo/share/turtlebot3_gazebo//models/aws_robomaker_warehouse_DeskC_01/meshes/aws_robomaker_warehouse_DeskC_01_visual.DAE
[0.794s] -- Up-to-date: /home/duck/Downloads/robo/install/turtlebot3_gazebo/share/turtlebot3_gazebo//models/aws_robomaker_warehouse_DeskC_01/meshes/aws_robomaker_warehouse_DeskC_01_collision.DAE
[0.799s] -- Up-to-date: /home/duck/Downloads/robo/install/turtlebot3_gazebo/share/turtlebot3_gazebo//models/aws_robomaker_warehouse_DeskC_01/model.config
[0.799s] -- Up-to-date: /home/duck/Downloads/robo/install/turtlebot3_gazebo/share/turtlebot3_gazebo//models/turtlebot3_dqn_world
[0.799s] -- Up-to-date: /home/duck/Downloads/robo/install/turtlebot3_gazebo/share/turtlebot3_gazebo//models/turtlebot3_dqn_world/obstacle2
[0.800s] -- Up-to-date: /home/duck/Downloads/robo/install/turtlebot3_gazebo/share/turtlebot3_gazebo//models/turtlebot3_dqn_world/obstacle2/model.sdf
[0.800s] -- Up-to-date: /home/duck/Downloads/robo/install/turtlebot3_gazebo/share/turtlebot3_gazebo//models/turtlebot3_dqn_world/obstacle2/model.config
[0.800s] -- Up-to-date: /home/duck/Downloads/robo/install/turtlebot3_gazebo/share/turtlebot3_gazebo//models/turtlebot3_dqn_world/obstacle1
[0.800s] -- Up-to-date: /home/duck/Downloads/robo/install/turtlebot3_gazebo/share/turtlebot3_gazebo//models/turtlebot3_dqn_world/obstacle1/model.sdf
[0.800s] -- Up-to-date: /home/duck/Downloads/robo/install/turtlebot3_gazebo/share/turtlebot3_gazebo//models/turtlebot3_dqn_world/obstacle1/model.config
[0.800s] -- Up-to-date: /home/duck/Downloads/robo/install/turtlebot3_gazebo/share/turtlebot3_gazebo//models/turtlebot3_dqn_world/obstacle_plugin
[0.801s] -- Up-to-date: /home/duck/Downloads/robo/install/turtlebot3_gazebo/share/turtlebot3_gazebo//models/turtlebot3_dqn_world/obstacle_plugin/obstacles.cc
[0.801s] -- Up-to-date: /home/duck/Downloads/robo/install/turtlebot3_gazebo/share/turtlebot3_gazebo//models/turtlebot3_dqn_world/obstacle_plugin/CMakeLists.txt
[0.801s] -- Up-to-date: /home/duck/Downloads/robo/install/turtlebot3_gazebo/share/turtlebot3_gazebo//models/turtlebot3_dqn_world/obstacle_plugin/obstacle1.cc
[0.801s] -- Up-to-date: /home/duck/Downloads/robo/install/turtlebot3_gazebo/share/turtlebot3_gazebo//models/turtlebot3_dqn_world/obstacle_plugin/obstacle2.cc
[0.801s] -- Up-to-date: /home/duck/Downloads/robo/install/turtlebot3_gazebo/share/turtlebot3_gazebo//models/turtlebot3_dqn_world/goal_box
[0.801s] -- Up-to-date: /home/duck/Downloads/robo/install/turtlebot3_gazebo/share/turtlebot3_gazebo//models/turtlebot3_dqn_world/goal_box/model.sdf
[0.801s] -- Up-to-date: /home/duck/Downloads/robo/install/turtlebot3_gazebo/share/turtlebot3_gazebo//models/turtlebot3_dqn_world/goal_box/model.config
[0.802s] -- Up-to-date: /home/duck/Downloads/robo/install/turtlebot3_gazebo/share/turtlebot3_gazebo//models/turtlebot3_dqn_world/model.sdf
[0.802s] -- Up-to-date: /home/duck/Downloads/robo/install/turtlebot3_gazebo/share/turtlebot3_gazebo//models/turtlebot3_dqn_world/model.config
[0.802s] -- Up-to-date: /home/duck/Downloads/robo/install/turtlebot3_gazebo/share/turtlebot3_gazebo//models/turtlebot3_dqn_world/obstacles
[0.802s] -- Up-to-date: /home/duck/Downloads/robo/install/turtlebot3_gazebo/share/turtlebot3_gazebo//models/turtlebot3_dqn_world/obstacles/model.sdf
[0.802s] -- Up-to-date: /home/duck/Downloads/robo/install/turtlebot3_gazebo/share/turtlebot3_gazebo//models/turtlebot3_dqn_world/obstacles/model.config
[0.802s] -- Up-to-date: /home/duck/Downloads/robo/install/turtlebot3_gazebo/share/turtlebot3_gazebo//models/turtlebot3_dqn_world/inner_walls
[0.803s] -- Up-to-date: /home/duck/Downloads/robo/install/turtlebot3_gazebo/share/turtlebot3_gazebo//models/turtlebot3_dqn_world/inner_walls/model.sdf
[0.803s] -- Up-to-date: /home/duck/Downloads/robo/install/turtlebot3_gazebo/share/turtlebot3_gazebo//models/turtlebot3_dqn_world/inner_walls/model.config
[0.803s] -- Up-to-date: /home/duck/Downloads/robo/install/turtlebot3_gazebo/share/turtlebot3_gazebo//models/aws_robomaker_warehouse_Lamp_01
[0.803s] -- Up-to-date: /home/duck/Downloads/robo/install/turtlebot3_gazebo/share/turtlebot3_gazebo//models/aws_robomaker_warehouse_Lamp_01/materials
[0.803s] -- Up-to-date: /home/duck/Downloads/robo/install/turtlebot3_gazebo/share/turtlebot3_gazebo//models/aws_robomaker_warehouse_Lamp_01/materials/textures
[0.803s] -- Up-to-date: /home/duck/Downloads/robo/install/turtlebot3_gazebo/share/turtlebot3_gazebo//models/aws_robomaker_warehouse_Lamp_01/materials/textures/aws_robomaker_warehouse_Lamp_01.png
[0.804s] -- Up-to-date: /home/duck/Downloads/robo/install/turtlebot3_gazebo/share/turtlebot3_gazebo//models/aws_robomaker_warehouse_Lamp_01/model.sdf
[0.814s] -- Up-to-date: /home/duck/Downloads/robo/install/turtlebot3_gazebo/share/turtlebot3_gazebo//models/aws_robomaker_warehouse_Lamp_01/meshes
[0.815s] -- Up-to-date: /home/duck/Downloads/robo/install/turtlebot3_gazebo/share/turtlebot3_gazebo//models/aws_robomaker_warehouse_Lamp_01/meshes/aws_robomaker_warehouse_Lamp_01_collision.DAE
[0.815s] -- Up-to-date: /home/duck/Downloads/robo/install/turtlebot3_gazebo/share/turtlebot3_gazebo//models/aws_robomaker_warehouse_Lamp_01/meshes/aws_robomaker_warehouse_Lamp_01_visual.DAE
[0.815s] -- Up-to-date: /home/duck/Downloads/robo/install/turtlebot3_gazebo/share/turtlebot3_gazebo//models/aws_robomaker_warehouse_Lamp_01/model.config
[0.815s] -- Up-to-date: /home/duck/Downloads/robo/install/turtlebot3_gazebo/share/turtlebot3_gazebo//models/aws_robomaker_warehouse_TrashCanC_01
[0.816s] -- Up-to-date: /home/duck/Downloads/robo/install/turtlebot3_gazebo/share/turtlebot3_gazebo//models/aws_robomaker_warehouse_TrashCanC_01/materials
[0.816s] -- Up-to-date: /home/duck/Downloads/robo/install/turtlebot3_gazebo/share/turtlebot3_gazebo//models/aws_robomaker_warehouse_TrashCanC_01/materials/textures
[0.816s] -- Up-to-date: /home/duck/Downloads/robo/install/turtlebot3_gazebo/share/turtlebot3_gazebo//models/aws_robomaker_warehouse_TrashCanC_01/materials/textures/aws_robomaker_warehouse_TrashCanC_01.png
[0.816s] -- Up-to-date: /home/duck/Downloads/robo/install/turtlebot3_gazebo/share/turtlebot3_gazebo//models/aws_robomaker_warehouse_TrashCanC_01/model.sdf
[0.817s] -- Up-to-date: /home/duck/Downloads/robo/install/turtlebot3_gazebo/share/turtlebot3_gazebo//models/aws_robomaker_warehouse_TrashCanC_01/meshes
[0.817s] -- Up-to-date: /home/duck/Downloads/robo/install/turtlebot3_gazebo/share/turtlebot3_gazebo//models/aws_robomaker_warehouse_TrashCanC_01/meshes/aws_robomaker_warehouse_TrashCanC_01_visual.DAE
[0.817s] -- Up-to-date: /home/duck/Downloads/robo/install/turtlebot3_gazebo/share/turtlebot3_gazebo//models/aws_robomaker_warehouse_TrashCanC_01/meshes/aws_robomaker_warehouse_TrashCanC_01_collision.DAE
[0.817s] -- Up-to-date: /home/duck/Downloads/robo/install/turtlebot3_gazebo/share/turtlebot3_gazebo//models/aws_robomaker_warehouse_TrashCanC_01/model.config
[0.818s] -- Up-to-date: /home/duck/Downloads/robo/install/turtlebot3_gazebo/share/turtlebot3_gazebo//models/turtlebot3_common
[0.821s] -- Up-to-date: /home/duck/Downloads/robo/install/turtlebot3_gazebo/share/turtlebot3_gazebo//models/turtlebot3_common/meshes
[0.822s] -- Up-to-date: /home/duck/Downloads/robo/install/turtlebot3_gazebo/share/turtlebot3_gazebo//models/turtlebot3_common/meshes/r200.dae
[0.822s] -- Up-to-date: /home/duck/Downloads/robo/install/turtlebot3_gazebo/share/turtlebot3_gazebo//models/turtlebot3_common/meshes/tire.dae
[0.822s] -- Up-to-date: /home/duck/Downloads/robo/install/turtlebot3_gazebo/share/turtlebot3_gazebo//models/turtlebot3_common/meshes/lds.dae
[0.822s] -- Up-to-date: /home/duck/Downloads/robo/install/turtlebot3_gazebo/share/turtlebot3_gazebo//models/turtlebot3_common/meshes/waffle_pi_base.dae
[0.822s] -- Up-to-date: /home/duck/Downloads/robo/install/turtlebot3_gazebo/share/turtlebot3_gazebo//models/turtlebot3_common/meshes/waffle_base.dae
[0.822s] -- Up-to-date: /home/duck/Downloads/robo/install/turtlebot3_gazebo/share/turtlebot3_gazebo//models/turtlebot3_common/meshes/burger_base.dae
[0.823s] -- Up-to-date: /home/duck/Downloads/robo/install/turtlebot3_gazebo/share/turtlebot3_gazebo//models/turtlebot3_common/model.config
[0.823s] -- Up-to-date: /home/duck/Downloads/robo/install/turtlebot3_gazebo/share/turtlebot3_gazebo//models/aws_robomaker_warehouse_WallB_01
[0.823s] -- Up-to-date: /home/duck/Downloads/robo/install/turtlebot3_gazebo/share/turtlebot3_gazebo//models/aws_robomaker_warehouse_WallB_01/materials
[0.823s] -- Up-to-date: /home/duck/Downloads/robo/install/turtlebot3_gazebo/share/turtlebot3_gazebo//models/aws_robomaker_warehouse_WallB_01/materials/textures
[0.823s] -- Up-to-date: /home/duck/Downloads/robo/install/turtlebot3_gazebo/share/turtlebot3_gazebo//models/aws_robomaker_warehouse_WallB_01/materials/textures/aws_robomaker_warehouse_WallB_01.png
[0.823s] -- Up-to-date: /home/duck/Downloads/robo/install/turtlebot3_gazebo/share/turtlebot3_gazebo//models/aws_robomaker_warehouse_WallB_01/model.sdf
[0.824s] -- Up-to-date: /home/duck/Downloads/robo/install/turtlebot3_gazebo/share/turtlebot3_gazebo//models/aws_robomaker_warehouse_WallB_01/meshes
[0.824s] -- Up-to-date: /home/duck/Downloads/robo/install/turtlebot3_gazebo/share/turtlebot3_gazebo//models/aws_robomaker_warehouse_WallB_01/meshes/aws_robomaker_warehouse_WallB_01_collision.DAE
[0.824s] -- Up-to-date: /home/duck/Downloads/robo/install/turtlebot3_gazebo/share/turtlebot3_gazebo//models/aws_robomaker_warehouse_WallB_01/meshes/aws_robomaker_warehouse_WallB_01_visual.DAE
[0.824s] -- Up-to-date: /home/duck/Downloads/robo/install/turtlebot3_gazebo/share/turtlebot3_gazebo//models/aws_robomaker_warehouse_WallB_01/model.config
[0.824s] -- Up-to-date: /home/duck/Downloads/robo/install/turtlebot3_gazebo/share/turtlebot3_gazebo//models/turtlebot3_waffle
[0.825s] -- Up-to-date: /home/duck/Downloads/robo/install/turtlebot3_gazebo/share/turtlebot3_gazebo//models/turtlebot3_waffle/model-1_4.sdf
[0.825s] -- Up-to-date: /home/duck/Downloads/robo/install/turtlebot3_gazebo/share/turtlebot3_gazebo//models/turtlebot3_waffle/model.sdf
[0.825s] -- Up-to-date: /home/duck/Downloads/robo/install/turtlebot3_gazebo/share/turtlebot3_gazebo//models/turtlebot3_waffle/model.config
[0.825s] -- Up-to-date: /home/duck/Downloads/robo/install/turtlebot3_gazebo/share/turtlebot3_gazebo//models/aws_robomaker_warehouse_ClutteringC_01
[0.825s] -- Up-to-date: /home/duck/Downloads/robo/install/turtlebot3_gazebo/share/turtlebot3_gazebo//models/aws_robomaker_warehouse_ClutteringC_01/materials
[0.829s] -- Up-to-date: /home/duck/Downloads/robo/install/turtlebot3_gazebo/share/turtlebot3_gazebo//models/aws_robomaker_warehouse_ClutteringC_01/materials/textures
[0.829s] -- Up-to-date: /home/duck/Downloads/robo/install/turtlebot3_gazebo/share/turtlebot3_gazebo//models/aws_robomaker_warehouse_ClutteringC_01/materials/textures/aws_robomaker_warehouse_ClutteringC_02.png
[0.830s] -- Up-to-date: /home/duck/Downloads/robo/install/turtlebot3_gazebo/share/turtlebot3_gazebo//models/aws_robomaker_warehouse_ClutteringC_01/materials/textures/aws_robomaker_warehouse_ClutteringC_01.png
[0.831s] -- Up-to-date: /home/duck/Downloads/robo/install/turtlebot3_gazebo/share/turtlebot3_gazebo//models/aws_robomaker_warehouse_ClutteringC_01/model.sdf
[0.831s] -- Up-to-date: /home/duck/Downloads/robo/install/turtlebot3_gazebo/share/turtlebot3_gazebo//models/aws_robomaker_warehouse_ClutteringC_01/meshes
[0.831s] -- Up-to-date: /home/duck/Downloads/robo/install/turtlebot3_gazebo/share/turtlebot3_gazebo//models/aws_robomaker_warehouse_ClutteringC_01/meshes/aws_robomaker_warehouse_ClutteringC_01_visual.DAE
[0.831s] -- Up-to-date: /home/duck/Downloads/robo/install/turtlebot3_gazebo/share/turtlebot3_gazebo//models/aws_robomaker_warehouse_ClutteringC_01/meshes/aws_robomaker_warehouse_ClutteringC_01_collision.DAE
[0.831s] -- Up-to-date: /home/duck/Downloads/robo/install/turtlebot3_gazebo/share/turtlebot3_gazebo//models/aws_robomaker_warehouse_ClutteringC_01/model.config
[0.831s] -- Up-to-date: /home/duck/Downloads/robo/install/turtlebot3_gazebo/share/turtlebot3_gazebo//models/aws_robomaker_warehouse_GroundB_01
[0.832s] -- Up-to-date: /home/duck/Downloads/robo/install/turtlebot3_gazebo/share/turtlebot3_gazebo//models/aws_robomaker_warehouse_GroundB_01/materials
[0.832s] -- Up-to-date: /home/duck/Downloads/robo/install/turtlebot3_gazebo/share/turtlebot3_gazebo//models/aws_robomaker_warehouse_GroundB_01/materials/textures
[0.832s] -- Up-to-date: /home/duck/Downloads/robo/install/turtlebot3_gazebo/share/turtlebot3_gazebo//models/aws_robomaker_warehouse_GroundB_01/materials/textures/aws_robomaker_warehouse_GroundB_01.png
[0.832s] -- Up-to-date: /home/duck/Downloads/robo/install/turtlebot3_gazebo/share/turtlebot3_gazebo//models/aws_robomaker_warehouse_GroundB_01/materials/textures/aws_robomaker_warehouse_GroundB_02.png
[0.832s] -- Up-to-date: /home/duck/Downloads/robo/install/turtlebot3_gazebo/share/turtlebot3_gazebo//models/aws_robomaker_warehouse_GroundB_01/model.sdf
[0.833s] -- Up-to-date: /home/duck/Downloads/robo/install/turtlebot3_gazebo/share/turtlebot3_gazebo//models/aws_robomaker_warehouse_GroundB_01/meshes
[0.833s] -- Up-to-date: /home/duck/Downloads/robo/install/turtlebot3_gazebo/share/turtlebot3_gazebo//models/aws_robomaker_warehouse_GroundB_01/meshes/aws_robomaker_warehouse_GroundB_01_collision.DAE
[0.833s] -- Up-to-date: /home/duck/Downloads/robo/install/turtlebot3_gazebo/share/turtlebot3_gazebo//models/aws_robomaker_warehouse_GroundB_01/meshes/aws_robomaker_warehouse_GroundB_01_visual.DAE
[0.833s] -- Up-to-date: /home/duck/Downloads/robo/install/turtlebot3_gazebo/share/turtlebot3_gazebo//models/aws_robomaker_warehouse_GroundB_01/model.config
[0.833s] -- Up-to-date: /home/duck/Downloads/robo/install/turtlebot3_gazebo/share/turtlebot3_gazebo//models/aws_robomaker_warehouse_ClutteringA_01
[0.833s] -- Up-to-date: /home/duck/Downloads/robo/install/turtlebot3_gazebo/share/turtlebot3_gazebo//models/aws_robomaker_warehouse_ClutteringA_01/materials
[0.834s] -- Up-to-date: /home/duck/Downloads/robo/install/turtlebot3_gazebo/share/turtlebot3_gazebo//models/aws_robomaker_warehouse_ClutteringA_01/materials/textures
[0.834s] -- Up-to-date: /home/duck/Downloads/robo/install/turtlebot3_gazebo/share/turtlebot3_gazebo//models/aws_robomaker_warehouse_ClutteringA_01/materials/textures/aws_robomaker_warehouse_ClutteringA_01.png
[0.835s] -- Up-to-date: /home/duck/Downloads/robo/install/turtlebot3_gazebo/share/turtlebot3_gazebo//models/aws_robomaker_warehouse_ClutteringA_01/materials/textures/aws_robomaker_warehouse_ClutteringA_02.png
[0.835s] -- Up-to-date: /home/duck/Downloads/robo/install/turtlebot3_gazebo/share/turtlebot3_gazebo//models/aws_robomaker_warehouse_ClutteringA_01/materials/textures/aws_robomaker_warehouse_ClutteringA_03.png
[0.835s] -- Up-to-date: /home/duck/Downloads/robo/install/turtlebot3_gazebo/share/turtlebot3_gazebo//models/aws_robomaker_warehouse_ClutteringA_01/model.sdf
[0.835s] -- Up-to-date: /home/duck/Downloads/robo/install/turtlebot3_gazebo/share/turtlebot3_gazebo//models/aws_robomaker_warehouse_ClutteringA_01/meshes
[0.835s] -- Up-to-date: /home/duck/Downloads/robo/install/turtlebot3_gazebo/share/turtlebot3_gazebo//models/aws_robomaker_warehouse_ClutteringA_01/meshes/aws_robomaker_warehouse_ClutteringA_01_collision.DAE
[0.835s] -- Up-to-date: /home/duck/Downloads/robo/install/turtlebot3_gazebo/share/turtlebot3_gazebo//models/aws_robomaker_warehouse_ClutteringA_01/meshes/aws_robomaker_warehouse_ClutteringA_01_visual.DAE
[0.835s] -- Up-to-date: /home/duck/Downloads/robo/install/turtlebot3_gazebo/share/turtlebot3_gazebo//models/aws_robomaker_warehouse_ClutteringA_01/model.config
[0.835s] -- Up-to-date: /home/duck/Downloads/robo/install/turtlebot3_gazebo/share/turtlebot3_gazebo//models/aws_robomaker_warehouse_ShelfF_01
[0.836s] -- Up-to-date: /home/duck/Downloads/robo/install/turtlebot3_gazebo/share/turtlebot3_gazebo//models/aws_robomaker_warehouse_ShelfF_01/materials
[0.836s] -- Up-to-date: /home/duck/Downloads/robo/install/turtlebot3_gazebo/share/turtlebot3_gazebo//models/aws_robomaker_warehouse_ShelfF_01/materials/textures
[0.836s] -- Up-to-date: /home/duck/Downloads/robo/install/turtlebot3_gazebo/share/turtlebot3_gazebo//models/aws_robomaker_warehouse_ShelfF_01/materials/textures/aws_robomaker_warehouse_ShelfF_01.png
[0.836s] -- Up-to-date: /home/duck/Downloads/robo/install/turtlebot3_gazebo/share/turtlebot3_gazebo//models/aws_robomaker_warehouse_ShelfF_01/materials/textures/aws_robomaker_warehouse_ShelfF_03.png
[0.836s] -- Up-to-date: /home/duck/Downloads/robo/install/turtlebot3_gazebo/share/turtlebot3_gazebo//models/aws_robomaker_warehouse_ShelfF_01/materials/textures/aws_robomaker_warehouse_ShelfF_02.png
[0.836s] -- Up-to-date: /home/duck/Downloads/robo/install/turtlebot3_gazebo/share/turtlebot3_gazebo//models/aws_robomaker_warehouse_ShelfF_01/model.sdf
[0.836s] -- Up-to-date: /home/duck/Downloads/robo/install/turtlebot3_gazebo/share/turtlebot3_gazebo//models/aws_robomaker_warehouse_ShelfF_01/meshes
[0.837s] -- Up-to-date: /home/duck/Downloads/robo/install/turtlebot3_gazebo/share/turtlebot3_gazebo//models/aws_robomaker_warehouse_ShelfF_01/meshes/aws_robomaker_warehouse_ShelfF_01_visual.DAE
[0.837s] -- Up-to-date: /home/duck/Downloads/robo/install/turtlebot3_gazebo/share/turtlebot3_gazebo//models/aws_robomaker_warehouse_ShelfF_01/meshes/aws_robomaker_warehouse_ShelfF_01_collision.DAE
[0.837s] -- Up-to-date: /home/duck/Downloads/robo/install/turtlebot3_gazebo/share/turtlebot3_gazebo//models/aws_robomaker_warehouse_ShelfF_01/model.config
[0.837s] -- Up-to-date: /home/duck/Downloads/robo/install/turtlebot3_gazebo/share/turtlebot3_gazebo//models/aws_robomaker_warehouse_ClutteringD_01
[0.837s] -- Up-to-date: /home/duck/Downloads/robo/install/turtlebot3_gazebo/share/turtlebot3_gazebo//models/aws_robomaker_warehouse_ClutteringD_01/materials
[0.837s] -- Up-to-date: /home/duck/Downloads/robo/install/turtlebot3_gazebo/share/turtlebot3_gazebo//models/aws_robomaker_warehouse_ClutteringD_01/materials/textures
[0.837s] -- Up-to-date: /home/duck/Downloads/robo/install/turtlebot3_gazebo/share/turtlebot3_gazebo//models/aws_robomaker_warehouse_ClutteringD_01/materials/textures/aws_robomaker_warehouse_ClutteringD_01.png
[0.838s] -- Up-to-date: /home/duck/Downloads/robo/install/turtlebot3_gazebo/share/turtlebot3_gazebo//models/aws_robomaker_warehouse_ClutteringD_01/materials/textures/aws_robomaker_warehouse_ClutteringD_02.png
[0.838s] -- Up-to-date: /home/duck/Downloads/robo/install/turtlebot3_gazebo/share/turtlebot3_gazebo//models/aws_robomaker_warehouse_ClutteringD_01/model.sdf
[0.838s] -- Up-to-date: /home/duck/Downloads/robo/install/turtlebot3_gazebo/share/turtlebot3_gazebo//models/aws_robomaker_warehouse_ClutteringD_01/meshes
[0.838s] -- Up-to-date: /home/duck/Downloads/robo/install/turtlebot3_gazebo/share/turtlebot3_gazebo//models/aws_robomaker_warehouse_ClutteringD_01/meshes/aws_robomaker_warehouse_ClutteringD_01_visual.DAE
[0.838s] -- Up-to-date: /home/duck/Downloads/robo/install/turtlebot3_gazebo/share/turtlebot3_gazebo//models/aws_robomaker_warehouse_ClutteringD_01/meshes/aws_robomaker_warehouse_ClutteringD_01_collision.DAE
[0.838s] -- Up-to-date: /home/duck/Downloads/robo/install/turtlebot3_gazebo/share/turtlebot3_gazebo//models/aws_robomaker_warehouse_ClutteringD_01/model.config
[0.839s] -- Up-to-date: /home/duck/Downloads/robo/install/turtlebot3_gazebo/share/turtlebot3_gazebo//models/aws_robomaker_warehouse_ShelfD_01
[0.839s] -- Up-to-date: /home/duck/Downloads/robo/install/turtlebot3_gazebo/share/turtlebot3_gazebo//models/aws_robomaker_warehouse_ShelfD_01/materials
[0.839s] -- Up-to-date: /home/duck/Downloads/robo/install/turtlebot3_gazebo/share/turtlebot3_gazebo//models/aws_robomaker_warehouse_ShelfD_01/materials/textures
[0.839s] -- Up-to-date: /home/duck/Downloads/robo/install/turtlebot3_gazebo/share/turtlebot3_gazebo//models/aws_robomaker_warehouse_ShelfD_01/materials/textures/aws_robomaker_warehouse_ShelfD_04.png
[0.839s] -- Up-to-date: /home/duck/Downloads/robo/install/turtlebot3_gazebo/share/turtlebot3_gazebo//models/aws_robomaker_warehouse_ShelfD_01/materials/textures/aws_robomaker_warehouse_ShelfD_01.png
[0.839s] -- Up-to-date: /home/duck/Downloads/robo/install/turtlebot3_gazebo/share/turtlebot3_gazebo//models/aws_robomaker_warehouse_ShelfD_01/materials/textures/aws_robomaker_warehouse_ShelfD_02.png
[0.839s] -- Up-to-date: /home/duck/Downloads/robo/install/turtlebot3_gazebo/share/turtlebot3_gazebo//models/aws_robomaker_warehouse_ShelfD_01/materials/textures/aws_robomaker_warehouse_ShelfD_03.png
[0.840s] -- Up-to-date: /home/duck/Downloads/robo/install/turtlebot3_gazebo/share/turtlebot3_gazebo//models/aws_robomaker_warehouse_ShelfD_01/model.sdf
[0.840s] -- Up-to-date: /home/duck/Downloads/robo/install/turtlebot3_gazebo/share/turtlebot3_gazebo//models/aws_robomaker_warehouse_ShelfD_01/model.config
[0.840s] -- Up-to-date: /home/duck/Downloads/robo/install/turtlebot3_gazebo/share/turtlebot3_gazebo//models/turtlebot3_world
[0.840s] -- Up-to-date: /home/duck/Downloads/robo/install/turtlebot3_gazebo/share/turtlebot3_gazebo//models/turtlebot3_world/model-1_4.sdf
[0.840s] -- Up-to-date: /home/duck/Downloads/robo/install/turtlebot3_gazebo/share/turtlebot3_gazebo//models/turtlebot3_world/model.sdf
[0.840s] -- Up-to-date: /home/duck/Downloads/robo/install/turtlebot3_gazebo/share/turtlebot3_gazebo//models/turtlebot3_world/meshes
[0.840s] -- Up-to-date: /home/duck/Downloads/robo/install/turtlebot3_gazebo/share/turtlebot3_gazebo//models/turtlebot3_world/meshes/wall.dae
[0.841s] -- Up-to-date: /home/duck/Downloads/robo/install/turtlebot3_gazebo/share/turtlebot3_gazebo//models/turtlebot3_world/meshes/hexagon.dae
[0.841s] -- Up-to-date: /home/duck/Downloads/robo/install/turtlebot3_gazebo/share/turtlebot3_gazebo//models/turtlebot3_world/model.config
[0.841s] -- Up-to-date: /home/duck/Downloads/robo/install/turtlebot3_gazebo/share/turtlebot3_gazebo//models/aws_robomaker_warehouse_PalletJackB_01
[0.841s] -- Up-to-date: /home/duck/Downloads/robo/install/turtlebot3_gazebo/share/turtlebot3_gazebo//models/aws_robomaker_warehouse_PalletJackB_01/materials
[0.841s] -- Up-to-date: /home/duck/Downloads/robo/install/turtlebot3_gazebo/share/turtlebot3_gazebo//models/aws_robomaker_warehouse_PalletJackB_01/materials/textures
[0.841s] -- Up-to-date: /home/duck/Downloads/robo/install/turtlebot3_gazebo/share/turtlebot3_gazebo//models/aws_robomaker_warehouse_PalletJackB_01/materials/textures/aws_robomaker_warehouse_PalletJackB_01.png
[0.841s] -- Up-to-date: /home/duck/Downloads/robo/install/turtlebot3_gazebo/share/turtlebot3_gazebo//models/aws_robomaker_warehouse_PalletJackB_01/materials/textures/aws_robomaker_warehouse_PalletJackB_02.png
[0.842s] -- Up-to-date: /home/duck/Downloads/robo/install/turtlebot3_gazebo/share/turtlebot3_gazebo//models/aws_robomaker_warehouse_PalletJackB_01/model.sdf
[0.842s] -- Up-to-date: /home/duck/Downloads/robo/install/turtlebot3_gazebo/share/turtlebot3_gazebo//models/aws_robomaker_warehouse_PalletJackB_01/meshes
[0.842s] -- Up-to-date: /home/duck/Downloads/robo/install/turtlebot3_gazebo/share/turtlebot3_gazebo//models/aws_robomaker_warehouse_PalletJackB_01/meshes/aws_robomaker_warehouse_PalletJackB_01_visual.DAE
[0.842s] -- Up-to-date: /home/duck/Downloads/robo/install/turtlebot3_gazebo/share/turtlebot3_gazebo//models/aws_robomaker_warehouse_PalletJackB_01/meshes/aws_robomaker_warehouse_PalletJackB_01_collision.DAE
[0.842s] -- Up-to-date: /home/duck/Downloads/robo/install/turtlebot3_gazebo/share/turtlebot3_gazebo//models/aws_robomaker_warehouse_PalletJackB_01/model.config
[0.842s] -- Up-to-date: /home/duck/Downloads/robo/install/turtlebot3_gazebo/share/turtlebot3_gazebo//models/turtlebot3_house
[0.842s] -- Up-to-date: /home/duck/Downloads/robo/install/turtlebot3_gazebo/share/turtlebot3_gazebo//models/turtlebot3_house/model.sdf
[0.842s] -- Up-to-date: /home/duck/Downloads/robo/install/turtlebot3_gazebo/share/turtlebot3_gazebo//models/turtlebot3_house/model.config
[0.842s] -- Up-to-date: /home/duck/Downloads/robo/install/turtlebot3_gazebo/share/turtlebot3_gazebo//models/aws_robomaker_warehouse_RoofB_01
[0.843s] -- Up-to-date: /home/duck/Downloads/robo/install/turtlebot3_gazebo/share/turtlebot3_gazebo//models/aws_robomaker_warehouse_RoofB_01/materials
[0.843s] -- Up-to-date: /home/duck/Downloads/robo/install/turtlebot3_gazebo/share/turtlebot3_gazebo//models/aws_robomaker_warehouse_RoofB_01/materials/textures
[0.843s] -- Up-to-date: /home/duck/Downloads/robo/install/turtlebot3_gazebo/share/turtlebot3_gazebo//models/aws_robomaker_warehouse_RoofB_01/materials/textures/aws_robomaker_warehouse_RoofB_01.png
[0.843s] -- Up-to-date: /home/duck/Downloads/robo/install/turtlebot3_gazebo/share/turtlebot3_gazebo//models/aws_robomaker_warehouse_RoofB_01/model.sdf
[0.843s] -- Up-to-date: /home/duck/Downloads/robo/install/turtlebot3_gazebo/share/turtlebot3_gazebo//models/aws_robomaker_warehouse_RoofB_01/meshes
[0.843s] -- Up-to-date: /home/duck/Downloads/robo/install/turtlebot3_gazebo/share/turtlebot3_gazebo//models/aws_robomaker_warehouse_RoofB_01/meshes/aws_robomaker_warehouse_RoofB_01_visual.DAE
[0.843s] -- Up-to-date: /home/duck/Downloads/robo/install/turtlebot3_gazebo/share/turtlebot3_gazebo//models/aws_robomaker_warehouse_RoofB_01/meshes/aws_robomaker_warehouse_RoofB_01_collision.DAE
[0.843s] -- Up-to-date: /home/duck/Downloads/robo/install/turtlebot3_gazebo/share/turtlebot3_gazebo//models/aws_robomaker_warehouse_RoofB_01/model.config
[0.843s] -- Up-to-date: /home/duck/Downloads/robo/install/turtlebot3_gazebo/share/turtlebot3_gazebo//rviz
[0.844s] -- Up-to-date: /home/duck/Downloads/robo/install/turtlebot3_gazebo/share/turtlebot3_gazebo//rviz/tb3_gazebo.rviz
[0.844s] -- Up-to-date: /home/duck/Downloads/robo/install/turtlebot3_gazebo/share/turtlebot3_gazebo//urdf
[0.844s] -- Up-to-date: /home/duck/Downloads/robo/install/turtlebot3_gazebo/share/turtlebot3_gazebo//urdf/turtlebot3_waffle_pi.urdf
[0.844s] -- Up-to-date: /home/duck/Downloads/robo/install/turtlebot3_gazebo/share/turtlebot3_gazebo//urdf/common_properties.urdf
[0.844s] -- Up-to-date: /home/duck/Downloads/robo/install/turtlebot3_gazebo/share/turtlebot3_gazebo//urdf/turtlebot3_waffle.urdf
[0.844s] -- Up-to-date: /home/duck/Downloads/robo/install/turtlebot3_gazebo/share/turtlebot3_gazebo//urdf/turtlebot3_burger.urdf
[0.844s] -- Up-to-date: /home/duck/Downloads/robo/install/turtlebot3_gazebo/share/turtlebot3_gazebo//worlds
[0.844s] -- Up-to-date: /home/duck/Downloads/robo/install/turtlebot3_gazebo/share/turtlebot3_gazebo//worlds/warehouse_willow.world
[0.844s] -- Up-to-date: /home/duck/Downloads/robo/install/turtlebot3_gazebo/share/turtlebot3_gazebo//worlds/damn.world
[0.845s] -- Up-to-date: /home/duck/Downloads/robo/install/turtlebot3_gazebo/share/turtlebot3_gazebo//worlds/turtlebot3_dqn_stage2.world
[0.845s] -- Up-to-date: /home/duck/Downloads/robo/install/turtlebot3_gazebo/share/turtlebot3_gazebo//worlds/turtlebot3_dqn_stage4.world
[0.845s] -- Up-to-date: /home/duck/Downloads/robo/install/turtlebot3_gazebo/share/turtlebot3_gazebo//worlds/turtlebot3_world.world
[0.845s] -- Up-to-date: /home/duck/Downloads/robo/install/turtlebot3_gazebo/share/turtlebot3_gazebo//worlds/turtlebot3_house.world
[0.845s] -- Up-to-date: /home/duck/Downloads/robo/install/turtlebot3_gazebo/share/turtlebot3_gazebo//worlds/warehouse_old.world
[0.845s] -- Up-to-date: /home/duck/Downloads/robo/install/turtlebot3_gazebo/share/turtlebot3_gazebo//worlds/turtlebot3_dqn_stage3.world
[0.845s] -- Up-to-date: /home/duck/Downloads/robo/install/turtlebot3_gazebo/share/turtlebot3_gazebo//worlds/test.world
[0.845s] -- Up-to-date: /home/duck/Downloads/robo/install/turtlebot3_gazebo/share/turtlebot3_gazebo//worlds/turtlebot3_dqn_stage1.world
[0.845s] -- Up-to-date: /home/duck/Downloads/robo/install/turtlebot3_gazebo/share/turtlebot3_gazebo//worlds/empty_world.world
[0.845s] -- Up-to-date: /home/duck/Downloads/robo/install/turtlebot3_gazebo/share/turtlebot3_gazebo//worlds/warehouse.world
[0.846s] -- Installing: /home/duck/Downloads/robo/install/turtlebot3_gazebo/share/turtlebot3_gazebo//worlds/final_new.world
[0.846s] -- Up-to-date: /home/duck/Downloads/robo/install/turtlebot3_gazebo/share/turtlebot3_gazebo//worlds/RL (copy).world
[0.846s] -- Up-to-date: /home/duck/Downloads/robo/install/turtlebot3_gazebo/share/turtlebot3_gazebo//worlds/final.world
[0.846s] -- Up-to-date: /home/duck/Downloads/robo/install/turtlebot3_gazebo/share/turtlebot3_gazebo//worlds/RL.world
[0.846s] -- Up-to-date: /home/duck/Downloads/robo/install/turtlebot3_gazebo/include/
[0.846s] -- Up-to-date: /home/duck/Downloads/robo/install/turtlebot3_gazebo/include//turtlebot3_gazebo
[0.846s] -- Up-to-date: /home/duck/Downloads/robo/install/turtlebot3_gazebo/include//turtlebot3_gazebo/turtlebot3_drive.hpp
[0.846s] -- Up-to-date: /home/duck/Downloads/robo/install/turtlebot3_gazebo/share/ament_index/resource_index/package_run_dependencies/turtlebot3_gazebo
[0.846s] -- Up-to-date: /home/duck/Downloads/robo/install/turtlebot3_gazebo/share/ament_index/resource_index/parent_prefix_path/turtlebot3_gazebo
[0.847s] -- Up-to-date: /home/duck/Downloads/robo/install/turtlebot3_gazebo/share/turtlebot3_gazebo/environment/ament_prefix_path.sh
[0.847s] -- Up-to-date: /home/duck/Downloads/robo/install/turtlebot3_gazebo/share/turtlebot3_gazebo/environment/ament_prefix_path.dsv
[0.847s] -- Up-to-date: /home/duck/Downloads/robo/install/turtlebot3_gazebo/share/turtlebot3_gazebo/environment/path.sh
[0.847s] -- Up-to-date: /home/duck/Downloads/robo/install/turtlebot3_gazebo/share/turtlebot3_gazebo/environment/path.dsv
[0.847s] -- Up-to-date: /home/duck/Downloads/robo/install/turtlebot3_gazebo/share/turtlebot3_gazebo/local_setup.bash
[0.847s] -- Up-to-date: /home/duck/Downloads/robo/install/turtlebot3_gazebo/share/turtlebot3_gazebo/local_setup.sh
[0.847s] -- Up-to-date: /home/duck/Downloads/robo/install/turtlebot3_gazebo/share/turtlebot3_gazebo/local_setup.zsh
[0.847s] -- Up-to-date: /home/duck/Downloads/robo/install/turtlebot3_gazebo/share/turtlebot3_gazebo/local_setup.dsv
[0.847s] -- Installing: /home/duck/Downloads/robo/install/turtlebot3_gazebo/share/turtlebot3_gazebo/package.dsv
[0.848s] -- Up-to-date: /home/duck/Downloads/robo/install/turtlebot3_gazebo/share/ament_index/resource_index/packages/turtlebot3_gazebo
[0.848s] -- Up-to-date: /home/duck/Downloads/robo/install/turtlebot3_gazebo/share/turtlebot3_gazebo/cmake/ament_cmake_export_include_directories-extras.cmake
[0.848s] -- Up-to-date: /home/duck/Downloads/robo/install/turtlebot3_gazebo/share/turtlebot3_gazebo/cmake/ament_cmake_export_dependencies-extras.cmake
[0.848s] -- Up-to-date: /home/duck/Downloads/robo/install/turtlebot3_gazebo/share/turtlebot3_gazebo/cmake/turtlebot3_gazeboConfig.cmake
[0.848s] -- Up-to-date: /home/duck/Downloads/robo/install/turtlebot3_gazebo/share/turtlebot3_gazebo/cmake/turtlebot3_gazeboConfig-version.cmake
[0.848s] -- Up-to-date: /home/duck/Downloads/robo/install/turtlebot3_gazebo/share/turtlebot3_gazebo/package.xml
[0.883s] Invoked command in '/home/duck/Downloads/robo/build/turtlebot3_gazebo' returned '0': CMAKE_PREFIX_PATH=${CMAKE_PREFIX_PATH}:/home/duck/Downloads/robo/install/robot_math:/home/duck/Downloads/robo/install/pc:/home/duck/Downloads/robo/install/my_robot_controller:/opt/ros/humble /usr/bin/cmake --install /home/duck/Downloads/robo/build/turtlebot3_gazebo
