[0.271s] Invoking command in '/home/duck/Downloads/robo/build/point_cloud_perception': CMAKE_PREFIX_PATH=/opt/ros/humble /usr/bin/cmake /home/duck/Downloads/robo/src/ros2_learners/point_cloud_perception -DCMAKE_INSTALL_PREFIX=/home/duck/Downloads/robo/install/point_cloud_perception
[1.505s] -- The C compiler identification is GNU 11.4.0
[2.854s] -- The CXX compiler identification is GNU 11.4.0
[2.951s] -- Detecting C compiler ABI info
[4.340s] -- Detecting C compiler ABI info - done
[4.477s] -- Check for working C compiler: /usr/bin/cc - skipped
[4.479s] -- Detecting C compile features
[4.485s] -- Detecting C compile features - done
[4.546s] -- Detecting CXX compiler ABI info
[5.688s] -- Detecting CXX compiler ABI info - done
[5.688s] -- Check for working CXX compiler: /usr/bin/c++ - skipped
[5.690s] -- Detecting CXX compile features
[5.691s] -- Detecting CXX compile features - done
[5.699s] -- Found ament_cmake: 1.3.10 (/opt/ros/humble/share/ament_cmake/cmake)
[7.231s] -- Found Python3: /usr/bin/python3 (found version "3.10.12") found components: Interpreter 
[8.874s] -- Checking for module 'eigen3'
[9.134s] --   Found eigen3, version 3.4.0
[10.498s] -- Found Eigen: /usr/include/eigen3 (Required is at least version "3.1") 
[10.499s] -- Eigen found (include: /usr/include/eigen3, version: 3.4.0)
[11.487s] -- Found Boost: /usr/lib/x86_64-linux-gnu/cmake/Boost-1.74.0/BoostConfig.cmake (found suitable version "1.74.0", minimum required is "1.65.0") found components: system filesystem date_time iostreams serialization 
[12.273s] -- Checking for module 'flann'
[12.610s] --   Found flann, version 1.9.1
[13.300s] -- Found FLANN: /usr/lib/x86_64-linux-gnu/libflann_cpp.so  
[13.302s] -- FLANN found (include: /usr/include, lib: /usr/lib/x86_64-linux-gnu/libflann_cpp.so)
[13.848s] -- Looking for pthread.h
[14.948s] -- Looking for pthread.h - found
[15.020s] -- Performing Test CMAKE_HAVE_LIBC_PTHREAD
[16.590s] -- Performing Test CMAKE_HAVE_LIBC_PTHREAD - Success
[16.625s] -- Found Threads: TRUE  
[16.744s] -- Found GLEW: /usr/lib/x86_64-linux-gnu/libGLEW.so  
[17.138s] -- Found OpenGL: /usr/lib/x86_64-linux-gnu/libOpenGL.so  found components: OpenGL GLX 
[20.383s] -- Found MPI_C: /usr/lib/x86_64-linux-gnu/libmpi.so (found version "3.1") 
[20.407s] -- Found MPI: TRUE (found version "3.1") found components: C 
[20.520s] -- Found JsonCpp: /usr/lib/x86_64-linux-gnu/libjsoncpp.so (found suitable version "1.9.5", minimum required is "0.7.0") 
[20.617s] -- Found ZLIB: /usr/lib/x86_64-linux-gnu/libz.so (found version "1.2.11") 
[20.703s] -- Found PNG: /usr/lib/x86_64-linux-gnu/libpng.so (found version "1.6.37") 
[21.550s] -- Found Eigen3: /usr/include/eigen3 (found version "3.4.0") 
[23.511s] -- Found X11: /usr/include   
[23.515s] -- Looking for XOpenDisplay in /usr/lib/x86_64-linux-gnu/libX11.so;/usr/lib/x86_64-linux-gnu/libXext.so
[24.556s] -- Looking for XOpenDisplay in /usr/lib/x86_64-linux-gnu/libX11.so;/usr/lib/x86_64-linux-gnu/libXext.so - found
[24.557s] -- Looking for gethostbyname
[26.212s] -- Looking for gethostbyname - found
[26.228s] -- Looking for connect
[27.142s] -- Looking for connect - found
[27.187s] -- Looking for remove
[28.075s] -- Looking for remove - found
[28.075s] -- Looking for shmat
[29.493s] -- Looking for shmat - found
[29.508s] -- Looking for IceConnectionNumber in ICE
[30.299s] -- Looking for IceConnectionNumber in ICE - found
[32.119s] -- Found EXPAT: /usr/lib/x86_64-linux-gnu/libexpat.so (found version "2.4.7") 
[32.260s] -- Found double-conversion: /usr/lib/x86_64-linux-gnu/libdouble-conversion.so  
[32.453s] -- Found LZ4: /usr/lib/x86_64-linux-gnu/liblz4.so (found version "1.9.3") 
[32.692s] -- Found LZMA: /usr/lib/x86_64-linux-gnu/liblzma.so (found version "5.2.5") 
[35.565s] -- Found JPEG: /usr/lib/x86_64-linux-gnu/libjpeg.so (found version "80") 
[35.901s] -- Found TIFF: /usr/lib/x86_64-linux-gnu/libtiff.so (found version "4.3.0")  
[35.965s] -- Found Freetype: /usr/lib/x86_64-linux-gnu/libfreetype.so (found version "2.11.1") 
[36.013s] -- Found utf8cpp: /usr/include/utf8cpp  
[36.915s] -- Checking for module 'libusb-1.0'
[37.344s] --   Found libusb-1.0, version 1.0.25
[38.978s] -- Found libusb: /usr/lib/x86_64-linux-gnu/libusb-1.0.so  
[39.077s] -- Found OpenNI: /usr/lib/libOpenNI.so;libusb::libusb (found version "1.5.4.0") 
[39.083s] -- OpenNI found (version: 1.5.4.0, include: /usr/include/ni, lib: /usr/lib/libOpenNI.so;libusb::libusb)
[40.754s] [0m** WARNING ** io features related to pcap will be disabled[0m
[40.760s] -- Found OpenNI2: /usr/lib/x86_64-linux-gnu/libOpenNI2.so;libusb::libusb (found version "2.2.0.33") 
[40.761s] -- OpenNI2 found (version: 2.2.0.33, include: /usr/include/openni2, lib: /usr/lib/x86_64-linux-gnu/libOpenNI2.so;libusb::libusb)
[42.372s] -- Eigen found (include: /usr/include/eigen3, version: 3.4.0)
[42.873s] -- OpenNI found (version: 1.5.4.0, include: /usr/include/ni, lib: /usr/lib/libOpenNI.so;libusb::libusb)
[43.122s] -- OpenNI2 found (version: 2.2.0.33, include: /usr/include/openni2, lib: /usr/lib/x86_64-linux-gnu/libOpenNI2.so;libusb::libusb)
[45.423s] -- Found Qhull version 8.0.2
[47.367s] -- OpenNI found (version: 1.5.4.0, include: /usr/include/ni, lib: /usr/lib/libOpenNI.so;libusb::libusb)
[48.592s] -- looking for PCL_COMMON
[48.602s] -- Found PCL_COMMON: /usr/lib/x86_64-linux-gnu/libpcl_common.so  
[48.604s] -- looking for PCL_KDTREE
[48.716s] -- Found PCL_KDTREE: /usr/lib/x86_64-linux-gnu/libpcl_kdtree.so  
[48.717s] -- looking for PCL_OCTREE
[48.840s] -- Found PCL_OCTREE: /usr/lib/x86_64-linux-gnu/libpcl_octree.so  
[48.840s] -- looking for PCL_SEARCH
[48.841s] -- Found PCL_SEARCH: /usr/lib/x86_64-linux-gnu/libpcl_search.so  
[48.841s] -- looking for PCL_SAMPLE_CONSENSUS
[48.889s] -- Found PCL_SAMPLE_CONSENSUS: /usr/lib/x86_64-linux-gnu/libpcl_sample_consensus.so  
[48.896s] -- looking for PCL_FILTERS
[49.221s] -- Found PCL_FILTERS: /usr/lib/x86_64-linux-gnu/libpcl_filters.so  
[49.344s] -- looking for PCL_2D
[49.347s] -- Found PCL_2D: /usr/include/pcl-1.12  
[49.347s] -- looking for PCL_GEOMETRY
[49.355s] -- Found PCL_GEOMETRY: /usr/include/pcl-1.12  
[49.356s] -- looking for PCL_IO
[49.423s] -- Found PCL_IO: /usr/lib/x86_64-linux-gnu/libpcl_io.so  
[49.423s] -- looking for PCL_FEATURES
[49.424s] -- Found PCL_FEATURES: /usr/lib/x86_64-linux-gnu/libpcl_features.so  
[49.424s] -- looking for PCL_ML
[49.439s] -- Found PCL_ML: /usr/lib/x86_64-linux-gnu/libpcl_ml.so  
[49.440s] -- looking for PCL_SEGMENTATION
[49.441s] -- Found PCL_SEGMENTATION: /usr/lib/x86_64-linux-gnu/libpcl_segmentation.so  
[49.441s] -- looking for PCL_VISUALIZATION
[49.441s] -- Found PCL_VISUALIZATION: /usr/lib/x86_64-linux-gnu/libpcl_visualization.so  
[49.442s] -- looking for PCL_SURFACE
[49.442s] -- Found PCL_SURFACE: /usr/lib/x86_64-linux-gnu/libpcl_surface.so  
[49.442s] -- looking for PCL_REGISTRATION
[49.443s] -- Found PCL_REGISTRATION: /usr/lib/x86_64-linux-gnu/libpcl_registration.so  
[49.443s] -- looking for PCL_KEYPOINTS
[49.449s] -- Found PCL_KEYPOINTS: /usr/lib/x86_64-linux-gnu/libpcl_keypoints.so  
[49.453s] -- looking for PCL_TRACKING
[49.497s] -- Found PCL_TRACKING: /usr/lib/x86_64-linux-gnu/libpcl_tracking.so  
[49.571s] -- looking for PCL_RECOGNITION
[49.571s] -- Found PCL_RECOGNITION: /usr/lib/x86_64-linux-gnu/libpcl_recognition.so  
[49.585s] -- looking for PCL_STEREO
[49.612s] -- Found PCL_STEREO: /usr/lib/x86_64-linux-gnu/libpcl_stereo.so  
[49.613s] -- looking for PCL_APPS
[49.621s] -- Found PCL_APPS: /usr/lib/x86_64-linux-gnu/libpcl_apps.so  
[49.621s] -- looking for PCL_IN_HAND_SCANNER
[49.622s] -- Found PCL_IN_HAND_SCANNER: /usr/include/pcl-1.12  
[49.622s] -- looking for PCL_MODELER
[49.622s] -- Found PCL_MODELER: /usr/include/pcl-1.12  
[49.622s] -- looking for PCL_POINT_CLOUD_EDITOR
[49.789s] -- Found PCL_POINT_CLOUD_EDITOR: /usr/include/pcl-1.12  
[49.795s] -- looking for PCL_OUTOFCORE
[49.806s] -- Found PCL_OUTOFCORE: /usr/lib/x86_64-linux-gnu/libpcl_outofcore.so  
[49.929s] -- looking for PCL_PEOPLE
[49.929s] -- Found PCL_PEOPLE: /usr/lib/x86_64-linux-gnu/libpcl_people.so  
[49.930s] -- Found PCL: pcl_common;pcl_kdtree;pcl_octree;pcl_search;pcl_sample_consensus;pcl_filters;pcl_io;pcl_features;pcl_ml;pcl_segmentation;pcl_visualization;pcl_surface;pcl_registration;pcl_keypoints;pcl_tracking;pcl_recognition;pcl_stereo;pcl_apps;pcl_outofcore;pcl_people;Boost::system;Boost::filesystem;Boost::date_time;Boost::iostreams;Boost::serialization;/usr/lib/libOpenNI.so;libusb::libusb;/usr/lib/x86_64-linux-gnu/libOpenNI2.so;libusb::libusb;VTK::ChartsCore;VTK::CommonColor;VTK::CommonComputationalGeometry;VTK::CommonCore;VTK::CommonDataModel;VTK::CommonExecutionModel;VTK::CommonMath;VTK::CommonMisc;VTK::CommonTransforms;VTK::FiltersCore;VTK::FiltersExtraction;VTK::FiltersGeneral;VTK::FiltersGeometry;VTK::FiltersModeling;VTK::FiltersSources;VTK::ImagingCore;VTK::ImagingSources;VTK::InteractionImage;VTK::InteractionStyle;VTK::InteractionWidgets;VTK::IOCore;VTK::IOGeometry;VTK::IOImage;VTK::IOLegacy;VTK::IOPLY;VTK::RenderingAnnotation;VTK::RenderingCore;VTK::RenderingContext2D;VTK::RenderingLOD;VTK::RenderingFreeType;VTK::ViewsCore;VTK::ViewsContext2D;VTK::RenderingOpenGL2;VTK::GUISupportQt;FLANN::FLANN;QHULL::QHULL  
[50.134s] -- Found OpenCV: /usr (found version "4.5.4") 
[50.146s] -- Found ament_lint_auto: 0.12.11 (/opt/ros/humble/share/ament_lint_auto/cmake)
[53.127s] -- Added test 'cppcheck' to perform static code analysis on C / C++ code
[53.131s] -- Configured cppcheck include dirs: /home/duck/Downloads/robo/src/ros2_learners/point_cloud_perception/include
[53.131s] -- Configured cppcheck exclude dirs and/or files: 
[53.138s] -- Added test 'flake8' to check Python code syntax and style conventions
[53.143s] -- Added test 'lint_cmake' to check CMake code style
[53.162s] -- Added test 'pep257' to check Python code against some of the docstring style conventions in PEP 257
[53.195s] -- Added test 'uncrustify' to check C / C++ code style
[53.202s] -- Configured uncrustify additional arguments: 
[53.216s] -- Added test 'xmllint' to check XML markup files
[53.338s] -- Configuring done
[55.397s] -- Generating done
[55.641s] -- Build files have been written to: /home/duck/Downloads/robo/build/point_cloud_perception
[56.042s] Invoked command in '/home/duck/Downloads/robo/build/point_cloud_perception' returned '0': CMAKE_PREFIX_PATH=/opt/ros/humble /usr/bin/cmake /home/duck/Downloads/robo/src/ros2_learners/point_cloud_perception -DCMAKE_INSTALL_PREFIX=/home/duck/Downloads/robo/install/point_cloud_perception
[56.098s] Invoking command in '/home/duck/Downloads/robo/build/point_cloud_perception': CMAKE_PREFIX_PATH=/opt/ros/humble /usr/bin/cmake --build /home/duck/Downloads/robo/build/point_cloud_perception -- -j4 -l4
[57.193s] [ 16%] [32mBuilding CXX object CMakeFiles/voxeling.dir/src/voxelizing.cpp.o[0m
[108.897s] [ 33%] [32m[1mLinking CXX executable voxeling[0m
[118.296s] [ 33%] Built target voxeling
[118.458s] [ 50%] [32mBuilding CXX object CMakeFiles/clustering.dir/src/clustering.cpp.o[0m
[157.287s] [ 66%] [32m[1mLinking CXX executable clustering[0m
[167.996s] [ 66%] Built target clustering
[168.880s] [ 83%] [32mBuilding CXX object CMakeFiles/planner_seg.dir/src/planner_seg.cpp.o[0m
[196.953s] [100%] [32m[1mLinking CXX executable planner_seg[0m
[208.310s] [100%] Built target planner_seg
[208.363s] Invoked command in '/home/duck/Downloads/robo/build/point_cloud_perception' returned '0': CMAKE_PREFIX_PATH=/opt/ros/humble /usr/bin/cmake --build /home/duck/Downloads/robo/build/point_cloud_perception -- -j4 -l4
[208.388s] Invoking command in '/home/duck/Downloads/robo/build/point_cloud_perception': CMAKE_PREFIX_PATH=/opt/ros/humble /usr/bin/cmake --install /home/duck/Downloads/robo/build/point_cloud_perception
[208.419s] -- Install configuration: ""
[208.490s] -- Installing: /home/duck/Downloads/robo/install/point_cloud_perception/lib/point_cloud_perception/voxeling
[208.493s] -- Installing: /home/duck/Downloads/robo/install/point_cloud_perception/lib/point_cloud_perception/planner_seg
[208.498s] -- Installing: /home/duck/Downloads/robo/install/point_cloud_perception/lib/point_cloud_perception/clustering
[208.523s] -- Installing: /home/duck/Downloads/robo/install/point_cloud_perception/share/point_cloud_perception//launch
[208.537s] -- Installing: /home/duck/Downloads/robo/install/point_cloud_perception/share/point_cloud_perception//launch/3d_depth_mapping_rtab6.launch.py
[208.537s] -- Installing: /home/duck/Downloads/robo/install/point_cloud_perception/share/point_cloud_perception//launch/3d_depth_mapping_rtab3.launch.py
[208.537s] -- Installing: /home/duck/Downloads/robo/install/point_cloud_perception/share/point_cloud_perception//launch/rtab_mapping.launch.py
[208.537s] -- Installing: /home/duck/Downloads/robo/install/point_cloud_perception/share/point_cloud_perception//launch/3d_depth_mapping_rtab5.launch.py
[208.552s] -- Installing: /home/duck/Downloads/robo/install/point_cloud_perception/share/point_cloud_perception//launch/3d_depth_mapping_rtab9.launch.py
[208.570s] -- Installing: /home/duck/Downloads/robo/install/point_cloud_perception/share/point_cloud_perception//launch/3d_depth_mapping_rtab14.launch.py
[208.583s] -- Installing: /home/duck/Downloads/robo/install/point_cloud_perception/share/point_cloud_perception//launch/3d_depth_mapping_rtab15.launch.py
[208.594s] -- Installing: /home/duck/Downloads/robo/install/point_cloud_perception/share/point_cloud_perception//launch/3d_depth_mapping_rtab7.launch.py
[208.606s] -- Installing: /home/duck/Downloads/robo/install/point_cloud_perception/share/point_cloud_perception//launch/3d_depth_mapping_rtab.launch.py
[208.616s] -- Installing: /home/duck/Downloads/robo/install/point_cloud_perception/share/point_cloud_perception//launch/3d_depth_mapping_rtab1.launch.py
[208.628s] -- Installing: /home/duck/Downloads/robo/install/point_cloud_perception/share/point_cloud_perception//launch/3d_depth_mapping_rtab10.launch.py
[208.628s] -- Installing: /home/duck/Downloads/robo/install/point_cloud_perception/share/point_cloud_perception//launch/3d_depth_mapping_rtab12.launch.py
[208.663s] -- Installing: /home/duck/Downloads/robo/install/point_cloud_perception/share/point_cloud_perception//launch/3d_depth_mapping_rtab13.launch.py
[208.677s] -- Installing: /home/duck/Downloads/robo/install/point_cloud_perception/share/point_cloud_perception//launch/3d_depth_mapping_rtab8.launch.py
[208.710s] -- Installing: /home/duck/Downloads/robo/install/point_cloud_perception/share/point_cloud_perception//launch/3d_depth_mapping_rtab11.launch.py
[208.739s] -- Installing: /home/duck/Downloads/robo/install/point_cloud_perception/share/point_cloud_perception//launch/3d_depth_mapping_rtab2.launch.py
[208.765s] -- Installing: /home/duck/Downloads/robo/install/point_cloud_perception/share/point_cloud_perception//launch/3d_depth_mapping_rtab4.launch.py
[208.821s] -- Installing: /home/duck/Downloads/robo/install/point_cloud_perception/share/ament_index/resource_index/package_run_dependencies/point_cloud_perception
[208.867s] -- Installing: /home/duck/Downloads/robo/install/point_cloud_perception/share/ament_index/resource_index/parent_prefix_path/point_cloud_perception
[208.868s] -- Installing: /home/duck/Downloads/robo/install/point_cloud_perception/share/point_cloud_perception/environment/ament_prefix_path.sh
[208.868s] -- Installing: /home/duck/Downloads/robo/install/point_cloud_perception/share/point_cloud_perception/environment/ament_prefix_path.dsv
[208.868s] -- Installing: /home/duck/Downloads/robo/install/point_cloud_perception/share/point_cloud_perception/environment/path.sh
[208.869s] -- Installing: /home/duck/Downloads/robo/install/point_cloud_perception/share/point_cloud_perception/environment/path.dsv
[208.880s] -- Installing: /home/duck/Downloads/robo/install/point_cloud_perception/share/point_cloud_perception/local_setup.bash
[208.888s] -- Installing: /home/duck/Downloads/robo/install/point_cloud_perception/share/point_cloud_perception/local_setup.sh
[208.888s] -- Installing: /home/duck/Downloads/robo/install/point_cloud_perception/share/point_cloud_perception/local_setup.zsh
[208.890s] -- Installing: /home/duck/Downloads/robo/install/point_cloud_perception/share/point_cloud_perception/local_setup.dsv
[208.906s] -- Installing: /home/duck/Downloads/robo/install/point_cloud_perception/share/point_cloud_perception/package.dsv
[208.914s] -- Installing: /home/duck/Downloads/robo/install/point_cloud_perception/share/ament_index/resource_index/packages/point_cloud_perception
[208.925s] -- Installing: /home/duck/Downloads/robo/install/point_cloud_perception/share/point_cloud_perception/cmake/point_cloud_perceptionConfig.cmake
[208.928s] -- Installing: /home/duck/Downloads/robo/install/point_cloud_perception/share/point_cloud_perception/cmake/point_cloud_perceptionConfig-version.cmake
[208.933s] -- Installing: /home/duck/Downloads/robo/install/point_cloud_perception/share/point_cloud_perception/package.xml
[208.951s] Invoked command in '/home/duck/Downloads/robo/build/point_cloud_perception' returned '0': CMAKE_PREFIX_PATH=/opt/ros/humble /usr/bin/cmake --install /home/duck/Downloads/robo/build/point_cloud_perception
