[6.729s] Invoking command in '/home/duck/Downloads/robo/src/ros2_learners/robot_math': PYTHONPATH=/home/duck/Downloads/robo/build/robot_math/prefix_override:/usr/lib/python3/dist-packages/colcon_core/task/python/colcon_distutils_commands:/home/duck/Downloads/robo/install/robot_math/lib/python3.10/site-packages:${PYTHONPATH} /usr/bin/python3 -W ignore:setup.py install is deprecated -W ignore:easy_install command is deprecated setup.py egg_info --egg-base ../../../build/robot_math build --build-base /home/duck/Downloads/robo/build/robot_math/build install --record /home/duck/Downloads/robo/build/robot_math/install.log --single-version-externally-managed install_data
[8.507s] running egg_info
[8.539s] writing ../../../build/robot_math/robot_math.egg-info/PKG-INFO
[8.540s] writing dependency_links to ../../../build/robot_math/robot_math.egg-info/dependency_links.txt
[8.540s] writing entry points to ../../../build/robot_math/robot_math.egg-info/entry_points.txt
[8.551s] writing requirements to ../../../build/robot_math/robot_math.egg-info/requires.txt
[8.552s] writing top-level names to ../../../build/robot_math/robot_math.egg-info/top_level.txt
[8.572s] reading manifest file '../../../build/robot_math/robot_math.egg-info/SOURCES.txt'
[8.620s] writing manifest file '../../../build/robot_math/robot_math.egg-info/SOURCES.txt'
[8.622s] running build
[8.623s] running build_py
[8.697s] running install
[8.699s] running install_lib
[8.699s] running install_data
[8.700s] running install_egg_info
[8.719s] removing '/home/duck/Downloads/robo/install/robot_math/lib/python3.10/site-packages/robot_math-0.0.0-py3.10.egg-info' (and everything under it)
[8.761s] Copying ../../../build/robot_math/robot_math.egg-info to /home/duck/Downloads/robo/install/robot_math/lib/python3.10/site-packages/robot_math-0.0.0-py3.10.egg-info
[8.802s] running install_scripts
[9.298s] Installing circle_motion_node script to /home/duck/Downloads/robo/install/robot_math/lib/robot_math
[9.346s] Installing go_To_Goal_node script to /home/duck/Downloads/robo/install/robot_math/lib/robot_math
[9.371s] writing list of installed files to '/home/duck/Downloads/robo/build/robot_math/install.log'
[9.847s] Invoked command in '/home/duck/Downloads/robo/src/ros2_learners/robot_math' returned '0': PYTHONPATH=/home/duck/Downloads/robo/build/robot_math/prefix_override:/usr/lib/python3/dist-packages/colcon_core/task/python/colcon_distutils_commands:/home/duck/Downloads/robo/install/robot_math/lib/python3.10/site-packages:${PYTHONPATH} /usr/bin/python3 -W ignore:setup.py install is deprecated -W ignore:easy_install command is deprecated setup.py egg_info --egg-base ../../../build/robot_math build --build-base /home/duck/Downloads/robo/build/robot_math/build install --record /home/duck/Downloads/robo/build/robot_math/install.log --single-version-externally-managed install_data
