[3.833s] Invoking command in '/home/duck/Downloads/robo/src/ros2_learners/pc': PYTHONPATH=/home/duck/Downloads/robo/build/pc/prefix_override:/usr/lib/python3/dist-packages/colcon_core/task/python/colcon_distutils_commands:/home/duck/Downloads/robo/install/pc/lib/python3.10/site-packages:${PYTHONPATH} /usr/bin/python3 -W ignore:setup.py install is deprecated -W ignore:easy_install command is deprecated setup.py egg_info --egg-base ../../../build/pc build --build-base /home/duck/Downloads/robo/build/pc/build install --record /home/duck/Downloads/robo/build/pc/install.log --single-version-externally-managed install_data
[4.710s] running egg_info
[4.714s] writing ../../../build/pc/pc.egg-info/PKG-INFO
[4.729s] writing dependency_links to ../../../build/pc/pc.egg-info/dependency_links.txt
[4.729s] writing entry points to ../../../build/pc/pc.egg-info/entry_points.txt
[4.729s] writing requirements to ../../../build/pc/pc.egg-info/requires.txt
[4.729s] writing top-level names to ../../../build/pc/pc.egg-info/top_level.txt
[4.739s] reading manifest file '../../../build/pc/pc.egg-info/SOURCES.txt'
[4.748s] writing manifest file '../../../build/pc/pc.egg-info/SOURCES.txt'
[4.748s] running build
[4.748s] running build_py
[4.759s] running install
[4.759s] running install_lib
[4.782s] running install_data
[4.792s] running install_egg_info
[4.792s] removing '/home/duck/Downloads/robo/install/pc/lib/python3.10/site-packages/pc-0.0.0-py3.10.egg-info' (and everything under it)
[4.792s] Copying ../../../build/pc/pc.egg-info to /home/duck/Downloads/robo/install/pc/lib/python3.10/site-packages/pc-0.0.0-py3.10.egg-info
[4.795s] running install_scripts
[4.851s] Installing map_launch script to /home/duck/Downloads/robo/install/pc/lib/pc
[4.851s] writing list of installed files to '/home/duck/Downloads/robo/build/pc/install.log'
[5.016s] Invoked command in '/home/duck/Downloads/robo/src/ros2_learners/pc' returned '0': PYTHONPATH=/home/duck/Downloads/robo/build/pc/prefix_override:/usr/lib/python3/dist-packages/colcon_core/task/python/colcon_distutils_commands:/home/duck/Downloads/robo/install/pc/lib/python3.10/site-packages:${PYTHONPATH} /usr/bin/python3 -W ignore:setup.py install is deprecated -W ignore:easy_install command is deprecated setup.py egg_info --egg-base ../../../build/pc build --build-base /home/duck/Downloads/robo/build/pc/build install --record /home/duck/Downloads/robo/build/pc/install.log --single-version-externally-managed install_data
