[6.238s] Invoking command in '/home/duck/Downloads/robo/src/ros2_learners/my_robot_controller': PYTHONPATH=/home/duck/Downloads/robo/build/my_robot_controller/prefix_override:/usr/lib/python3/dist-packages/colcon_core/task/python/colcon_distutils_commands:/home/duck/Downloads/robo/install/my_robot_controller/lib/python3.10/site-packages:${PYTHONPATH} /usr/bin/python3 -W ignore:setup.py install is deprecated -W ignore:easy_install command is deprecated setup.py egg_info --egg-base ../../../build/my_robot_controller build --build-base /home/duck/Downloads/robo/build/my_robot_controller/build install --record /home/duck/Downloads/robo/build/my_robot_controller/install.log --single-version-externally-managed install_data
[7.759s] running egg_info
[7.790s] writing ../../../build/my_robot_controller/my_robot_controller.egg-info/PKG-INFO
[7.791s] writing dependency_links to ../../../build/my_robot_controller/my_robot_controller.egg-info/dependency_links.txt
[7.791s] writing entry points to ../../../build/my_robot_controller/my_robot_controller.egg-info/entry_points.txt
[7.791s] writing requirements to ../../../build/my_robot_controller/my_robot_controller.egg-info/requires.txt
[7.792s] writing top-level names to ../../../build/my_robot_controller/my_robot_controller.egg-info/top_level.txt
[7.792s] reading manifest file '../../../build/my_robot_controller/my_robot_controller.egg-info/SOURCES.txt'
[7.806s] adding license file 'LICENSE'
[7.806s] writing manifest file '../../../build/my_robot_controller/my_robot_controller.egg-info/SOURCES.txt'
[7.807s] running build
[7.807s] running build_py
[7.807s] running install
[7.807s] running install_lib
[7.852s] running install_data
[7.852s] running install_egg_info
[7.857s] removing '/home/duck/Downloads/robo/install/my_robot_controller/lib/python3.10/site-packages/my_robot_controller-0.0.0-py3.10.egg-info' (and everything under it)
[7.868s] Copying ../../../build/my_robot_controller/my_robot_controller.egg-info to /home/duck/Downloads/robo/install/my_robot_controller/lib/python3.10/site-packages/my_robot_controller-0.0.0-py3.10.egg-info
[7.876s] running install_scripts
[8.027s] Installing DDPG script to /home/duck/Downloads/robo/install/my_robot_controller/lib/my_robot_controller
[8.049s] Installing common_def script to /home/duck/Downloads/robo/install/my_robot_controller/lib/my_robot_controller
[8.054s] Installing ddpg script to /home/duck/Downloads/robo/install/my_robot_controller/lib/my_robot_controller
[8.059s] Installing draw_circle script to /home/duck/Downloads/robo/install/my_robot_controller/lib/my_robot_controller
[8.060s] Installing number_count script to /home/duck/Downloads/robo/install/my_robot_controller/lib/my_robot_controller
[8.068s] Installing number_publish script to /home/duck/Downloads/robo/install/my_robot_controller/lib/my_robot_controller
[8.068s] Installing pose_publish script to /home/duck/Downloads/robo/install/my_robot_controller/lib/my_robot_controller
[8.069s] Installing pose_subscribe script to /home/duck/Downloads/robo/install/my_robot_controller/lib/my_robot_controller
[8.069s] Installing q_learning script to /home/duck/Downloads/robo/install/my_robot_controller/lib/my_robot_controller
[8.069s] Installing reset_count script to /home/duck/Downloads/robo/install/my_robot_controller/lib/my_robot_controller
[8.070s] Installing test_node script to /home/duck/Downloads/robo/install/my_robot_controller/lib/my_robot_controller
[8.070s] Installing updated_keras_ddpg script to /home/duck/Downloads/robo/install/my_robot_controller/lib/my_robot_controller
[8.070s] writing list of installed files to '/home/duck/Downloads/robo/build/my_robot_controller/install.log'
[8.211s] Invoked command in '/home/duck/Downloads/robo/src/ros2_learners/my_robot_controller' returned '0': PYTHONPATH=/home/duck/Downloads/robo/build/my_robot_controller/prefix_override:/usr/lib/python3/dist-packages/colcon_core/task/python/colcon_distutils_commands:/home/duck/Downloads/robo/install/my_robot_controller/lib/python3.10/site-packages:${PYTHONPATH} /usr/bin/python3 -W ignore:setup.py install is deprecated -W ignore:easy_install command is deprecated setup.py egg_info --egg-base ../../../build/my_robot_controller build --build-base /home/duck/Downloads/robo/build/my_robot_controller/build install --record /home/duck/Downloads/robo/build/my_robot_controller/install.log --single-version-externally-managed install_data
