[1.723s] Invoking command in '/home/duck/Downloads/robo/build/nodes': CMAKE_PREFIX_PATH=${CMAKE_PREFIX_PATH}:/home/duck/Downloads/robo/install/robot_math:/home/duck/Downloads/robo/install/pc:/home/duck/Downloads/robo/install/my_robot_controller:/opt/ros/humble /usr/bin/cmake --build /home/duck/Downloads/robo/build/nodes -- -j4 -l4
[1.962s] [ 33%] Built target pub_node
[2.196s] [ 66%] Built target laser_pub
[2.461s] [100%] Built target sub_node
[3.076s] Invoked command in '/home/duck/Downloads/robo/build/nodes' returned '0': CMAKE_PREFIX_PATH=${CMAKE_PREFIX_PATH}:/home/duck/Downloads/robo/install/robot_math:/home/duck/Downloads/robo/install/pc:/home/duck/Downloads/robo/install/my_robot_controller:/opt/ros/humble /usr/bin/cmake --build /home/duck/Downloads/robo/build/nodes -- -j4 -l4
[3.134s] Invoking command in '/home/duck/Downloads/robo/build/nodes': CMAKE_PREFIX_PATH=${CMAKE_PREFIX_PATH}:/home/duck/Downloads/robo/install/robot_math:/home/duck/Downloads/robo/install/pc:/home/duck/Downloads/robo/install/my_robot_controller:/opt/ros/humble /usr/bin/cmake --install /home/duck/Downloads/robo/build/nodes
[3.199s] -- Install configuration: ""
[3.205s] -- Up-to-date: /home/duck/Downloads/robo/install/nodes/lib/nodes/pub_node
[3.213s] -- Up-to-date: /home/duck/Downloads/robo/install/nodes/lib/nodes/sub_node
[3.213s] -- Up-to-date: /home/duck/Downloads/robo/install/nodes/lib/nodes/laser_pub
[3.218s] -- Up-to-date: /home/duck/Downloads/robo/install/nodes/share/ament_index/resource_index/package_run_dependencies/nodes
[3.218s] -- Up-to-date: /home/duck/Downloads/robo/install/nodes/share/ament_index/resource_index/parent_prefix_path/nodes
[3.218s] -- Up-to-date: /home/duck/Downloads/robo/install/nodes/share/nodes/environment/ament_prefix_path.sh
[3.228s] -- Up-to-date: /home/duck/Downloads/robo/install/nodes/share/nodes/environment/ament_prefix_path.dsv
[3.229s] -- Up-to-date: /home/duck/Downloads/robo/install/nodes/share/nodes/environment/path.sh
[3.231s] -- Up-to-date: /home/duck/Downloads/robo/install/nodes/share/nodes/environment/path.dsv
[3.231s] -- Up-to-date: /home/duck/Downloads/robo/install/nodes/share/nodes/local_setup.bash
[3.345s] -- Up-to-date: /home/duck/Downloads/robo/install/nodes/share/nodes/local_setup.sh
[3.363s] -- Up-to-date: /home/duck/Downloads/robo/install/nodes/share/nodes/local_setup.zsh
[3.364s] -- Up-to-date: /home/duck/Downloads/robo/install/nodes/share/nodes/local_setup.dsv
[3.365s] -- Installing: /home/duck/Downloads/robo/install/nodes/share/nodes/package.dsv
[3.365s] -- Up-to-date: /home/duck/Downloads/robo/install/nodes/share/ament_index/resource_index/packages/nodes
[3.365s] -- Up-to-date: /home/duck/Downloads/robo/install/nodes/share/nodes/cmake/nodesConfig.cmake
[3.365s] -- Up-to-date: /home/duck/Downloads/robo/install/nodes/share/nodes/cmake/nodesConfig-version.cmake
[3.366s] -- Up-to-date: /home/duck/Downloads/robo/install/nodes/share/nodes/package.xml
[3.366s] Invoked command in '/home/duck/Downloads/robo/build/nodes' returned '0': CMAKE_PREFIX_PATH=${CMAKE_PREFIX_PATH}:/home/duck/Downloads/robo/install/robot_math:/home/duck/Downloads/robo/install/pc:/home/duck/Downloads/robo/install/my_robot_controller:/opt/ros/humble /usr/bin/cmake --install /home/duck/Downloads/robo/build/nodes
