[0.106s] Invoking command in '/home/duck/Downloads/robo/build/point_cloud_perception': CMAKE_PREFIX_PATH=${CMAKE_PREFIX_PATH}:/home/duck/Downloads/robo/install/robot_math:/home/duck/Downloads/robo/install/pc:/home/duck/Downloads/robo/install/my_robot_controller:/opt/ros/humble /usr/bin/cmake --build /home/duck/Downloads/robo/build/point_cloud_perception -- -j4 -l4
[0.520s] [ 33%] Built target clustering
[0.520s] [ 66%] Built target voxeling
[0.527s] [100%] Built target planner_seg
[0.669s] Invoked command in '/home/duck/Downloads/robo/build/point_cloud_perception' returned '0': CMAKE_PREFIX_PATH=${CMAKE_PREFIX_PATH}:/home/duck/Downloads/robo/install/robot_math:/home/duck/Downloads/robo/install/pc:/home/duck/Downloads/robo/install/my_robot_controller:/opt/ros/humble /usr/bin/cmake --build /home/duck/Downloads/robo/build/point_cloud_perception -- -j4 -l4
[0.700s] Invoking command in '/home/duck/Downloads/robo/build/point_cloud_perception': CMAKE_PREFIX_PATH=${CMAKE_PREFIX_PATH}:/home/duck/Downloads/robo/install/robot_math:/home/duck/Downloads/robo/install/pc:/home/duck/Downloads/robo/install/my_robot_controller:/opt/ros/humble /usr/bin/cmake --install /home/duck/Downloads/robo/build/point_cloud_perception
[0.708s] -- Install configuration: ""
[0.708s] -- Up-to-date: /home/duck/Downloads/robo/install/point_cloud_perception/lib/point_cloud_perception/voxeling
[0.709s] -- Up-to-date: /home/duck/Downloads/robo/install/point_cloud_perception/lib/point_cloud_perception/planner_seg
[0.729s] -- Up-to-date: /home/duck/Downloads/robo/install/point_cloud_perception/lib/point_cloud_perception/clustering
[0.729s] -- Up-to-date: /home/duck/Downloads/robo/install/point_cloud_perception/share/point_cloud_perception//launch
[0.729s] -- Up-to-date: /home/duck/Downloads/robo/install/point_cloud_perception/share/point_cloud_perception//launch/3d_depth_mapping_rtab6.launch.py
[0.729s] -- Up-to-date: /home/duck/Downloads/robo/install/point_cloud_perception/share/point_cloud_perception//launch/3d_depth_mapping_rtab3.launch.py
[0.729s] -- Up-to-date: /home/duck/Downloads/robo/install/point_cloud_perception/share/point_cloud_perception//launch/rtab_mapping.launch.py
[0.729s] -- Up-to-date: /home/duck/Downloads/robo/install/point_cloud_perception/share/point_cloud_perception//launch/3d_depth_mapping_rtab5.launch.py
[0.729s] -- Up-to-date: /home/duck/Downloads/robo/install/point_cloud_perception/share/point_cloud_perception//launch/3d_depth_mapping_rtab9.launch.py
[0.730s] -- Up-to-date: /home/duck/Downloads/robo/install/point_cloud_perception/share/point_cloud_perception//launch/3d_depth_mapping_rtab14.launch.py
[0.730s] -- Up-to-date: /home/duck/Downloads/robo/install/point_cloud_perception/share/point_cloud_perception//launch/3d_depth_mapping_rtab15.launch.py
[0.730s] -- Up-to-date: /home/duck/Downloads/robo/install/point_cloud_perception/share/point_cloud_perception//launch/3d_depth_mapping_rtab7.launch.py
[0.730s] -- Up-to-date: /home/duck/Downloads/robo/install/point_cloud_perception/share/point_cloud_perception//launch/3d_depth_mapping_rtab.launch.py
[0.730s] -- Up-to-date: /home/duck/Downloads/robo/install/point_cloud_perception/share/point_cloud_perception//launch/3d_depth_mapping_rtab1.launch.py
[0.730s] -- Up-to-date: /home/duck/Downloads/robo/install/point_cloud_perception/share/point_cloud_perception//launch/3d_depth_mapping_rtab10.launch.py
[0.730s] -- Up-to-date: /home/duck/Downloads/robo/install/point_cloud_perception/share/point_cloud_perception//launch/3d_depth_mapping_rtab12.launch.py
[0.730s] -- Up-to-date: /home/duck/Downloads/robo/install/point_cloud_perception/share/point_cloud_perception//launch/3d_depth_mapping_rtab13.launch.py
[0.731s] -- Up-to-date: /home/duck/Downloads/robo/install/point_cloud_perception/share/point_cloud_perception//launch/3d_depth_mapping_rtab8.launch.py
[0.751s] -- Up-to-date: /home/duck/Downloads/robo/install/point_cloud_perception/share/point_cloud_perception//launch/3d_depth_mapping_rtab11.launch.py
[0.752s] -- Up-to-date: /home/duck/Downloads/robo/install/point_cloud_perception/share/point_cloud_perception//launch/3d_depth_mapping_rtab2.launch.py
[0.752s] -- Up-to-date: /home/duck/Downloads/robo/install/point_cloud_perception/share/point_cloud_perception//launch/3d_depth_mapping_rtab4.launch.py
[0.752s] -- Up-to-date: /home/duck/Downloads/robo/install/point_cloud_perception/share/ament_index/resource_index/package_run_dependencies/point_cloud_perception
[0.752s] -- Up-to-date: /home/duck/Downloads/robo/install/point_cloud_perception/share/ament_index/resource_index/parent_prefix_path/point_cloud_perception
[0.752s] -- Up-to-date: /home/duck/Downloads/robo/install/point_cloud_perception/share/point_cloud_perception/environment/ament_prefix_path.sh
[0.752s] -- Up-to-date: /home/duck/Downloads/robo/install/point_cloud_perception/share/point_cloud_perception/environment/ament_prefix_path.dsv
[0.753s] -- Up-to-date: /home/duck/Downloads/robo/install/point_cloud_perception/share/point_cloud_perception/environment/path.sh
[0.753s] -- Up-to-date: /home/duck/Downloads/robo/install/point_cloud_perception/share/point_cloud_perception/environment/path.dsv
[0.753s] -- Up-to-date: /home/duck/Downloads/robo/install/point_cloud_perception/share/point_cloud_perception/local_setup.bash
[0.753s] -- Up-to-date: /home/duck/Downloads/robo/install/point_cloud_perception/share/point_cloud_perception/local_setup.sh
[0.753s] -- Up-to-date: /home/duck/Downloads/robo/install/point_cloud_perception/share/point_cloud_perception/local_setup.zsh
[0.753s] -- Up-to-date: /home/duck/Downloads/robo/install/point_cloud_perception/share/point_cloud_perception/local_setup.dsv
[0.753s] -- Installing: /home/duck/Downloads/robo/install/point_cloud_perception/share/point_cloud_perception/package.dsv
[0.753s] -- Up-to-date: /home/duck/Downloads/robo/install/point_cloud_perception/share/ament_index/resource_index/packages/point_cloud_perception
[0.754s] -- Up-to-date: /home/duck/Downloads/robo/install/point_cloud_perception/share/point_cloud_perception/cmake/point_cloud_perceptionConfig.cmake
[0.754s] -- Up-to-date: /home/duck/Downloads/robo/install/point_cloud_perception/share/point_cloud_perception/cmake/point_cloud_perceptionConfig-version.cmake
[0.754s] -- Up-to-date: /home/duck/Downloads/robo/install/point_cloud_perception/share/point_cloud_perception/package.xml
[1.333s] Invoked command in '/home/duck/Downloads/robo/build/point_cloud_perception' returned '0': CMAKE_PREFIX_PATH=${CMAKE_PREFIX_PATH}:/home/duck/Downloads/robo/install/robot_math:/home/duck/Downloads/robo/install/pc:/home/duck/Downloads/robo/install/my_robot_controller:/opt/ros/humble /usr/bin/cmake --install /home/duck/Downloads/robo/build/point_cloud_perception
