[0.503s] Invoking command in '/home/duck/Downloads/robo/build/turtlebot3_gazebo': CMAKE_PREFIX_PATH=${CMAKE_PREFIX_PATH}:/home/duck/Downloads/robo/install/robot_math:/home/duck/Downloads/robo/install/pc:/home/duck/Downloads/robo/install/my_robot_controller:/opt/ros/humble /usr/bin/cmake --build /home/duck/Downloads/robo/build/turtlebot3_gazebo -- -j4 -l4
[1.691s] [ 25%] Built target turtlebot3_drive
[3.611s] [ 50%] Built target obstacles
[4.253s] [ 75%] Built target obstacle2
[4.445s] [100%] Built target obstacle1
[4.491s] Invoked command in '/home/duck/Downloads/robo/build/turtlebot3_gazebo' returned '0': CMAKE_PREFIX_PATH=${CMAKE_PREFIX_PATH}:/home/duck/Downloads/robo/install/robot_math:/home/duck/Downloads/robo/install/pc:/home/duck/Downloads/robo/install/my_robot_controller:/opt/ros/humble /usr/bin/cmake --build /home/duck/Downloads/robo/build/turtlebot3_gazebo -- -j4 -l4
[4.499s] Invoking command in '/home/duck/Downloads/robo/build/turtlebot3_gazebo': CMAKE_PREFIX_PATH=${CMAKE_PREFIX_PATH}:/home/duck/Downloads/robo/install/robot_math:/home/duck/Downloads/robo/install/pc:/home/duck/Downloads/robo/install/my_robot_controller:/opt/ros/humble /usr/bin/cmake --install /home/duck/Downloads/robo/build/turtlebot3_gazebo
[4.530s] -- Install configuration: ""
[4.536s] -- Up-to-date: /home/duck/Downloads/robo/install/turtlebot3_gazebo/lib/turtlebot3_gazebo/turtlebot3_drive
[4.537s] -- Up-to-date: /home/duck/Downloads/robo/install/turtlebot3_gazebo/share/turtlebot3_gazebo//launch
[4.541s] -- Up-to-date: /home/duck/Downloads/robo/install/turtlebot3_gazebo/share/turtlebot3_gazebo//launch/robot_state_publisher.launch.py
[4.541s] -- Up-to-date: /home/duck/Downloads/robo/install/turtlebot3_gazebo/share/turtlebot3_gazebo//launch/turtlebot3_dqn_stage4.launch.py
[4.542s] -- Up-to-date: /home/duck/Downloads/robo/install/turtlebot3_gazebo/share/turtlebot3_gazebo//launch/turtlebot3_dqn_stage2.launch.py
[4.542s] -- Up-to-date: /home/duck/Downloads/robo/install/turtlebot3_gazebo/share/turtlebot3_gazebo//launch/turtlebot3_dqn_stage1.launch.py
[4.542s] -- Up-to-date: /home/duck/Downloads/robo/install/turtlebot3_gazebo/share/turtlebot3_gazebo//launch/spawn_turtlebot3.launch.py
[4.543s] -- Up-to-date: /home/duck/Downloads/robo/install/turtlebot3_gazebo/share/turtlebot3_gazebo//launch/turtlebot3_world.launch.py
[4.543s] -- Up-to-date: /home/duck/Downloads/robo/install/turtlebot3_gazebo/share/turtlebot3_gazebo//launch/turtlebot3_dqn_stage3.launch.py
[4.543s] -- Up-to-date: /home/duck/Downloads/robo/install/turtlebot3_gazebo/share/turtlebot3_gazebo//launch/turtlebot3_house.launch.py
[4.544s] -- Up-to-date: /home/duck/Downloads/robo/install/turtlebot3_gazebo/share/turtlebot3_gazebo//launch/empty_world.launch.py
[4.544s] -- Up-to-date: /home/duck/Downloads/robo/install/turtlebot3_gazebo/share/turtlebot3_gazebo//models
[4.545s] -- Up-to-date: /home/duck/Downloads/robo/install/turtlebot3_gazebo/share/turtlebot3_gazebo//models/aws_robomaker_warehouse_ShelfE_01
[4.545s] -- Up-to-date: /home/duck/Downloads/robo/install/turtlebot3_gazebo/share/turtlebot3_gazebo//models/aws_robomaker_warehouse_ShelfE_01/materials
[4.546s] -- Up-to-date: /home/duck/Downloads/robo/install/turtlebot3_gazebo/share/turtlebot3_gazebo//models/aws_robomaker_warehouse_ShelfE_01/materials/textures
[4.546s] -- Up-to-date: /home/duck/Downloads/robo/install/turtlebot3_gazebo/share/turtlebot3_gazebo//models/aws_robomaker_warehouse_ShelfE_01/materials/textures/aws_robomaker_warehouse_ShelfE_01.png
[4.546s] -- Up-to-date: /home/duck/Downloads/robo/install/turtlebot3_gazebo/share/turtlebot3_gazebo//models/aws_robomaker_warehouse_ShelfE_01/materials/textures/aws_robomaker_warehouse_ShelfE_02.png
[4.546s] -- Up-to-date: /home/duck/Downloads/robo/install/turtlebot3_gazebo/share/turtlebot3_gazebo//models/aws_robomaker_warehouse_ShelfE_01/materials/textures/aws_robomaker_warehouse_ShelfE_03.png
[4.547s] -- Up-to-date: /home/duck/Downloads/robo/install/turtlebot3_gazebo/share/turtlebot3_gazebo//models/aws_robomaker_warehouse_ShelfE_01/materials/textures/aws_robomaker_warehouse_ShelfE_04.png
[4.547s] -- Up-to-date: /home/duck/Downloads/robo/install/turtlebot3_gazebo/share/turtlebot3_gazebo//models/aws_robomaker_warehouse_ShelfE_01/model.sdf
[4.547s] -- Up-to-date: /home/duck/Downloads/robo/install/turtlebot3_gazebo/share/turtlebot3_gazebo//models/aws_robomaker_warehouse_ShelfE_01/meshes
[4.548s] -- Up-to-date: /home/duck/Downloads/robo/install/turtlebot3_gazebo/share/turtlebot3_gazebo//models/aws_robomaker_warehouse_ShelfE_01/meshes/aws_robomaker_warehouse_ShelfE_01_visual.DAE
[4.548s] -- Up-to-date: /home/duck/Downloads/robo/install/turtlebot3_gazebo/share/turtlebot3_gazebo//models/aws_robomaker_warehouse_ShelfE_01/meshes/aws_robomaker_warehouse_ShelfE_01_collision.DAE
[4.548s] -- Up-to-date: /home/duck/Downloads/robo/install/turtlebot3_gazebo/share/turtlebot3_gazebo//models/aws_robomaker_warehouse_ShelfE_01/model.config
[4.549s] -- Up-to-date: /home/duck/Downloads/robo/install/turtlebot3_gazebo/share/turtlebot3_gazebo//models/aws_robomaker_warehouse_DeskC_01
[4.550s] -- Up-to-date: /home/duck/Downloads/robo/install/turtlebot3_gazebo/share/turtlebot3_gazebo//models/aws_robomaker_warehouse_DeskC_01/materials
[4.550s] -- Up-to-date: /home/duck/Downloads/robo/install/turtlebot3_gazebo/share/turtlebot3_gazebo//models/aws_robomaker_warehouse_DeskC_01/materials/textures
[4.551s] -- Up-to-date: /home/duck/Downloads/robo/install/turtlebot3_gazebo/share/turtlebot3_gazebo//models/aws_robomaker_warehouse_DeskC_01/materials/textures/aws_robomaker_warehouse_DeskC_03.psd
[4.551s] -- Up-to-date: /home/duck/Downloads/robo/install/turtlebot3_gazebo/share/turtlebot3_gazebo//models/aws_robomaker_warehouse_DeskC_01/materials/textures/aws_robomaker_warehouse_DeskC_01.png
[4.552s] -- Up-to-date: /home/duck/Downloads/robo/install/turtlebot3_gazebo/share/turtlebot3_gazebo//models/aws_robomaker_warehouse_DeskC_01/materials/textures/aws_robomaker_warehouse_DeskC_04.png
[4.552s] -- Up-to-date: /home/duck/Downloads/robo/install/turtlebot3_gazebo/share/turtlebot3_gazebo//models/aws_robomaker_warehouse_DeskC_01/materials/textures/aws_robomaker_warehouse_DeskC_03.png
[4.552s] -- Up-to-date: /home/duck/Downloads/robo/install/turtlebot3_gazebo/share/turtlebot3_gazebo//models/aws_robomaker_warehouse_DeskC_01/materials/textures/aws_robomaker_warehouse_DeskC_02.png
[4.552s] -- Up-to-date: /home/duck/Downloads/robo/install/turtlebot3_gazebo/share/turtlebot3_gazebo//models/aws_robomaker_warehouse_DeskC_01/model.sdf
[4.552s] -- Up-to-date: /home/duck/Downloads/robo/install/turtlebot3_gazebo/share/turtlebot3_gazebo//models/aws_robomaker_warehouse_DeskC_01/meshes
[4.553s] -- Up-to-date: /home/duck/Downloads/robo/install/turtlebot3_gazebo/share/turtlebot3_gazebo//models/aws_robomaker_warehouse_DeskC_01/meshes/aws_robomaker_warehouse_DeskC_01_visual.DAE
[4.553s] -- Up-to-date: /home/duck/Downloads/robo/install/turtlebot3_gazebo/share/turtlebot3_gazebo//models/aws_robomaker_warehouse_DeskC_01/meshes/aws_robomaker_warehouse_DeskC_01_collision.DAE
[4.553s] -- Up-to-date: /home/duck/Downloads/robo/install/turtlebot3_gazebo/share/turtlebot3_gazebo//models/aws_robomaker_warehouse_DeskC_01/model.config
[4.553s] -- Up-to-date: /home/duck/Downloads/robo/install/turtlebot3_gazebo/share/turtlebot3_gazebo//models/turtlebot3_dqn_world
[4.553s] -- Up-to-date: /home/duck/Downloads/robo/install/turtlebot3_gazebo/share/turtlebot3_gazebo//models/turtlebot3_dqn_world/obstacle2
[4.553s] -- Up-to-date: /home/duck/Downloads/robo/install/turtlebot3_gazebo/share/turtlebot3_gazebo//models/turtlebot3_dqn_world/obstacle2/model.sdf
[4.554s] -- Up-to-date: /home/duck/Downloads/robo/install/turtlebot3_gazebo/share/turtlebot3_gazebo//models/turtlebot3_dqn_world/obstacle2/model.config
[4.554s] -- Up-to-date: /home/duck/Downloads/robo/install/turtlebot3_gazebo/share/turtlebot3_gazebo//models/turtlebot3_dqn_world/obstacle1
[4.554s] -- Up-to-date: /home/duck/Downloads/robo/install/turtlebot3_gazebo/share/turtlebot3_gazebo//models/turtlebot3_dqn_world/obstacle1/model.sdf
[4.554s] -- Up-to-date: /home/duck/Downloads/robo/install/turtlebot3_gazebo/share/turtlebot3_gazebo//models/turtlebot3_dqn_world/obstacle1/model.config
[4.554s] -- Up-to-date: /home/duck/Downloads/robo/install/turtlebot3_gazebo/share/turtlebot3_gazebo//models/turtlebot3_dqn_world/obstacle_plugin
[4.555s] -- Up-to-date: /home/duck/Downloads/robo/install/turtlebot3_gazebo/share/turtlebot3_gazebo//models/turtlebot3_dqn_world/obstacle_plugin/obstacles.cc
[4.555s] -- Up-to-date: /home/duck/Downloads/robo/install/turtlebot3_gazebo/share/turtlebot3_gazebo//models/turtlebot3_dqn_world/obstacle_plugin/CMakeLists.txt
[4.555s] -- Up-to-date: /home/duck/Downloads/robo/install/turtlebot3_gazebo/share/turtlebot3_gazebo//models/turtlebot3_dqn_world/obstacle_plugin/obstacle1.cc
[4.555s] -- Up-to-date: /home/duck/Downloads/robo/install/turtlebot3_gazebo/share/turtlebot3_gazebo//models/turtlebot3_dqn_world/obstacle_plugin/obstacle2.cc
[4.555s] -- Up-to-date: /home/duck/Downloads/robo/install/turtlebot3_gazebo/share/turtlebot3_gazebo//models/turtlebot3_dqn_world/goal_box
[4.555s] -- Up-to-date: /home/duck/Downloads/robo/install/turtlebot3_gazebo/share/turtlebot3_gazebo//models/turtlebot3_dqn_world/goal_box/model.sdf
[4.556s] -- Up-to-date: /home/duck/Downloads/robo/install/turtlebot3_gazebo/share/turtlebot3_gazebo//models/turtlebot3_dqn_world/goal_box/model.config
[4.556s] -- Up-to-date: /home/duck/Downloads/robo/install/turtlebot3_gazebo/share/turtlebot3_gazebo//models/turtlebot3_dqn_world/model.sdf
[4.556s] -- Up-to-date: /home/duck/Downloads/robo/install/turtlebot3_gazebo/share/turtlebot3_gazebo//models/turtlebot3_dqn_world/model.config
[4.556s] -- Up-to-date: /home/duck/Downloads/robo/install/turtlebot3_gazebo/share/turtlebot3_gazebo//models/turtlebot3_dqn_world/obstacles
[4.556s] -- Up-to-date: /home/duck/Downloads/robo/install/turtlebot3_gazebo/share/turtlebot3_gazebo//models/turtlebot3_dqn_world/obstacles/model.sdf
[4.556s] -- Up-to-date: /home/duck/Downloads/robo/install/turtlebot3_gazebo/share/turtlebot3_gazebo//models/turtlebot3_dqn_world/obstacles/model.config
[4.557s] -- Up-to-date: /home/duck/Downloads/robo/install/turtlebot3_gazebo/share/turtlebot3_gazebo//models/turtlebot3_dqn_world/inner_walls
[4.557s] -- Up-to-date: /home/duck/Downloads/robo/install/turtlebot3_gazebo/share/turtlebot3_gazebo//models/turtlebot3_dqn_world/inner_walls/model.sdf
[4.557s] -- Up-to-date: /home/duck/Downloads/robo/install/turtlebot3_gazebo/share/turtlebot3_gazebo//models/turtlebot3_dqn_world/inner_walls/model.config
[4.557s] -- Up-to-date: /home/duck/Downloads/robo/install/turtlebot3_gazebo/share/turtlebot3_gazebo//models/aws_robomaker_warehouse_Lamp_01
[4.557s] -- Up-to-date: /home/duck/Downloads/robo/install/turtlebot3_gazebo/share/turtlebot3_gazebo//models/aws_robomaker_warehouse_Lamp_01/materials
[4.557s] -- Up-to-date: /home/duck/Downloads/robo/install/turtlebot3_gazebo/share/turtlebot3_gazebo//models/aws_robomaker_warehouse_Lamp_01/materials/textures
[4.557s] -- Up-to-date: /home/duck/Downloads/robo/install/turtlebot3_gazebo/share/turtlebot3_gazebo//models/aws_robomaker_warehouse_Lamp_01/materials/textures/aws_robomaker_warehouse_Lamp_01.png
[4.558s] -- Up-to-date: /home/duck/Downloads/robo/install/turtlebot3_gazebo/share/turtlebot3_gazebo//models/aws_robomaker_warehouse_Lamp_01/model.sdf
[4.558s] -- Up-to-date: /home/duck/Downloads/robo/install/turtlebot3_gazebo/share/turtlebot3_gazebo//models/aws_robomaker_warehouse_Lamp_01/meshes
[4.558s] -- Up-to-date: /home/duck/Downloads/robo/install/turtlebot3_gazebo/share/turtlebot3_gazebo//models/aws_robomaker_warehouse_Lamp_01/meshes/aws_robomaker_warehouse_Lamp_01_collision.DAE
[4.558s] -- Up-to-date: /home/duck/Downloads/robo/install/turtlebot3_gazebo/share/turtlebot3_gazebo//models/aws_robomaker_warehouse_Lamp_01/meshes/aws_robomaker_warehouse_Lamp_01_visual.DAE
[4.558s] -- Up-to-date: /home/duck/Downloads/robo/install/turtlebot3_gazebo/share/turtlebot3_gazebo//models/aws_robomaker_warehouse_Lamp_01/model.config
[4.558s] -- Up-to-date: /home/duck/Downloads/robo/install/turtlebot3_gazebo/share/turtlebot3_gazebo//models/aws_robomaker_warehouse_TrashCanC_01
[4.559s] -- Up-to-date: /home/duck/Downloads/robo/install/turtlebot3_gazebo/share/turtlebot3_gazebo//models/aws_robomaker_warehouse_TrashCanC_01/materials
[4.559s] -- Up-to-date: /home/duck/Downloads/robo/install/turtlebot3_gazebo/share/turtlebot3_gazebo//models/aws_robomaker_warehouse_TrashCanC_01/materials/textures
[4.559s] -- Up-to-date: /home/duck/Downloads/robo/install/turtlebot3_gazebo/share/turtlebot3_gazebo//models/aws_robomaker_warehouse_TrashCanC_01/materials/textures/aws_robomaker_warehouse_TrashCanC_01.png
[4.559s] -- Up-to-date: /home/duck/Downloads/robo/install/turtlebot3_gazebo/share/turtlebot3_gazebo//models/aws_robomaker_warehouse_TrashCanC_01/model.sdf
[4.559s] -- Up-to-date: /home/duck/Downloads/robo/install/turtlebot3_gazebo/share/turtlebot3_gazebo//models/aws_robomaker_warehouse_TrashCanC_01/meshes
[4.560s] -- Up-to-date: /home/duck/Downloads/robo/install/turtlebot3_gazebo/share/turtlebot3_gazebo//models/aws_robomaker_warehouse_TrashCanC_01/meshes/aws_robomaker_warehouse_TrashCanC_01_visual.DAE
[4.560s] -- Up-to-date: /home/duck/Downloads/robo/install/turtlebot3_gazebo/share/turtlebot3_gazebo//models/aws_robomaker_warehouse_TrashCanC_01/meshes/aws_robomaker_warehouse_TrashCanC_01_collision.DAE
[4.563s] -- Up-to-date: /home/duck/Downloads/robo/install/turtlebot3_gazebo/share/turtlebot3_gazebo//models/aws_robomaker_warehouse_TrashCanC_01/model.config
[4.564s] -- Up-to-date: /home/duck/Downloads/robo/install/turtlebot3_gazebo/share/turtlebot3_gazebo//models/turtlebot3_common
[4.566s] -- Up-to-date: /home/duck/Downloads/robo/install/turtlebot3_gazebo/share/turtlebot3_gazebo//models/turtlebot3_common/meshes
[4.568s] -- Up-to-date: /home/duck/Downloads/robo/install/turtlebot3_gazebo/share/turtlebot3_gazebo//models/turtlebot3_common/meshes/r200.dae
[4.570s] -- Up-to-date: /home/duck/Downloads/robo/install/turtlebot3_gazebo/share/turtlebot3_gazebo//models/turtlebot3_common/meshes/tire.dae
[4.571s] -- Up-to-date: /home/duck/Downloads/robo/install/turtlebot3_gazebo/share/turtlebot3_gazebo//models/turtlebot3_common/meshes/lds.dae
[4.573s] -- Up-to-date: /home/duck/Downloads/robo/install/turtlebot3_gazebo/share/turtlebot3_gazebo//models/turtlebot3_common/meshes/waffle_pi_base.dae
[4.574s] -- Up-to-date: /home/duck/Downloads/robo/install/turtlebot3_gazebo/share/turtlebot3_gazebo//models/turtlebot3_common/meshes/waffle_base.dae
[4.574s] -- Up-to-date: /home/duck/Downloads/robo/install/turtlebot3_gazebo/share/turtlebot3_gazebo//models/turtlebot3_common/meshes/burger_base.dae
[4.575s] -- Up-to-date: /home/duck/Downloads/robo/install/turtlebot3_gazebo/share/turtlebot3_gazebo//models/turtlebot3_common/model.config
[4.575s] -- Up-to-date: /home/duck/Downloads/robo/install/turtlebot3_gazebo/share/turtlebot3_gazebo//models/aws_robomaker_warehouse_WallB_01
[4.575s] -- Up-to-date: /home/duck/Downloads/robo/install/turtlebot3_gazebo/share/turtlebot3_gazebo//models/aws_robomaker_warehouse_WallB_01/materials
[4.575s] -- Up-to-date: /home/duck/Downloads/robo/install/turtlebot3_gazebo/share/turtlebot3_gazebo//models/aws_robomaker_warehouse_WallB_01/materials/textures
[4.576s] -- Up-to-date: /home/duck/Downloads/robo/install/turtlebot3_gazebo/share/turtlebot3_gazebo//models/aws_robomaker_warehouse_WallB_01/materials/textures/aws_robomaker_warehouse_WallB_01.png
[4.576s] -- Up-to-date: /home/duck/Downloads/robo/install/turtlebot3_gazebo/share/turtlebot3_gazebo//models/aws_robomaker_warehouse_WallB_01/model.sdf
[4.576s] -- Up-to-date: /home/duck/Downloads/robo/install/turtlebot3_gazebo/share/turtlebot3_gazebo//models/aws_robomaker_warehouse_WallB_01/meshes
[4.577s] -- Up-to-date: /home/duck/Downloads/robo/install/turtlebot3_gazebo/share/turtlebot3_gazebo//models/aws_robomaker_warehouse_WallB_01/meshes/aws_robomaker_warehouse_WallB_01_collision.DAE
[4.577s] -- Up-to-date: /home/duck/Downloads/robo/install/turtlebot3_gazebo/share/turtlebot3_gazebo//models/aws_robomaker_warehouse_WallB_01/meshes/aws_robomaker_warehouse_WallB_01_visual.DAE
[4.578s] -- Up-to-date: /home/duck/Downloads/robo/install/turtlebot3_gazebo/share/turtlebot3_gazebo//models/aws_robomaker_warehouse_WallB_01/model.config
[4.578s] -- Up-to-date: /home/duck/Downloads/robo/install/turtlebot3_gazebo/share/turtlebot3_gazebo//models/turtlebot3_waffle
[4.578s] -- Up-to-date: /home/duck/Downloads/robo/install/turtlebot3_gazebo/share/turtlebot3_gazebo//models/turtlebot3_waffle/model-1_4.sdf
[4.578s] -- Up-to-date: /home/duck/Downloads/robo/install/turtlebot3_gazebo/share/turtlebot3_gazebo//models/turtlebot3_waffle/model.sdf
[4.578s] -- Up-to-date: /home/duck/Downloads/robo/install/turtlebot3_gazebo/share/turtlebot3_gazebo//models/turtlebot3_waffle/model.config
[4.579s] -- Up-to-date: /home/duck/Downloads/robo/install/turtlebot3_gazebo/share/turtlebot3_gazebo//models/aws_robomaker_warehouse_ClutteringC_01
[4.579s] -- Up-to-date: /home/duck/Downloads/robo/install/turtlebot3_gazebo/share/turtlebot3_gazebo//models/aws_robomaker_warehouse_ClutteringC_01/materials
[4.579s] -- Up-to-date: /home/duck/Downloads/robo/install/turtlebot3_gazebo/share/turtlebot3_gazebo//models/aws_robomaker_warehouse_ClutteringC_01/materials/textures
[4.580s] -- Up-to-date: /home/duck/Downloads/robo/install/turtlebot3_gazebo/share/turtlebot3_gazebo//models/aws_robomaker_warehouse_ClutteringC_01/materials/textures/aws_robomaker_warehouse_ClutteringC_02.png
[4.580s] -- Up-to-date: /home/duck/Downloads/robo/install/turtlebot3_gazebo/share/turtlebot3_gazebo//models/aws_robomaker_warehouse_ClutteringC_01/materials/textures/aws_robomaker_warehouse_ClutteringC_01.png
[4.580s] -- Up-to-date: /home/duck/Downloads/robo/install/turtlebot3_gazebo/share/turtlebot3_gazebo//models/aws_robomaker_warehouse_ClutteringC_01/model.sdf
[4.580s] -- Up-to-date: /home/duck/Downloads/robo/install/turtlebot3_gazebo/share/turtlebot3_gazebo//models/aws_robomaker_warehouse_ClutteringC_01/meshes
[4.581s] -- Up-to-date: /home/duck/Downloads/robo/install/turtlebot3_gazebo/share/turtlebot3_gazebo//models/aws_robomaker_warehouse_ClutteringC_01/meshes/aws_robomaker_warehouse_ClutteringC_01_visual.DAE
[4.581s] -- Up-to-date: /home/duck/Downloads/robo/install/turtlebot3_gazebo/share/turtlebot3_gazebo//models/aws_robomaker_warehouse_ClutteringC_01/meshes/aws_robomaker_warehouse_ClutteringC_01_collision.DAE
[4.581s] -- Up-to-date: /home/duck/Downloads/robo/install/turtlebot3_gazebo/share/turtlebot3_gazebo//models/aws_robomaker_warehouse_ClutteringC_01/model.config
[4.582s] -- Up-to-date: /home/duck/Downloads/robo/install/turtlebot3_gazebo/share/turtlebot3_gazebo//models/aws_robomaker_warehouse_GroundB_01
[4.582s] -- Up-to-date: /home/duck/Downloads/robo/install/turtlebot3_gazebo/share/turtlebot3_gazebo//models/aws_robomaker_warehouse_GroundB_01/materials
[4.582s] -- Up-to-date: /home/duck/Downloads/robo/install/turtlebot3_gazebo/share/turtlebot3_gazebo//models/aws_robomaker_warehouse_GroundB_01/materials/textures
[4.583s] -- Up-to-date: /home/duck/Downloads/robo/install/turtlebot3_gazebo/share/turtlebot3_gazebo//models/aws_robomaker_warehouse_GroundB_01/materials/textures/aws_robomaker_warehouse_GroundB_01.png
[4.583s] -- Up-to-date: /home/duck/Downloads/robo/install/turtlebot3_gazebo/share/turtlebot3_gazebo//models/aws_robomaker_warehouse_GroundB_01/materials/textures/aws_robomaker_warehouse_GroundB_02.png
[4.583s] -- Up-to-date: /home/duck/Downloads/robo/install/turtlebot3_gazebo/share/turtlebot3_gazebo//models/aws_robomaker_warehouse_GroundB_01/model.sdf
[4.583s] -- Up-to-date: /home/duck/Downloads/robo/install/turtlebot3_gazebo/share/turtlebot3_gazebo//models/aws_robomaker_warehouse_GroundB_01/meshes
[4.584s] -- Up-to-date: /home/duck/Downloads/robo/install/turtlebot3_gazebo/share/turtlebot3_gazebo//models/aws_robomaker_warehouse_GroundB_01/meshes/aws_robomaker_warehouse_GroundB_01_collision.DAE
[4.584s] -- Up-to-date: /home/duck/Downloads/robo/install/turtlebot3_gazebo/share/turtlebot3_gazebo//models/aws_robomaker_warehouse_GroundB_01/meshes/aws_robomaker_warehouse_GroundB_01_visual.DAE
[4.584s] -- Up-to-date: /home/duck/Downloads/robo/install/turtlebot3_gazebo/share/turtlebot3_gazebo//models/aws_robomaker_warehouse_GroundB_01/model.config
[4.584s] -- Up-to-date: /home/duck/Downloads/robo/install/turtlebot3_gazebo/share/turtlebot3_gazebo//models/aws_robomaker_warehouse_ClutteringA_01
[4.585s] -- Up-to-date: /home/duck/Downloads/robo/install/turtlebot3_gazebo/share/turtlebot3_gazebo//models/aws_robomaker_warehouse_ClutteringA_01/materials
[4.585s] -- Up-to-date: /home/duck/Downloads/robo/install/turtlebot3_gazebo/share/turtlebot3_gazebo//models/aws_robomaker_warehouse_ClutteringA_01/materials/textures
[4.585s] -- Up-to-date: /home/duck/Downloads/robo/install/turtlebot3_gazebo/share/turtlebot3_gazebo//models/aws_robomaker_warehouse_ClutteringA_01/materials/textures/aws_robomaker_warehouse_ClutteringA_01.png
[4.585s] -- Up-to-date: /home/duck/Downloads/robo/install/turtlebot3_gazebo/share/turtlebot3_gazebo//models/aws_robomaker_warehouse_ClutteringA_01/materials/textures/aws_robomaker_warehouse_ClutteringA_02.png
[4.585s] -- Up-to-date: /home/duck/Downloads/robo/install/turtlebot3_gazebo/share/turtlebot3_gazebo//models/aws_robomaker_warehouse_ClutteringA_01/materials/textures/aws_robomaker_warehouse_ClutteringA_03.png
[4.585s] -- Up-to-date: /home/duck/Downloads/robo/install/turtlebot3_gazebo/share/turtlebot3_gazebo//models/aws_robomaker_warehouse_ClutteringA_01/model.sdf
[4.586s] -- Up-to-date: /home/duck/Downloads/robo/install/turtlebot3_gazebo/share/turtlebot3_gazebo//models/aws_robomaker_warehouse_ClutteringA_01/meshes
[4.586s] -- Up-to-date: /home/duck/Downloads/robo/install/turtlebot3_gazebo/share/turtlebot3_gazebo//models/aws_robomaker_warehouse_ClutteringA_01/meshes/aws_robomaker_warehouse_ClutteringA_01_collision.DAE
[4.586s] -- Up-to-date: /home/duck/Downloads/robo/install/turtlebot3_gazebo/share/turtlebot3_gazebo//models/aws_robomaker_warehouse_ClutteringA_01/meshes/aws_robomaker_warehouse_ClutteringA_01_visual.DAE
[4.586s] -- Up-to-date: /home/duck/Downloads/robo/install/turtlebot3_gazebo/share/turtlebot3_gazebo//models/aws_robomaker_warehouse_ClutteringA_01/model.config
[4.586s] -- Up-to-date: /home/duck/Downloads/robo/install/turtlebot3_gazebo/share/turtlebot3_gazebo//models/aws_robomaker_warehouse_ShelfF_01
[4.587s] -- Up-to-date: /home/duck/Downloads/robo/install/turtlebot3_gazebo/share/turtlebot3_gazebo//models/aws_robomaker_warehouse_ShelfF_01/materials
[4.587s] -- Up-to-date: /home/duck/Downloads/robo/install/turtlebot3_gazebo/share/turtlebot3_gazebo//models/aws_robomaker_warehouse_ShelfF_01/materials/textures
[4.587s] -- Up-to-date: /home/duck/Downloads/robo/install/turtlebot3_gazebo/share/turtlebot3_gazebo//models/aws_robomaker_warehouse_ShelfF_01/materials/textures/aws_robomaker_warehouse_ShelfF_01.png
[4.587s] -- Up-to-date: /home/duck/Downloads/robo/install/turtlebot3_gazebo/share/turtlebot3_gazebo//models/aws_robomaker_warehouse_ShelfF_01/materials/textures/aws_robomaker_warehouse_ShelfF_03.png
[4.587s] -- Up-to-date: /home/duck/Downloads/robo/install/turtlebot3_gazebo/share/turtlebot3_gazebo//models/aws_robomaker_warehouse_ShelfF_01/materials/textures/aws_robomaker_warehouse_ShelfF_02.png
[4.587s] -- Up-to-date: /home/duck/Downloads/robo/install/turtlebot3_gazebo/share/turtlebot3_gazebo//models/aws_robomaker_warehouse_ShelfF_01/model.sdf
[4.588s] -- Up-to-date: /home/duck/Downloads/robo/install/turtlebot3_gazebo/share/turtlebot3_gazebo//models/aws_robomaker_warehouse_ShelfF_01/meshes
[4.588s] -- Up-to-date: /home/duck/Downloads/robo/install/turtlebot3_gazebo/share/turtlebot3_gazebo//models/aws_robomaker_warehouse_ShelfF_01/meshes/aws_robomaker_warehouse_ShelfF_01_visual.DAE
[4.588s] -- Up-to-date: /home/duck/Downloads/robo/install/turtlebot3_gazebo/share/turtlebot3_gazebo//models/aws_robomaker_warehouse_ShelfF_01/meshes/aws_robomaker_warehouse_ShelfF_01_collision.DAE
[4.588s] -- Up-to-date: /home/duck/Downloads/robo/install/turtlebot3_gazebo/share/turtlebot3_gazebo//models/aws_robomaker_warehouse_ShelfF_01/model.config
[4.588s] -- Up-to-date: /home/duck/Downloads/robo/install/turtlebot3_gazebo/share/turtlebot3_gazebo//models/aws_robomaker_warehouse_ClutteringD_01
[4.589s] -- Up-to-date: /home/duck/Downloads/robo/install/turtlebot3_gazebo/share/turtlebot3_gazebo//models/aws_robomaker_warehouse_ClutteringD_01/materials
[4.589s] -- Up-to-date: /home/duck/Downloads/robo/install/turtlebot3_gazebo/share/turtlebot3_gazebo//models/aws_robomaker_warehouse_ClutteringD_01/materials/textures
[4.590s] -- Up-to-date: /home/duck/Downloads/robo/install/turtlebot3_gazebo/share/turtlebot3_gazebo//models/aws_robomaker_warehouse_ClutteringD_01/materials/textures/aws_robomaker_warehouse_ClutteringD_01.png
[4.590s] -- Up-to-date: /home/duck/Downloads/robo/install/turtlebot3_gazebo/share/turtlebot3_gazebo//models/aws_robomaker_warehouse_ClutteringD_01/materials/textures/aws_robomaker_warehouse_ClutteringD_02.png
[4.590s] -- Up-to-date: /home/duck/Downloads/robo/install/turtlebot3_gazebo/share/turtlebot3_gazebo//models/aws_robomaker_warehouse_ClutteringD_01/model.sdf
[4.591s] -- Up-to-date: /home/duck/Downloads/robo/install/turtlebot3_gazebo/share/turtlebot3_gazebo//models/aws_robomaker_warehouse_ClutteringD_01/meshes
[4.591s] -- Up-to-date: /home/duck/Downloads/robo/install/turtlebot3_gazebo/share/turtlebot3_gazebo//models/aws_robomaker_warehouse_ClutteringD_01/meshes/aws_robomaker_warehouse_ClutteringD_01_visual.DAE
[4.591s] -- Up-to-date: /home/duck/Downloads/robo/install/turtlebot3_gazebo/share/turtlebot3_gazebo//models/aws_robomaker_warehouse_ClutteringD_01/meshes/aws_robomaker_warehouse_ClutteringD_01_collision.DAE
[4.591s] -- Up-to-date: /home/duck/Downloads/robo/install/turtlebot3_gazebo/share/turtlebot3_gazebo//models/aws_robomaker_warehouse_ClutteringD_01/model.config
[4.591s] -- Up-to-date: /home/duck/Downloads/robo/install/turtlebot3_gazebo/share/turtlebot3_gazebo//models/aws_robomaker_warehouse_ShelfD_01
[4.592s] -- Up-to-date: /home/duck/Downloads/robo/install/turtlebot3_gazebo/share/turtlebot3_gazebo//models/aws_robomaker_warehouse_ShelfD_01/materials
[4.592s] -- Up-to-date: /home/duck/Downloads/robo/install/turtlebot3_gazebo/share/turtlebot3_gazebo//models/aws_robomaker_warehouse_ShelfD_01/materials/textures
[4.592s] -- Up-to-date: /home/duck/Downloads/robo/install/turtlebot3_gazebo/share/turtlebot3_gazebo//models/aws_robomaker_warehouse_ShelfD_01/materials/textures/aws_robomaker_warehouse_ShelfD_04.png
[4.592s] -- Up-to-date: /home/duck/Downloads/robo/install/turtlebot3_gazebo/share/turtlebot3_gazebo//models/aws_robomaker_warehouse_ShelfD_01/materials/textures/aws_robomaker_warehouse_ShelfD_01.png
[4.592s] -- Up-to-date: /home/duck/Downloads/robo/install/turtlebot3_gazebo/share/turtlebot3_gazebo//models/aws_robomaker_warehouse_ShelfD_01/materials/textures/aws_robomaker_warehouse_ShelfD_02.png
[4.592s] -- Up-to-date: /home/duck/Downloads/robo/install/turtlebot3_gazebo/share/turtlebot3_gazebo//models/aws_robomaker_warehouse_ShelfD_01/materials/textures/aws_robomaker_warehouse_ShelfD_03.png
[4.593s] -- Up-to-date: /home/duck/Downloads/robo/install/turtlebot3_gazebo/share/turtlebot3_gazebo//models/aws_robomaker_warehouse_ShelfD_01/model.sdf
[4.593s] -- Up-to-date: /home/duck/Downloads/robo/install/turtlebot3_gazebo/share/turtlebot3_gazebo//models/aws_robomaker_warehouse_ShelfD_01/model.config
[4.593s] -- Up-to-date: /home/duck/Downloads/robo/install/turtlebot3_gazebo/share/turtlebot3_gazebo//models/turtlebot3_world
[4.594s] -- Up-to-date: /home/duck/Downloads/robo/install/turtlebot3_gazebo/share/turtlebot3_gazebo//models/turtlebot3_world/model-1_4.sdf
[4.594s] -- Up-to-date: /home/duck/Downloads/robo/install/turtlebot3_gazebo/share/turtlebot3_gazebo//models/turtlebot3_world/model.sdf
[4.594s] -- Up-to-date: /home/duck/Downloads/robo/install/turtlebot3_gazebo/share/turtlebot3_gazebo//models/turtlebot3_world/meshes
[4.594s] -- Up-to-date: /home/duck/Downloads/robo/install/turtlebot3_gazebo/share/turtlebot3_gazebo//models/turtlebot3_world/meshes/wall.dae
[4.595s] -- Up-to-date: /home/duck/Downloads/robo/install/turtlebot3_gazebo/share/turtlebot3_gazebo//models/turtlebot3_world/meshes/hexagon.dae
[4.595s] -- Up-to-date: /home/duck/Downloads/robo/install/turtlebot3_gazebo/share/turtlebot3_gazebo//models/turtlebot3_world/model.config
[4.595s] -- Up-to-date: /home/duck/Downloads/robo/install/turtlebot3_gazebo/share/turtlebot3_gazebo//models/aws_robomaker_warehouse_PalletJackB_01
[4.596s] -- Up-to-date: /home/duck/Downloads/robo/install/turtlebot3_gazebo/share/turtlebot3_gazebo//models/aws_robomaker_warehouse_PalletJackB_01/materials
[4.597s] -- Up-to-date: /home/duck/Downloads/robo/install/turtlebot3_gazebo/share/turtlebot3_gazebo//models/aws_robomaker_warehouse_PalletJackB_01/materials/textures
[4.601s] -- Up-to-date: /home/duck/Downloads/robo/install/turtlebot3_gazebo/share/turtlebot3_gazebo//models/aws_robomaker_warehouse_PalletJackB_01/materials/textures/aws_robomaker_warehouse_PalletJackB_01.png
[4.602s] -- Up-to-date: /home/duck/Downloads/robo/install/turtlebot3_gazebo/share/turtlebot3_gazebo//models/aws_robomaker_warehouse_PalletJackB_01/materials/textures/aws_robomaker_warehouse_PalletJackB_02.png
[4.603s] -- Up-to-date: /home/duck/Downloads/robo/install/turtlebot3_gazebo/share/turtlebot3_gazebo//models/aws_robomaker_warehouse_PalletJackB_01/model.sdf
[4.603s] -- Up-to-date: /home/duck/Downloads/robo/install/turtlebot3_gazebo/share/turtlebot3_gazebo//models/aws_robomaker_warehouse_PalletJackB_01/meshes
[4.603s] -- Up-to-date: /home/duck/Downloads/robo/install/turtlebot3_gazebo/share/turtlebot3_gazebo//models/aws_robomaker_warehouse_PalletJackB_01/meshes/aws_robomaker_warehouse_PalletJackB_01_visual.DAE
[4.603s] -- Up-to-date: /home/duck/Downloads/robo/install/turtlebot3_gazebo/share/turtlebot3_gazebo//models/aws_robomaker_warehouse_PalletJackB_01/meshes/aws_robomaker_warehouse_PalletJackB_01_collision.DAE
[4.604s] -- Up-to-date: /home/duck/Downloads/robo/install/turtlebot3_gazebo/share/turtlebot3_gazebo//models/aws_robomaker_warehouse_PalletJackB_01/model.config
[4.604s] -- Up-to-date: /home/duck/Downloads/robo/install/turtlebot3_gazebo/share/turtlebot3_gazebo//models/turtlebot3_house
[4.604s] -- Up-to-date: /home/duck/Downloads/robo/install/turtlebot3_gazebo/share/turtlebot3_gazebo//models/turtlebot3_house/model.sdf
[4.604s] -- Up-to-date: /home/duck/Downloads/robo/install/turtlebot3_gazebo/share/turtlebot3_gazebo//models/turtlebot3_house/model.config
[4.604s] -- Up-to-date: /home/duck/Downloads/robo/install/turtlebot3_gazebo/share/turtlebot3_gazebo//models/aws_robomaker_warehouse_RoofB_01
[4.605s] -- Up-to-date: /home/duck/Downloads/robo/install/turtlebot3_gazebo/share/turtlebot3_gazebo//models/aws_robomaker_warehouse_RoofB_01/materials
[4.605s] -- Up-to-date: /home/duck/Downloads/robo/install/turtlebot3_gazebo/share/turtlebot3_gazebo//models/aws_robomaker_warehouse_RoofB_01/materials/textures
[4.605s] -- Up-to-date: /home/duck/Downloads/robo/install/turtlebot3_gazebo/share/turtlebot3_gazebo//models/aws_robomaker_warehouse_RoofB_01/materials/textures/aws_robomaker_warehouse_RoofB_01.png
[4.605s] -- Up-to-date: /home/duck/Downloads/robo/install/turtlebot3_gazebo/share/turtlebot3_gazebo//models/aws_robomaker_warehouse_RoofB_01/model.sdf
[4.605s] -- Up-to-date: /home/duck/Downloads/robo/install/turtlebot3_gazebo/share/turtlebot3_gazebo//models/aws_robomaker_warehouse_RoofB_01/meshes
[4.606s] -- Up-to-date: /home/duck/Downloads/robo/install/turtlebot3_gazebo/share/turtlebot3_gazebo//models/aws_robomaker_warehouse_RoofB_01/meshes/aws_robomaker_warehouse_RoofB_01_visual.DAE
[4.606s] -- Up-to-date: /home/duck/Downloads/robo/install/turtlebot3_gazebo/share/turtlebot3_gazebo//models/aws_robomaker_warehouse_RoofB_01/meshes/aws_robomaker_warehouse_RoofB_01_collision.DAE
[4.606s] -- Up-to-date: /home/duck/Downloads/robo/install/turtlebot3_gazebo/share/turtlebot3_gazebo//models/aws_robomaker_warehouse_RoofB_01/model.config
[4.606s] -- Up-to-date: /home/duck/Downloads/robo/install/turtlebot3_gazebo/share/turtlebot3_gazebo//rviz
[4.606s] -- Up-to-date: /home/duck/Downloads/robo/install/turtlebot3_gazebo/share/turtlebot3_gazebo//rviz/tb3_gazebo.rviz
[4.607s] -- Up-to-date: /home/duck/Downloads/robo/install/turtlebot3_gazebo/share/turtlebot3_gazebo//urdf
[4.607s] -- Up-to-date: /home/duck/Downloads/robo/install/turtlebot3_gazebo/share/turtlebot3_gazebo//urdf/turtlebot3_waffle_pi.urdf
[4.607s] -- Up-to-date: /home/duck/Downloads/robo/install/turtlebot3_gazebo/share/turtlebot3_gazebo//urdf/common_properties.urdf
[4.607s] -- Up-to-date: /home/duck/Downloads/robo/install/turtlebot3_gazebo/share/turtlebot3_gazebo//urdf/turtlebot3_waffle.urdf
[4.607s] -- Up-to-date: /home/duck/Downloads/robo/install/turtlebot3_gazebo/share/turtlebot3_gazebo//urdf/turtlebot3_burger.urdf
[4.607s] -- Up-to-date: /home/duck/Downloads/robo/install/turtlebot3_gazebo/share/turtlebot3_gazebo//worlds
[4.608s] -- Up-to-date: /home/duck/Downloads/robo/install/turtlebot3_gazebo/share/turtlebot3_gazebo//worlds/warehouse_willow.world
[4.608s] -- Up-to-date: /home/duck/Downloads/robo/install/turtlebot3_gazebo/share/turtlebot3_gazebo//worlds/damn.world
[4.608s] -- Up-to-date: /home/duck/Downloads/robo/install/turtlebot3_gazebo/share/turtlebot3_gazebo//worlds/turtlebot3_dqn_stage2.world
[4.608s] -- Up-to-date: /home/duck/Downloads/robo/install/turtlebot3_gazebo/share/turtlebot3_gazebo//worlds/turtlebot3_dqn_stage4.world
[4.608s] -- Up-to-date: /home/duck/Downloads/robo/install/turtlebot3_gazebo/share/turtlebot3_gazebo//worlds/turtlebot3_world.world
[4.608s] -- Up-to-date: /home/duck/Downloads/robo/install/turtlebot3_gazebo/share/turtlebot3_gazebo//worlds/turtlebot3_house.world
[4.609s] -- Up-to-date: /home/duck/Downloads/robo/install/turtlebot3_gazebo/share/turtlebot3_gazebo//worlds/warehouse_old.world
[4.609s] -- Up-to-date: /home/duck/Downloads/robo/install/turtlebot3_gazebo/share/turtlebot3_gazebo//worlds/turtlebot3_dqn_stage3.world
[4.609s] -- Up-to-date: /home/duck/Downloads/robo/install/turtlebot3_gazebo/share/turtlebot3_gazebo//worlds/test.world
[4.609s] -- Up-to-date: /home/duck/Downloads/robo/install/turtlebot3_gazebo/share/turtlebot3_gazebo//worlds/turtlebot3_dqn_stage1.world
[4.609s] -- Up-to-date: /home/duck/Downloads/robo/install/turtlebot3_gazebo/share/turtlebot3_gazebo//worlds/empty_world.world
[4.610s] -- Up-to-date: /home/duck/Downloads/robo/install/turtlebot3_gazebo/share/turtlebot3_gazebo//worlds/warehouse.world
[4.610s] -- Installing: /home/duck/Downloads/robo/install/turtlebot3_gazebo/share/turtlebot3_gazebo//worlds/final_new.world
[4.610s] -- Up-to-date: /home/duck/Downloads/robo/install/turtlebot3_gazebo/share/turtlebot3_gazebo//worlds/RL (copy).world
[4.610s] -- Up-to-date: /home/duck/Downloads/robo/install/turtlebot3_gazebo/share/turtlebot3_gazebo//worlds/final.world
[4.611s] -- Up-to-date: /home/duck/Downloads/robo/install/turtlebot3_gazebo/share/turtlebot3_gazebo//worlds/RL.world
[4.611s] -- Up-to-date: /home/duck/Downloads/robo/install/turtlebot3_gazebo/include/
[4.611s] -- Up-to-date: /home/duck/Downloads/robo/install/turtlebot3_gazebo/include//turtlebot3_gazebo
[4.611s] -- Up-to-date: /home/duck/Downloads/robo/install/turtlebot3_gazebo/include//turtlebot3_gazebo/turtlebot3_drive.hpp
[4.611s] -- Up-to-date: /home/duck/Downloads/robo/install/turtlebot3_gazebo/share/ament_index/resource_index/package_run_dependencies/turtlebot3_gazebo
[4.611s] -- Up-to-date: /home/duck/Downloads/robo/install/turtlebot3_gazebo/share/ament_index/resource_index/parent_prefix_path/turtlebot3_gazebo
[4.612s] -- Up-to-date: /home/duck/Downloads/robo/install/turtlebot3_gazebo/share/turtlebot3_gazebo/environment/ament_prefix_path.sh
[4.612s] -- Up-to-date: /home/duck/Downloads/robo/install/turtlebot3_gazebo/share/turtlebot3_gazebo/environment/ament_prefix_path.dsv
[4.612s] -- Up-to-date: /home/duck/Downloads/robo/install/turtlebot3_gazebo/share/turtlebot3_gazebo/environment/path.sh
[4.612s] -- Up-to-date: /home/duck/Downloads/robo/install/turtlebot3_gazebo/share/turtlebot3_gazebo/environment/path.dsv
[4.613s] -- Up-to-date: /home/duck/Downloads/robo/install/turtlebot3_gazebo/share/turtlebot3_gazebo/local_setup.bash
[4.613s] -- Up-to-date: /home/duck/Downloads/robo/install/turtlebot3_gazebo/share/turtlebot3_gazebo/local_setup.sh
[4.614s] -- Up-to-date: /home/duck/Downloads/robo/install/turtlebot3_gazebo/share/turtlebot3_gazebo/local_setup.zsh
[4.614s] -- Up-to-date: /home/duck/Downloads/robo/install/turtlebot3_gazebo/share/turtlebot3_gazebo/local_setup.dsv
[4.614s] -- Installing: /home/duck/Downloads/robo/install/turtlebot3_gazebo/share/turtlebot3_gazebo/package.dsv
[4.614s] -- Up-to-date: /home/duck/Downloads/robo/install/turtlebot3_gazebo/share/ament_index/resource_index/packages/turtlebot3_gazebo
[4.615s] -- Up-to-date: /home/duck/Downloads/robo/install/turtlebot3_gazebo/share/turtlebot3_gazebo/cmake/ament_cmake_export_include_directories-extras.cmake
[4.615s] -- Up-to-date: /home/duck/Downloads/robo/install/turtlebot3_gazebo/share/turtlebot3_gazebo/cmake/ament_cmake_export_dependencies-extras.cmake
[4.615s] -- Up-to-date: /home/duck/Downloads/robo/install/turtlebot3_gazebo/share/turtlebot3_gazebo/cmake/turtlebot3_gazeboConfig.cmake
[4.615s] -- Up-to-date: /home/duck/Downloads/robo/install/turtlebot3_gazebo/share/turtlebot3_gazebo/cmake/turtlebot3_gazeboConfig-version.cmake
[4.616s] -- Up-to-date: /home/duck/Downloads/robo/install/turtlebot3_gazebo/share/turtlebot3_gazebo/package.xml
[4.622s] Invoked command in '/home/duck/Downloads/robo/build/turtlebot3_gazebo' returned '0': CMAKE_PREFIX_PATH=${CMAKE_PREFIX_PATH}:/home/duck/Downloads/robo/install/robot_math:/home/duck/Downloads/robo/install/pc:/home/duck/Downloads/robo/install/my_robot_controller:/opt/ros/humble /usr/bin/cmake --install /home/duck/Downloads/robo/build/turtlebot3_gazebo
