[0.068s] Invoking command in '/home/duck/Downloads/robo/build/transforms': CMAKE_PREFIX_PATH=/opt/ros/humble /usr/bin/cmake --build /home/duck/Downloads/robo/build/transforms -- -j4 -l4
[0.234s] [35m[1mConsolidate compiler generated dependencies of target transform_order[0m
[0.303s] [35m[1mConsolidate compiler generated dependencies of target rotation_frame[0m
[0.382s] [35m[1mConsolidate compiler generated dependencies of target frame_chains[0m
[0.383s] [35m[1mConsolidate compiler generated dependencies of target translation_frame[0m
[0.391s] [ 20%] Built target transform_order
[0.486s] [ 40%] Built target translation_frame
[0.493s] [ 60%] Built target rotation_frame
[0.507s] [35m[1mConsolidate compiler generated dependencies of target static_dynamic_frame[0m
[0.543s] [ 80%] Built target frame_chains
[0.641s] [100%] Built target static_dynamic_frame
[0.733s] Invoked command in '/home/duck/Downloads/robo/build/transforms' returned '0': CMAKE_PREFIX_PATH=/opt/ros/humble /usr/bin/cmake --build /home/duck/Downloads/robo/build/transforms -- -j4 -l4
[0.734s] Invoking command in '/home/duck/Downloads/robo/build/transforms': CMAKE_PREFIX_PATH=/opt/ros/humble /usr/bin/cmake --install /home/duck/Downloads/robo/build/transforms
[0.771s] -- Install configuration: ""
[0.773s] -- Up-to-date: /home/duck/Downloads/robo/install/transforms/lib/transforms/translation_frame
[0.775s] -- Up-to-date: /home/duck/Downloads/robo/install/transforms/lib/transforms/rotation_frame
[0.775s] -- Up-to-date: /home/duck/Downloads/robo/install/transforms/lib/transforms/transform_order
[0.782s] -- Up-to-date: /home/duck/Downloads/robo/install/transforms/lib/transforms/frame_chains
[0.787s] -- Up-to-date: /home/duck/Downloads/robo/install/transforms/lib/transforms/static_dynamic_frame
[0.789s] -- Up-to-date: /home/duck/Downloads/robo/install/transforms/share/transforms/launch
[0.789s] -- Up-to-date: /home/duck/Downloads/robo/install/transforms/share/transforms/launch/rviz.launch.py
[0.789s] -- Up-to-date: /home/duck/Downloads/robo/install/transforms/share/transforms/launch/gazebo.launch.py
[0.789s] -- Up-to-date: /home/duck/Downloads/robo/install/transforms/share/transforms/urdf
[0.790s] -- Up-to-date: /home/duck/Downloads/robo/install/transforms/share/transforms/urdf/diff_drive.urdf
[0.796s] -- Up-to-date: /home/duck/Downloads/robo/install/transforms/share/transforms/config
[0.796s] -- Up-to-date: /home/duck/Downloads/robo/install/transforms/share/transforms/config/urdf_view.rviz
[0.797s] -- Up-to-date: /home/duck/Downloads/robo/install/transforms/share/ament_index/resource_index/package_run_dependencies/transforms
[0.797s] -- Up-to-date: /home/duck/Downloads/robo/install/transforms/share/ament_index/resource_index/parent_prefix_path/transforms
[0.797s] -- Up-to-date: /home/duck/Downloads/robo/install/transforms/share/transforms/environment/ament_prefix_path.sh
[0.797s] -- Up-to-date: /home/duck/Downloads/robo/install/transforms/share/transforms/environment/ament_prefix_path.dsv
[0.797s] -- Up-to-date: /home/duck/Downloads/robo/install/transforms/share/transforms/environment/path.sh
[0.797s] -- Up-to-date: /home/duck/Downloads/robo/install/transforms/share/transforms/environment/path.dsv
[0.797s] -- Up-to-date: /home/duck/Downloads/robo/install/transforms/share/transforms/local_setup.bash
[0.797s] -- Up-to-date: /home/duck/Downloads/robo/install/transforms/share/transforms/local_setup.sh
[0.797s] -- Up-to-date: /home/duck/Downloads/robo/install/transforms/share/transforms/local_setup.zsh
[0.797s] -- Up-to-date: /home/duck/Downloads/robo/install/transforms/share/transforms/local_setup.dsv
[0.798s] -- Installing: /home/duck/Downloads/robo/install/transforms/share/transforms/package.dsv
[0.798s] -- Up-to-date: /home/duck/Downloads/robo/install/transforms/share/ament_index/resource_index/packages/transforms
[0.798s] -- Up-to-date: /home/duck/Downloads/robo/install/transforms/share/transforms/cmake/transformsConfig.cmake
[0.798s] -- Up-to-date: /home/duck/Downloads/robo/install/transforms/share/transforms/cmake/transformsConfig-version.cmake
[0.798s] -- Up-to-date: /home/duck/Downloads/robo/install/transforms/share/transforms/package.xml
[0.799s] Invoked command in '/home/duck/Downloads/robo/build/transforms' returned '0': CMAKE_PREFIX_PATH=/opt/ros/humble /usr/bin/cmake --install /home/duck/Downloads/robo/build/transforms
