[8.132s] Invoking command in '/home/duck/Downloads/robo/src/ros2_learners/pc': PYTHONPATH=/home/duck/Downloads/robo/build/pc/prefix_override:/usr/lib/python3/dist-packages/colcon_core/task/python/colcon_distutils_commands:/home/duck/Downloads/robo/install/pc/lib/python3.10/site-packages:${PYTHONPATH} /usr/bin/python3 -W ignore:setup.py install is deprecated -W ignore:easy_install command is deprecated setup.py egg_info --egg-base ../../../build/pc build --build-base /home/duck/Downloads/robo/build/pc/build install --record /home/duck/Downloads/robo/build/pc/install.log --single-version-externally-managed install_data
[9.175s] running egg_info
[9.177s] writing ../../../build/pc/pc.egg-info/PKG-INFO
[9.188s] writing dependency_links to ../../../build/pc/pc.egg-info/dependency_links.txt
[9.202s] writing entry points to ../../../build/pc/pc.egg-info/entry_points.txt
[9.209s] writing requirements to ../../../build/pc/pc.egg-info/requires.txt
[9.210s] writing top-level names to ../../../build/pc/pc.egg-info/top_level.txt
[9.226s] reading manifest file '../../../build/pc/pc.egg-info/SOURCES.txt'
[9.238s] writing manifest file '../../../build/pc/pc.egg-info/SOURCES.txt'
[9.238s] running build
[9.238s] running build_py
[9.248s] running install
[9.249s] running install_lib
[9.303s] running install_data
[9.306s] running install_egg_info
[9.315s] removing '/home/duck/Downloads/robo/install/pc/lib/python3.10/site-packages/pc-0.0.0-py3.10.egg-info' (and everything under it)
[9.335s] Copying ../../../build/pc/pc.egg-info to /home/duck/Downloads/robo/install/pc/lib/python3.10/site-packages/pc-0.0.0-py3.10.egg-info
[9.388s] running install_scripts
[9.547s] Installing map_launch script to /home/duck/Downloads/robo/install/pc/lib/pc
[9.587s] writing list of installed files to '/home/duck/Downloads/robo/build/pc/install.log'
[9.770s] Invoked command in '/home/duck/Downloads/robo/src/ros2_learners/pc' returned '0': PYTHONPATH=/home/duck/Downloads/robo/build/pc/prefix_override:/usr/lib/python3/dist-packages/colcon_core/task/python/colcon_distutils_commands:/home/duck/Downloads/robo/install/pc/lib/python3.10/site-packages:${PYTHONPATH} /usr/bin/python3 -W ignore:setup.py install is deprecated -W ignore:easy_install command is deprecated setup.py egg_info --egg-base ../../../build/pc build --build-base /home/duck/Downloads/robo/build/pc/build install --record /home/duck/Downloads/robo/build/pc/install.log --single-version-externally-managed install_data
