[3.180s] Invoking command in '/home/duck/Downloads/robo/src/ros2_learners/robot_math': PYTHONPATH=/home/duck/Downloads/robo/build/robot_math/prefix_override:/usr/lib/python3/dist-packages/colcon_core/task/python/colcon_distutils_commands:/home/duck/Downloads/robo/install/robot_math/lib/python3.10/site-packages:${PYTHONPATH} /usr/bin/python3 -W ignore:setup.py install is deprecated -W ignore:easy_install command is deprecated setup.py egg_info --egg-base ../../../build/robot_math build --build-base /home/duck/Downloads/robo/build/robot_math/build install --record /home/duck/Downloads/robo/build/robot_math/install.log --single-version-externally-managed install_data
[4.051s] running egg_info
[4.054s] writing ../../../build/robot_math/robot_math.egg-info/PKG-INFO
[4.057s] writing dependency_links to ../../../build/robot_math/robot_math.egg-info/dependency_links.txt
[4.059s] writing entry points to ../../../build/robot_math/robot_math.egg-info/entry_points.txt
[4.060s] writing requirements to ../../../build/robot_math/robot_math.egg-info/requires.txt
[4.060s] writing top-level names to ../../../build/robot_math/robot_math.egg-info/top_level.txt
[4.067s] reading manifest file '../../../build/robot_math/robot_math.egg-info/SOURCES.txt'
[4.073s] writing manifest file '../../../build/robot_math/robot_math.egg-info/SOURCES.txt'
[4.075s] running build
[4.075s] running build_py
[4.083s] running install
[4.083s] running install_lib
[4.091s] running install_data
[4.098s] running install_egg_info
[4.103s] removing '/home/duck/Downloads/robo/install/robot_math/lib/python3.10/site-packages/robot_math-0.0.0-py3.10.egg-info' (and everything under it)
[4.108s] Copying ../../../build/robot_math/robot_math.egg-info to /home/duck/Downloads/robo/install/robot_math/lib/python3.10/site-packages/robot_math-0.0.0-py3.10.egg-info
[4.111s] running install_scripts
[4.151s] Installing circle_motion_node script to /home/duck/Downloads/robo/install/robot_math/lib/robot_math
[4.154s] Installing go_To_Goal_node script to /home/duck/Downloads/robo/install/robot_math/lib/robot_math
[4.154s] writing list of installed files to '/home/duck/Downloads/robo/build/robot_math/install.log'
[4.215s] Invoked command in '/home/duck/Downloads/robo/src/ros2_learners/robot_math' returned '0': PYTHONPATH=/home/duck/Downloads/robo/build/robot_math/prefix_override:/usr/lib/python3/dist-packages/colcon_core/task/python/colcon_distutils_commands:/home/duck/Downloads/robo/install/robot_math/lib/python3.10/site-packages:${PYTHONPATH} /usr/bin/python3 -W ignore:setup.py install is deprecated -W ignore:easy_install command is deprecated setup.py egg_info --egg-base ../../../build/robot_math build --build-base /home/duck/Downloads/robo/build/robot_math/build install --record /home/duck/Downloads/robo/build/robot_math/install.log --single-version-externally-managed install_data
