[1.764s] Invoking command in '/home/duck/Downloads/robo/src/ros2_learners/robot_math': PYTHONPATH=/home/duck/Downloads/robo/build/robot_math/prefix_override:/usr/lib/python3/dist-packages/colcon_core/task/python/colcon_distutils_commands:/home/duck/Downloads/robo/install/robot_math/lib/python3.10/site-packages:${PYTHONPATH} /usr/bin/python3 -W ignore:setup.py install is deprecated -W ignore:easy_install command is deprecated setup.py egg_info --egg-base ../../../build/robot_math build --build-base /home/duck/Downloads/robo/build/robot_math/build install --record /home/duck/Downloads/robo/build/robot_math/install.log --single-version-externally-managed install_data
[2.350s] running egg_info
[2.352s] writing ../../../build/robot_math/robot_math.egg-info/PKG-INFO
[2.366s] writing dependency_links to ../../../build/robot_math/robot_math.egg-info/dependency_links.txt
[2.367s] writing entry points to ../../../build/robot_math/robot_math.egg-info/entry_points.txt
[2.367s] writing requirements to ../../../build/robot_math/robot_math.egg-info/requires.txt
[2.367s] writing top-level names to ../../../build/robot_math/robot_math.egg-info/top_level.txt
[2.368s] reading manifest file '../../../build/robot_math/robot_math.egg-info/SOURCES.txt'
[2.368s] writing manifest file '../../../build/robot_math/robot_math.egg-info/SOURCES.txt'
[2.368s] running build
[2.368s] running build_py
[2.368s] running install
[2.368s] running install_lib
[2.370s] running install_data
[2.370s] running install_egg_info
[2.376s] removing '/home/duck/Downloads/robo/install/robot_math/lib/python3.10/site-packages/robot_math-0.0.0-py3.10.egg-info' (and everything under it)
[2.378s] Copying ../../../build/robot_math/robot_math.egg-info to /home/duck/Downloads/robo/install/robot_math/lib/python3.10/site-packages/robot_math-0.0.0-py3.10.egg-info
[2.389s] running install_scripts
[2.438s] Installing circle_motion_node script to /home/duck/Downloads/robo/install/robot_math/lib/robot_math
[2.442s] Installing go_To_Goal_node script to /home/duck/Downloads/robo/install/robot_math/lib/robot_math
[2.442s] writing list of installed files to '/home/duck/Downloads/robo/build/robot_math/install.log'
[2.503s] Invoked command in '/home/duck/Downloads/robo/src/ros2_learners/robot_math' returned '0': PYTHONPATH=/home/duck/Downloads/robo/build/robot_math/prefix_override:/usr/lib/python3/dist-packages/colcon_core/task/python/colcon_distutils_commands:/home/duck/Downloads/robo/install/robot_math/lib/python3.10/site-packages:${PYTHONPATH} /usr/bin/python3 -W ignore:setup.py install is deprecated -W ignore:easy_install command is deprecated setup.py egg_info --egg-base ../../../build/robot_math build --build-base /home/duck/Downloads/robo/build/robot_math/build install --record /home/duck/Downloads/robo/build/robot_math/install.log --single-version-externally-managed install_data
