/home/duck/Downloads/robo/install/pc/lib/python3.10/site-packages/pc/match.py
/home/duck/Downloads/robo/install/pc/lib/python3.10/site-packages/pc/list1.py
/home/duck/Downloads/robo/install/pc/lib/python3.10/site-packages/pc/point_net1.py
/home/duck/Downloads/robo/install/pc/lib/python3.10/site-packages/pc/__init__.py
/home/duck/Downloads/robo/install/pc/lib/python3.10/site-packages/pc/Final1.py
/home/duck/Downloads/robo/install/pc/lib/python3.10/site-packages/pc/pointnet_model.py
/home/duck/Downloads/robo/install/pc/lib/python3.10/site-packages/pc/__pycache__/match.cpython-310.pyc
/home/duck/Downloads/robo/install/pc/lib/python3.10/site-packages/pc/__pycache__/list1.cpython-310.pyc
/home/duck/Downloads/robo/install/pc/lib/python3.10/site-packages/pc/__pycache__/point_net1.cpython-310.pyc
/home/duck/Downloads/robo/install/pc/lib/python3.10/site-packages/pc/__pycache__/__init__.cpython-310.pyc
/home/duck/Downloads/robo/install/pc/lib/python3.10/site-packages/pc/__pycache__/Final1.cpython-310.pyc
/home/duck/Downloads/robo/install/pc/lib/python3.10/site-packages/pc/__pycache__/pointnet_model.cpython-310.pyc
/home/duck/Downloads/robo/install/pc/share/ament_index/resource_index/packages/pc
/home/duck/Downloads/robo/install/pc/share/pc/package.xml
/home/duck/Downloads/robo/install/pc/lib/python3.10/site-packages/pc-0.0.0-py3.10.egg-info/entry_points.txt
/home/duck/Downloads/robo/install/pc/lib/python3.10/site-packages/pc-0.0.0-py3.10.egg-info/top_level.txt
/home/duck/Downloads/robo/install/pc/lib/python3.10/site-packages/pc-0.0.0-py3.10.egg-info/zip-safe
/home/duck/Downloads/robo/install/pc/lib/python3.10/site-packages/pc-0.0.0-py3.10.egg-info/dependency_links.txt
/home/duck/Downloads/robo/install/pc/lib/python3.10/site-packages/pc-0.0.0-py3.10.egg-info/requires.txt
/home/duck/Downloads/robo/install/pc/lib/python3.10/site-packages/pc-0.0.0-py3.10.egg-info/PKG-INFO
/home/duck/Downloads/robo/install/pc/lib/python3.10/site-packages/pc-0.0.0-py3.10.egg-info/SOURCES.txt
/home/duck/Downloads/robo/install/pc/lib/pc/map_launch
