[3.282s] Invoking command in '/home/duck/Downloads/robo/src/ros2_learners/robot_math': PYTHONPATH=/home/duck/Downloads/robo/build/robot_math/prefix_override:/usr/lib/python3/dist-packages/colcon_core/task/python/colcon_distutils_commands:/home/duck/Downloads/robo/install/robot_math/lib/python3.10/site-packages:${PYTHONPATH} /usr/bin/python3 -W ignore:setup.py install is deprecated -W ignore:easy_install command is deprecated setup.py egg_info --egg-base ../../../build/robot_math build --build-base /home/duck/Downloads/robo/build/robot_math/build install --record /home/duck/Downloads/robo/build/robot_math/install.log --single-version-externally-managed install_data
[4.402s] running egg_info
[4.413s] writing ../../../build/robot_math/robot_math.egg-info/PKG-INFO
[4.416s] writing dependency_links to ../../../build/robot_math/robot_math.egg-info/dependency_links.txt
[4.417s] writing entry points to ../../../build/robot_math/robot_math.egg-info/entry_points.txt
[4.426s] writing requirements to ../../../build/robot_math/robot_math.egg-info/requires.txt
[4.427s] writing top-level names to ../../../build/robot_math/robot_math.egg-info/top_level.txt
[4.453s] reading manifest file '../../../build/robot_math/robot_math.egg-info/SOURCES.txt'
[4.483s] writing manifest file '../../../build/robot_math/robot_math.egg-info/SOURCES.txt'
[4.487s] running build
[4.495s] running build_py
[4.515s] running install
[4.518s] running install_lib
[4.553s] running install_data
[4.558s] running install_egg_info
[4.568s] removing '/home/duck/Downloads/robo/install/robot_math/lib/python3.10/site-packages/robot_math-0.0.0-py3.10.egg-info' (and everything under it)
[4.572s] Copying ../../../build/robot_math/robot_math.egg-info to /home/duck/Downloads/robo/install/robot_math/lib/python3.10/site-packages/robot_math-0.0.0-py3.10.egg-info
[4.628s] running install_scripts
[4.804s] Installing circle_motion_node script to /home/duck/Downloads/robo/install/robot_math/lib/robot_math
[4.806s] Installing go_To_Goal_node script to /home/duck/Downloads/robo/install/robot_math/lib/robot_math
[4.820s] writing list of installed files to '/home/duck/Downloads/robo/build/robot_math/install.log'
[5.051s] Invoked command in '/home/duck/Downloads/robo/src/ros2_learners/robot_math' returned '0': PYTHONPATH=/home/duck/Downloads/robo/build/robot_math/prefix_override:/usr/lib/python3/dist-packages/colcon_core/task/python/colcon_distutils_commands:/home/duck/Downloads/robo/install/robot_math/lib/python3.10/site-packages:${PYTHONPATH} /usr/bin/python3 -W ignore:setup.py install is deprecated -W ignore:easy_install command is deprecated setup.py egg_info --egg-base ../../../build/robot_math build --build-base /home/duck/Downloads/robo/build/robot_math/build install --record /home/duck/Downloads/robo/build/robot_math/install.log --single-version-externally-managed install_data
