[3.277s] Invoking command in '/home/duck/Downloads/robo/src/ros2_learners/pc': PYTHONPATH=/home/duck/Downloads/robo/build/pc/prefix_override:/usr/lib/python3/dist-packages/colcon_core/task/python/colcon_distutils_commands:/home/duck/Downloads/robo/install/pc/lib/python3.10/site-packages:${PYTHONPATH} /usr/bin/python3 -W ignore:setup.py install is deprecated -W ignore:easy_install command is deprecated setup.py egg_info --egg-base ../../../build/pc build --build-base /home/duck/Downloads/robo/build/pc/build install --record /home/duck/Downloads/robo/build/pc/install.log --single-version-externally-managed install_data
[3.859s] running egg_info
[3.899s] writing ../../../build/pc/pc.egg-info/PKG-INFO
[3.900s] writing dependency_links to ../../../build/pc/pc.egg-info/dependency_links.txt
[3.900s] writing entry points to ../../../build/pc/pc.egg-info/entry_points.txt
[3.900s] writing requirements to ../../../build/pc/pc.egg-info/requires.txt
[3.900s] writing top-level names to ../../../build/pc/pc.egg-info/top_level.txt
[3.900s] reading manifest file '../../../build/pc/pc.egg-info/SOURCES.txt'
[3.912s] writing manifest file '../../../build/pc/pc.egg-info/SOURCES.txt'
[3.913s] running build
[3.914s] running build_py
[3.916s] running install
[3.917s] running install_lib
[3.920s] running install_data
[3.921s] running install_egg_info
[3.925s] removing '/home/duck/Downloads/robo/install/pc/lib/python3.10/site-packages/pc-0.0.0-py3.10.egg-info' (and everything under it)
[3.929s] Copying ../../../build/pc/pc.egg-info to /home/duck/Downloads/robo/install/pc/lib/python3.10/site-packages/pc-0.0.0-py3.10.egg-info
[3.935s] running install_scripts
[3.997s] Installing map_launch script to /home/duck/Downloads/robo/install/pc/lib/pc
[4.002s] writing list of installed files to '/home/duck/Downloads/robo/build/pc/install.log'
[4.140s] Invoked command in '/home/duck/Downloads/robo/src/ros2_learners/pc' returned '0': PYTHONPATH=/home/duck/Downloads/robo/build/pc/prefix_override:/usr/lib/python3/dist-packages/colcon_core/task/python/colcon_distutils_commands:/home/duck/Downloads/robo/install/pc/lib/python3.10/site-packages:${PYTHONPATH} /usr/bin/python3 -W ignore:setup.py install is deprecated -W ignore:easy_install command is deprecated setup.py egg_info --egg-base ../../../build/pc build --build-base /home/duck/Downloads/robo/build/pc/build install --record /home/duck/Downloads/robo/build/pc/install.log --single-version-externally-managed install_data
