[0.255s] Invoking command in '/home/duck/Downloads/robo/build/transforms': CMAKE_PREFIX_PATH=${CMAKE_PREFIX_PATH}:/home/duck/Downloads/robo/install/robot_math:/home/duck/Downloads/robo/install/pc:/home/duck/Downloads/robo/install/my_robot_controller:/opt/ros/humble /usr/bin/cmake --build /home/duck/Downloads/robo/build/transforms -- -j4 -l4
[0.877s] [ 20%] Built target translation_frame
[0.961s] [ 40%] Built target frame_chains
[1.069s] [ 60%] Built target static_dynamic_frame
[1.246s] [ 80%] Built target transform_order
[1.431s] [100%] Built target rotation_frame
[1.462s] Invoked command in '/home/duck/Downloads/robo/build/transforms' returned '0': CMAKE_PREFIX_PATH=${CMAKE_PREFIX_PATH}:/home/duck/Downloads/robo/install/robot_math:/home/duck/Downloads/robo/install/pc:/home/duck/Downloads/robo/install/my_robot_controller:/opt/ros/humble /usr/bin/cmake --build /home/duck/Downloads/robo/build/transforms -- -j4 -l4
[1.492s] Invoking command in '/home/duck/Downloads/robo/build/transforms': CMAKE_PREFIX_PATH=${CMAKE_PREFIX_PATH}:/home/duck/Downloads/robo/install/robot_math:/home/duck/Downloads/robo/install/pc:/home/duck/Downloads/robo/install/my_robot_controller:/opt/ros/humble /usr/bin/cmake --install /home/duck/Downloads/robo/build/transforms
[1.494s] -- Install configuration: ""
[1.502s] -- Up-to-date: /home/duck/Downloads/robo/install/transforms/lib/transforms/translation_frame
[1.507s] -- Up-to-date: /home/duck/Downloads/robo/install/transforms/lib/transforms/rotation_frame
[1.513s] -- Up-to-date: /home/duck/Downloads/robo/install/transforms/lib/transforms/transform_order
[1.519s] -- Up-to-date: /home/duck/Downloads/robo/install/transforms/lib/transforms/frame_chains
[1.524s] -- Up-to-date: /home/duck/Downloads/robo/install/transforms/lib/transforms/static_dynamic_frame
[1.525s] -- Up-to-date: /home/duck/Downloads/robo/install/transforms/share/transforms/launch
[1.529s] -- Up-to-date: /home/duck/Downloads/robo/install/transforms/share/transforms/launch/rviz.launch.py
[1.529s] -- Up-to-date: /home/duck/Downloads/robo/install/transforms/share/transforms/launch/gazebo.launch.py
[1.530s] -- Up-to-date: /home/duck/Downloads/robo/install/transforms/share/transforms/urdf
[1.532s] -- Up-to-date: /home/duck/Downloads/robo/install/transforms/share/transforms/urdf/diff_drive.urdf
[1.547s] -- Up-to-date: /home/duck/Downloads/robo/install/transforms/share/transforms/config
[1.547s] -- Up-to-date: /home/duck/Downloads/robo/install/transforms/share/transforms/config/urdf_view.rviz
[1.547s] -- Up-to-date: /home/duck/Downloads/robo/install/transforms/share/ament_index/resource_index/package_run_dependencies/transforms
[1.548s] -- Up-to-date: /home/duck/Downloads/robo/install/transforms/share/ament_index/resource_index/parent_prefix_path/transforms
[1.548s] -- Up-to-date: /home/duck/Downloads/robo/install/transforms/share/transforms/environment/ament_prefix_path.sh
[1.548s] -- Up-to-date: /home/duck/Downloads/robo/install/transforms/share/transforms/environment/ament_prefix_path.dsv
[1.549s] -- Up-to-date: /home/duck/Downloads/robo/install/transforms/share/transforms/environment/path.sh
[1.549s] -- Up-to-date: /home/duck/Downloads/robo/install/transforms/share/transforms/environment/path.dsv
[1.549s] -- Up-to-date: /home/duck/Downloads/robo/install/transforms/share/transforms/local_setup.bash
[1.550s] -- Up-to-date: /home/duck/Downloads/robo/install/transforms/share/transforms/local_setup.sh
[1.550s] -- Up-to-date: /home/duck/Downloads/robo/install/transforms/share/transforms/local_setup.zsh
[1.550s] -- Up-to-date: /home/duck/Downloads/robo/install/transforms/share/transforms/local_setup.dsv
[1.550s] -- Installing: /home/duck/Downloads/robo/install/transforms/share/transforms/package.dsv
[1.550s] -- Up-to-date: /home/duck/Downloads/robo/install/transforms/share/ament_index/resource_index/packages/transforms
[1.550s] -- Up-to-date: /home/duck/Downloads/robo/install/transforms/share/transforms/cmake/transformsConfig.cmake
[1.550s] -- Up-to-date: /home/duck/Downloads/robo/install/transforms/share/transforms/cmake/transformsConfig-version.cmake
[1.550s] -- Up-to-date: /home/duck/Downloads/robo/install/transforms/share/transforms/package.xml
[1.559s] Invoked command in '/home/duck/Downloads/robo/build/transforms' returned '0': CMAKE_PREFIX_PATH=${CMAKE_PREFIX_PATH}:/home/duck/Downloads/robo/install/robot_math:/home/duck/Downloads/robo/install/pc:/home/duck/Downloads/robo/install/my_robot_controller:/opt/ros/humble /usr/bin/cmake --install /home/duck/Downloads/robo/build/transforms
