[0.058s] Invoking command in '/home/duck/Downloads/robo/build/point_cloud_perception': CMAKE_PREFIX_PATH=${CMAKE_PREFIX_PATH}:/home/duck/Downloads/robo/install/robot_math:/home/duck/Downloads/robo/install/pc:/home/duck/Downloads/robo/install/my_robot_controller:/opt/ros/humble /usr/bin/cmake --build /home/duck/Downloads/robo/build/point_cloud_perception -- -j4 -l4
[0.938s] [ 33%] Built target voxeling
[1.031s] [ 66%] Built target planner_seg
[1.076s] [100%] Built target clustering
[1.653s] Invoked command in '/home/duck/Downloads/robo/build/point_cloud_perception' returned '0': CMAKE_PREFIX_PATH=${CMAKE_PREFIX_PATH}:/home/duck/Downloads/robo/install/robot_math:/home/duck/Downloads/robo/install/pc:/home/duck/Downloads/robo/install/my_robot_controller:/opt/ros/humble /usr/bin/cmake --build /home/duck/Downloads/robo/build/point_cloud_perception -- -j4 -l4
[1.668s] Invoking command in '/home/duck/Downloads/robo/build/point_cloud_perception': CMAKE_PREFIX_PATH=${CMAKE_PREFIX_PATH}:/home/duck/Downloads/robo/install/robot_math:/home/duck/Downloads/robo/install/pc:/home/duck/Downloads/robo/install/my_robot_controller:/opt/ros/humble /usr/bin/cmake --install /home/duck/Downloads/robo/build/point_cloud_perception
[1.716s] -- Install configuration: ""
[1.719s] -- Up-to-date: /home/duck/Downloads/robo/install/point_cloud_perception/lib/point_cloud_perception/voxeling
[1.745s] -- Up-to-date: /home/duck/Downloads/robo/install/point_cloud_perception/lib/point_cloud_perception/planner_seg
[1.761s] -- Up-to-date: /home/duck/Downloads/robo/install/point_cloud_perception/lib/point_cloud_perception/clustering
[1.769s] -- Up-to-date: /home/duck/Downloads/robo/install/point_cloud_perception/share/point_cloud_perception//launch
[1.818s] -- Up-to-date: /home/duck/Downloads/robo/install/point_cloud_perception/share/point_cloud_perception//launch/3d_depth_mapping_rtab6.launch.py
[1.818s] -- Up-to-date: /home/duck/Downloads/robo/install/point_cloud_perception/share/point_cloud_perception//launch/3d_depth_mapping_rtab3.launch.py
[1.818s] -- Up-to-date: /home/duck/Downloads/robo/install/point_cloud_perception/share/point_cloud_perception//launch/rtab_mapping.launch.py
[1.818s] -- Up-to-date: /home/duck/Downloads/robo/install/point_cloud_perception/share/point_cloud_perception//launch/3d_depth_mapping_rtab5.launch.py
[1.819s] -- Up-to-date: /home/duck/Downloads/robo/install/point_cloud_perception/share/point_cloud_perception//launch/3d_depth_mapping_rtab9.launch.py
[1.819s] -- Up-to-date: /home/duck/Downloads/robo/install/point_cloud_perception/share/point_cloud_perception//launch/3d_depth_mapping_rtab14.launch.py
[1.819s] -- Up-to-date: /home/duck/Downloads/robo/install/point_cloud_perception/share/point_cloud_perception//launch/3d_depth_mapping_rtab15.launch.py
[1.819s] -- Up-to-date: /home/duck/Downloads/robo/install/point_cloud_perception/share/point_cloud_perception//launch/3d_depth_mapping_rtab7.launch.py
[1.819s] -- Up-to-date: /home/duck/Downloads/robo/install/point_cloud_perception/share/point_cloud_perception//launch/3d_depth_mapping_rtab.launch.py
[1.819s] -- Up-to-date: /home/duck/Downloads/robo/install/point_cloud_perception/share/point_cloud_perception//launch/3d_depth_mapping_rtab1.launch.py
[1.819s] -- Up-to-date: /home/duck/Downloads/robo/install/point_cloud_perception/share/point_cloud_perception//launch/3d_depth_mapping_rtab10.launch.py
[1.819s] -- Up-to-date: /home/duck/Downloads/robo/install/point_cloud_perception/share/point_cloud_perception//launch/3d_depth_mapping_rtab12.launch.py
[1.819s] -- Up-to-date: /home/duck/Downloads/robo/install/point_cloud_perception/share/point_cloud_perception//launch/3d_depth_mapping_rtab13.launch.py
[1.839s] -- Up-to-date: /home/duck/Downloads/robo/install/point_cloud_perception/share/point_cloud_perception//launch/3d_depth_mapping_rtab8.launch.py
[1.858s] -- Up-to-date: /home/duck/Downloads/robo/install/point_cloud_perception/share/point_cloud_perception//launch/3d_depth_mapping_rtab11.launch.py
[1.858s] -- Up-to-date: /home/duck/Downloads/robo/install/point_cloud_perception/share/point_cloud_perception//launch/3d_depth_mapping_rtab2.launch.py
[1.860s] -- Up-to-date: /home/duck/Downloads/robo/install/point_cloud_perception/share/point_cloud_perception//launch/3d_depth_mapping_rtab4.launch.py
[1.860s] -- Up-to-date: /home/duck/Downloads/robo/install/point_cloud_perception/share/ament_index/resource_index/package_run_dependencies/point_cloud_perception
[1.861s] -- Up-to-date: /home/duck/Downloads/robo/install/point_cloud_perception/share/ament_index/resource_index/parent_prefix_path/point_cloud_perception
[1.880s] -- Up-to-date: /home/duck/Downloads/robo/install/point_cloud_perception/share/point_cloud_perception/environment/ament_prefix_path.sh
[1.880s] -- Up-to-date: /home/duck/Downloads/robo/install/point_cloud_perception/share/point_cloud_perception/environment/ament_prefix_path.dsv
[1.880s] -- Up-to-date: /home/duck/Downloads/robo/install/point_cloud_perception/share/point_cloud_perception/environment/path.sh
[1.880s] -- Up-to-date: /home/duck/Downloads/robo/install/point_cloud_perception/share/point_cloud_perception/environment/path.dsv
[1.881s] -- Up-to-date: /home/duck/Downloads/robo/install/point_cloud_perception/share/point_cloud_perception/local_setup.bash
[1.881s] -- Up-to-date: /home/duck/Downloads/robo/install/point_cloud_perception/share/point_cloud_perception/local_setup.sh
[1.881s] -- Up-to-date: /home/duck/Downloads/robo/install/point_cloud_perception/share/point_cloud_perception/local_setup.zsh
[1.881s] -- Up-to-date: /home/duck/Downloads/robo/install/point_cloud_perception/share/point_cloud_perception/local_setup.dsv
[1.881s] -- Installing: /home/duck/Downloads/robo/install/point_cloud_perception/share/point_cloud_perception/package.dsv
[1.881s] -- Up-to-date: /home/duck/Downloads/robo/install/point_cloud_perception/share/ament_index/resource_index/packages/point_cloud_perception
[1.881s] -- Up-to-date: /home/duck/Downloads/robo/install/point_cloud_perception/share/point_cloud_perception/cmake/point_cloud_perceptionConfig.cmake
[1.881s] -- Up-to-date: /home/duck/Downloads/robo/install/point_cloud_perception/share/point_cloud_perception/cmake/point_cloud_perceptionConfig-version.cmake
[1.882s] -- Up-to-date: /home/duck/Downloads/robo/install/point_cloud_perception/share/point_cloud_perception/package.xml
[1.967s] Invoked command in '/home/duck/Downloads/robo/build/point_cloud_perception' returned '0': CMAKE_PREFIX_PATH=${CMAKE_PREFIX_PATH}:/home/duck/Downloads/robo/install/robot_math:/home/duck/Downloads/robo/install/pc:/home/duck/Downloads/robo/install/my_robot_controller:/opt/ros/humble /usr/bin/cmake --install /home/duck/Downloads/robo/build/point_cloud_perception
