[1.093s] Invoking command in '/home/duck/Downloads/robo/build/nodes': CMAKE_PREFIX_PATH=/opt/ros/humble /usr/bin/cmake --build /home/duck/Downloads/robo/build/nodes -- -j4 -l4
[2.383s] [ 33%] Built target sub_node
[2.394s] [ 66%] Built target pub_node
[2.397s] [100%] Built target laser_pub
[2.448s] Invoked command in '/home/duck/Downloads/robo/build/nodes' returned '0': CMAKE_PREFIX_PATH=/opt/ros/humble /usr/bin/cmake --build /home/duck/Downloads/robo/build/nodes -- -j4 -l4
[2.539s] Invoking command in '/home/duck/Downloads/robo/build/nodes': CMAKE_PREFIX_PATH=/opt/ros/humble /usr/bin/cmake --install /home/duck/Downloads/robo/build/nodes
[2.577s] -- Install configuration: ""
[2.577s] -- Up-to-date: /home/duck/Downloads/robo/install/nodes/lib/nodes/pub_node
[2.582s] -- Up-to-date: /home/duck/Downloads/robo/install/nodes/lib/nodes/sub_node
[2.587s] -- Up-to-date: /home/duck/Downloads/robo/install/nodes/lib/nodes/laser_pub
[2.593s] -- Up-to-date: /home/duck/Downloads/robo/install/nodes/share/ament_index/resource_index/package_run_dependencies/nodes
[2.594s] -- Up-to-date: /home/duck/Downloads/robo/install/nodes/share/ament_index/resource_index/parent_prefix_path/nodes
[2.599s] -- Up-to-date: /home/duck/Downloads/robo/install/nodes/share/nodes/environment/ament_prefix_path.sh
[2.599s] -- Up-to-date: /home/duck/Downloads/robo/install/nodes/share/nodes/environment/ament_prefix_path.dsv
[2.599s] -- Up-to-date: /home/duck/Downloads/robo/install/nodes/share/nodes/environment/path.sh
[2.600s] -- Up-to-date: /home/duck/Downloads/robo/install/nodes/share/nodes/environment/path.dsv
[2.600s] -- Up-to-date: /home/duck/Downloads/robo/install/nodes/share/nodes/local_setup.bash
[2.600s] -- Up-to-date: /home/duck/Downloads/robo/install/nodes/share/nodes/local_setup.sh
[2.600s] -- Up-to-date: /home/duck/Downloads/robo/install/nodes/share/nodes/local_setup.zsh
[2.600s] -- Up-to-date: /home/duck/Downloads/robo/install/nodes/share/nodes/local_setup.dsv
[2.600s] -- Installing: /home/duck/Downloads/robo/install/nodes/share/nodes/package.dsv
[2.602s] -- Up-to-date: /home/duck/Downloads/robo/install/nodes/share/ament_index/resource_index/packages/nodes
[2.604s] -- Up-to-date: /home/duck/Downloads/robo/install/nodes/share/nodes/cmake/nodesConfig.cmake
[2.604s] -- Up-to-date: /home/duck/Downloads/robo/install/nodes/share/nodes/cmake/nodesConfig-version.cmake
[2.605s] -- Up-to-date: /home/duck/Downloads/robo/install/nodes/share/nodes/package.xml
[2.614s] Invoked command in '/home/duck/Downloads/robo/build/nodes' returned '0': CMAKE_PREFIX_PATH=/opt/ros/humble /usr/bin/cmake --install /home/duck/Downloads/robo/build/nodes
