[1.666s] Invoking command in '/home/duck/Downloads/robo/src/ros2_learners/robot_math': PYTHONPATH=/home/duck/Downloads/robo/build/robot_math/prefix_override:/usr/lib/python3/dist-packages/colcon_core/task/python/colcon_distutils_commands:/home/duck/Downloads/robo/install/robot_math/lib/python3.10/site-packages:${PYTHONPATH} /usr/bin/python3 -W ignore:setup.py install is deprecated -W ignore:easy_install command is deprecated setup.py egg_info --egg-base ../../../build/robot_math build --build-base /home/duck/Downloads/robo/build/robot_math/build install --record /home/duck/Downloads/robo/build/robot_math/install.log --single-version-externally-managed install_data
[2.695s] running egg_info
[2.699s] writing ../../../build/robot_math/robot_math.egg-info/PKG-INFO
[2.701s] writing dependency_links to ../../../build/robot_math/robot_math.egg-info/dependency_links.txt
[2.705s] writing entry points to ../../../build/robot_math/robot_math.egg-info/entry_points.txt
[2.705s] writing requirements to ../../../build/robot_math/robot_math.egg-info/requires.txt
[2.706s] writing top-level names to ../../../build/robot_math/robot_math.egg-info/top_level.txt
[2.719s] reading manifest file '../../../build/robot_math/robot_math.egg-info/SOURCES.txt'
[2.732s] writing manifest file '../../../build/robot_math/robot_math.egg-info/SOURCES.txt'
[2.732s] running build
[2.732s] running build_py
[2.735s] running install
[2.743s] running install_lib
[2.779s] running install_data
[2.783s] running install_egg_info
[2.796s] removing '/home/duck/Downloads/robo/install/robot_math/lib/python3.10/site-packages/robot_math-0.0.0-py3.10.egg-info' (and everything under it)
[2.797s] Copying ../../../build/robot_math/robot_math.egg-info to /home/duck/Downloads/robo/install/robot_math/lib/python3.10/site-packages/robot_math-0.0.0-py3.10.egg-info
[2.806s] running install_scripts
[2.898s] Installing circle_motion_node script to /home/duck/Downloads/robo/install/robot_math/lib/robot_math
[2.903s] Installing go_To_Goal_node script to /home/duck/Downloads/robo/install/robot_math/lib/robot_math
[2.903s] writing list of installed files to '/home/duck/Downloads/robo/build/robot_math/install.log'
[3.083s] Invoked command in '/home/duck/Downloads/robo/src/ros2_learners/robot_math' returned '0': PYTHONPATH=/home/duck/Downloads/robo/build/robot_math/prefix_override:/usr/lib/python3/dist-packages/colcon_core/task/python/colcon_distutils_commands:/home/duck/Downloads/robo/install/robot_math/lib/python3.10/site-packages:${PYTHONPATH} /usr/bin/python3 -W ignore:setup.py install is deprecated -W ignore:easy_install command is deprecated setup.py egg_info --egg-base ../../../build/robot_math build --build-base /home/duck/Downloads/robo/build/robot_math/build install --record /home/duck/Downloads/robo/build/robot_math/install.log --single-version-externally-managed install_data
