[4.178s] Invoking command in '/home/duck/Downloads/robo/src/ros2_learners/pc': PYTHONPATH=/home/duck/Downloads/robo/build/pc/prefix_override:/usr/lib/python3/dist-packages/colcon_core/task/python/colcon_distutils_commands:/home/duck/Downloads/robo/install/pc/lib/python3.10/site-packages:${PYTHONPATH} /usr/bin/python3 -W ignore:setup.py install is deprecated -W ignore:easy_install command is deprecated setup.py egg_info --egg-base ../../../build/pc build --build-base /home/duck/Downloads/robo/build/pc/build install --record /home/duck/Downloads/robo/build/pc/install.log --single-version-externally-managed install_data
[5.104s] running egg_info
[5.114s] writing ../../../build/pc/pc.egg-info/PKG-INFO
[5.119s] writing dependency_links to ../../../build/pc/pc.egg-info/dependency_links.txt
[5.122s] writing entry points to ../../../build/pc/pc.egg-info/entry_points.txt
[5.123s] writing requirements to ../../../build/pc/pc.egg-info/requires.txt
[5.123s] writing top-level names to ../../../build/pc/pc.egg-info/top_level.txt
[5.167s] reading manifest file '../../../build/pc/pc.egg-info/SOURCES.txt'
[5.181s] writing manifest file '../../../build/pc/pc.egg-info/SOURCES.txt'
[5.190s] running build
[5.191s] running build_py
[5.199s] running install
[5.200s] running install_lib
[5.214s] running install_data
[5.221s] running install_egg_info
[5.223s] removing '/home/duck/Downloads/robo/install/pc/lib/python3.10/site-packages/pc-0.0.0-py3.10.egg-info' (and everything under it)
[5.225s] Copying ../../../build/pc/pc.egg-info to /home/duck/Downloads/robo/install/pc/lib/python3.10/site-packages/pc-0.0.0-py3.10.egg-info
[5.277s] running install_scripts
[5.323s] Installing map_launch script to /home/duck/Downloads/robo/install/pc/lib/pc
[5.348s] writing list of installed files to '/home/duck/Downloads/robo/build/pc/install.log'
[5.573s] Invoked command in '/home/duck/Downloads/robo/src/ros2_learners/pc' returned '0': PYTHONPATH=/home/duck/Downloads/robo/build/pc/prefix_override:/usr/lib/python3/dist-packages/colcon_core/task/python/colcon_distutils_commands:/home/duck/Downloads/robo/install/pc/lib/python3.10/site-packages:${PYTHONPATH} /usr/bin/python3 -W ignore:setup.py install is deprecated -W ignore:easy_install command is deprecated setup.py egg_info --egg-base ../../../build/pc build --build-base /home/duck/Downloads/robo/build/pc/build install --record /home/duck/Downloads/robo/build/pc/install.log --single-version-externally-managed install_data
