[5.122s] Invoking command in '/home/duck/Downloads/robo/src/ros2_learners/pc': PYTHONPATH=/home/duck/Downloads/robo/build/pc/prefix_override:/usr/lib/python3/dist-packages/colcon_core/task/python/colcon_distutils_commands:/home/duck/Downloads/robo/install/pc/lib/python3.10/site-packages:${PYTHONPATH} /usr/bin/python3 -W ignore:setup.py install is deprecated -W ignore:easy_install command is deprecated setup.py egg_info --egg-base ../../../build/pc build --build-base /home/duck/Downloads/robo/build/pc/build install --record /home/duck/Downloads/robo/build/pc/install.log --single-version-externally-managed install_data
[6.902s] running egg_info
[6.905s] writing ../../../build/pc/pc.egg-info/PKG-INFO
[6.908s] writing dependency_links to ../../../build/pc/pc.egg-info/dependency_links.txt
[6.910s] writing entry points to ../../../build/pc/pc.egg-info/entry_points.txt
[6.913s] writing requirements to ../../../build/pc/pc.egg-info/requires.txt
[6.913s] writing top-level names to ../../../build/pc/pc.egg-info/top_level.txt
[6.919s] reading manifest file '../../../build/pc/pc.egg-info/SOURCES.txt'
[6.924s] writing manifest file '../../../build/pc/pc.egg-info/SOURCES.txt'
[6.924s] running build
[6.925s] running build_py
[6.943s] running install
[6.944s] running install_lib
[6.970s] running install_data
[6.985s] running install_egg_info
[6.995s] removing '/home/duck/Downloads/robo/install/pc/lib/python3.10/site-packages/pc-0.0.0-py3.10.egg-info' (and everything under it)
[7.005s] Copying ../../../build/pc/pc.egg-info to /home/duck/Downloads/robo/install/pc/lib/python3.10/site-packages/pc-0.0.0-py3.10.egg-info
[7.078s] running install_scripts
[7.156s] Installing map_launch script to /home/duck/Downloads/robo/install/pc/lib/pc
[7.173s] writing list of installed files to '/home/duck/Downloads/robo/build/pc/install.log'
[8.059s] Invoked command in '/home/duck/Downloads/robo/src/ros2_learners/pc' returned '0': PYTHONPATH=/home/duck/Downloads/robo/build/pc/prefix_override:/usr/lib/python3/dist-packages/colcon_core/task/python/colcon_distutils_commands:/home/duck/Downloads/robo/install/pc/lib/python3.10/site-packages:${PYTHONPATH} /usr/bin/python3 -W ignore:setup.py install is deprecated -W ignore:easy_install command is deprecated setup.py egg_info --egg-base ../../../build/pc build --build-base /home/duck/Downloads/robo/build/pc/build install --record /home/duck/Downloads/robo/build/pc/install.log --single-version-externally-managed install_data
